;  LST file generated by mikroListExporter - v.2.0 
; Date/Time: 9/13/2012 12:21:17 AM
;----------------------------------------------

;Address Opcode 	ASM
0x0000	0xF002EF7A  	GOTO        1268
0x0004	0x0000      	NOP
0x0006	0x0000      	NOP
0x0008	0xF000EF00  	GOTO        0
0x000C	0x0000      	NOP
0x000E	0x0000      	NOP
0x0010	0x0000      	NOP
0x0012	0x0000      	NOP
0x0014	0x0000      	NOP
0x0016	0x0000      	NOP
0x0018	0xD7F3      	BRA         0
_Mul_16x16_U:
;__Lib_Math.c,437 :: 		
;__Lib_Math.c,444 :: 		
0x001C	0x6A0B      	CLRF        R11, 0
;__Lib_Math.c,445 :: 		
0x001E	0x6A0A      	CLRF        R10, 0
;__Lib_Math.c,446 :: 		
0x0020	0x6A09      	CLRF        R9, 0
;__Lib_Math.c,447 :: 		
0x0022	0x5000      	MOVF        R0, 0, 0
;__Lib_Math.c,448 :: 		
0x0024	0x0204      	MULWF       R4, 0
;__Lib_Math.c,450 :: 		
0x0026	0xF009CFF4  	MOVFF       PRODH, R9
;__Lib_Math.c,451 :: 		
0x002A	0xF008CFF3  	MOVFF       PRODL, R8
;__Lib_Math.c,452 :: 		
0x002E	0x5001      	MOVF        R1, 0, 0
;__Lib_Math.c,453 :: 		
0x0030	0x0205      	MULWF       R5, 0
;__Lib_Math.c,455 :: 		
0x0032	0xF00BCFF4  	MOVFF       PRODH, R11
;__Lib_Math.c,456 :: 		
0x0036	0xF00ACFF3  	MOVFF       PRODL, R10
;__Lib_Math.c,457 :: 		
0x003A	0x5000      	MOVF        R0, 0, 0
;__Lib_Math.c,458 :: 		
0x003C	0x0205      	MULWF       R5, 0
;__Lib_Math.c,460 :: 		
0x003E	0x50F3      	MOVF        PRODL, 0, 0
;__Lib_Math.c,461 :: 		
0x0040	0x2609      	ADDWF       R9, 1, 0
;__Lib_Math.c,462 :: 		
0x0042	0x50F4      	MOVF        PRODH, 0, 0
;__Lib_Math.c,463 :: 		
0x0044	0x220A      	ADDWFC      R10, 1, 0
;__Lib_Math.c,464 :: 		
0x0046	0x6AE8      	CLRF        WREG, 0
;__Lib_Math.c,465 :: 		
0x0048	0x220B      	ADDWFC      R11, 1, 0
;__Lib_Math.c,466 :: 		
0x004A	0x5001      	MOVF        R1, 0, 0
;__Lib_Math.c,467 :: 		
0x004C	0x0204      	MULWF       R4, 0
;__Lib_Math.c,469 :: 		
0x004E	0x50F3      	MOVF        PRODL, 0, 0
;__Lib_Math.c,470 :: 		
0x0050	0x2609      	ADDWF       R9, 1, 0
;__Lib_Math.c,471 :: 		
0x0052	0x50F4      	MOVF        PRODH, 0, 0
;__Lib_Math.c,472 :: 		
0x0054	0x220A      	ADDWFC      R10, 1, 0
;__Lib_Math.c,473 :: 		
0x0056	0x6AE8      	CLRF        WREG, 0
;__Lib_Math.c,474 :: 		
0x0058	0x220B      	ADDWFC      R11, 1, 0
;__Lib_Math.c,476 :: 		
0x005A	0xF000C008  	MOVFF       R8, R0
;__Lib_Math.c,477 :: 		
0x005E	0xF001C009  	MOVFF       R9, R1
;__Lib_Math.c,478 :: 		
0x0062	0xF002C00A  	MOVFF       R10, R2
;__Lib_Math.c,479 :: 		
0x0066	0xF003C00B  	MOVFF       R11, R3
;__Lib_Math.c,482 :: 		
0x006A	0x0012      	RETURN      0
; end of _Mul_16x16_U
_UART1_Write:
;__Lib_UART_c67.c,58 :: 		
;__Lib_UART_c67.c,59 :: 		
L_UART1_Write3:
0x006C	0xB2AC      	BTFSC       TXSTA, 1 
0x006E	0xD002      	BRA         L_UART1_Write4
;__Lib_UART_c67.c,60 :: 		
0x0070	0x0000      	NOP
0x0072	0xD7FC      	BRA         L_UART1_Write3
L_UART1_Write4:
;__Lib_UART_c67.c,61 :: 		
0x0074	0xFFADC127  	MOVFF       FARG_UART1_Write_data_, TXREG
;__Lib_UART_c67.c,62 :: 		
0x0078	0x0012      	RETURN      0
; end of _UART1_Write
_UART1_Write_Text:
;__Lib_UART_c67.c,66 :: 		
;__Lib_UART_c67.c,67 :: 		
0x007A	0x0101      	MOVLB       1
0x007C	0x6B25      	CLRF        UART1_Write_Text_counter_L0, 1
;__Lib_UART_c67.c,69 :: 		
0x007E	0xFFE9C123  	MOVFF       FARG_UART1_Write_Text_uart_text, FSR0L
0x0082	0xFFEAC124  	MOVFF       FARG_UART1_Write_Text_uart_text+1, FSR0H
0x0086	0xF100CFEE  	MOVFF       POSTINC0, UART1_Write_Text_data__L0
;__Lib_UART_c67.c,70 :: 		
L_UART1_Write_Text5:
0x008A	0x5100      	MOVF        UART1_Write_Text_data__L0, 0, 1
0x008C	0x0A00      	XORLW       0
0x008E	0xE00E      	BZ          L_UART1_Write_Text6
;__Lib_UART_c67.c,71 :: 		
0x0090	0xF127C100  	MOVFF       UART1_Write_Text_data__L0, FARG_UART1_Write_data_
0x0094	0xDFEB      	RCALL       _UART1_Write
;__Lib_UART_c67.c,72 :: 		
0x0096	0x0101      	MOVLB       1
0x0098	0x2B25      	INCF        UART1_Write_Text_counter_L0, 1, 1
;__Lib_UART_c67.c,73 :: 		
0x009A	0x5125      	MOVF        UART1_Write_Text_counter_L0, 0, 1
0x009C	0x2523      	ADDWF       FARG_UART1_Write_Text_uart_text, 0, 1
0x009E	0x6EE9      	MOVWF       FSR0L 
0x00A0	0x0E00      	MOVLW       0
0x00A2	0x2124      	ADDWFC      FARG_UART1_Write_Text_uart_text+1, 0, 1
0x00A4	0x6EEA      	MOVWF       FSR0H 
0x00A6	0xF100CFEE  	MOVFF       POSTINC0, UART1_Write_Text_data__L0
;__Lib_UART_c67.c,74 :: 		
0x00AA	0xD7EF      	BRA         L_UART1_Write_Text5
L_UART1_Write_Text6:
;__Lib_UART_c67.c,75 :: 		
0x00AC	0x0012      	RETURN      0
; end of _UART1_Write_Text
_UART1_Init:
;__Lib_UART_c67.c,15 :: 		
;__Lib_UART_c67.c,18 :: 		
0x00AE	0x0E6C      	MOVLW       _UART1_Write
0x00B0	0x0101      	MOVLB       1
0x00B2	0x6F1D      	MOVWF       _UART_Wr_Ptr, 1
0x00B4	0x0E00      	MOVLW       hi_addr(_UART1_Write)
0x00B6	0x6F1E      	MOVWF       _UART_Wr_Ptr+1, 1
0x00B8	0x0E27      	MOVLW       FARG_UART1_Write_data_
0x00BA	0x6F1F      	MOVWF       _UART_Wr_Ptr+2, 1
0x00BC	0x0E01      	MOVLW       hi_addr(FARG_UART1_Write_data_)
0x00BE	0x6F20      	MOVWF       _UART_Wr_Ptr+3, 1
;__Lib_UART_c67.c,19 :: 		
0x00C0	0x0EFF      	MOVLW       _UART1_Read
0x00C2	0x6F19      	MOVWF       _UART_Rd_Ptr, 1
0x00C4	0x0EFF      	MOVLW       hi_addr(_UART1_Read)
0x00C6	0x6F1A      	MOVWF       _UART_Rd_Ptr+1, 1
0x00C8	0x0E00      	MOVLW       0
0x00CA	0x6F1B      	MOVWF       _UART_Rd_Ptr+2, 1
0x00CC	0x0E00      	MOVLW       0
0x00CE	0x6F1C      	MOVWF       _UART_Rd_Ptr+3, 1
;__Lib_UART_c67.c,20 :: 		
0x00D0	0x0EFF      	MOVLW       _UART1_Data_Ready
0x00D2	0x6F11      	MOVWF       _UART_Rdy_Ptr, 1
0x00D4	0x0EFF      	MOVLW       hi_addr(_UART1_Data_Ready)
0x00D6	0x6F12      	MOVWF       _UART_Rdy_Ptr+1, 1
0x00D8	0x0E00      	MOVLW       0
0x00DA	0x6F13      	MOVWF       _UART_Rdy_Ptr+2, 1
0x00DC	0x0E00      	MOVLW       0
0x00DE	0x6F14      	MOVWF       _UART_Rdy_Ptr+3, 1
;__Lib_UART_c67.c,21 :: 		
0x00E0	0x0EFF      	MOVLW       _UART1_Tx_Idle
0x00E2	0x6F15      	MOVWF       _UART_Tx_Idle_Ptr, 1
0x00E4	0x0EFF      	MOVLW       hi_addr(_UART1_Tx_Idle)
0x00E6	0x6F16      	MOVWF       _UART_Tx_Idle_Ptr+1, 1
0x00E8	0x0E00      	MOVLW       0
0x00EA	0x6F17      	MOVWF       _UART_Tx_Idle_Ptr+2, 1
0x00EC	0x0E00      	MOVLW       0
0x00EE	0x6F18      	MOVWF       _UART_Tx_Idle_Ptr+3, 1
;__Lib_UART_c67.c,23 :: 		
0x00F0	0x8AAC      	BSF         TXSTA, 5 
;__Lib_UART_c67.c,24 :: 		
0x00F2	0x0E90      	MOVLW       144
0x00F4	0x6EAB      	MOVWF       RCSTA 
;__Lib_UART_c67.c,25 :: 		
0x00F6	0x8E94      	BSF         TRISC7_bit, 7 
;__Lib_UART_c67.c,26 :: 		
0x00F8	0x9C94      	BCF         TRISC6_bit, 6 
;__Lib_UART_c67.c,28 :: 		
L_UART1_Init0:
0x00FA	0xAA9E      	BTFSS       PIR1, 5 
0x00FC	0xD003      	BRA         L_UART1_Init1
;__Lib_UART_c67.c,29 :: 		
0x00FE	0xF000CFAE  	MOVFF       RCREG, R0
0x0102	0xD7FB      	BRA         L_UART1_Init0
L_UART1_Init1:
;__Lib_UART_c67.c,30 :: 		
0x0104	0x0012      	RETURN      0
; end of _UART1_Init
_PWM2_Start:
;__Lib_PWM_c21.c,19 :: 		
;__Lib_PWM_c21.c,20 :: 		
0x0106	0x9294      	BCF         TRISC1_bit, 1 
;__Lib_PWM_c21.c,21 :: 		
0x0108	0x84CA      	BSF         T2CON, 2 
;__Lib_PWM_c21.c,22 :: 		
0x010A	0x0E0C      	MOVLW       12
0x010C	0x12BA      	IORWF       CCP2CON, 1 
;__Lib_PWM_c21.c,23 :: 		
0x010E	0x0012      	RETURN      0
; end of _PWM2_Start
_PWM2_Set_Duty:
;__Lib_PWM_c21.c,8 :: 		
;__Lib_PWM_c21.c,12 :: 		
0x0110	0x50CB      	MOVF        PR2, 0 
0x0112	0x0F01      	ADDLW       1
0x0114	0x6E00      	MOVWF       R0 
0x0116	0x6A01      	CLRF        R1 
0x0118	0x0E00      	MOVLW       0
0x011A	0x2201      	ADDWFC      R1, 1 
0x011C	0xF004C100  	MOVFF       FARG_PWM2_Set_Duty_new_duty, R4
0x0120	0x0E00      	MOVLW       0
0x0122	0x6E05      	MOVWF       R5 
0x0124	0xDF7B      	RCALL       _Mul_16x16_U
0x0126	0x0E06      	MOVLW       6
0x0128	0x6E02      	MOVWF       R2 
0x012A	0xF004C000  	MOVFF       R0, R4
0x012E	0xF005C001  	MOVFF       R1, R5
0x0132	0x5002      	MOVF        R2, 0 
L__PWM2_Set_Duty0:
0x0134	0xE005      	BZ          L__PWM2_Set_Duty1
0x0136	0x3205      	RRCF        R5, 1 
0x0138	0x3204      	RRCF        R4, 1 
0x013A	0x9E05      	BCF         R5, 7 
0x013C	0x0FFF      	ADDLW       255
0x013E	0xD7FA      	BRA         L__PWM2_Set_Duty0
L__PWM2_Set_Duty1:
;__Lib_PWM_c21.c,13 :: 		
0x0140	0x0E04      	MOVLW       4
0x0142	0x6E01      	MOVWF       R1 
0x0144	0xF000C004  	MOVFF       R4, R0
0x0148	0x5001      	MOVF        R1, 0 
L__PWM2_Set_Duty2:
0x014A	0xE004      	BZ          L__PWM2_Set_Duty3
0x014C	0x3600      	RLCF        R0, 1 
0x014E	0x9000      	BCF         R0, 0 
0x0150	0x0FFF      	ADDLW       255
0x0152	0xD7FB      	BRA         L__PWM2_Set_Duty2
L__PWM2_Set_Duty3:
0x0154	0x0E30      	MOVLW       48
0x0156	0x1400      	ANDWF       R0, 0 
0x0158	0x6E03      	MOVWF       R3 
;__Lib_PWM_c21.c,14 :: 		
0x015A	0xF000C004  	MOVFF       R4, R0
0x015E	0xF001C005  	MOVFF       R5, R1
0x0162	0x3201      	RRCF        R1, 1 
0x0164	0x3200      	RRCF        R0, 1 
0x0166	0x9E01      	BCF         R1, 7 
0x0168	0x3201      	RRCF        R1, 1 
0x016A	0x3200      	RRCF        R0, 1 
0x016C	0x9E01      	BCF         R1, 7 
0x016E	0xFFBBC000  	MOVFF       R0, CCPR2L
;__Lib_PWM_c21.c,15 :: 		
0x0172	0x0E0F      	MOVLW       15
0x0174	0x16BA      	ANDWF       CCP2CON, 1 
;__Lib_PWM_c21.c,16 :: 		
0x0176	0x5003      	MOVF        R3, 0 
0x0178	0x12BA      	IORWF       CCP2CON, 1 
;__Lib_PWM_c21.c,17 :: 		
0x017A	0x0012      	RETURN      0
; end of _PWM2_Set_Duty
_PWM1_Start:
;__Lib_PWM_c21.c,54 :: 		
;__Lib_PWM_c21.c,55 :: 		
0x017C	0x9494      	BCF         TRISC2_bit, 2 
;__Lib_PWM_c21.c,56 :: 		
0x017E	0x84CA      	BSF         T2CON, 2 
;__Lib_PWM_c21.c,57 :: 		
0x0180	0x0E0C      	MOVLW       12
0x0182	0x12BD      	IORWF       CCP1CON, 1 
;__Lib_PWM_c21.c,58 :: 		
0x0184	0x0012      	RETURN      0
; end of _PWM1_Start
_PWM1_Set_Duty:
;__Lib_PWM_c21.c,43 :: 		
;__Lib_PWM_c21.c,47 :: 		
0x0186	0x50CB      	MOVF        PR2, 0 
0x0188	0x0F01      	ADDLW       1
0x018A	0x6E00      	MOVWF       R0 
0x018C	0x6A01      	CLRF        R1 
0x018E	0x0E00      	MOVLW       0
0x0190	0x2201      	ADDWFC      R1, 1 
0x0192	0xF004C100  	MOVFF       FARG_PWM1_Set_Duty_new_duty, R4
0x0196	0x0E00      	MOVLW       0
0x0198	0x6E05      	MOVWF       R5 
0x019A	0xDF40      	RCALL       _Mul_16x16_U
0x019C	0x0E06      	MOVLW       6
0x019E	0x6E02      	MOVWF       R2 
0x01A0	0xF004C000  	MOVFF       R0, R4
0x01A4	0xF005C001  	MOVFF       R1, R5
0x01A8	0x5002      	MOVF        R2, 0 
L__PWM1_Set_Duty4:
0x01AA	0xE005      	BZ          L__PWM1_Set_Duty5
0x01AC	0x3205      	RRCF        R5, 1 
0x01AE	0x3204      	RRCF        R4, 1 
0x01B0	0x9E05      	BCF         R5, 7 
0x01B2	0x0FFF      	ADDLW       255
0x01B4	0xD7FA      	BRA         L__PWM1_Set_Duty4
L__PWM1_Set_Duty5:
;__Lib_PWM_c21.c,48 :: 		
0x01B6	0x0E04      	MOVLW       4
0x01B8	0x6E01      	MOVWF       R1 
0x01BA	0xF000C004  	MOVFF       R4, R0
0x01BE	0x5001      	MOVF        R1, 0 
L__PWM1_Set_Duty6:
0x01C0	0xE004      	BZ          L__PWM1_Set_Duty7
0x01C2	0x3600      	RLCF        R0, 1 
0x01C4	0x9000      	BCF         R0, 0 
0x01C6	0x0FFF      	ADDLW       255
0x01C8	0xD7FB      	BRA         L__PWM1_Set_Duty6
L__PWM1_Set_Duty7:
0x01CA	0x0E30      	MOVLW       48
0x01CC	0x1400      	ANDWF       R0, 0 
0x01CE	0x6E03      	MOVWF       R3 
;__Lib_PWM_c21.c,49 :: 		
0x01D0	0xF000C004  	MOVFF       R4, R0
0x01D4	0xF001C005  	MOVFF       R5, R1
0x01D8	0x3201      	RRCF        R1, 1 
0x01DA	0x3200      	RRCF        R0, 1 
0x01DC	0x9E01      	BCF         R1, 7 
0x01DE	0x3201      	RRCF        R1, 1 
0x01E0	0x3200      	RRCF        R0, 1 
0x01E2	0x9E01      	BCF         R1, 7 
0x01E4	0xFFBEC000  	MOVFF       R0, CCPR1L
;__Lib_PWM_c21.c,50 :: 		
0x01E8	0x0E0F      	MOVLW       15
0x01EA	0x16BD      	ANDWF       CCP1CON, 1 
;__Lib_PWM_c21.c,51 :: 		
0x01EC	0x5003      	MOVF        R3, 0 
0x01EE	0x12BD      	IORWF       CCP1CON, 1 
;__Lib_PWM_c21.c,52 :: 		
0x01F0	0x0012      	RETURN      0
; end of _PWM1_Set_Duty
_PWM1_Init:
;__Lib_PWM_c21.c,36 :: 		
;__Lib_PWM_c21.c,37 :: 		
;__Lib_PWM_c21.c,38 :: 		
0x01F2	0x6ABE      	CLRF        CCPR1L 
;__Lib_PWM_c21.c,39 :: 		
0x01F4	0x98BD      	BCF         CCP1CON, 4 
;__Lib_PWM_c21.c,40 :: 		
0x01F6	0x9ABD      	BCF         CCP1CON, 5 
;__Lib_PWM_c21.c,41 :: 		
0x01F8	0x0012      	RETURN      0
; end of _PWM1_Init
_PWM2_Init:
;__Lib_PWM_c21.c,1 :: 		
;__Lib_PWM_c21.c,2 :: 		
;__Lib_PWM_c21.c,3 :: 		
0x01FA	0x6ABB      	CLRF        CCPR2L 
;__Lib_PWM_c21.c,4 :: 		
0x01FC	0x98BA      	BCF         CCP2CON, 4 
;__Lib_PWM_c21.c,5 :: 		
0x01FE	0x9ABA      	BCF         CCP2CON, 5 
;__Lib_PWM_c21.c,6 :: 		
0x0200	0x0012      	RETURN      0
; end of _PWM2_Init
_configure:
;configuration.h,10 :: 		void configure(){
;configuration.h,13 :: 		TRISA = 0b11111111;
0x0202	0x0EFF      	MOVLW       255
0x0204	0x6E92      	MOVWF       TRISA 
;configuration.h,14 :: 		TRISB = 0b11111111;
0x0206	0x0EFF      	MOVLW       255
0x0208	0x6E93      	MOVWF       TRISB 
;configuration.h,15 :: 		TRISC = 0b00000000;
0x020A	0x6A94      	CLRF        TRISC 
;configuration.h,16 :: 		TRISD = 0b11110010;
0x020C	0x0EF2      	MOVLW       242
0x020E	0x6E95      	MOVWF       TRISD 
;configuration.h,19 :: 		PORTA = 0;
0x0210	0x6A80      	CLRF        PORTA 
;configuration.h,20 :: 		PORTB = 0;
0x0212	0x6A81      	CLRF        PORTB 
;configuration.h,21 :: 		PORTC = 0;
0x0214	0x6A82      	CLRF        PORTC 
;configuration.h,22 :: 		PORTD = 0;
0x0216	0x6A83      	CLRF        PORTD 
;configuration.h,25 :: 		PWM1_Init(5000);
0x0218	0x80CA      	BSF         T2CON, 0, 0
0x021A	0x92CA      	BCF         T2CON, 1, 0
0x021C	0x0EF9      	MOVLW       249
0x021E	0x6ECB      	MOVWF       PR2, 0
0x0220	0xDFE8      	RCALL       _PWM1_Init
;configuration.h,26 :: 		PWM2_Init(5000);
0x0222	0x80CA      	BSF         T2CON, 0, 0
0x0224	0x92CA      	BCF         T2CON, 1, 0
0x0226	0x0EF9      	MOVLW       249
0x0228	0x6ECB      	MOVWF       PR2, 0
0x022A	0xDFE7      	RCALL       _PWM2_Init
;configuration.h,27 :: 		PWM1_Start();
0x022C	0xDFA7      	RCALL       _PWM1_Start
;configuration.h,28 :: 		PWM2_Start();
0x022E	0xDF6B      	RCALL       _PWM2_Start
;configuration.h,29 :: 		UART1_Init(9600);
0x0230	0x0E81      	MOVLW       129
0x0232	0x6EAF      	MOVWF       SPBRG 
0x0234	0x84AC      	BSF         TXSTA, 2, 0
0x0236	0xDF3B      	RCALL       _UART1_Init
;configuration.h,37 :: 		ADCON0 = 0b11000001;
0x0238	0x0EC1      	MOVLW       193
0x023A	0x6EC2      	MOVWF       ADCON0 
;configuration.h,38 :: 		ADCON1 = 0b00000000;
0x023C	0x6AC1      	CLRF        ADCON1 
;configuration.h,46 :: 		LEVEL = 0;
0x023E	0x0101      	MOVLB       1
0x0240	0x6B03      	CLRF        _LEVEL, 1
0x0242	0x6B04      	CLRF        _LEVEL+1, 1
;configuration.h,47 :: 		LEVEL1_STATE  = NOT_REACHED;
0x0244	0x6B09      	CLRF        _LEVEL1_STATE, 1
0x0246	0x6B0A      	CLRF        _LEVEL1_STATE+1, 1
;configuration.h,48 :: 		LEVEL2_STATE  = NOT_REACHED;
0x0248	0x6B0F      	CLRF        _LEVEL2_STATE, 1
0x024A	0x6B10      	CLRF        _LEVEL2_STATE+1, 1
;configuration.h,49 :: 		LEVEL3_STATE  = NOT_REACHED;
0x024C	0x6B0D      	CLRF        _LEVEL3_STATE, 1
0x024E	0x6B0E      	CLRF        _LEVEL3_STATE+1, 1
;configuration.h,51 :: 		SLOW_PWM = 180;
0x0250	0x0EB4      	MOVLW       180
0x0252	0x6F0B      	MOVWF       _SLOW_PWM, 1
0x0254	0x0E00      	MOVLW       0
0x0256	0x6F0C      	MOVWF       _SLOW_PWM+1, 1
;configuration.h,52 :: 		MID_PWM = 200;
0x0258	0x0EC8      	MOVLW       200
0x025A	0x6F01      	MOVWF       _MID_PWM, 1
0x025C	0x0E00      	MOVLW       0
0x025E	0x6F02      	MOVWF       _MID_PWM+1, 1
;configuration.h,53 :: 		FAST_PWM = 220;
0x0260	0x0EDC      	MOVLW       220
0x0262	0x0100      	MOVLB       0
0x0264	0x6FFE      	MOVWF       _FAST_PWM, 1
0x0266	0x0E00      	MOVLW       0
0x0268	0x6FFF      	MOVWF       _FAST_PWM+1, 1
;configuration.h,55 :: 		T0CON=0xC3;
0x026A	0x0EC3      	MOVLW       195
0x026C	0x6ED5      	MOVWF       T0CON 
;configuration.h,56 :: 		TMR0L=0x00;
0x026E	0x6AD6      	CLRF        TMR0L 
;configuration.h,57 :: 		INTCON.TMR0IE=1;
0x0270	0x8AF2      	BSF         INTCON, 5 
;configuration.h,59 :: 		T1CON=0x80;
0x0272	0x0E80      	MOVLW       128
0x0274	0x6ECD      	MOVWF       T1CON 
;configuration.h,60 :: 		TMR1H=0x00;
0x0276	0x6ACF      	CLRF        TMR1H 
;configuration.h,61 :: 		TMR1L=0x00;
0x0278	0x6ACE      	CLRF        TMR1L 
;configuration.h,62 :: 		}
0x027A	0x0012      	RETURN      0
; end of _configure
___CC2DW:
;__Lib_System.c,21 :: 		
;__Lib_System.c,23 :: 		
_CC2DL_Loop1:
;__Lib_System.c,24 :: 		
0x027C	0x0009      	TBLRD*+
;__Lib_System.c,25 :: 		
0x027E	0xFFE6CFF5  	MOVFF       TABLAT, POSTINC1
;__Lib_System.c,26 :: 		
0x0282	0x0600      	DECF        R0, 1, 0
;__Lib_System.c,27 :: 		
0x0284	0xE1FB      	BNZ         _CC2DL_Loop1
;__Lib_System.c,28 :: 		
0x0286	0x0601      	DECF        R1, 1, 0
;__Lib_System.c,29 :: 		
0x0288	0xE1F9      	BNZ         _CC2DL_Loop1
;__Lib_System.c,31 :: 		
0x028A	0x0012      	RETURN      0
; end of ___CC2DW
_sendSensorStatus:
;debug.h,13 :: 		void sendSensorStatus(){
;debug.h,14 :: 		if( Sensor1 == 1){
0x028C	0xA881      	BTFSS       PORTB, 4 
0x028E	0xD00B      	BRA         L_sendSensorStatus16
;debug.h,15 :: 		debugText = "1";
0x0290	0x0EBD      	MOVLW       ?lstr3_Main_323.0V
0x0292	0x0100      	MOVLB       0
0x0294	0x6FA3      	MOVWF       _debugText, 1
0x0296	0x0E00      	MOVLW       hi_addr(?lstr3_Main_323.0V)
0x0298	0x6FA4      	MOVWF       _debugText+1, 1
;debug.h,16 :: 		UART1_Write_Text(debugText);
0x029A	0xF123C0A3  	MOVFF       _debugText, FARG_UART1_Write_Text_uart_text
0x029E	0xF124C0A4  	MOVFF       _debugText+1, FARG_UART1_Write_Text_uart_text+1
0x02A2	0xDEEB      	RCALL       _UART1_Write_Text
;debug.h,17 :: 		}
0x02A4	0xD00C      	BRA         L_sendSensorStatus17
L_sendSensorStatus16:
;debug.h,18 :: 		else if( Sensor1 == 0){
0x02A6	0xB881      	BTFSC       PORTB, 4 
0x02A8	0xD00A      	BRA         L_sendSensorStatus18
;debug.h,19 :: 		debugText = "0";
0x02AA	0x0EC1      	MOVLW       ?lstr4_Main_323.0V
0x02AC	0x0100      	MOVLB       0
0x02AE	0x6FA3      	MOVWF       _debugText, 1
0x02B0	0x0E00      	MOVLW       hi_addr(?lstr4_Main_323.0V)
0x02B2	0x6FA4      	MOVWF       _debugText+1, 1
;debug.h,20 :: 		UART1_Write_Text(debugText);
0x02B4	0xF123C0A3  	MOVFF       _debugText, FARG_UART1_Write_Text_uart_text
0x02B8	0xF124C0A4  	MOVFF       _debugText+1, FARG_UART1_Write_Text_uart_text+1
0x02BC	0xDEDE      	RCALL       _UART1_Write_Text
;debug.h,21 :: 		}
L_sendSensorStatus18:
L_sendSensorStatus17:
;debug.h,23 :: 		if( Sensor2 == 1){
0x02BE	0xA681      	BTFSS       PORTB, 3 
0x02C0	0xD00B      	BRA         L_sendSensorStatus19
;debug.h,24 :: 		debugText = "1";
0x02C2	0x0EBF      	MOVLW       ?lstr5_Main_323.0V
0x02C4	0x0100      	MOVLB       0
0x02C6	0x6FA3      	MOVWF       _debugText, 1
0x02C8	0x0E00      	MOVLW       hi_addr(?lstr5_Main_323.0V)
0x02CA	0x6FA4      	MOVWF       _debugText+1, 1
;debug.h,25 :: 		UART1_Write_Text(debugText);
0x02CC	0xF123C0A3  	MOVFF       _debugText, FARG_UART1_Write_Text_uart_text
0x02D0	0xF124C0A4  	MOVFF       _debugText+1, FARG_UART1_Write_Text_uart_text+1
0x02D4	0xDED2      	RCALL       _UART1_Write_Text
;debug.h,26 :: 		}
0x02D6	0xD00C      	BRA         L_sendSensorStatus20
L_sendSensorStatus19:
;debug.h,27 :: 		else if( Sensor2 == 0){
0x02D8	0xB681      	BTFSC       PORTB, 3 
0x02DA	0xD00A      	BRA         L_sendSensorStatus21
;debug.h,28 :: 		debugText = "0";
0x02DC	0x0ED0      	MOVLW       ?lstr6_Main_323.0V
0x02DE	0x0100      	MOVLB       0
0x02E0	0x6FA3      	MOVWF       _debugText, 1
0x02E2	0x0E00      	MOVLW       hi_addr(?lstr6_Main_323.0V)
0x02E4	0x6FA4      	MOVWF       _debugText+1, 1
;debug.h,29 :: 		UART1_Write_Text(debugText);
0x02E6	0xF123C0A3  	MOVFF       _debugText, FARG_UART1_Write_Text_uart_text
0x02EA	0xF124C0A4  	MOVFF       _debugText+1, FARG_UART1_Write_Text_uart_text+1
0x02EE	0xDEC5      	RCALL       _UART1_Write_Text
;debug.h,30 :: 		}
L_sendSensorStatus21:
L_sendSensorStatus20:
;debug.h,32 :: 		if( Sensor3 == 1){
0x02F0	0xA883      	BTFSS       PORTD, 4 
0x02F2	0xD00B      	BRA         L_sendSensorStatus22
;debug.h,33 :: 		debugText = "1";
0x02F4	0x0EDC      	MOVLW       ?lstr7_Main_323.0V
0x02F6	0x0100      	MOVLB       0
0x02F8	0x6FA3      	MOVWF       _debugText, 1
0x02FA	0x0E00      	MOVLW       hi_addr(?lstr7_Main_323.0V)
0x02FC	0x6FA4      	MOVWF       _debugText+1, 1
;debug.h,34 :: 		UART1_Write_Text(debugText);
0x02FE	0xF123C0A3  	MOVFF       _debugText, FARG_UART1_Write_Text_uart_text
0x0302	0xF124C0A4  	MOVFF       _debugText+1, FARG_UART1_Write_Text_uart_text+1
0x0306	0xDEB9      	RCALL       _UART1_Write_Text
;debug.h,35 :: 		}
0x0308	0xD00C      	BRA         L_sendSensorStatus23
L_sendSensorStatus22:
;debug.h,36 :: 		else if( Sensor3 == 0){
0x030A	0xB883      	BTFSC       PORTD, 4 
0x030C	0xD00A      	BRA         L_sendSensorStatus24
;debug.h,37 :: 		debugText = "0";
0x030E	0x0EE2      	MOVLW       ?lstr8_Main_323.0V
0x0310	0x0100      	MOVLB       0
0x0312	0x6FA3      	MOVWF       _debugText, 1
0x0314	0x0E00      	MOVLW       hi_addr(?lstr8_Main_323.0V)
0x0316	0x6FA4      	MOVWF       _debugText+1, 1
;debug.h,38 :: 		UART1_Write_Text(debugText);
0x0318	0xF123C0A3  	MOVFF       _debugText, FARG_UART1_Write_Text_uart_text
0x031C	0xF124C0A4  	MOVFF       _debugText+1, FARG_UART1_Write_Text_uart_text+1
0x0320	0xDEAC      	RCALL       _UART1_Write_Text
;debug.h,39 :: 		}
L_sendSensorStatus24:
L_sendSensorStatus23:
;debug.h,41 :: 		if( Sensor4 == 1){
0x0322	0xAA83      	BTFSS       PORTD, 5 
0x0324	0xD00B      	BRA         L_sendSensorStatus25
;debug.h,42 :: 		debugText = "1";
0x0326	0x0EE0      	MOVLW       ?lstr9_Main_323.0V
0x0328	0x0100      	MOVLB       0
0x032A	0x6FA3      	MOVWF       _debugText, 1
0x032C	0x0E00      	MOVLW       hi_addr(?lstr9_Main_323.0V)
0x032E	0x6FA4      	MOVWF       _debugText+1, 1
;debug.h,43 :: 		UART1_Write_Text(debugText);
0x0330	0xF123C0A3  	MOVFF       _debugText, FARG_UART1_Write_Text_uart_text
0x0334	0xF124C0A4  	MOVFF       _debugText+1, FARG_UART1_Write_Text_uart_text+1
0x0338	0xDEA0      	RCALL       _UART1_Write_Text
;debug.h,44 :: 		}
0x033A	0xD00C      	BRA         L_sendSensorStatus26
L_sendSensorStatus25:
;debug.h,45 :: 		else if( Sensor4 == 0){
0x033C	0xBA83      	BTFSC       PORTD, 5 
0x033E	0xD00A      	BRA         L_sendSensorStatus27
;debug.h,46 :: 		debugText = "0";
0x0340	0x0ED4      	MOVLW       ?lstr10_Main_323.0V
0x0342	0x0100      	MOVLB       0
0x0344	0x6FA3      	MOVWF       _debugText, 1
0x0346	0x0E00      	MOVLW       hi_addr(?lstr10_Main_323.0V)
0x0348	0x6FA4      	MOVWF       _debugText+1, 1
;debug.h,47 :: 		UART1_Write_Text(debugText);
0x034A	0xF123C0A3  	MOVFF       _debugText, FARG_UART1_Write_Text_uart_text
0x034E	0xF124C0A4  	MOVFF       _debugText+1, FARG_UART1_Write_Text_uart_text+1
0x0352	0xDE93      	RCALL       _UART1_Write_Text
;debug.h,48 :: 		}
L_sendSensorStatus27:
L_sendSensorStatus26:
;debug.h,50 :: 		if( Sensor5 == 1){
0x0354	0xAC83      	BTFSS       PORTD, 6 
0x0356	0xD00B      	BRA         L_sendSensorStatus28
;debug.h,51 :: 		debugText = "1";
0x0358	0x0ED6      	MOVLW       ?lstr11_Main_323.0V
0x035A	0x0100      	MOVLB       0
0x035C	0x6FA3      	MOVWF       _debugText, 1
0x035E	0x0E00      	MOVLW       hi_addr(?lstr11_Main_323.0V)
0x0360	0x6FA4      	MOVWF       _debugText+1, 1
;debug.h,52 :: 		UART1_Write_Text(debugText);
0x0362	0xF123C0A3  	MOVFF       _debugText, FARG_UART1_Write_Text_uart_text
0x0366	0xF124C0A4  	MOVFF       _debugText+1, FARG_UART1_Write_Text_uart_text+1
0x036A	0xDE87      	RCALL       _UART1_Write_Text
;debug.h,53 :: 		}
0x036C	0xD00C      	BRA         L_sendSensorStatus29
L_sendSensorStatus28:
;debug.h,54 :: 		else if( Sensor5 == 0){
0x036E	0xBC83      	BTFSC       PORTD, 6 
0x0370	0xD00A      	BRA         L_sendSensorStatus30
;debug.h,55 :: 		debugText = "0";
0x0372	0x0ED8      	MOVLW       ?lstr12_Main_323.0V
0x0374	0x0100      	MOVLB       0
0x0376	0x6FA3      	MOVWF       _debugText, 1
0x0378	0x0E00      	MOVLW       hi_addr(?lstr12_Main_323.0V)
0x037A	0x6FA4      	MOVWF       _debugText+1, 1
;debug.h,56 :: 		UART1_Write_Text(debugText);
0x037C	0xF123C0A3  	MOVFF       _debugText, FARG_UART1_Write_Text_uart_text
0x0380	0xF124C0A4  	MOVFF       _debugText+1, FARG_UART1_Write_Text_uart_text+1
0x0384	0xDE7A      	RCALL       _UART1_Write_Text
;debug.h,57 :: 		}
L_sendSensorStatus30:
L_sendSensorStatus29:
;debug.h,59 :: 		if( Sensor6 == 1){
0x0386	0xAE83      	BTFSS       PORTD, 7 
0x0388	0xD00B      	BRA         L_sendSensorStatus31
;debug.h,60 :: 		debugText = "1";
0x038A	0x0EDA      	MOVLW       ?lstr13_Main_323.0V
0x038C	0x0100      	MOVLB       0
0x038E	0x6FA3      	MOVWF       _debugText, 1
0x0390	0x0E00      	MOVLW       hi_addr(?lstr13_Main_323.0V)
0x0392	0x6FA4      	MOVWF       _debugText+1, 1
;debug.h,61 :: 		UART1_Write_Text(debugText);
0x0394	0xF123C0A3  	MOVFF       _debugText, FARG_UART1_Write_Text_uart_text
0x0398	0xF124C0A4  	MOVFF       _debugText+1, FARG_UART1_Write_Text_uart_text+1
0x039C	0xDE6E      	RCALL       _UART1_Write_Text
;debug.h,62 :: 		}
0x039E	0xD00C      	BRA         L_sendSensorStatus32
L_sendSensorStatus31:
;debug.h,63 :: 		else if( Sensor6 == 0){
0x03A0	0xBE83      	BTFSC       PORTD, 7 
0x03A2	0xD00A      	BRA         L_sendSensorStatus33
;debug.h,64 :: 		debugText = "0";
0x03A4	0x0ED2      	MOVLW       ?lstr14_Main_323.0V
0x03A6	0x0100      	MOVLB       0
0x03A8	0x6FA3      	MOVWF       _debugText, 1
0x03AA	0x0E00      	MOVLW       hi_addr(?lstr14_Main_323.0V)
0x03AC	0x6FA4      	MOVWF       _debugText+1, 1
;debug.h,65 :: 		UART1_Write_Text(debugText);
0x03AE	0xF123C0A3  	MOVFF       _debugText, FARG_UART1_Write_Text_uart_text
0x03B2	0xF124C0A4  	MOVFF       _debugText+1, FARG_UART1_Write_Text_uart_text+1
0x03B6	0xDE61      	RCALL       _UART1_Write_Text
;debug.h,66 :: 		}
L_sendSensorStatus33:
L_sendSensorStatus32:
;debug.h,68 :: 		if( Sensor7 == 1){
0x03B8	0xA481      	BTFSS       PORTB, 2 
0x03BA	0xD00B      	BRA         L_sendSensorStatus34
;debug.h,69 :: 		debugText = "1";
0x03BC	0x0EDE      	MOVLW       ?lstr15_Main_323.0V
0x03BE	0x0100      	MOVLB       0
0x03C0	0x6FA3      	MOVWF       _debugText, 1
0x03C2	0x0E00      	MOVLW       hi_addr(?lstr15_Main_323.0V)
0x03C4	0x6FA4      	MOVWF       _debugText+1, 1
;debug.h,70 :: 		UART1_Write_Text(debugText);
0x03C6	0xF123C0A3  	MOVFF       _debugText, FARG_UART1_Write_Text_uart_text
0x03CA	0xF124C0A4  	MOVFF       _debugText+1, FARG_UART1_Write_Text_uart_text+1
0x03CE	0xDE55      	RCALL       _UART1_Write_Text
;debug.h,71 :: 		}
0x03D0	0xD00C      	BRA         L_sendSensorStatus35
L_sendSensorStatus34:
;debug.h,72 :: 		else if( Sensor7 == 0){
0x03D2	0xB481      	BTFSC       PORTB, 2 
0x03D4	0xD00A      	BRA         L_sendSensorStatus36
;debug.h,73 :: 		debugText = "0";
0x03D6	0x0EA1      	MOVLW       ?lstr16_Main_323.0V
0x03D8	0x0100      	MOVLB       0
0x03DA	0x6FA3      	MOVWF       _debugText, 1
0x03DC	0x0E00      	MOVLW       hi_addr(?lstr16_Main_323.0V)
0x03DE	0x6FA4      	MOVWF       _debugText+1, 1
;debug.h,74 :: 		UART1_Write_Text(debugText);
0x03E0	0xF123C0A3  	MOVFF       _debugText, FARG_UART1_Write_Text_uart_text
0x03E4	0xF124C0A4  	MOVFF       _debugText+1, FARG_UART1_Write_Text_uart_text+1
0x03E8	0xDE48      	RCALL       _UART1_Write_Text
;debug.h,75 :: 		}
L_sendSensorStatus36:
L_sendSensorStatus35:
;debug.h,77 :: 		if( Sensor8 == 1){
0x03EA	0xAC81      	BTFSS       PORTB, 6 
0x03EC	0xD00B      	BRA         L_sendSensorStatus37
;debug.h,78 :: 		debugText = "1";
0x03EE	0x0E19      	MOVLW       ?lstr17_Main_323.0V
0x03F0	0x0100      	MOVLB       0
0x03F2	0x6FA3      	MOVWF       _debugText, 1
0x03F4	0x0E00      	MOVLW       hi_addr(?lstr17_Main_323.0V)
0x03F6	0x6FA4      	MOVWF       _debugText+1, 1
;debug.h,79 :: 		UART1_Write_Text(debugText);
0x03F8	0xF123C0A3  	MOVFF       _debugText, FARG_UART1_Write_Text_uart_text
0x03FC	0xF124C0A4  	MOVFF       _debugText+1, FARG_UART1_Write_Text_uart_text+1
0x0400	0xDE3C      	RCALL       _UART1_Write_Text
;debug.h,80 :: 		}
0x0402	0xD00C      	BRA         L_sendSensorStatus38
L_sendSensorStatus37:
;debug.h,81 :: 		else if( Sensor8 == 0){
0x0404	0xBC81      	BTFSC       PORTB, 6 
0x0406	0xD00A      	BRA         L_sendSensorStatus39
;debug.h,82 :: 		debugText = "0";
0x0408	0x0E17      	MOVLW       ?lstr18_Main_323.0V
0x040A	0x0100      	MOVLB       0
0x040C	0x6FA3      	MOVWF       _debugText, 1
0x040E	0x0E00      	MOVLW       hi_addr(?lstr18_Main_323.0V)
0x0410	0x6FA4      	MOVWF       _debugText+1, 1
;debug.h,83 :: 		UART1_Write_Text(debugText);
0x0412	0xF123C0A3  	MOVFF       _debugText, FARG_UART1_Write_Text_uart_text
0x0416	0xF124C0A4  	MOVFF       _debugText+1, FARG_UART1_Write_Text_uart_text+1
0x041A	0xDE2F      	RCALL       _UART1_Write_Text
;debug.h,84 :: 		}
L_sendSensorStatus39:
L_sendSensorStatus38:
;debug.h,86 :: 		if( Sensor9 == 1){
0x041C	0xAE81      	BTFSS       PORTB, 7 
0x041E	0xD00B      	BRA         L_sendSensorStatus40
;debug.h,87 :: 		debugText = "1";
0x0420	0x0E15      	MOVLW       ?lstr19_Main_323.0V
0x0422	0x0100      	MOVLB       0
0x0424	0x6FA3      	MOVWF       _debugText, 1
0x0426	0x0E00      	MOVLW       hi_addr(?lstr19_Main_323.0V)
0x0428	0x6FA4      	MOVWF       _debugText+1, 1
;debug.h,88 :: 		UART1_Write_Text(debugText);
0x042A	0xF123C0A3  	MOVFF       _debugText, FARG_UART1_Write_Text_uart_text
0x042E	0xF124C0A4  	MOVFF       _debugText+1, FARG_UART1_Write_Text_uart_text+1
0x0432	0xDE23      	RCALL       _UART1_Write_Text
;debug.h,89 :: 		}
0x0434	0xD00C      	BRA         L_sendSensorStatus41
L_sendSensorStatus40:
;debug.h,90 :: 		else if( Sensor9 == 0){
0x0436	0xBE81      	BTFSC       PORTB, 7 
0x0438	0xD00A      	BRA         L_sendSensorStatus42
;debug.h,91 :: 		debugText = "0";
0x043A	0x0E1B      	MOVLW       ?lstr20_Main_323.0V
0x043C	0x0100      	MOVLB       0
0x043E	0x6FA3      	MOVWF       _debugText, 1
0x0440	0x0E00      	MOVLW       hi_addr(?lstr20_Main_323.0V)
0x0442	0x6FA4      	MOVWF       _debugText+1, 1
;debug.h,92 :: 		UART1_Write_Text(debugText);
0x0444	0xF123C0A3  	MOVFF       _debugText, FARG_UART1_Write_Text_uart_text
0x0448	0xF124C0A4  	MOVFF       _debugText+1, FARG_UART1_Write_Text_uart_text+1
0x044C	0xDE16      	RCALL       _UART1_Write_Text
;debug.h,93 :: 		}
L_sendSensorStatus42:
L_sendSensorStatus41:
;debug.h,95 :: 		if( Scout == 1){
0x044E	0xAA81      	BTFSS       PORTB, 5 
0x0450	0xD00B      	BRA         L_sendSensorStatus43
;debug.h,96 :: 		debugText = " 1; ";
0x0452	0x0E22      	MOVLW       ?lstr21_Main_323.0V
0x0454	0x0100      	MOVLB       0
0x0456	0x6FA3      	MOVWF       _debugText, 1
0x0458	0x0E00      	MOVLW       hi_addr(?lstr21_Main_323.0V)
0x045A	0x6FA4      	MOVWF       _debugText+1, 1
;debug.h,97 :: 		UART1_Write_Text(debugText);
0x045C	0xF123C0A3  	MOVFF       _debugText, FARG_UART1_Write_Text_uart_text
0x0460	0xF124C0A4  	MOVFF       _debugText+1, FARG_UART1_Write_Text_uart_text+1
0x0464	0xDE0A      	RCALL       _UART1_Write_Text
;debug.h,98 :: 		}
0x0466	0xD00C      	BRA         L_sendSensorStatus44
L_sendSensorStatus43:
;debug.h,99 :: 		else if( Scout == 0){
0x0468	0xBA81      	BTFSC       PORTB, 5 
0x046A	0xD00A      	BRA         L_sendSensorStatus45
;debug.h,100 :: 		debugText = " 0; ";
0x046C	0x0E1D      	MOVLW       ?lstr22_Main_323.0V
0x046E	0x0100      	MOVLB       0
0x0470	0x6FA3      	MOVWF       _debugText, 1
0x0472	0x0E00      	MOVLW       hi_addr(?lstr22_Main_323.0V)
0x0474	0x6FA4      	MOVWF       _debugText+1, 1
;debug.h,101 :: 		UART1_Write_Text(debugText);
0x0476	0xF123C0A3  	MOVFF       _debugText, FARG_UART1_Write_Text_uart_text
0x047A	0xF124C0A4  	MOVFF       _debugText+1, FARG_UART1_Write_Text_uart_text+1
0x047E	0xDDFD      	RCALL       _UART1_Write_Text
;debug.h,102 :: 		}
L_sendSensorStatus45:
L_sendSensorStatus44:
;debug.h,103 :: 		}
0x0480	0x0012      	RETURN      0
; end of _sendSensorStatus
_sendText:
;debug.h,105 :: 		void sendText(char* aText){
;debug.h,106 :: 		UART1_Write_Text(aText);
0x0482	0xF123C121  	MOVFF       FARG_sendText_aText, FARG_UART1_Write_Text_uart_text
0x0486	0xF124C122  	MOVFF       FARG_sendText_aText+1, FARG_UART1_Write_Text_uart_text+1
0x048A	0xDDF7      	RCALL       _UART1_Write_Text
;debug.h,107 :: 		}
0x048C	0x0012      	RETURN      0
; end of _sendText
_setPID:
;linefollow.h,112 :: 		void setPID(){
;linefollow.h,113 :: 		MIN_RPM = 185;       //155
0x048E	0x0EB9      	MOVLW       185
0x0490	0x0100      	MOVLB       0
0x0492	0x6FFA      	MOVWF       _MIN_RPM, 1
0x0494	0x0E00      	MOVLW       0
0x0496	0x6FFB      	MOVWF       _MIN_RPM+1, 1
;linefollow.h,114 :: 		MID_RPM = 200;
0x0498	0x0EC8      	MOVLW       200
0x049A	0x6FE8      	MOVWF       _MID_RPM, 1
0x049C	0x0E00      	MOVLW       0
0x049E	0x6FE9      	MOVWF       _MID_RPM+1, 1
;linefollow.h,115 :: 		MAX_RPM = 255;
0x04A0	0x0EFF      	MOVLW       255
0x04A2	0x6FE6      	MOVWF       _MAX_RPM, 1
0x04A4	0x0E00      	MOVLW       0
0x04A6	0x6FE7      	MOVWF       _MAX_RPM+1, 1
;linefollow.h,116 :: 		TEST_RPM = 200;
0x04A8	0x0EC8      	MOVLW       200
0x04AA	0x6FE4      	MOVWF       _TEST_RPM, 1
0x04AC	0x0E00      	MOVLW       0
0x04AE	0x6FE5      	MOVWF       _TEST_RPM+1, 1
;linefollow.h,118 :: 		Kp = 6;
0x04B0	0x0E00      	MOVLW       0
0x04B2	0x6FEA      	MOVWF       _Kp, 1
0x04B4	0x0E00      	MOVLW       0
0x04B6	0x6FEB      	MOVWF       _Kp+1, 1
0x04B8	0x0E40      	MOVLW       64
0x04BA	0x6FEC      	MOVWF       _Kp+2, 1
0x04BC	0x0E81      	MOVLW       129
0x04BE	0x6FED      	MOVWF       _Kp+3, 1
;linefollow.h,119 :: 		Ki = 0;
0x04C0	0x6BF6      	CLRF        _Ki, 1
0x04C2	0x6BF7      	CLRF        _Ki+1, 1
0x04C4	0x6BF8      	CLRF        _Ki+2, 1
0x04C6	0x6BF9      	CLRF        _Ki+3, 1
;linefollow.h,120 :: 		Kd = 0;
0x04C8	0x6BF2      	CLRF        _Kd, 1
0x04CA	0x6BF3      	CLRF        _Kd+1, 1
0x04CC	0x6BF4      	CLRF        _Kd+2, 1
0x04CE	0x6BF5      	CLRF        _Kd+3, 1
;linefollow.h,122 :: 		totalError = 0;
0x04D0	0x6BEE      	CLRF        _totalError, 1
0x04D2	0x6BEF      	CLRF        _totalError+1, 1
0x04D4	0x6BF0      	CLRF        _totalError+2, 1
0x04D6	0x6BF1      	CLRF        _totalError+3, 1
;linefollow.h,123 :: 		previousDeviation = 0;
0x04D8	0x6BFC      	CLRF        _previousDeviation, 1
0x04DA	0x6BFD      	CLRF        _previousDeviation+1, 1
;linefollow.h,124 :: 		PID_LeftRPM = 0;
0x04DC	0x0101      	MOVLB       1
0x04DE	0x6B07      	CLRF        _PID_LeftRPM, 1
0x04E0	0x6B08      	CLRF        _PID_LeftRPM+1, 1
;linefollow.h,125 :: 		PID_RightRPM = 0;
0x04E2	0x6B05      	CLRF        _PID_RightRPM, 1
0x04E4	0x6B06      	CLRF        _PID_RightRPM+1, 1
;linefollow.h,127 :: 		Pwm1_Set_Duty(MID_RPM);
0x04E6	0x0EC8      	MOVLW       200
0x04E8	0x6F00      	MOVWF       FARG_PWM1_Set_Duty_new_duty, 1
0x04EA	0xDE4D      	RCALL       _PWM1_Set_Duty
;linefollow.h,128 :: 		Pwm2_Set_Duty(MID_RPM);
0x04EC	0xF100C0E8  	MOVFF       _MID_RPM, FARG_PWM2_Set_Duty_new_duty
0x04F0	0xDE0F      	RCALL       _PWM2_Set_Duty
;linefollow.h,129 :: 		}
0x04F2	0x0012      	RETURN      0
; end of _setPID
_main:
0x04F4	0xF003EC05  	CALL        1546, 0
;Main 3.0V.c,17 :: 		void main() {
;Main 3.0V.c,18 :: 		configure();
0x04F8	0xDE84      	RCALL       _configure
;Main 3.0V.c,19 :: 		setPID();
0x04FA	0xDFC9      	RCALL       _setPID
;Main 3.0V.c,20 :: 		sendText("Starting...");
0x04FC	0x0E27      	MOVLW       ?lstr34_Main_323.0V
0x04FE	0x0101      	MOVLB       1
0x0500	0x6F21      	MOVWF       FARG_sendText_aText, 1
0x0502	0x0E00      	MOVLW       hi_addr(?lstr34_Main_323.0V)
0x0504	0x6F22      	MOVWF       FARG_sendText_aText+1, 1
0x0506	0xDFBD      	RCALL       _sendText
;Main 3.0V.c,23 :: 		while(1){
L_main271:
;Main 3.0V.c,24 :: 		sendSensorStatus();
0x0508	0xDEC1      	RCALL       _sendSensorStatus
;Main 3.0V.c,25 :: 		delay_ms(300);
0x050A	0x0E08      	MOVLW       8
0x050C	0x6E0B      	MOVWF       R11, 0
0x050E	0x0E9D      	MOVLW       157
0x0510	0x6E0C      	MOVWF       R12, 0
0x0512	0x0E05      	MOVLW       5
0x0514	0x6E0D      	MOVWF       R13, 0
L_main273:
0x0516	0x2E0D      	DECFSZ      R13, 1, 0
0x0518	0xD7FE      	BRA         L_main273
0x051A	0x2E0C      	DECFSZ      R12, 1, 0
0x051C	0xD7FC      	BRA         L_main273
0x051E	0x2E0B      	DECFSZ      R11, 1, 0
0x0520	0xD7FA      	BRA         L_main273
0x0522	0x0000      	NOP
0x0524	0x0000      	NOP
;Main 3.0V.c,26 :: 		}
0x0526	0xD7F0      	BRA         L_main271
;Main 3.0V.c,48 :: 		delay_ms(100);
L_main279:
0x0528	0x2E0D      	DECFSZ      R13, 1, 0
0x052A	0xD7FE      	BRA         L_main279
0x052C	0x2E0C      	DECFSZ      R12, 1, 0
0x052E	0xD7FC      	BRA         L_main279
0x0530	0x2E0B      	DECFSZ      R11, 1, 0
0x0532	0xD7FA      	BRA         L_main279
0x0534	0x0000      	NOP
0x0536	0x0000      	NOP
;Main 3.0V.c,84 :: 		}
0x0538	0xD7FF      	BRA         $+0
; end of _main
0x060A	0xF015EE10  	LFSR        1, 21
0x060E	0x0ECF      	MOVLW       207
0x0610	0x6E00      	MOVWF       R0 
0x0612	0x0E01      	MOVLW       1
0x0614	0x6E01      	MOVWF       R1 
0x0616	0x0E3A      	MOVLW       58
0x0618	0x6EF6      	MOVWF       4086 
0x061A	0x0E05      	MOVLW       5
0x061C	0x6EF7      	MOVWF       TBLPTRH 
0x061E	0x0E00      	MOVLW       0
0x0620	0x6EF8      	MOVWF       TBLPTRU 
0x0622	0xF001EC3E  	CALL        636, 0
0x0626	0x0012      	RETURN      0
;Main 3.0V.c,0 :: ?ICS?lstr19_Main_323.0V
0x053A	0x0031 ;?ICS?lstr19_Main_323.0V+0
; end of ?ICS?lstr19_Main_323.0V
;Main 3.0V.c,0 :: ?ICS?lstr18_Main_323.0V
0x053C	0x0030 ;?ICS?lstr18_Main_323.0V+0
; end of ?ICS?lstr18_Main_323.0V
;Main 3.0V.c,0 :: ?ICS?lstr17_Main_323.0V
0x053E	0x0031 ;?ICS?lstr17_Main_323.0V+0
; end of ?ICS?lstr17_Main_323.0V
;Main 3.0V.c,0 :: ?ICS?lstr20_Main_323.0V
0x0540	0x0030 ;?ICS?lstr20_Main_323.0V+0
; end of ?ICS?lstr20_Main_323.0V
;Main 3.0V.c,0 :: ?ICS?lstr22_Main_323.0V
0x0542	0x3020 ;?ICS?lstr22_Main_323.0V+0
0x0544	0x203B ;?ICS?lstr22_Main_323.0V+2
0x0546	0x00 ;?ICS?lstr22_Main_323.0V+4
; end of ?ICS?lstr22_Main_323.0V
;Main 3.0V.c,0 :: ?ICS?lstr21_Main_323.0V
0x0547	0x3120 ;?ICS?lstr21_Main_323.0V+0
0x0549	0x203B ;?ICS?lstr21_Main_323.0V+2
0x054B	0x00 ;?ICS?lstr21_Main_323.0V+4
; end of ?ICS?lstr21_Main_323.0V
;Main 3.0V.c,0 :: ?ICS?lstr34_Main_323.0V
0x054C	0x7453 ;?ICS?lstr34_Main_323.0V+0
0x054E	0x7261 ;?ICS?lstr34_Main_323.0V+2
0x0550	0x6974 ;?ICS?lstr34_Main_323.0V+4
0x0552	0x676E ;?ICS?lstr34_Main_323.0V+6
0x0554	0x2E2E ;?ICS?lstr34_Main_323.0V+8
0x0556	0x002E ;?ICS?lstr34_Main_323.0V+10
; end of ?ICS?lstr34_Main_323.0V
;Main 3.0V.c,0 :: ?ICS?lstr35_Main_323.0V
0x0558	0x7453 ;?ICS?lstr35_Main_323.0V+0
0x055A	0x7261 ;?ICS?lstr35_Main_323.0V+2
0x055C	0x6974 ;?ICS?lstr35_Main_323.0V+4
0x055E	0x676E ;?ICS?lstr35_Main_323.0V+6
0x0560	0x4220 ;?ICS?lstr35_Main_323.0V+8
0x0562	0x6F6C ;?ICS?lstr35_Main_323.0V+10
0x0564	0x6B63 ;?ICS?lstr35_Main_323.0V+12
0x0566	0x2020 ;?ICS?lstr35_Main_323.0V+14
0x0568	0x00 ;?ICS?lstr35_Main_323.0V+16
; end of ?ICS?lstr35_Main_323.0V
;Main 3.0V.c,0 :: ?ICS?lstr38_Main_323.0V
0x0569	0x2020 ;?ICS?lstr38_Main_323.0V+0
0x056B	0x6E45 ;?ICS?lstr38_Main_323.0V+2
0x056D	0x2064 ;?ICS?lstr38_Main_323.0V+4
0x056F	0x666F ;?ICS?lstr38_Main_323.0V+6
0x0571	0x4C20 ;?ICS?lstr38_Main_323.0V+8
0x0573	0x7665 ;?ICS?lstr38_Main_323.0V+10
0x0575	0x6C65 ;?ICS?lstr38_Main_323.0V+12
0x0577	0x3220 ;?ICS?lstr38_Main_323.0V+14
0x0579	0x202E ;?ICS?lstr38_Main_323.0V+16
0x057B	0x654C ;?ICS?lstr38_Main_323.0V+18
0x057D	0x6576 ;?ICS?lstr38_Main_323.0V+20
0x057F	0x206C ;?ICS?lstr38_Main_323.0V+22
0x0581	0x2033 ;?ICS?lstr38_Main_323.0V+24
0x0583	0x7453 ;?ICS?lstr38_Main_323.0V+26
0x0585	0x7261 ;?ICS?lstr38_Main_323.0V+28
0x0587	0x6974 ;?ICS?lstr38_Main_323.0V+30
0x0589	0x676E ;?ICS?lstr38_Main_323.0V+32
0x058B	0x2020 ;?ICS?lstr38_Main_323.0V+34
0x058D	0x00 ;?ICS?lstr38_Main_323.0V+36
; end of ?ICS?lstr38_Main_323.0V
;Main 3.0V.c,0 :: ?ICS?lstr37_Main_323.0V
0x058E	0x2020 ;?ICS?lstr37_Main_323.0V+0
0x0590	0x6E45 ;?ICS?lstr37_Main_323.0V+2
0x0592	0x2064 ;?ICS?lstr37_Main_323.0V+4
0x0594	0x666F ;?ICS?lstr37_Main_323.0V+6
0x0596	0x4C20 ;?ICS?lstr37_Main_323.0V+8
0x0598	0x7665 ;?ICS?lstr37_Main_323.0V+10
0x059A	0x6C65 ;?ICS?lstr37_Main_323.0V+12
0x059C	0x3120 ;?ICS?lstr37_Main_323.0V+14
0x059E	0x202E ;?ICS?lstr37_Main_323.0V+16
0x05A0	0x654C ;?ICS?lstr37_Main_323.0V+18
0x05A2	0x6576 ;?ICS?lstr37_Main_323.0V+20
0x05A4	0x206C ;?ICS?lstr37_Main_323.0V+22
0x05A6	0x2032 ;?ICS?lstr37_Main_323.0V+24
0x05A8	0x7453 ;?ICS?lstr37_Main_323.0V+26
0x05AA	0x7261 ;?ICS?lstr37_Main_323.0V+28
0x05AC	0x6974 ;?ICS?lstr37_Main_323.0V+30
0x05AE	0x676E ;?ICS?lstr37_Main_323.0V+32
0x05B0	0x2020 ;?ICS?lstr37_Main_323.0V+34
0x05B2	0x00 ;?ICS?lstr37_Main_323.0V+36
; end of ?ICS?lstr37_Main_323.0V
;Main 3.0V.c,0 :: ?ICS?lstr36_Main_323.0V
0x05B3	0x654C ;?ICS?lstr36_Main_323.0V+0
0x05B5	0x6576 ;?ICS?lstr36_Main_323.0V+2
0x05B7	0x206C ;?ICS?lstr36_Main_323.0V+4
0x05B9	0x2031 ;?ICS?lstr36_Main_323.0V+6
0x05BB	0x7453 ;?ICS?lstr36_Main_323.0V+8
0x05BD	0x7261 ;?ICS?lstr36_Main_323.0V+10
0x05BF	0x6974 ;?ICS?lstr36_Main_323.0V+12
0x05C1	0x676E ;?ICS?lstr36_Main_323.0V+14
0x05C3	0x2020 ;?ICS?lstr36_Main_323.0V+16
0x05C5	0x00 ;?ICS?lstr36_Main_323.0V+18
; end of ?ICS?lstr36_Main_323.0V
;Main 3.0V.c,0 :: ?ICS?lstr16_Main_323.0V
0x05C6	0x0030 ;?ICS?lstr16_Main_323.0V+0
; end of ?ICS?lstr16_Main_323.0V
;Main 3.0V.c,0 :: ?ICS_debugText
0x05C8	0x00C3 ;?ICS_debugText+0
; end of ?ICS_debugText
;Main 3.0V.c,0 :: ?ICS?lstr1_Main_323.0V
0x05CA	0x6F43 ;?ICS?lstr1_Main_323.0V+0
0x05CC	0x6E6E ;?ICS?lstr1_Main_323.0V+2
0x05CE	0x6365 ;?ICS?lstr1_Main_323.0V+4
0x05D0	0x6974 ;?ICS?lstr1_Main_323.0V+6
0x05D2	0x6E6F ;?ICS?lstr1_Main_323.0V+8
0x05D4	0x4520 ;?ICS?lstr1_Main_323.0V+10
0x05D6	0x7473 ;?ICS?lstr1_Main_323.0V+12
0x05D8	0x6261 ;?ICS?lstr1_Main_323.0V+14
0x05DA	0x696C ;?ICS?lstr1_Main_323.0V+16
0x05DC	0x6873 ;?ICS?lstr1_Main_323.0V+18
0x05DE	0x6465 ;?ICS?lstr1_Main_323.0V+20
0x05E0	0x0021 ;?ICS?lstr1_Main_323.0V+22
; end of ?ICS?lstr1_Main_323.0V
;Main 3.0V.c,0 :: ?ICS?lstr3_Main_323.0V
0x05E2	0x0031 ;?ICS?lstr3_Main_323.0V+0
; end of ?ICS?lstr3_Main_323.0V
;Main 3.0V.c,0 :: ?ICS?lstr5_Main_323.0V
0x05E4	0x0031 ;?ICS?lstr5_Main_323.0V+0
; end of ?ICS?lstr5_Main_323.0V
;Main 3.0V.c,0 :: ?ICS?lstr4_Main_323.0V
0x05E6	0x0030 ;?ICS?lstr4_Main_323.0V+0
; end of ?ICS?lstr4_Main_323.0V
;Main 3.0V.c,0 :: ?ICS?lstr2_Main_323.0V
0x05E8	0x6F6D ;?ICS?lstr2_Main_323.0V+0
0x05EA	0x6576 ;?ICS?lstr2_Main_323.0V+2
0x05EC	0x6620 ;?ICS?lstr2_Main_323.0V+4
0x05EE	0x726F ;?ICS?lstr2_Main_323.0V+6
0x05F0	0x6177 ;?ICS?lstr2_Main_323.0V+8
0x05F2	0x6472 ;?ICS?lstr2_Main_323.0V+10
0x05F4	0x00 ;?ICS?lstr2_Main_323.0V+12
; end of ?ICS?lstr2_Main_323.0V
;Main 3.0V.c,0 :: ?ICS?lstr6_Main_323.0V
0x05F5	0x0030 ;?ICS?lstr6_Main_323.0V+0
; end of ?ICS?lstr6_Main_323.0V
;Main 3.0V.c,0 :: ?ICS?lstr14_Main_323.0V
0x05F7	0x0030 ;?ICS?lstr14_Main_323.0V+0
; end of ?ICS?lstr14_Main_323.0V
;Main 3.0V.c,0 :: ?ICS?lstr10_Main_323.0V
0x05F9	0x0030 ;?ICS?lstr10_Main_323.0V+0
; end of ?ICS?lstr10_Main_323.0V
;Main 3.0V.c,0 :: ?ICS?lstr11_Main_323.0V
0x05FB	0x0031 ;?ICS?lstr11_Main_323.0V+0
; end of ?ICS?lstr11_Main_323.0V
;Main 3.0V.c,0 :: ?ICS?lstr12_Main_323.0V
0x05FD	0x0030 ;?ICS?lstr12_Main_323.0V+0
; end of ?ICS?lstr12_Main_323.0V
;Main 3.0V.c,0 :: ?ICS?lstr13_Main_323.0V
0x05FF	0x0031 ;?ICS?lstr13_Main_323.0V+0
; end of ?ICS?lstr13_Main_323.0V
;Main 3.0V.c,0 :: ?ICS?lstr7_Main_323.0V
0x0601	0x0031 ;?ICS?lstr7_Main_323.0V+0
; end of ?ICS?lstr7_Main_323.0V
;Main 3.0V.c,0 :: ?ICS?lstr15_Main_323.0V
0x0603	0x0031 ;?ICS?lstr15_Main_323.0V+0
; end of ?ICS?lstr15_Main_323.0V
;Main 3.0V.c,0 :: ?ICS?lstr9_Main_323.0V
0x0605	0x0031 ;?ICS?lstr9_Main_323.0V+0
; end of ?ICS?lstr9_Main_323.0V
;Main 3.0V.c,0 :: ?ICS?lstr8_Main_323.0V
0x0607	0x0030 ;?ICS?lstr8_Main_323.0V+0
; end of ?ICS?lstr8_Main_323.0V
Symbol List:
//** Routines locations **
//ADDRESS    SIZE    PROCEDURE
//----------------------------------------------
0x001C      [80]    _Mul_16x16_U
0x006C      [14]    _UART1_Write
0x007A      [52]    _UART1_Write_Text
0x00AE      [88]    _UART1_Init
0x0106      [10]    _PWM2_Start
0x0110     [108]    _PWM2_Set_Duty
0x017C      [10]    _PWM1_Start
0x0186     [108]    _PWM1_Set_Duty
0x01F2       [8]    _PWM1_Init
0x01FA       [8]    _PWM2_Init
0x0202     [122]    _configure
0x027C      [16]    ___CC2DW
0x028C     [502]    _sendSensorStatus
0x0482      [12]    _sendText
0x048E     [102]    _setPID
0x04F4      [70]    _main
//** Variables locations ** 
//ADDRESS    SIZE    VARIABLE
//----------------------------------------------
0x0000       [1]    FLASH_Erase_64_SaveINTCON_L0
0x0000       [1]    __Lib_SoftI2C_PutZerosToLATScl_temp_scl_L0
0x0000       [1]    __Lib_SoftI2C_PutZerosToLATSda_temp_sda_L0
0x0000       [1]    UART1_Init_tmp_L0
0x0000       [1]    EEPROM_Write_SaveINTCON_L0
0x0000       [1]    R0
0x0000       [1]    SPI1_Write_tmp_L0
0x0001       [1]    R1
0x0001       [1]    UART1_Read___tmp_UART1_Read_L0
0x0001       [2]    FLASH_Read_N_Bytes_i_L0
0x0001       [1]    I2C1_Rd_tmp_L0
0x0001       [1]    FLASH_Erase_Write_64_i_L0
0x0001       [1]    FLASH_Write_8_i_L0
0x0001       [1]    ispunct_rslt_L0
0x0001       [1]    __Lib_PS2_Wait_Falling_nsample_L0
0x0001       [1]    __Lib_TFT_JPEG_FileRead_i_L0
0x0001       [1]    __Lib_TFT_JPEG_FileReadBytes_Result_L0
0x0002       [1]    FLASH_Write_8_SaveINTCON_L0
0x0002       [2]    memset_pp_L0
0x0002       [2]    strlen_cp_L0
0x0002       [2]    memcpy_dd_L0
0x0002       [2]    memchr_s_L0
0x0002       [1]    R2
0x0002       [1]    FLASH_Erase_Write_64_j_L0
0x0003       [1]    R3
0x0003       [2]    Ltrim_original_L0
0x0003       [1]    FLASH_Erase_Write_64_SaveINTCON_L0
0x0003       [2]    memmove_tt_L0
0x0004       [1]    R4
0x0004       [2]    strcat_cp_L0
0x0004       [2]    strncpy_cp_L0
0x0004       [2]    strncat_cp_L0
0x0004       [2]    strcpy_cp_L0
0x0004       [2]    memcpy_ss_L0
0x0004       [2]    frexp_pom_L0
0x0005       [1]    __Lib_TFT__TFT_Write_Char_Return_Pos_xCnt_L0
0x0005       [2]    LongIntToHex_input_half_L0
0x0005       [1]    R5
0x0005       [2]    memmove_ff_L0
0x0005       [2]    Ltrim_p_L0
0x0005       [2]    LongWordToHex_input_half_L0
0x0006       [1]    R6
0x0006       [1]    __Lib_TFT__TFT_Write_Char_Return_Pos_yCnt_L0
0x0007       [1]    __Lib_TFT_JPEG_GenerateHuffmanTables_bLength_L0
0x0007       [1]    R7
0x0007       [2]    __Lib_TFT__TFT_Write_Char_Return_Pos_y_L0
0x0008       [1]    R8
0x0008       [1]    __Lib_TFT_JPEG_GenerateHuffmanTables_bTable_L0
0x0009       [1]    R9
0x0009       [1]    __Lib_TFT__TFT_Write_Char_Return_Pos_mask_L0
0x000A       [1]    R10
0x000B       [1]    R11
0x000C       [1]    R12
0x000D       [1]    R13
0x000E       [1]    R14
0x000F       [1]    R15
0x0010       [1]    R16
0x0011       [1]    R17
0x0012       [1]    R18
0x0013       [1]    R19
0x0014       [1]    R20
0x0015       [2]    ?lstr19_Main_323.0V
0x0017       [2]    ?lstr18_Main_323.0V
0x0019       [2]    ?lstr17_Main_323.0V
0x001B       [2]    ?lstr20_Main_323.0V
0x001D       [5]    ?lstr22_Main_323.0V
0x0022       [5]    ?lstr21_Main_323.0V
0x0027      [12]    ?lstr34_Main_323.0V
0x0033      [17]    ?lstr35_Main_323.0V
0x0044      [37]    ?lstr38_Main_323.0V
0x0069      [37]    ?lstr37_Main_323.0V
0x008E      [19]    ?lstr36_Main_323.0V
0x00A1       [2]    ?lstr16_Main_323.0V
0x00A3       [2]    _debugText
0x00A5      [24]    ?lstr1_Main_323.0V
0x00BD       [2]    ?lstr3_Main_323.0V
0x00BF       [2]    ?lstr5_Main_323.0V
0x00C1       [2]    ?lstr4_Main_323.0V
0x00C3      [13]    ?lstr2_Main_323.0V
0x00D0       [2]    ?lstr6_Main_323.0V
0x00D2       [2]    ?lstr14_Main_323.0V
0x00D4       [2]    ?lstr10_Main_323.0V
0x00D6       [2]    ?lstr11_Main_323.0V
0x00D8       [2]    ?lstr12_Main_323.0V
0x00DA       [2]    ?lstr13_Main_323.0V
0x00DC       [2]    ?lstr7_Main_323.0V
0x00DE       [2]    ?lstr15_Main_323.0V
0x00E0       [2]    ?lstr9_Main_323.0V
0x00E2       [2]    ?lstr8_Main_323.0V
0x00E4       [2]    _TEST_RPM
0x00E6       [2]    _MAX_RPM
0x00E8       [2]    _MID_RPM
0x00EA       [4]    _Kp
0x00EE       [4]    _totalError
0x00F2       [4]    _Kd
0x00F6       [4]    _Ki
0x00FA       [2]    _MIN_RPM
0x00FC       [2]    _previousDeviation
0x00FE       [2]    _FAST_PWM
0x0100       [1]    FARG_PWM2_Set_Duty_new_duty
0x0100       [1]    UART1_Write_Text_data__L0
0x0100       [1]    FARG_PWM1_Set_Duty_new_duty
0x0101       [2]    _MID_PWM
0x0103       [2]    _LEVEL
0x0105       [2]    _PID_RightRPM
0x0107       [2]    _PID_LeftRPM
0x0109       [2]    _LEVEL1_STATE
0x010B       [2]    _SLOW_PWM
0x010D       [2]    _LEVEL3_STATE
0x010F       [2]    _LEVEL2_STATE
0x0111       [4]    _UART_Rdy_Ptr
0x0115       [4]    _UART_Tx_Idle_Ptr
0x0119       [4]    _UART_Rd_Ptr
0x011D       [4]    _UART_Wr_Ptr
0x0121       [2]    FARG_sendText_aText
0x0123       [4]    FARG_PWM2_Init_PWM_Freq
0x0123       [2]    FARG_UART1_Write_Text_uart_text
0x0123       [4]    FARG_PWM1_Init_PWM_Freq
0x0125       [1]    UART1_Write_Text_counter_L0
0x0127       [1]    FARG_UART1_Write_data_
0x0F80       [0]    RA2_bit
0x0F80       [0]    RA3_bit
0x0F80       [0]    RA5_bit
0x0F80       [0]    RA6_bit
0x0F80       [1]    PORTA
0x0F80       [0]    RA1_bit
0x0F80       [0]    RA0_bit
0x0F80       [0]    RA4_bit
0x0F81       [1]    PORTB
0x0F81       [0]    RB2_bit
0x0F81       [0]    RB3_bit
0x0F81       [0]    RB0_bit
0x0F81       [0]    RB1_bit
0x0F81       [0]    RB6_bit
0x0F81       [0]    RB7_bit
0x0F81       [0]    RB4_bit
0x0F81       [0]    RB5_bit
0x0F82       [0]    RC2_bit
0x0F82       [0]    RC3_bit
0x0F82       [0]    RC1_bit
0x0F82       [0]    RC0_bit
0x0F82       [1]    PORTC
0x0F82       [0]    RC4_bit
0x0F82       [0]    RC7_bit
0x0F82       [0]    RC6_bit
0x0F82       [0]    RC5_bit
0x0F83       [0]    RD7_bit
0x0F83       [0]    RD2_bit
0x0F83       [0]    RD3_bit
0x0F83       [0]    RD6_bit
0x0F83       [0]    RD5_bit
0x0F83       [0]    RD4_bit
0x0F83       [0]    RD0_bit
0x0F83       [1]    PORTD
0x0F83       [0]    RD1_bit
0x0F84       [1]    PORTE
0x0F84       [0]    RE0_bit
0x0F84       [0]    RE1_bit
0x0F84       [0]    RE2_bit
0x0F89       [1]    LATA
0x0F89       [0]    LATA2_bit
0x0F89       [0]    LATA3_bit
0x0F89       [0]    LATA0_bit
0x0F89       [0]    LATA1_bit
0x0F89       [0]    LATA6_bit
0x0F89       [0]    LATA5_bit
0x0F89       [0]    LATA4_bit
0x0F8A       [1]    LATB
0x0F8A       [0]    LATB2_bit
0x0F8A       [0]    LATB3_bit
0x0F8A       [0]    LATB0_bit
0x0F8A       [0]    LATB1_bit
0x0F8A       [0]    LATB6_bit
0x0F8A       [0]    LATB7_bit
0x0F8A       [0]    LATB4_bit
0x0F8A       [0]    LATB5_bit
0x0F8B       [0]    LATC3_bit
0x0F8B       [0]    LATC4_bit
0x0F8B       [0]    LATC2_bit
0x0F8B       [0]    LATC0_bit
0x0F8B       [0]    LATC1_bit
0x0F8B       [0]    LATC7_bit
0x0F8B       [1]    LATC
0x0F8B       [0]    LATC5_bit
0x0F8B       [0]    LATC6_bit
0x0F8C       [0]    LATD2_bit
0x0F8C       [0]    LATD3_bit
0x0F8C       [0]    LATD0_bit
0x0F8C       [0]    LATD1_bit
0x0F8C       [0]    LATD4_bit
0x0F8C       [0]    LATD7_bit
0x0F8C       [1]    LATD
0x0F8C       [0]    LATD5_bit
0x0F8C       [0]    LATD6_bit
0x0F8D       [0]    LATE2_bit
0x0F8D       [0]    LATE1_bit
0x0F8D       [0]    LATE0_bit
0x0F8D       [1]    LATE
0x0F92       [0]    TRISA2_bit
0x0F92       [0]    TRISA3_bit
0x0F92       [0]    TRISA0_bit
0x0F92       [0]    TRISA1_bit
0x0F92       [0]    TRISA5_bit
0x0F92       [0]    TRISA6_bit
0x0F92       [1]    TRISA
0x0F92       [0]    TRISA4_bit
0x0F93       [0]    TRISB2_bit
0x0F93       [0]    TRISB3_bit
0x0F93       [0]    TRISB0_bit
0x0F93       [0]    TRISB1_bit
0x0F93       [0]    TRISB4_bit
0x0F93       [0]    TRISB7_bit
0x0F93       [1]    TRISB
0x0F93       [0]    TRISB5_bit
0x0F93       [0]    TRISB6_bit
0x0F94       [1]    TRISC
0x0F94       [0]    TRISC2_bit
0x0F94       [0]    TRISC3_bit
0x0F94       [0]    TRISC0_bit
0x0F94       [0]    TRISC1_bit
0x0F94       [0]    TRISC6_bit
0x0F94       [0]    TRISC7_bit
0x0F94       [0]    TRISC4_bit
0x0F94       [0]    TRISC5_bit
0x0F95       [0]    TRISD4_bit
0x0F95       [0]    TRISD3_bit
0x0F95       [0]    TRISD2_bit
0x0F95       [0]    TRISD7_bit
0x0F95       [0]    TRISD6_bit
0x0F95       [0]    TRISD5_bit
0x0F95       [0]    TRISD1_bit
0x0F95       [1]    TRISD
0x0F95       [0]    TRISD0_bit
0x0F96       [0]    PSPMODE_bit
0x0F96       [1]    TRISE
0x0F96       [0]    TRISE1_bit
0x0F96       [0]    TRISE0_bit
0x0F96       [0]    OBF_bit
0x0F96       [0]    IBF_bit
0x0F96       [0]    IBOV_bit
0x0F96       [0]    PSPMODE_TRISE_bit
0x0F96       [0]    IBOV_TRISE_bit
0x0F96       [0]    OBF_TRISE_bit
0x0F96       [0]    TRISE2_bit
0x0F96       [0]    IBF_TRISE_bit
0x0F9D       [0]    ADIE_bit
0x0F9D       [0]    TMR2IE_bit
0x0F9D       [0]    PSPIE_bit
0x0F9D       [0]    RCIE_bit
0x0F9D       [0]    SSPIE_bit
0x0F9D       [0]    TXIE_bit
0x0F9D       [1]    PIE1
0x0F9D       [0]    CCP1IE_bit
0x0F9D       [0]    TMR1IE_bit
0x0F9E       [0]    TMR2IF_bit
0x0F9E       [0]    CCP1IF_bit
0x0F9E       [1]    PIR1
0x0F9E       [0]    TMR1IF_bit
0x0F9E       [0]    SSPIF_bit
0x0F9E       [0]    ADIF_bit
0x0F9E       [0]    PSPIF_bit
0x0F9E       [0]    TXIF_bit
0x0F9E       [0]    RCIF_bit
0x0F9F       [0]    CCP1IP_bit
0x0F9F       [0]    SSPIP_bit
0x0F9F       [0]    TMR1IP_bit
0x0F9F       [0]    TMR2IP_bit
0x0F9F       [0]    ADIP_bit
0x0F9F       [0]    PSPIP_bit
0x0F9F       [0]    TXIP_bit
0x0F9F       [0]    RCIP_bit
0x0F9F       [1]    IPR1
0x0FA0       [0]    CCP2IE_bit
0x0FA0       [0]    EEIE_bit
0x0FA0       [0]    TMR3IE_bit
0x0FA0       [1]    PIE2
0x0FA0       [0]    BCLIE_bit
0x0FA0       [0]    LVDIE_bit
0x0FA1       [0]    TMR3IF_bit
0x0FA1       [0]    CCP2IF_bit
0x0FA1       [0]    LVDIF_bit
0x0FA1       [0]    EEIF_bit
0x0FA1       [1]    PIR2
0x0FA1       [0]    BCLIF_bit
0x0FA2       [0]    EEIP_bit
0x0FA2       [0]    CCP2IP_bit
0x0FA2       [0]    TMR3IP_bit
0x0FA2       [1]    IPR2
0x0FA2       [0]    BCLIP_bit
0x0FA2       [0]    LVDIP_bit
0x0FA6       [0]    CFGS_bit
0x0FA6       [0]    WR_bit
0x0FA6       [0]    RD_bit
0x0FA6       [0]    EEPGD_bit
0x0FA6       [0]    WREN_bit
0x0FA6       [0]    WRERR_bit
0x0FA6       [1]    EECON1
0x0FA6       [0]    FREE_bit
0x0FA7       [1]    EECON2
0x0FA8       [1]    EEDATA
0x0FA9       [1]    EEADR
0x0FAB       [0]    RCD8_bit
0x0FAB       [0]    RC9_bit
0x0FAB       [0]    NOT_RC8_bit
0x0FAB       [0]    RC8_9_bit
0x0FAB       [1]    RCSTA
0x0FAB       [0]    SPEN_bit
0x0FAB       [0]    RX9_bit
0x0FAB       [0]    FERR_bit
0x0FAB       [0]    OERR_bit
0x0FAB       [0]    RX9D_bit
0x0FAB       [0]    SREN_bit
0x0FAB       [0]    CREN_bit
0x0FAB       [0]    ADDEN_bit
0x0FAC       [0]    NOT_TX8_bit
0x0FAC       [0]    TX8_9_bit
0x0FAC       [0]    TX9_bit
0x0FAC       [1]    TXSTA
0x0FAC       [0]    CSRC_bit
0x0FAC       [0]    TRMT_bit
0x0FAC       [0]    TXD8_bit
0x0FAC       [0]    TX9D_bit
0x0FAC       [0]    SYNC_bit
0x0FAC       [0]    TXEN_bit
0x0FAC       [0]    BRGH_bit
0x0FAD       [1]    TXREG
0x0FAE       [1]    RCREG
0x0FAF       [1]    SPBRG
0x0FB1       [0]    T3CCP2_bit
0x0FB1       [0]    RD16_T3CON_bit
0x0FB1       [1]    T3CON
0x0FB1       [0]    TMR3ON_bit
0x0FB1       [0]    T3INSYNC_bit
0x0FB1       [0]    TMR3CS_bit
0x0FB1       [0]    T3SYNC_bit
0x0FB1       [0]    T3CKPS0_bit
0x0FB1       [0]    T3CKPS1_bit
0x0FB1       [0]    NOT_T3SYNC_bit
0x0FB1       [0]    T3CCP1_bit
0x0FB2       [1]    TMR3L
0x0FB3       [1]    TMR3H
0x0FBA       [1]    CCP2CON
0x0FBA       [0]    DC2B0_bit
0x0FBA       [0]    CCP2M2_bit
0x0FBA       [0]    CCP2Y_bit
0x0FBA       [0]    CCP2M3_bit
0x0FBA       [0]    CCP2M0_bit
0x0FBA       [0]    DC2B1_bit
0x0FBA       [0]    CCP2M1_bit
0x0FBA       [0]    CCP2X_bit
0x0FBB       [1]    CCPR2L
0x0FBB       [2]    CCPR2
0x0FBC       [1]    CCPR2H
0x0FBD       [1]    CCP1CON
0x0FBD       [0]    CCP1Y_bit
0x0FBD       [0]    DC1B0_bit
0x0FBD       [0]    CCP1M3_bit
0x0FBD       [0]    CCP1M1_bit
0x0FBD       [0]    CCP1M2_bit
0x0FBD       [0]    CCP1X_bit
0x0FBD       [0]    DC1B1_bit
0x0FBD       [0]    CCP1M0_bit
0x0FBE       [1]    CCPR1L
0x0FBE       [2]    CCPR1
0x0FBF       [1]    CCPR1H
0x0FC1       [0]    PCFG2_bit
0x0FC1       [0]    PCFG1_bit
0x0FC1       [0]    PCFG0_bit
0x0FC1       [0]    PCFG3_bit
0x0FC1       [1]    ADCON1
0x0FC1       [0]    ADFM_bit
0x0FC1       [0]    ADCS2_bit
0x0FC2       [0]    CHS0_bit
0x0FC2       [0]    GO_bit
0x0FC2       [0]    NOT_DONE_bit
0x0FC2       [0]    CHS1_bit
0x0FC2       [0]    ADCS1_bit
0x0FC2       [0]    ADCS0_bit
0x0FC2       [0]    CHS2_bit
0x0FC2       [0]    DONE_bit
0x0FC2       [1]    ADCON0
0x0FC2       [0]    ADON_bit
0x0FC2       [0]    GO_DONE_bit
0x0FC3       [1]    ADRESL
0x0FC3       [2]    ADRES
0x0FC4       [1]    ADRESH
0x0FC5       [0]    ACKSTAT_bit
0x0FC5       [0]    RCEN_bit
0x0FC5       [0]    ACKEN_bit
0x0FC5       [0]    GCEN_bit
0x0FC5       [0]    ACKDT_bit
0x0FC5       [0]    SEN_bit
0x0FC5       [1]    SSPCON2
0x0FC5       [0]    PEN_bit
0x0FC5       [0]    RSEN_bit
0x0FC6       [0]    WCOL_bit
0x0FC6       [0]    CKP_bit
0x0FC6       [0]    SSPEN_bit
0x0FC6       [0]    SSPOV_bit
0x0FC6       [0]    SSPM3_bit
0x0FC6       [0]    SSPM0_bit
0x0FC6       [1]    SSPCON1
0x0FC6       [0]    SSPM2_bit
0x0FC6       [0]    SSPM1_bit
0x0FC7       [0]    NOT_ADDRESS_bit
0x0FC7       [0]    NOT_A_bit
0x0FC7       [0]    D_A_bit
0x0FC7       [0]    P_bit
0x0FC7       [0]    DATA_ADDRESS_bit
0x0FC7       [0]    SMP_bit
0x0FC7       [1]    SSPSTAT
0x0FC7       [0]    CKE_bit
0x0FC7       [0]    I2C_DAT_bit
0x0FC7       [0]    D_bit
0x0FC7       [0]    I2C_STOP__bit
0x0FC7       [0]    R_W_bit
0x0FC7       [0]    NOT_WRITE_bit
0x0FC7       [0]    READ_WRITE_bit
0x0FC7       [0]    BF_bit
0x0FC7       [0]    UA_bit
0x0FC7       [0]    I2C_START__bit
0x0FC7       [0]    S_bit
0x0FC7       [0]    R_bit
0x0FC7       [0]    NOT_W_bit
0x0FC7       [0]    I2C_READ_bit
0x0FC8       [1]    SSPADD
0x0FC9       [1]    SSPBUF
0x0FCA       [1]    T2CON
0x0FCA       [0]    TOUTPS1_bit
0x0FCA       [0]    TOUTPS2_bit
0x0FCA       [0]    TOUTPS3_bit
0x0FCA       [0]    TOUTPS0_bit
0x0FCA       [0]    T2CKPS0_bit
0x0FCA       [0]    T2CKPS1_bit
0x0FCA       [0]    TMR2ON_bit
0x0FCB       [1]    PR2
0x0FCC       [1]    TMR2
0x0FCD       [0]    T1CKPS1_bit
0x0FCD       [0]    T1CKPS0_bit
0x0FCD       [1]    T1CON
0x0FCD       [0]    RD16_bit
0x0FCD       [0]    TMR1ON_bit
0x0FCD       [0]    TMR1CS_bit
0x0FCD       [0]    T1INSYNC_bit
0x0FCD       [0]    T1OSCEN_bit
0x0FCD       [0]    NOT_T1SYNC_bit
0x0FCD       [0]    T1SYNC_bit
0x0FCE       [1]    TMR1L
0x0FCF       [1]    TMR1H
0x0FD0       [1]    RCON
0x0FD0       [0]    IPEN_bit
0x0FD0       [0]    NOT_RI_bit
0x0FD0       [0]    RI_bit
0x0FD0       [0]    NOT_POR_bit
0x0FD0       [0]    PD_bit
0x0FD0       [0]    NOT_PD_bit
0x0FD0       [0]    BOR_bit
0x0FD0       [0]    NOT_BOR_bit
0x0FD0       [0]    POR_bit
0x0FD0       [0]    TO__bit
0x0FD0       [0]    NOT_TO_bit
0x0FD1       [0]    SWDTE_bit
0x0FD1       [0]    SWDTEN_bit
0x0FD1       [1]    WDTCON
0x0FD2       [0]    LVDL1_bit
0x0FD2       [0]    LVDEN_bit
0x0FD2       [0]    IRVST_bit
0x0FD2       [0]    LVDL2_bit
0x0FD2       [0]    LVDL3_bit
0x0FD2       [1]    LVDCON
0x0FD2       [0]    LVDL0_bit
0x0FD3       [0]    SCS_bit
0x0FD3       [1]    OSCCON
0x0FD5       [0]    T0CS_bit
0x0FD5       [0]    T08BIT_bit
0x0FD5       [0]    T0SE_bit
0x0FD5       [0]    T0PS2_bit
0x0FD5       [0]    PSA_bit
0x0FD5       [0]    T0PS0_bit
0x0FD5       [1]    T0CON
0x0FD5       [0]    TMR0ON_bit
0x0FD5       [0]    T0PS1_bit
0x0FD6       [1]    TMR0L
0x0FD7       [1]    TMR0H
0x0FD8       [0]    N_bit
0x0FD8       [1]    STATUS
0x0FD8       [0]    OV_bit
0x0FD8       [0]    DC_bit
0x0FD8       [0]    C_bit
0x0FD8       [0]    Z_bit
0x0FD9       [2]    FSR2
0x0FD9       [2]    FSR2PTR
0x0FD9       [1]    FSR2L
0x0FDA       [1]    FSR2H
0x0FDB       [1]    PLUSW2
0x0FDC       [1]    PREINC2
0x0FDD       [1]    POSTDEC2
0x0FDE       [1]    POSTINC2
0x0FDF       [1]    INDF2
0x0FE0       [1]    BSR
0x0FE1       [2]    FSR1
0x0FE1       [2]    FSR1PTR
0x0FE1       [1]    FSR1L
0x0FE2       [1]    FSR1H
0x0FE3       [1]    PLUSW1
0x0FE4       [1]    PREINC1
0x0FE5       [1]    POSTDEC1
0x0FE6       [1]    POSTINC1
0x0FE7       [1]    INDF1
0x0FE8       [1]    WREG
0x0FE9       [1]    FSR0L
0x0FE9       [2]    FSR0PTR
0x0FE9       [2]    FSR0
0x0FEA       [1]    FSR0H
0x0FEB       [1]    PLUSW0
0x0FEC       [1]    PREINC0
0x0FED       [1]    POSTDEC0
0x0FEE       [1]    POSTINC0
0x0FEF       [1]    INDF0
0x0FF0       [0]    INT2IE_bit
0x0FF0       [0]    INT1IP_bit
0x0FF0       [0]    INT2IP_bit
0x0FF0       [0]    INT1IE_bit
0x0FF0       [1]    INTCON3
0x0FF0       [0]    INT1IF_bit
0x0FF0       [0]    INT2IF_bit
0x0FF1       [0]    RBPU_bit
0x0FF1       [0]    INTEDG0_bit
0x0FF1       [1]    INTCON2
0x0FF1       [0]    NOT_RBPU_bit
0x0FF1       [0]    INTEDG1_bit
0x0FF1       [0]    RBIP_bit
0x0FF1       [0]    T0IP_bit
0x0FF1       [0]    TMR0IP_bit
0x0FF1       [0]    INTEDG2_bit
0x0FF2       [0]    INT0IF_bit
0x0FF2       [0]    PEIE_bit
0x0FF2       [0]    RBIE_bit
0x0FF2       [0]    TMR0IE_bit
0x0FF2       [0]    T0IF_bit
0x0FF2       [0]    INT0F_bit
0x0FF2       [0]    GIEL_bit
0x0FF2       [0]    TMR0IF_bit
0x0FF2       [0]    GIEH_bit
0x0FF2       [0]    INT0E_bit
0x0FF2       [0]    GIE_bit
0x0FF2       [0]    INT0IE_bit
0x0FF2       [1]    INTCON1
0x0FF2       [1]    INTCON
0x0FF2       [0]    RBIF_bit
0x0FF2       [0]    T0IE_bit
0x0FF3       [1]    PRODL
0x0FF3       [2]    PROD
0x0FF4       [1]    PRODH
0x0FF5       [1]    TABLAT
0x0FF6       [1]    TBLPTRL
0x0FF6       [3]    TBLPTR
0x0FF7       [1]    TBLPTRH
0x0FF8       [1]    TBLPTRU
0x0FF8       [0]    TBLPTRU1_bit
0x0FF8       [0]    TBLPTRU3_bit
0x0FF8       [0]    TBLPTRU4_bit
0x0FF8       [0]    TBLPTRU2_bit
0x0FF8       [0]    ACSS_bit
0x0FF8       [0]    TBLPTRU0_bit
0x0FF9       [1]    PCL
0x0FFA       [1]    PCLATH
0x0FFB       [0]    PCU2_bit
0x0FFB       [0]    PCU3_bit
0x0FFB       [0]    PCU4_bit
0x0FFB       [0]    PCU0_bit
0x0FFB       [0]    PCU1_bit
0x0FFB       [1]    PCLATU
0x0FFC       [1]    STKPTR
0x0FFC       [0]    STKUNF_bit
0x0FFC       [0]    STKFUL_bit
0x0FFD       [1]    TOSL
0x0FFE       [1]    TOSH
0x0FFF       [1]    TOSU
//** Constants locations ** 
//ADDRESS    SIZE    CONSTANT
//----------------------------------------------
0x053A       [2]    ?ICS?lstr19_Main_323.0V
0x053C       [2]    ?ICS?lstr18_Main_323.0V
0x053E       [2]    ?ICS?lstr17_Main_323.0V
0x0540       [2]    ?ICS?lstr20_Main_323.0V
0x0542       [5]    ?ICS?lstr22_Main_323.0V
0x0547       [5]    ?ICS?lstr21_Main_323.0V
0x054C      [12]    ?ICS?lstr34_Main_323.0V
0x0558      [17]    ?ICS?lstr35_Main_323.0V
0x0569      [37]    ?ICS?lstr38_Main_323.0V
0x058E      [37]    ?ICS?lstr37_Main_323.0V
0x05B3      [19]    ?ICS?lstr36_Main_323.0V
0x05C6       [2]    ?ICS?lstr16_Main_323.0V
0x05C8       [2]    ?ICS_debugText
0x05CA      [24]    ?ICS?lstr1_Main_323.0V
0x05E2       [2]    ?ICS?lstr3_Main_323.0V
0x05E4       [2]    ?ICS?lstr5_Main_323.0V
0x05E6       [2]    ?ICS?lstr4_Main_323.0V
0x05E8      [13]    ?ICS?lstr2_Main_323.0V
0x05F5       [2]    ?ICS?lstr6_Main_323.0V
0x05F7       [2]    ?ICS?lstr14_Main_323.0V
0x05F9       [2]    ?ICS?lstr10_Main_323.0V
0x05FB       [2]    ?ICS?lstr11_Main_323.0V
0x05FD       [2]    ?ICS?lstr12_Main_323.0V
0x05FF       [2]    ?ICS?lstr13_Main_323.0V
0x0601       [2]    ?ICS?lstr7_Main_323.0V
0x0603       [2]    ?ICS?lstr15_Main_323.0V
0x0605       [2]    ?ICS?lstr9_Main_323.0V
0x0607       [2]    ?ICS?lstr8_Main_323.0V
//** Label List: ** 
//----------------------------------------------
  L_isAllBlack0
  L_isAllBlack1
  L_isAllBlack2
  L_isAllBlack3
  L_isAllWhite4
  L_isAllWhite5
  L_isAllWhite6
  L_isAllWhite7
  L_rotateByDegree8
  L_rotateByDegree9
  L_rotateByDegree10
  L_rotateByDegree11
  L_rotateByDegree12
  L_testMotion13
  L_testMotion14
  L_testMotion15
  L_sendSensorStatus16
  L_sendSensorStatus17
  L_sendSensorStatus18
  L_sendSensorStatus19
  L_sendSensorStatus20
  L_sendSensorStatus21
  L_sendSensorStatus22
  L_sendSensorStatus23
  L_sendSensorStatus24
  L_sendSensorStatus25
  L_sendSensorStatus26
  L_sendSensorStatus27
  L_sendSensorStatus28
  L_sendSensorStatus29
  L_sendSensorStatus30
  L_sendSensorStatus31
  L_sendSensorStatus32
  L_sendSensorStatus33
  L_sendSensorStatus34
  L_sendSensorStatus35
  L_sendSensorStatus36
  L_sendSensorStatus37
  L_sendSensorStatus38
  L_sendSensorStatus39
  L_sendSensorStatus40
  L_sendSensorStatus41
  L_sendSensorStatus42
  L_sendSensorStatus43
  L_sendSensorStatus44
  L_sendSensorStatus45
  L_testPIC46
  L_testPIC47
  L_testPIC48
  L_testPIC49
  L_testPIC50
  L_testPIC51
  L_testPIC52
  L_lineFollow53
  L_lineFollow54
  L_lineFollow55
  L_lineFollow56
  L_lineFollow57
  L_lineFollow58
  L_lineFollow59
  L_lineFollow60
  L_lineFollow61
  L_lineFollow62
  L_lineFollow63
  L_lineFollow64
  L_lineFollow65
  L_lineFollow66
  L_lineFollow67
  L_lineFollow68
  L_lineFollow69
  L_lineFollow70
  L_lineFollow71
  L_lineFollow72
  L_lineFollow73
  L_lineFollow74
  L_lineFollow75
  L_lineFollowNormal76
  L_lineFollowNormal77
  L_lineFollowNormal78
  L_lineFollowNormal79
  L_lineFollowNormal80
  L_lineFollowNormal81
  L_lineFollowNormal82
  L_lineFollowNormal83
  L_lineFollowNormal84
  L_lineFollowNormal85
  L_lineFollowNormal86
  L_lineFollowNormal87
  L_lineFollowNormal88
  L_lineFollowNormal89
  L_lineFollowNormal90
  L_lineFollowNormal91
  L_lineFollowNormal92
  L_lineFollowNormal93
  L_lineFollowNormal94
  L_lineFollowNormal95
  L_lineFollowNormal96
  L_lineFollowNormal97
  L_lineFollowNormal98
  L_lineFollowNormal99
  L_lineFollowNormal100
  L_lineFollowNormal101
  L_lineFollowNormal102
  L_lineFollowNormal103
  L_lineFollowNormal104
  L_lineFollowNormal105
  L_lineFollowNormal106
  L_lineFollowNormal107
  L_lineFollowNormal108
  L_lineFollowNormal109
  L_lineFollowNormal110
  L_lineFollowNormal111
  L_lineFollowNormal112
  L_lineFollowNormal113
  L_lineFollowNormal114
  L_lineFollowNormal115
  L_lineFollowNormal116
  L_lineFollowNormal117
  L_lineFollowNormal118
  L_lineFollowNormal119
  L_lineFollowNormal120
  L_lineFollowNormal121
  L_lineFollowNormal122
  L_lineFollowNormal123
  L_lineFollowNormal124
  L_lineFollowNormal125
  L_lineFollowNormal126
  L_lineFollowNormal127
  L_lineFollowNormal128
  L_lineFollowNormal129
  L_lineFollowNormal130
  L_lineFollowNormal131
  L_lineFollowNormal132
  L_lineFollowPID133
  L_lineFollowPID134
  L_lineFollowPID135
  L_lineFollowPID136
  L_lineFollowPID137
  L_lineFollowPID138
  L_lineFollowPID139
  L_lineFollowPID140
  L_lineFollowPID141
  L_lineFollowPID142
  L_lineFollowPID143
  L_lineFollowPID144
  L_lineFollowPID145
  L_lineFollowPID146
  L_lineFollowPID147
  L_lineFollowPID148
  L_lineFollowPID149
  L_lineFollowPID150
  L_lineFollowPID151
  L_lineFollowPID152
  L_lineFollowPID153
  L_lineFollowPID154
  L_lineFollowPID155
  L_lineFollowPID156
  L_lineFollowPID157
  L_lineFollowPID158
  L_lineFollowPID159
  L_lineFollowPID160
  L_lineFollowPID161
  L_lineFollowPID162
  L_lineFollowPID163
  L_lineFollowPID164
  L_lineFollowPID165
  L_lineFollowPID166
  L_lineFollowPID167
  L_lineFollowPID168
  L_lineFollowPID169
  L_lineFollowPID170
  L_lineFollowPID171
  L_lineFollowPID172
  L_lineFollowPID173
  L_lineFollowPID174
  L_lineFollowPID175
  L_lineFollowPID176
  L_lineFollowPID177
  L_lineFollowPID178
  L_lineFollowPID179
  L_lineFollowPID180
  L_lineFollowPID181
  L_lineFollowPID182
  L_lineFollowPID183
  L_lineFollowPID184
  L_lineFollowPID185
  L_lineFollowPID186
  L_lineFollowPID187
  L_getDistanceIR_GP2D120188
  L_getDistanceIR_GP2D120189
  L_getDistanceIR_GP2D120190
  L_getDistanceIR_GP2D120191
  L_getDistanceIR_GP2D120192
  L_getDistanceIR_GP2D120193
  L_getDistanceIR_GP2D120194
  L_getDistanceIR_GP2D120195
  L_getDistanceIR_GP2D120196
  L_getDistanceIR_GP2D120197
  L_getDistanceIR_GP2D120198
  L_getDistanceIR_GP2D120199
  L_getDistanceIR_GP2D120200
  L_getDistanceIR_GP2D120201
  L_getDistanceIR_GP2D120202
  L_getDistanceIR_GP2D120203
  L_getDistanceIR_GP2D120204
  L_getDistanceIR_GP2D120205
  L_getDistanceIR_GP2D120206
  L_getDistanceIR_GP2D120207
  L_getDistanceIR_GP2D120208
  L_getDistanceIR_GP2D120209
  L_getDistanceIR_GP2D120210
  L_getDistanceIR_GP2D120211
  L_getDistanceIR_GP2D120212
  L_getDistanceIR_GP2D120213
  L_getDistanceIR_GP2D120214
  L_getDistanceIR_GP2D120215
  L_getDistanceIR_GP2D120216
  L_getDistanceIR_GP2D120217
  L_getDistanceIR_GP2D120218
  L_getDistanceIR_GP2D120219
  L_getDistanceIR_GP2D120220
  L_getDistanceIR_GP2D120221
  L_getDistanceIR_GP2D120222
  L_getDistanceIR_GP2D120223
  L_getDistanceIR_GP2D120224
  L_getDistanceIR_GP2D120225
  L_getDistanceIR_GP2D120226
  L_getDistanceIR_GP2D120227
  L_getDistanceIR_GP2D120228
  L_getDistanceIR_GP2D120229
  L_getDistanceIR_GP2D120230
  L_getDistanceIR_GP2D120231
  L_getDistanceIR_GP2D120232
  L_getDistanceIR_GP2D120233
  L_getDistanceIR_GP2D120234
  L_getDistanceIR_GP2D120235
  L_getDistanceIR_GP2D120236
  L_getDistanceIR_GP2D120237
  L_getDistanceIR_GP2D120238
  L_getDistanceIR_GP2D120239
  L_getDistanceIR_GP2D120240
  L_getDistanceIR_GP2D120241
  L_getDistanceIR_GP2D120242
  L_getDistanceIR_GP2D120243
  L_getDistanceIR_GP2D120244
  L_getDistanceIR_GP2D120245
  L_getDistanceIR_GP2D120246
  L_getDistanceIR_GP2D120247
  L_getDistanceIR_GP2D120248
  L_getDistanceIR_GP2D120249
  L_getDistanceIR_GP2D120250
  L_getDistanceIR_GP2D120251
  L_getDistanceIR_GP2D120252
  L_getDistanceIR_GP2D120253
  L_getDistanceIR_GP2D120254
  L_getDistanceIR_GP2D120255
  L_getSonarDistance256
  L_getSonarDistance257
  L_getSonarDistance258
  L_getSonarDistance259
  L_getSonarDistance260
  L_getSonarDistance261
  L_getDistanceSonar2262
  L_getDistanceSonar2263
  L_getDistanceSonar2264
  L_getDistanceSonar2265
  L_getDistanceSonar2266
  L_getDistanceSonar2267
  L_getDistanceSonar2268
  L_getDistanceSonar2269
  L_getDistanceSonar2270
  L_main271
  L_main272
  L_main273
  L_main274
  L_main275
  L_main276
  L_main277
  L_main278
  L_main279
  L_main280
  L_main281
  L_main282
  L_main283
  L_main284
  L_main285
  L_main286
  L_main287
  L_main288
  L_main289
  L_main290
  L_main291
  L_main292
  L_main293
  L_main294
  L_main295
  L_main296
  L_main297
  L_isRightSafe298
  L_isRightSafe299
  L_isRightSafe300
  L_isMiddleSafe301
  L_isMiddleSafe302
  L_isMiddleSafe303
  L_isLeftSafe304
  L_isLeftSafe305
  L_isLeftSafe306
  L_lineFollowNormal2307
  L_lineFollowNormal2308
  L_lineFollowNormal2309
  L_lineFollowNormal2310
  L_lineFollowNormal2311
  L_lineFollowNormal2312
  L_lineFollowNormal2313
  L_lineFollowNormal2314
  L_lineFollowNormal2315
  L_lineFollowNormal2316
  L_lineFollowNormal2317
  L_lineFollowNormal2318
  L_lineFollowNormal2319
  L_lineFollowNormal2320
  L_lineFollowNormal2321
  L_lineFollowNormal2322
  L_lineFollowNormal2323
  L_lineFollowNormal2324
  L_lineFollowNormal2325
  L_lineFollowNormal2326
  L_lineFollowNormal2327
  L_lineFollowNormal2328
  L_lineFollowNormal2329
  L_lineFollowNormal2330
  L_lineFollowNormal2331
  L_lineFollowNormal2332
  L_lineFollowNormal2333
  L_lineFollowNormal2334
  L_lineFollowNormal2335
  L_lineFollowNormal2336
  L_lineFollowNormal2337
  L_lineFollowNormal2338
  L_lineFollowNormal2339
  L_lineFollowNormal2340
  L_lineFollowNormal2341
  L_lineFollowNormal2342
  L_lineFollowNormal2343
  L_lineFollowNormal2344
  L_lineFollowNormal2345
  L_lineFollowNormal2346
  L_lineFollowNormal2347
  L_lineFollowNormal2348
  L_lineFollowNormal2349
  L_lineFollowNormal2350
  L_lineFollowNormal2351
  L_lineFollowNormal2352
  L_lineFollowNormal2353
  L_lineFollowNormal2354
  L_lineFollowNormal2355
  L_lineFollowNormal2356
  L_lineFollowNormal2357
  L_lineFollowNormal2358
  L_lineFollowNormal2359
  L_lineFollowNormal2360
  L_lineFollowNormal2361
  L_lineFollowNormal2362
  L_lineFollowNormal2363
  L_lineFollowNormal2364
  L_lineFollowNormal2365
  L_lineFollowNormal2366
  L_lineFollowNormal2367
  L_lineFollowNormal2368
  L_lineFollowNormal2369
  L_lineFollowNormal2370
  L_lineFollowNormal2371
  L_lineFollowNormal2372
  L_lineFollowNormal2373
  L_lineFollowNormal2374
  L_lineFollowNormal2375
  L_lineFollowNormal2376
  L_lineFollowNormal2377
  L_lineFollowNormal2378
  L_lineFollowNormal2379
  L_lineFollowNormal2380
  L_lineFollowNormal2381
  L_lineFollowNormal2382
  L_lineFollowNormal2383
  L_lineFollowNormal2384
  L_lineFollowNormal2385
  L_lineFollowNormal2386
  L_lineFollowNormal2387
  L_lineFollowNormal2388
  L_lineFollowNormal2389
  L_lineFollowNormal2390
  L_lineFollowNormal2391
  L_lineFollowNormal2392
  L_lineFollowNormal2393
  L_lineFollowNormal2394
  L_lineFollowNormal2395
  L_lineFollowNormal2396
  L_lineFollowNormal2397
  L_lineFollowNormal2398
  L_lineFollowNormal2399
  L_lineFollowNormal2400
  L_lineFollowNormal2401
  L_lineFollowNormal2402
  L_lineFollowNormal2403
  L_lineFollowNormal2404
  L_lineFollowNormal2405
  L_lineFollowNormal2406
  L_lineFollowNormal2407
  L_lineFollowNormal2408
  L_lineFollowNormal2409
  L_lineFollowNormal2410
  L_lineFollowNormal2411
  L_lineFollowNormal2412
  L_lineFollowNormal2413
  L_lineFollowNormal2414
  L_lineFollowNormal2415
  L_lineFollowNormal2416
  L_lineFollowNormal2417
  L_lineFollowNormal2418
  L_lineFollowNormal2419
  L_lineFollowNormal2420
  L_lineFollowNormal2421
  L_lineFollowNormal2422
  L_lineFollowNormal2423
  L_lineFollowNormal2424
  L_lineFollowNormal3425
  L_lineFollowNormal3426
  L_lineFollowNormal3427
  L_lineFollowNormal3428
  L_lineFollowNormal3429
  L_lineFollowNormal3430
  L_lineFollowNormal3431
  L_lineFollowNormal3432
  L_lineFollowNormal3433
  L_lineFollowNormal3434
  L_lineFollowNormal3435
  L_lineFollowNormal3436
  L_lineFollowNormal3437
  L_lineFollowNormal3438
  L_lineFollowNormal3439
  L_lineFollowNormal3440
  L_lineFollowNormal3441
  L_lineFollowNormal3442
  L_lineFollowNormal3443
  L_lineFollowNormal3444
  L_lineFollowNormal3445
  L_lineFollowNormal3446
  L_lineFollowNormal3447
  L_lineFollowNormal3448
  L_lineFollowNormal3449
  L_lineFollowNormal3450
  L_lineFollowNormal3451
  L_lineFollowNormal3452
  L_lineFollowNormal3453
  L_lineFollowNormal3454
  L_lineFollowNormal3455
  L_lineFollowNormal3456
  L_lineFollowNormal3457
  L_lineFollowNormal3458
  L_lineFollowNormal3459
  L_lineFollowNormal3460
  L_lineFollowNormal3461
  L_lineFollowNormal3462
  L_lineFollowNormal3463
  L_lineFollowNormal3464
  L_lineFollowNormal3465
  L_lineFollowNormal3466
  L_lineFollowNormal3467
  L_lineFollowNormal3468
  L_lineFollowNormal3469
  L_lineFollowNormal3470
  L_lineFollowNormal3471
  L_lineFollowNormal3472
  L_lineFollowNormal3473
  L_lineFollowNormal3474
  L_lineFollowNormal3475
  L_lineFollowNormal3476
  L_lineFollowNormal3477
  L_lineFollowNormal3478
  L_lineFollowNormal3479
  L_lineFollowNormal3480
  L_lineFollowNormal3481
  L_lineFollowNormal3482
  L_lineFollowNormal3483
  L_lineFollowNormal3484
  L_lineFollowNormal3485
  L_lineFollowNormal3486
  L_lineFollowNormal3487
  L_lineFollowNormal3488
  L_lineFollowNormal3489
  L_lineFollowNormal3490
  L_lineFollowNormal3491
  L_lineFollowNormal3492
  L_lineFollowNormal3493
  L_lineFollowNormal3494
  L_lineFollowNormal3495
  L_lineFollowNormal3496
  L_lineFollowNormal3497
  L_lineFollowNormal3498
  L_lineFollowNormal3499
  L_lineFollowNormal3500
  L_lineFollowNormal3501
  L_lineFollowNormal3502
  L_lineFollowNormal3503
  L_lineFollowNormal3504
  L_lineFollowNormal3505
  L_lineFollowNormal3506
  L_lineFollowNormal3507
  L_lineFollowNormal3508
  L_lineFollowNormal3509
  L_lineFollowNormal3510
  L_lineFollowNormal3511
  L_lineFollowNormal3512
  L_lineFollowNormal3513
  L_lineFollowNormal3514
  L_lineFollowNormal3515
  L_lineFollowNormal3516
  L_lineFollowNormal3517
  L_lineFollowNormal3518
  L_lineFollowNormal3519
  L_lineFollowNormal3520
  L_lineFollowNormal3521
  L_lineFollowNormal3522
  L_lineFollowNormal3523
  L_lineFollowNormal3524
  L_lineFollowNormal3525
  L_lineFollowNormal3526
  L_lineFollowNormal3527
  L_lineFollowNormal3528
  L_lineFollowNormal3529
  L_lineFollowNormal3530
  L_lineFollowNormal3531
  L_lineFollowNormal3532
  L_lineFollowNormal3533
  L_lineFollowNormal3534
  L_lineFollowNormal3535
  L_lineFollowNormal3536
  L_lineFollowNormal3537
  L_lineFollowNormal3538
  L_lineFollowNormal3539
  L_lineFollowNormal3540
  L_lineFollowNormal3541
  L_lineFollowNormal3542
  L_lineFollowNormal3543
  L_lineFollowNormal3544
  L_lineFollowNormal3545
  L_lineFollowNormal3546
  L_lineFollowNormal3547
  L_lineFollowNormal3548
  L_lineFollowNormal3549
  L_lineFollowNormal3550
  L_lineFollowNormal3551
  L_lineFollowNormal3552
  L_lineFollowNormal3553
  L_lineFollowNormal3554
  L_lineFollowNormal3555
  L_lineFollowNormal3556
  L_lineFollowNormal3557
  L_lineFollowNormal3558
  L_lineFollowNormal3559
  L_lineFollowNormal3560
  L_lineFollowNormal3561
  L_lineFollowNormal3562
  L_lineFollowNormal3563
  L_lineFollowNormal3564
  L_lineFollowNormal3565
  L_lineFollowNormal3566
  L_isOnThePath567
  L_isOnThePath568
  L_isOnThePath569
  L_isOnThePath570
  L_isOnThePath571
  L_isOnThePath572
  L_isOnThePath573
  L_isOnThePath574
  L_isOnThePath575
  L_isOnThePath576
  L_isOnThePath577
  L_isOnThePath578
  L_isOnThePath579
  L_isOnThePath580
  L__isAllBlack581
  L__isAllWhite582
  L__lineFollow583
  L__lineFollow584
  L__lineFollow585
  L__lineFollow586
  L__lineFollow587
  L__lineFollowNormal588
  L__lineFollowNormal589
  L__lineFollowNormal590
  L__lineFollowNormal591
  L__lineFollowNormal592
  L__lineFollowNormal593
  L__lineFollowNormal594
  L__lineFollowNormal595
  L__lineFollowNormal596
  L__lineFollowNormal597
  L__lineFollowNormal598
  L__lineFollowNormal599
  L__lineFollowNormal600
  L__lineFollowPID601
  L__lineFollowPID602
  L__lineFollowPID603
  L__lineFollowPID604
  L__lineFollowPID605
  L__lineFollowPID606
  L__lineFollowPID607
  L__lineFollowPID608
  L__lineFollowPID609
  L__lineFollowPID610
  L__lineFollowPID611
  L__lineFollowPID612
  L__lineFollowPID613
  L__lineFollowPID614
  L__lineFollowPID615
  L__lineFollowPID616
  L__lineFollowPID617
  L__lineFollowPID618
  L__getDistanceIR_GP2D120619
  L__getDistanceIR_GP2D120620
  L__getDistanceIR_GP2D120621
  L__getDistanceIR_GP2D120622
  L__getDistanceIR_GP2D120623
  L__getDistanceIR_GP2D120624
  L__getDistanceIR_GP2D120625
  L__getDistanceIR_GP2D120626
  L__getDistanceIR_GP2D120627
  L__getDistanceIR_GP2D120628
  L__getDistanceIR_GP2D120629
  L__getDistanceIR_GP2D120630
  L__getDistanceIR_GP2D120631
  L__getDistanceIR_GP2D120632
  L__getDistanceIR_GP2D120633
  L__getDistanceIR_GP2D120634
  L__getDistanceIR_GP2D120635
  L__main636
  L__main637
  L__main638
  L__main639
  L__isRightSafe640
  L__isMiddleSafe641
  L__isLeftSafe642
  L__lineFollowNormal2643
  L__lineFollowNormal2644
  L__lineFollowNormal2645
  L__lineFollowNormal2646
  L__lineFollowNormal2647
  L__lineFollowNormal2648
  L__lineFollowNormal2649
  L__lineFollowNormal2650
  L__lineFollowNormal2651
  L__lineFollowNormal2652
  L__lineFollowNormal2653
  L__lineFollowNormal2654
  L__lineFollowNormal2655
  L__lineFollowNormal2656
  L__lineFollowNormal2657
  L__lineFollowNormal2658
  L__lineFollowNormal2659
  L__lineFollowNormal2660
  L__lineFollowNormal2661
  L__lineFollowNormal2662
  L__lineFollowNormal3663
  L__lineFollowNormal3664
  L__lineFollowNormal3665
  L__lineFollowNormal3666
  L__lineFollowNormal3667
  L__lineFollowNormal3668
  L__lineFollowNormal3669
  L__lineFollowNormal3670
  L__lineFollowNormal3671
  L__lineFollowNormal3672
  L__lineFollowNormal3673
  L__lineFollowNormal3674
  L__lineFollowNormal3675
  L__lineFollowNormal3676
  L__lineFollowNormal3677
  L__lineFollowNormal3678
  L__lineFollowNormal3679
  L__lineFollowNormal3680
  L__lineFollowNormal3681
  L__lineFollowNormal3682
  L__lineFollowNormal3683
  L__lineFollowNormal3684
  L__lineFollowNormal3685
  L__lineFollowNormal3686
  L__lineFollowNormal3687
  L__lineFollowNormal3688
  L__lineFollowNormal3689
  L__lineFollowNormal3690
  L__lineFollowNormal3691
  L__lineFollowNormal3692
  L__lineFollowNormal3693
  L__lineFollowNormal3694
  L__lineFollowNormal3695
  L__lineFollowNormal3696
  L__isOnThePath697
  L__isOnThePath698
  L__isOnThePath699
  L__isOnThePath700
  L__isOnThePath701
  L__isOnThePath702
  _isAllBlack
  _isAllWhite
  _motorLeft_foward
  _motorRight_foward
  _motorLeft_reverse
  _motorRight_reverse
  _motorLeft_stop
  _motorRight_stop
  _moveForward
  _turnRight
  _turnLeft
  _rotateClockwise
  _rotateAntiClockwise
  _stop
  _rotateByDegree
  L__rotateByDegree703
  L__rotateByDegree704
  _testMotion
  _sendSensorStatus
  _sendText
  _testPIC
  L__testPIC705
  _lineFollow
  _lineFollowNormal
  _setPID
  _lineFollowPID
  _configure
  _getDistanceIR_GP2D120
  L__getDistanceIR_GP2D120706
  L__getDistanceIR_GP2D120707
  L__getDistanceIR_GP2D120708
  L__getDistanceIR_GP2D120709
  L__getDistanceIR_GP2D120710
  L__getDistanceIR_GP2D120711
  L__getDistanceIR_GP2D120712
  L__getDistanceIR_GP2D120713
  L__getDistanceIR_GP2D120714
  L__getDistanceIR_GP2D120715
  L__getDistanceIR_GP2D120716
  L__getDistanceIR_GP2D120717
  L__getDistanceIR_GP2D120718
  L__getDistanceIR_GP2D120719
  L__getDistanceIR_GP2D120720
  L__getDistanceIR_GP2D120721
  L__getDistanceIR_GP2D120722
  L__getDistanceIR_GP2D120723
  L__getDistanceIR_GP2D120724
  L__getDistanceIR_GP2D120725
  L__getDistanceIR_GP2D120726
  L__getDistanceIR_GP2D120727
  L__getDistanceIR_GP2D120728
  L__getDistanceIR_GP2D120729
  L__getDistanceIR_GP2D120730
  L__getDistanceIR_GP2D120731
  L__getDistanceIR_GP2D120732
  L__getDistanceIR_GP2D120733
  L__getDistanceIR_GP2D120734
  L__getDistanceIR_GP2D120735
  L__getDistanceIR_GP2D120736
  L__getDistanceIR_GP2D120737
  L__getDistanceIR_GP2D120738
  L__getDistanceIR_GP2D120739
  _getSonarDistance
  _getDistanceSonar2
  L__getDistanceSonar2740
  L__getDistanceSonar2741
  _main
  _isRightSafe
  L__isRightSafe742
  L__isRightSafe743
  _isMiddleSafe
  L__isMiddleSafe744
  L__isMiddleSafe745
  _isLeftSafe
  L__isLeftSafe746
  L__isLeftSafe747
  _moveStraightSlow
  _lineFollowNormal2
  _lineFollowNormal3
  _isOnThePath
  L_Div_16x16_S0
  L_Div_16x16_S1
  LOOPS3232A
  SADD22LA
  SOK22LA
  SADD22L8
  SOK22L8
  LOOPS3232B
  SADD22LB
  SOK22LB
  SADD22L16
  SOK22L16
  LOOPS3232C
  SADD22LC
  SOK22LC
  SADD22L24
  SOK22L24
  LOOPS3232D
  SADD22LD
  SOK22LD
  SOK22L
  L_Div_32x32_S6
  L_Div_32x32_S7
  L_Div_32x32_S8
  L_Div_32x32_S9
  FXD3232S
  END_ALL
  CA3232S
  C3232SX
  C3232SX1
  C3232S
  C3232S2
  C3232SX4
  C3232SOK
  C3232SX3
  C3232SX2
  avoid_comfrem
  LOOPU3232A
  UADD22LA
  UOK22LA
  UADD22L8
  UOK22L8
  LOOPU3232B
  UADD22LB
  UOK22LB
  UADD22L16
  UOK22L16
  LOOPU3232C
  UADD22LC
  UOK22LC
  UADD22L24
  UOK22L24
  LOOPU3232D
  UADD22LD
  UOK22LD
  UOK22L
  _NEXT
  _EXIT2
  _LOOP
  _EXIT1
  _IF_FIRST
  _IF_SECOND
  _INVERCE_FIRST
  _MULT
  _INBERSE_SECOND
  _EXIT
  _Div_8x8_U
  _Div_16x16_U
  _Div_16x16_S_L
  _Div_16x16_S
  _Div_8x8_S
  _Mul_8x8_S
  _Mul_16x16_U
  _Mul_16x16_S
  _SDIV3232L
  _COMFREM
  _Div_32x32_S
  _Div_32x32_U
  _Mul_32x32_U
  _Mul_32x32_S
  _PWM2_Init
  _PWM2_Set_Duty
  L__PWM2_Set_Duty0
  L__PWM2_Set_Duty1
  L__PWM2_Set_Duty2
  L__PWM2_Set_Duty3
  _PWM2_Start
  _PWM2_Stop
  _PWM1_Init
  _PWM1_Set_Duty
  L__PWM1_Set_Duty4
  L__PWM1_Set_Duty5
  L__PWM1_Set_Duty6
  L__PWM1_Set_Duty7
  _PWM1_Start
  _PWM1_Stop
  _CC2D_Loop1
  _CC2DL_Loop1
  L_longjmp2
  ___CC2D
  ___CC2DW
  _____DoIFC
  _Swap
  _setjmp
  _longjmp
  L_UART1_Init0
  L_UART1_Init1
  L_UART1_Read2
  L_UART1_Write3
  L_UART1_Write4
  L_UART1_Write_Text5
  L_UART1_Write_Text6
  L_UART1_Read_Text7
  L_UART1_Read_Text8
  L_UART1_Read_Text9
  L_UART1_Read_Text10
  L_UART1_Read_Text11
  L_UART1_Read_Text12
  L_UART1_Read_Text13
  L_UART1_Read_Text14
  L_UART1_Read_Text15
  _UART1_Init
  _UART1_Data_Ready
  _UART1_Read
  _UART1_Tx_Idle
  _UART1_Write
  _UART1_Write_Text
  _UART1_Read_Text
  _UART_Set_Active
