;  LST file generated by mikroListExporter - v.2.0 
; Date/Time: 9/10/2012 6:02:00 PM
;----------------------------------------------

;Address Opcode 	ASM
0x0000	0xF001EFAF  	GOTO        862
0x0004	0x0000      	NOP
0x0006	0x0000      	NOP
0x0008	0xF000EF00  	GOTO        0
0x000C	0x0000      	NOP
0x000E	0x0000      	NOP
0x0010	0x0000      	NOP
0x0012	0x0000      	NOP
0x0014	0x0000      	NOP
0x0016	0x0000      	NOP
0x0018	0xD7F3      	BRA         0
_Mul_16x16_U:
;__Lib_Math.c,437 :: 		
;__Lib_Math.c,444 :: 		
0x001C	0x6A0B      	CLRF        R11, 0
;__Lib_Math.c,445 :: 		
0x001E	0x6A0A      	CLRF        R10, 0
;__Lib_Math.c,446 :: 		
0x0020	0x6A09      	CLRF        R9, 0
;__Lib_Math.c,447 :: 		
0x0022	0x5000      	MOVF        R0, 0, 0
;__Lib_Math.c,448 :: 		
0x0024	0x0204      	MULWF       R4, 0
;__Lib_Math.c,450 :: 		
0x0026	0xF009CFF4  	MOVFF       PRODH, R9
;__Lib_Math.c,451 :: 		
0x002A	0xF008CFF3  	MOVFF       PRODL, R8
;__Lib_Math.c,452 :: 		
0x002E	0x5001      	MOVF        R1, 0, 0
;__Lib_Math.c,453 :: 		
0x0030	0x0205      	MULWF       R5, 0
;__Lib_Math.c,455 :: 		
0x0032	0xF00BCFF4  	MOVFF       PRODH, R11
;__Lib_Math.c,456 :: 		
0x0036	0xF00ACFF3  	MOVFF       PRODL, R10
;__Lib_Math.c,457 :: 		
0x003A	0x5000      	MOVF        R0, 0, 0
;__Lib_Math.c,458 :: 		
0x003C	0x0205      	MULWF       R5, 0
;__Lib_Math.c,460 :: 		
0x003E	0x50F3      	MOVF        PRODL, 0, 0
;__Lib_Math.c,461 :: 		
0x0040	0x2609      	ADDWF       R9, 1, 0
;__Lib_Math.c,462 :: 		
0x0042	0x50F4      	MOVF        PRODH, 0, 0
;__Lib_Math.c,463 :: 		
0x0044	0x220A      	ADDWFC      R10, 1, 0
;__Lib_Math.c,464 :: 		
0x0046	0x6AE8      	CLRF        WREG, 0
;__Lib_Math.c,465 :: 		
0x0048	0x220B      	ADDWFC      R11, 1, 0
;__Lib_Math.c,466 :: 		
0x004A	0x5001      	MOVF        R1, 0, 0
;__Lib_Math.c,467 :: 		
0x004C	0x0204      	MULWF       R4, 0
;__Lib_Math.c,469 :: 		
0x004E	0x50F3      	MOVF        PRODL, 0, 0
;__Lib_Math.c,470 :: 		
0x0050	0x2609      	ADDWF       R9, 1, 0
;__Lib_Math.c,471 :: 		
0x0052	0x50F4      	MOVF        PRODH, 0, 0
;__Lib_Math.c,472 :: 		
0x0054	0x220A      	ADDWFC      R10, 1, 0
;__Lib_Math.c,473 :: 		
0x0056	0x6AE8      	CLRF        WREG, 0
;__Lib_Math.c,474 :: 		
0x0058	0x220B      	ADDWFC      R11, 1, 0
;__Lib_Math.c,476 :: 		
0x005A	0xF000C008  	MOVFF       R8, R0
;__Lib_Math.c,477 :: 		
0x005E	0xF001C009  	MOVFF       R9, R1
;__Lib_Math.c,478 :: 		
0x0062	0xF002C00A  	MOVFF       R10, R2
;__Lib_Math.c,479 :: 		
0x0066	0xF003C00B  	MOVFF       R11, R3
;__Lib_Math.c,482 :: 		
0x006A	0x0012      	RETURN      0
; end of _Mul_16x16_U
_PWM2_Set_Duty:
;__Lib_PWM_c21.c,8 :: 		
;__Lib_PWM_c21.c,12 :: 		
0x006C	0x50CB      	MOVF        PR2, 0 
0x006E	0x0F01      	ADDLW       1
0x0070	0x6E00      	MOVWF       R0 
0x0072	0x6A01      	CLRF        R1 
0x0074	0x0E00      	MOVLW       0
0x0076	0x2201      	ADDWFC      R1, 1 
0x0078	0xF004C0A3  	MOVFF       FARG_PWM2_Set_Duty_new_duty, R4
0x007C	0x0E00      	MOVLW       0
0x007E	0x6E05      	MOVWF       R5 
0x0080	0xDFCD      	RCALL       _Mul_16x16_U
0x0082	0x0E06      	MOVLW       6
0x0084	0x6E02      	MOVWF       R2 
0x0086	0xF004C000  	MOVFF       R0, R4
0x008A	0xF005C001  	MOVFF       R1, R5
0x008E	0x5002      	MOVF        R2, 0 
L__PWM2_Set_Duty0:
0x0090	0xE005      	BZ          L__PWM2_Set_Duty1
0x0092	0x3205      	RRCF        R5, 1 
0x0094	0x3204      	RRCF        R4, 1 
0x0096	0x9E05      	BCF         R5, 7 
0x0098	0x0FFF      	ADDLW       255
0x009A	0xD7FA      	BRA         L__PWM2_Set_Duty0
L__PWM2_Set_Duty1:
;__Lib_PWM_c21.c,13 :: 		
0x009C	0x0E04      	MOVLW       4
0x009E	0x6E01      	MOVWF       R1 
0x00A0	0xF000C004  	MOVFF       R4, R0
0x00A4	0x5001      	MOVF        R1, 0 
L__PWM2_Set_Duty2:
0x00A6	0xE004      	BZ          L__PWM2_Set_Duty3
0x00A8	0x3600      	RLCF        R0, 1 
0x00AA	0x9000      	BCF         R0, 0 
0x00AC	0x0FFF      	ADDLW       255
0x00AE	0xD7FB      	BRA         L__PWM2_Set_Duty2
L__PWM2_Set_Duty3:
0x00B0	0x0E30      	MOVLW       48
0x00B2	0x1400      	ANDWF       R0, 0 
0x00B4	0x6E03      	MOVWF       R3 
;__Lib_PWM_c21.c,14 :: 		
0x00B6	0xF000C004  	MOVFF       R4, R0
0x00BA	0xF001C005  	MOVFF       R5, R1
0x00BE	0x3201      	RRCF        R1, 1 
0x00C0	0x3200      	RRCF        R0, 1 
0x00C2	0x9E01      	BCF         R1, 7 
0x00C4	0x3201      	RRCF        R1, 1 
0x00C6	0x3200      	RRCF        R0, 1 
0x00C8	0x9E01      	BCF         R1, 7 
0x00CA	0xFFBBC000  	MOVFF       R0, CCPR2L
;__Lib_PWM_c21.c,15 :: 		
0x00CE	0x0E0F      	MOVLW       15
0x00D0	0x16BA      	ANDWF       CCP2CON, 1 
;__Lib_PWM_c21.c,16 :: 		
0x00D2	0x5003      	MOVF        R3, 0 
0x00D4	0x12BA      	IORWF       CCP2CON, 1 
;__Lib_PWM_c21.c,17 :: 		
0x00D6	0x0012      	RETURN      0
; end of _PWM2_Set_Duty
_PWM1_Set_Duty:
;__Lib_PWM_c21.c,43 :: 		
;__Lib_PWM_c21.c,47 :: 		
0x00D8	0x50CB      	MOVF        PR2, 0 
0x00DA	0x0F01      	ADDLW       1
0x00DC	0x6E00      	MOVWF       R0 
0x00DE	0x6A01      	CLRF        R1 
0x00E0	0x0E00      	MOVLW       0
0x00E2	0x2201      	ADDWFC      R1, 1 
0x00E4	0xF004C0A3  	MOVFF       FARG_PWM1_Set_Duty_new_duty, R4
0x00E8	0x0E00      	MOVLW       0
0x00EA	0x6E05      	MOVWF       R5 
0x00EC	0xDF97      	RCALL       _Mul_16x16_U
0x00EE	0x0E06      	MOVLW       6
0x00F0	0x6E02      	MOVWF       R2 
0x00F2	0xF004C000  	MOVFF       R0, R4
0x00F6	0xF005C001  	MOVFF       R1, R5
0x00FA	0x5002      	MOVF        R2, 0 
L__PWM1_Set_Duty4:
0x00FC	0xE005      	BZ          L__PWM1_Set_Duty5
0x00FE	0x3205      	RRCF        R5, 1 
0x0100	0x3204      	RRCF        R4, 1 
0x0102	0x9E05      	BCF         R5, 7 
0x0104	0x0FFF      	ADDLW       255
0x0106	0xD7FA      	BRA         L__PWM1_Set_Duty4
L__PWM1_Set_Duty5:
;__Lib_PWM_c21.c,48 :: 		
0x0108	0x0E04      	MOVLW       4
0x010A	0x6E01      	MOVWF       R1 
0x010C	0xF000C004  	MOVFF       R4, R0
0x0110	0x5001      	MOVF        R1, 0 
L__PWM1_Set_Duty6:
0x0112	0xE004      	BZ          L__PWM1_Set_Duty7
0x0114	0x3600      	RLCF        R0, 1 
0x0116	0x9000      	BCF         R0, 0 
0x0118	0x0FFF      	ADDLW       255
0x011A	0xD7FB      	BRA         L__PWM1_Set_Duty6
L__PWM1_Set_Duty7:
0x011C	0x0E30      	MOVLW       48
0x011E	0x1400      	ANDWF       R0, 0 
0x0120	0x6E03      	MOVWF       R3 
;__Lib_PWM_c21.c,49 :: 		
0x0122	0xF000C004  	MOVFF       R4, R0
0x0126	0xF001C005  	MOVFF       R5, R1
0x012A	0x3201      	RRCF        R1, 1 
0x012C	0x3200      	RRCF        R0, 1 
0x012E	0x9E01      	BCF         R1, 7 
0x0130	0x3201      	RRCF        R1, 1 
0x0132	0x3200      	RRCF        R0, 1 
0x0134	0x9E01      	BCF         R1, 7 
0x0136	0xFFBEC000  	MOVFF       R0, CCPR1L
;__Lib_PWM_c21.c,50 :: 		
0x013A	0x0E0F      	MOVLW       15
0x013C	0x16BD      	ANDWF       CCP1CON, 1 
;__Lib_PWM_c21.c,51 :: 		
0x013E	0x5003      	MOVF        R3, 0 
0x0140	0x12BD      	IORWF       CCP1CON, 1 
;__Lib_PWM_c21.c,52 :: 		
0x0142	0x0012      	RETURN      0
; end of _PWM1_Set_Duty
_PWM2_Start:
;__Lib_PWM_c21.c,19 :: 		
;__Lib_PWM_c21.c,20 :: 		
0x0144	0x9294      	BCF         TRISC1_bit, 1 
;__Lib_PWM_c21.c,21 :: 		
0x0146	0x84CA      	BSF         T2CON, 2 
;__Lib_PWM_c21.c,22 :: 		
0x0148	0x0E0C      	MOVLW       12
0x014A	0x12BA      	IORWF       CCP2CON, 1 
;__Lib_PWM_c21.c,23 :: 		
0x014C	0x0012      	RETURN      0
; end of _PWM2_Start
_PWM1_Init:
;__Lib_PWM_c21.c,36 :: 		
;__Lib_PWM_c21.c,37 :: 		
;__Lib_PWM_c21.c,38 :: 		
0x014E	0x6ABE      	CLRF        CCPR1L 
;__Lib_PWM_c21.c,39 :: 		
0x0150	0x98BD      	BCF         CCP1CON, 4 
;__Lib_PWM_c21.c,40 :: 		
0x0152	0x9ABD      	BCF         CCP1CON, 5 
;__Lib_PWM_c21.c,41 :: 		
0x0154	0x0012      	RETURN      0
; end of _PWM1_Init
_motorLeft_foward:
;motion.h,36 :: 		void motorLeft_foward(int pwm){
;motion.h,37 :: 		Motor_Left_Forward = 1;
0x0156	0x8483      	BSF         PORTD, 2 
;motion.h,38 :: 		Motor_Left_Reverse = 0;
0x0158	0x9683      	BCF         PORTD, 3 
;motion.h,39 :: 		PWM2_Set_Duty(pwm);
0x015A	0xF0A3C09F  	MOVFF       FARG_motorLeft_foward_pwm, FARG_PWM2_Set_Duty_new_duty
0x015E	0xDF86      	RCALL       _PWM2_Set_Duty
;motion.h,40 :: 		}
0x0160	0x0012      	RETURN      0
; end of _motorLeft_foward
_PWM2_Init:
;__Lib_PWM_c21.c,1 :: 		
;__Lib_PWM_c21.c,2 :: 		
;__Lib_PWM_c21.c,3 :: 		
0x0162	0x6ABB      	CLRF        CCPR2L 
;__Lib_PWM_c21.c,4 :: 		
0x0164	0x98BA      	BCF         CCP2CON, 4 
;__Lib_PWM_c21.c,5 :: 		
0x0166	0x9ABA      	BCF         CCP2CON, 5 
;__Lib_PWM_c21.c,6 :: 		
0x0168	0x0012      	RETURN      0
; end of _PWM2_Init
_motorRight_foward:
;motion.h,42 :: 		void motorRight_foward(int pwm){
;motion.h,43 :: 		Motor_Right_Forward = 1;
0x016A	0x8882      	BSF         PORTC, 4 
;motion.h,44 :: 		Motor_Right_Reverse = 0;
0x016C	0x9A82      	BCF         PORTC, 5 
;motion.h,45 :: 		PWM1_Set_Duty(pwm);
0x016E	0xF0A3C09F  	MOVFF       FARG_motorRight_foward_pwm, FARG_PWM1_Set_Duty_new_duty
0x0172	0xDFB2      	RCALL       _PWM1_Set_Duty
;motion.h,46 :: 		}
0x0174	0x0012      	RETURN      0
; end of _motorRight_foward
_motorRight_stop:
;motion.h,65 :: 		void motorRight_stop(){
;motion.h,66 :: 		Motor_Right_Forward = 1;
0x0176	0x8882      	BSF         PORTC, 4 
;motion.h,67 :: 		Motor_Right_Reverse = 1;
0x0178	0x8A82      	BSF         PORTC, 5 
;motion.h,68 :: 		}
0x017A	0x0012      	RETURN      0
; end of _motorRight_stop
_motorLeft_reverse:
;motion.h,48 :: 		void motorLeft_reverse(int pwm){
;motion.h,49 :: 		Motor_Left_Forward = 0;
0x017C	0x9483      	BCF         PORTD, 2 
;motion.h,50 :: 		Motor_Left_Reverse = 1;
0x017E	0x8683      	BSF         PORTD, 3 
;motion.h,51 :: 		PWM2_Set_Duty(pwm);
0x0180	0xF0A3C09F  	MOVFF       FARG_motorLeft_reverse_pwm, FARG_PWM2_Set_Duty_new_duty
0x0184	0xDF73      	RCALL       _PWM2_Set_Duty
;motion.h,52 :: 		}
0x0186	0x0012      	RETURN      0
; end of _motorLeft_reverse
_Delay_22us:
;__Lib_Delays.c,15 :: 		void Delay_22us() {
;__Lib_Delays.c,16 :: 		Delay_us(22);
0x0188	0x0E24      	MOVLW       36
0x018A	0x6E0D      	MOVWF       R13, 0
L_Delay_22us1:
0x018C	0x2E0D      	DECFSZ      R13, 1, 0
0x018E	0xD7FE      	BRA         L_Delay_22us1
0x0190	0x0000      	NOP
;__Lib_Delays.c,17 :: 		}
0x0192	0x0012      	RETURN      0
; end of _Delay_22us
_motorLeft_stop:
;motion.h,60 :: 		void motorLeft_stop(){
;motion.h,61 :: 		Motor_Left_Forward = 1;
0x0194	0x8483      	BSF         PORTD, 2 
;motion.h,62 :: 		Motor_Left_Reverse = 1;
0x0196	0x8683      	BSF         PORTD, 3 
;motion.h,63 :: 		}
0x0198	0x0012      	RETURN      0
; end of _motorLeft_stop
_UART1_Init:
;__Lib_UART_c67.c,15 :: 		
;__Lib_UART_c67.c,18 :: 		
0x019A	0x0EFC      	MOVLW       _UART1_Write
0x019C	0x0100      	MOVLB       0
0x019E	0x6F85      	MOVWF       _UART_Wr_Ptr, 1
0x01A0	0x0E01      	MOVLW       hi_addr(_UART1_Write)
0x01A2	0x6F86      	MOVWF       _UART_Wr_Ptr+1, 1
0x01A4	0x0E9F      	MOVLW       FARG_UART1_Write_data_
0x01A6	0x6F87      	MOVWF       _UART_Wr_Ptr+2, 1
0x01A8	0x0E00      	MOVLW       hi_addr(FARG_UART1_Write_data_)
0x01AA	0x6F88      	MOVWF       _UART_Wr_Ptr+3, 1
;__Lib_UART_c67.c,19 :: 		
0x01AC	0x0EFF      	MOVLW       _UART1_Read
0x01AE	0x6F81      	MOVWF       _UART_Rd_Ptr, 1
0x01B0	0x0EFF      	MOVLW       hi_addr(_UART1_Read)
0x01B2	0x6F82      	MOVWF       _UART_Rd_Ptr+1, 1
0x01B4	0x0E00      	MOVLW       0
0x01B6	0x6F83      	MOVWF       _UART_Rd_Ptr+2, 1
0x01B8	0x0E00      	MOVLW       0
0x01BA	0x6F84      	MOVWF       _UART_Rd_Ptr+3, 1
;__Lib_UART_c67.c,20 :: 		
0x01BC	0x0EFF      	MOVLW       _UART1_Data_Ready
0x01BE	0x6F8D      	MOVWF       _UART_Rdy_Ptr, 1
0x01C0	0x0EFF      	MOVLW       hi_addr(_UART1_Data_Ready)
0x01C2	0x6F8E      	MOVWF       _UART_Rdy_Ptr+1, 1
0x01C4	0x0E00      	MOVLW       0
0x01C6	0x6F8F      	MOVWF       _UART_Rdy_Ptr+2, 1
0x01C8	0x0E00      	MOVLW       0
0x01CA	0x6F90      	MOVWF       _UART_Rdy_Ptr+3, 1
;__Lib_UART_c67.c,21 :: 		
0x01CC	0x0EFF      	MOVLW       _UART1_Tx_Idle
0x01CE	0x6F89      	MOVWF       _UART_Tx_Idle_Ptr, 1
0x01D0	0x0EFF      	MOVLW       hi_addr(_UART1_Tx_Idle)
0x01D2	0x6F8A      	MOVWF       _UART_Tx_Idle_Ptr+1, 1
0x01D4	0x0E00      	MOVLW       0
0x01D6	0x6F8B      	MOVWF       _UART_Tx_Idle_Ptr+2, 1
0x01D8	0x0E00      	MOVLW       0
0x01DA	0x6F8C      	MOVWF       _UART_Tx_Idle_Ptr+3, 1
;__Lib_UART_c67.c,23 :: 		
0x01DC	0x8AAC      	BSF         TXSTA, 5 
;__Lib_UART_c67.c,24 :: 		
0x01DE	0x0E90      	MOVLW       144
0x01E0	0x6EAB      	MOVWF       RCSTA 
;__Lib_UART_c67.c,25 :: 		
0x01E2	0x8E94      	BSF         TRISC7_bit, 7 
;__Lib_UART_c67.c,26 :: 		
0x01E4	0x9C94      	BCF         TRISC6_bit, 6 
;__Lib_UART_c67.c,28 :: 		
L_UART1_Init0:
0x01E6	0xAA9E      	BTFSS       PIR1, 5 
0x01E8	0xD003      	BRA         L_UART1_Init1
;__Lib_UART_c67.c,29 :: 		
0x01EA	0xF000CFAE  	MOVFF       RCREG, R0
0x01EE	0xD7FB      	BRA         L_UART1_Init0
L_UART1_Init1:
;__Lib_UART_c67.c,30 :: 		
0x01F0	0x0012      	RETURN      0
; end of _UART1_Init
_PWM1_Start:
;__Lib_PWM_c21.c,54 :: 		
;__Lib_PWM_c21.c,55 :: 		
0x01F2	0x9494      	BCF         TRISC2_bit, 2 
;__Lib_PWM_c21.c,56 :: 		
0x01F4	0x84CA      	BSF         T2CON, 2 
;__Lib_PWM_c21.c,57 :: 		
0x01F6	0x0E0C      	MOVLW       12
0x01F8	0x12BD      	IORWF       CCP1CON, 1 
;__Lib_PWM_c21.c,58 :: 		
0x01FA	0x0012      	RETURN      0
; end of _PWM1_Start
_UART1_Write:
;__Lib_UART_c67.c,58 :: 		
;__Lib_UART_c67.c,59 :: 		
L_UART1_Write3:
0x01FC	0xB2AC      	BTFSC       TXSTA, 1 
0x01FE	0xD002      	BRA         L_UART1_Write4
;__Lib_UART_c67.c,60 :: 		
0x0200	0x0000      	NOP
0x0202	0xD7FC      	BRA         L_UART1_Write3
L_UART1_Write4:
;__Lib_UART_c67.c,61 :: 		
0x0204	0xFFADC09F  	MOVFF       FARG_UART1_Write_data_, TXREG
;__Lib_UART_c67.c,62 :: 		
0x0208	0x0012      	RETURN      0
; end of _UART1_Write
_configure:
;configuration.h,1 :: 		void configure(){
;configuration.h,4 :: 		TRISA = 0b11111111;
0x020A	0x0EFF      	MOVLW       255
0x020C	0x6E92      	MOVWF       TRISA 
;configuration.h,5 :: 		TRISB = 0b11111111;
0x020E	0x0EFF      	MOVLW       255
0x0210	0x6E93      	MOVWF       TRISB 
;configuration.h,6 :: 		TRISC = 0b00000000;
0x0212	0x6A94      	CLRF        TRISC 
;configuration.h,7 :: 		TRISD = 0b11110010;
0x0214	0x0EF2      	MOVLW       242
0x0216	0x6E95      	MOVWF       TRISD 
;configuration.h,10 :: 		PORTA = 0;
0x0218	0x6A80      	CLRF        PORTA 
;configuration.h,11 :: 		PORTB = 0;
0x021A	0x6A81      	CLRF        PORTB 
;configuration.h,12 :: 		PORTC = 0;
0x021C	0x6A82      	CLRF        PORTC 
;configuration.h,13 :: 		PORTD = 0;
0x021E	0x6A83      	CLRF        PORTD 
;configuration.h,16 :: 		PWM1_Init(5000);
0x0220	0x80CA      	BSF         T2CON, 0, 0
0x0222	0x92CA      	BCF         T2CON, 1, 0
0x0224	0x0EF9      	MOVLW       249
0x0226	0x6ECB      	MOVWF       PR2, 0
0x0228	0xDF92      	RCALL       _PWM1_Init
;configuration.h,17 :: 		PWM2_Init(5000);
0x022A	0x80CA      	BSF         T2CON, 0, 0
0x022C	0x92CA      	BCF         T2CON, 1, 0
0x022E	0x0EF9      	MOVLW       249
0x0230	0x6ECB      	MOVWF       PR2, 0
0x0232	0xDF97      	RCALL       _PWM2_Init
;configuration.h,18 :: 		PWM1_Start();
0x0234	0xDFDE      	RCALL       _PWM1_Start
;configuration.h,19 :: 		PWM2_Start();
0x0236	0xDF86      	RCALL       _PWM2_Start
;configuration.h,20 :: 		UART1_Init(9600);
0x0238	0x0E81      	MOVLW       129
0x023A	0x6EAF      	MOVWF       SPBRG 
0x023C	0x84AC      	BSF         TXSTA, 2, 0
0x023E	0xDFAD      	RCALL       _UART1_Init
;configuration.h,28 :: 		ADCON0 = 0b11000001;
0x0240	0x0EC1      	MOVLW       193
0x0242	0x6EC2      	MOVWF       ADCON0 
;configuration.h,29 :: 		ADCON1 = 0b00000000;
0x0244	0x6AC1      	CLRF        ADCON1 
;configuration.h,38 :: 		}
0x0246	0x0012      	RETURN      0
; end of _configure
___CC2DW:
;__Lib_System.c,21 :: 		
;__Lib_System.c,23 :: 		
_CC2DL_Loop1:
;__Lib_System.c,24 :: 		
0x0248	0x0009      	TBLRD*+
;__Lib_System.c,25 :: 		
0x024A	0xFFE6CFF5  	MOVFF       TABLAT, POSTINC1
;__Lib_System.c,26 :: 		
0x024E	0x0600      	DECF        R0, 1, 0
;__Lib_System.c,27 :: 		
0x0250	0xE1FB      	BNZ         _CC2DL_Loop1
;__Lib_System.c,28 :: 		
0x0252	0x0601      	DECF        R1, 1, 0
;__Lib_System.c,29 :: 		
0x0254	0xE1F9      	BNZ         _CC2DL_Loop1
;__Lib_System.c,31 :: 		
0x0256	0x0012      	RETURN      0
; end of ___CC2DW
_ADC_Read:
;__Lib_ADC_A_C.c,41 :: 		
;__Lib_ADC_A_C.c,44 :: 		
0x0258	0x6AC2      	CLRF        ADCON0 
;__Lib_ADC_A_C.c,45 :: 		
0x025A	0x0EC0      	MOVLW       192
0x025C	0x12C2      	IORWF       ADCON0, 1 
;__Lib_ADC_A_C.c,46 :: 		
0x025E	0x8CC1      	BSF         ADCON1, 6 
;__Lib_ADC_A_C.c,48 :: 		
0x0260	0x8EC1      	BSF         ADCON1, 7 
;__Lib_ADC_A_C.c,49 :: 		
0x0262	0xF000C080  	MOVFF       FARG_ADC_Read_channel, R0
0x0266	0x3600      	RLCF        R0, 1 
0x0268	0x9000      	BCF         R0, 0 
0x026A	0x3600      	RLCF        R0, 1 
0x026C	0x9000      	BCF         R0, 0 
0x026E	0x3600      	RLCF        R0, 1 
0x0270	0x9000      	BCF         R0, 0 
0x0272	0x5000      	MOVF        R0, 0 
0x0274	0x12C2      	IORWF       ADCON0, 1 
;__Lib_ADC_A_C.c,50 :: 		
0x0276	0x80C2      	BSF         ADCON0, 0 
;__Lib_ADC_A_C.c,51 :: 		
0x0278	0xDF87      	RCALL       _Delay_22us
;__Lib_ADC_A_C.c,52 :: 		
0x027A	0x84C2      	BSF         ADCON0, 2 
;__Lib_ADC_A_C.c,53 :: 		
L_ADC_Read2:
0x027C	0xA4C2      	BTFSS       ADCON0, 2 
0x027E	0xD001      	BRA         L_ADC_Read3
;__Lib_ADC_A_C.c,54 :: 		
0x0280	0xD7FD      	BRA         L_ADC_Read2
L_ADC_Read3:
;__Lib_ADC_A_C.c,56 :: 		
0x0282	0xF001CFC4  	MOVFF       ADRESH, R1
0x0286	0x6A00      	CLRF        R0 
;__Lib_ADC_A_C.c,57 :: 		
0x0288	0x50C3      	MOVF        ADRESL, 0 
0x028A	0x1200      	IORWF       R0, 1 
0x028C	0x0E00      	MOVLW       0
0x028E	0x1201      	IORWF       R1, 1 
;__Lib_ADC_A_C.c,58 :: 		
0x0290	0x90C2      	BCF         ADCON0, 0 
;__Lib_ADC_A_C.c,60 :: 		
;__Lib_ADC_A_C.c,61 :: 		
0x0292	0x0012      	RETURN      0
; end of _ADC_Read
_stop:
;motion.h,95 :: 		void stop(){
;motion.h,96 :: 		motorLeft_stop();
0x0294	0xDF7F      	RCALL       _motorLeft_stop
;motion.h,97 :: 		motorRight_stop();
0x0296	0xDF6F      	RCALL       _motorRight_stop
;motion.h,98 :: 		}
0x0298	0x0012      	RETURN      0
; end of _stop
_rotateAntiClockwise:
;motion.h,90 :: 		void rotateAntiClockwise(int pwm){
;motion.h,91 :: 		motorLeft_reverse(pwm);
0x029A	0xF09FC09B  	MOVFF       FARG_rotateAntiClockwise_pwm, FARG_motorLeft_reverse_pwm
0x029E	0xF0A0C09C  	MOVFF       FARG_rotateAntiClockwise_pwm+1, FARG_motorLeft_reverse_pwm+1
0x02A2	0xDF6C      	RCALL       _motorLeft_reverse
;motion.h,92 :: 		motorRight_foward(pwm);
0x02A4	0xF09FC09B  	MOVFF       FARG_rotateAntiClockwise_pwm, FARG_motorRight_foward_pwm
0x02A8	0xF0A0C09C  	MOVFF       FARG_rotateAntiClockwise_pwm+1, FARG_motorRight_foward_pwm+1
0x02AC	0xDF5E      	RCALL       _motorRight_foward
;motion.h,93 :: 		}
0x02AE	0x0012      	RETURN      0
; end of _rotateAntiClockwise
_UART1_Write_Text:
;__Lib_UART_c67.c,66 :: 		
;__Lib_UART_c67.c,67 :: 		
0x02B0	0x0100      	MOVLB       0
0x02B2	0x6B9D      	CLRF        UART1_Write_Text_counter_L0, 1
;__Lib_UART_c67.c,69 :: 		
0x02B4	0xFFE9C09B  	MOVFF       FARG_UART1_Write_Text_uart_text, FSR0L
0x02B8	0xFFEAC09C  	MOVFF       FARG_UART1_Write_Text_uart_text+1, FSR0H
0x02BC	0xF080CFEE  	MOVFF       POSTINC0, UART1_Write_Text_data__L0
;__Lib_UART_c67.c,70 :: 		
L_UART1_Write_Text5:
0x02C0	0x5180      	MOVF        UART1_Write_Text_data__L0, 0, 1
0x02C2	0x0A00      	XORLW       0
0x02C4	0xE00E      	BZ          L_UART1_Write_Text6
;__Lib_UART_c67.c,71 :: 		
0x02C6	0xF09FC080  	MOVFF       UART1_Write_Text_data__L0, FARG_UART1_Write_data_
0x02CA	0xDF98      	RCALL       _UART1_Write
;__Lib_UART_c67.c,72 :: 		
0x02CC	0x0100      	MOVLB       0
0x02CE	0x2B9D      	INCF        UART1_Write_Text_counter_L0, 1, 1
;__Lib_UART_c67.c,73 :: 		
0x02D0	0x519D      	MOVF        UART1_Write_Text_counter_L0, 0, 1
0x02D2	0x259B      	ADDWF       FARG_UART1_Write_Text_uart_text, 0, 1
0x02D4	0x6EE9      	MOVWF       FSR0L 
0x02D6	0x0E00      	MOVLW       0
0x02D8	0x219C      	ADDWFC      FARG_UART1_Write_Text_uart_text+1, 0, 1
0x02DA	0x6EEA      	MOVWF       FSR0H 
0x02DC	0xF080CFEE  	MOVFF       POSTINC0, UART1_Write_Text_data__L0
;__Lib_UART_c67.c,74 :: 		
0x02E0	0xD7EF      	BRA         L_UART1_Write_Text5
L_UART1_Write_Text6:
;__Lib_UART_c67.c,75 :: 		
0x02E2	0x0012      	RETURN      0
; end of _UART1_Write_Text
_setPID:
;linefollow.h,112 :: 		void setPID(){
;linefollow.h,113 :: 		MIN_RPM = 185;       //155
0x02E4	0x0EB9      	MOVLW       185
0x02E6	0x0100      	MOVLB       0
0x02E8	0x6F95      	MOVWF       _MIN_RPM, 1
0x02EA	0x0E00      	MOVLW       0
0x02EC	0x6F96      	MOVWF       _MIN_RPM+1, 1
;linefollow.h,114 :: 		MID_RPM = 200;
0x02EE	0x0EC8      	MOVLW       200
0x02F0	0x6F97      	MOVWF       _MID_RPM, 1
0x02F2	0x0E00      	MOVLW       0
0x02F4	0x6F98      	MOVWF       _MID_RPM+1, 1
;linefollow.h,115 :: 		MAX_RPM = 255;
0x02F6	0x0EFF      	MOVLW       255
0x02F8	0x6F99      	MOVWF       _MAX_RPM, 1
0x02FA	0x0E00      	MOVLW       0
0x02FC	0x6F9A      	MOVWF       _MAX_RPM+1, 1
;linefollow.h,116 :: 		TEST_RPM = 220;
0x02FE	0x0EDC      	MOVLW       220
0x0300	0x6F93      	MOVWF       _TEST_RPM, 1
0x0302	0x0E00      	MOVLW       0
0x0304	0x6F94      	MOVWF       _TEST_RPM+1, 1
;linefollow.h,118 :: 		Kp = 6;
0x0306	0x0E00      	MOVLW       0
0x0308	0x6E72      	MOVWF       _Kp 
0x030A	0x0E00      	MOVLW       0
0x030C	0x6E73      	MOVWF       _Kp+1 
0x030E	0x0E40      	MOVLW       64
0x0310	0x6E74      	MOVWF       _Kp+2 
0x0312	0x0E81      	MOVLW       129
0x0314	0x6E75      	MOVWF       _Kp+3 
;linefollow.h,119 :: 		Ki = 0;
0x0316	0x6A6E      	CLRF        _Ki 
0x0318	0x6A6F      	CLRF        _Ki+1 
0x031A	0x6A70      	CLRF        _Ki+2 
0x031C	0x6A71      	CLRF        _Ki+3 
;linefollow.h,120 :: 		Kd = 0;
0x031E	0x6A7A      	CLRF        _Kd 
0x0320	0x6A7B      	CLRF        _Kd+1 
0x0322	0x6A7C      	CLRF        _Kd+2 
0x0324	0x6A7D      	CLRF        _Kd+3 
;linefollow.h,122 :: 		totalError = 0;
0x0326	0x6A76      	CLRF        _totalError 
0x0328	0x6A77      	CLRF        _totalError+1 
0x032A	0x6A78      	CLRF        _totalError+2 
0x032C	0x6A79      	CLRF        _totalError+3 
;linefollow.h,123 :: 		previousDeviation = 0;
0x032E	0x6A6C      	CLRF        _previousDeviation 
0x0330	0x6A6D      	CLRF        _previousDeviation+1 
;linefollow.h,124 :: 		PID_LeftRPM = 0;
0x0332	0x6A6A      	CLRF        _PID_LeftRPM 
0x0334	0x6A6B      	CLRF        _PID_LeftRPM+1 
;linefollow.h,125 :: 		PID_RightRPM = 0;
0x0336	0x6A68      	CLRF        _PID_RightRPM 
0x0338	0x6A69      	CLRF        _PID_RightRPM+1 
;linefollow.h,127 :: 		Pwm1_Set_Duty(MID_RPM);
0x033A	0x0EC8      	MOVLW       200
0x033C	0x6FA3      	MOVWF       FARG_PWM1_Set_Duty_new_duty, 1
0x033E	0xDECC      	RCALL       _PWM1_Set_Duty
;linefollow.h,128 :: 		Pwm2_Set_Duty(MID_RPM);
0x0340	0xF0A3C097  	MOVFF       _MID_RPM, FARG_PWM2_Set_Duty_new_duty
0x0344	0xDE93      	RCALL       _PWM2_Set_Duty
;linefollow.h,129 :: 		}
0x0346	0x0012      	RETURN      0
; end of _setPID
_moveForward:
;motion.h,70 :: 		void moveForward(int pwmLeft, int pwmRight){
;motion.h,71 :: 		motorLeft_foward(pwmLeft);
0x0348	0xF09FC09B  	MOVFF       FARG_moveForward_pwmLeft, FARG_motorLeft_foward_pwm
0x034C	0xF0A0C09C  	MOVFF       FARG_moveForward_pwmLeft+1, FARG_motorLeft_foward_pwm+1
0x0350	0xDF02      	RCALL       _motorLeft_foward
;motion.h,72 :: 		motorRight_foward(pwmRight);
0x0352	0xF09FC09D  	MOVFF       FARG_moveForward_pwmRight, FARG_motorRight_foward_pwm
0x0356	0xF0A0C09E  	MOVFF       FARG_moveForward_pwmRight+1, FARG_motorRight_foward_pwm+1
0x035A	0xDF07      	RCALL       _motorRight_foward
;motion.h,73 :: 		}
0x035C	0x0012      	RETURN      0
; end of _moveForward
_main:
0x035E	0xF002EC45  	CALL        1162, 0
;Main 2.0V.c,33 :: 		void main() {
;Main 2.0V.c,34 :: 		configure();
0x0362	0xDF53      	RCALL       _configure
;Main 2.0V.c,36 :: 		UART1_Write_Text(ConnectionEstablished);
0x0364	0xF09BC017  	MOVFF       _ConnectionEstablished, FARG_UART1_Write_Text_uart_text
0x0368	0xF09CC018  	MOVFF       _ConnectionEstablished+1, FARG_UART1_Write_Text_uart_text+1
0x036C	0xDFA1      	RCALL       _UART1_Write_Text
;Main 2.0V.c,37 :: 		setPID();
0x036E	0xDFBA      	RCALL       _setPID
;Main 2.0V.c,41 :: 		debugText = "          Starting..  ";
0x0370	0x0E20      	MOVLW       ?lstr34_Main_322.0V
0x0372	0x6E15      	MOVWF       _debugText 
0x0374	0x0E00      	MOVLW       hi_addr(?lstr34_Main_322.0V)
0x0376	0x6E16      	MOVWF       _debugText+1 
;Main 2.0V.c,42 :: 		UART1_Write_Text(debugText);
0x0378	0xF09BC015  	MOVFF       _debugText, FARG_UART1_Write_Text_uart_text
0x037C	0xF09CC016  	MOVFF       _debugText+1, FARG_UART1_Write_Text_uart_text+1
0x0380	0xDF97      	RCALL       _UART1_Write_Text
;Main 2.0V.c,43 :: 		count = 0;
0x0382	0x6A7E      	CLRF        _count 
0x0384	0x6A7F      	CLRF        _count+1 
;Main 2.0V.c,44 :: 		while(1){
L_main253:
0x0386	0x0100      	MOVLB       0
;Main 2.0V.c,45 :: 		moveForward(200,200);
0x0388	0x0EC8      	MOVLW       200
0x038A	0x6F9B      	MOVWF       FARG_moveForward_pwmLeft, 1
0x038C	0x0E00      	MOVLW       0
0x038E	0x6F9C      	MOVWF       FARG_moveForward_pwmLeft+1, 1
0x0390	0x0EC8      	MOVLW       200
0x0392	0x6F9D      	MOVWF       FARG_moveForward_pwmRight, 1
0x0394	0x0E00      	MOVLW       0
0x0396	0x6F9E      	MOVWF       FARG_moveForward_pwmRight+1, 1
0x0398	0xDFD7      	RCALL       _moveForward
;Main 2.0V.c,46 :: 		delay_ms(10);
0x039A	0x0E41      	MOVLW       65
0x039C	0x6E0C      	MOVWF       R12, 0
0x039E	0x0EEE      	MOVLW       238
0x03A0	0x6E0D      	MOVWF       R13, 0
L_main255:
0x03A2	0x2E0D      	DECFSZ      R13, 1, 0
0x03A4	0xD7FE      	BRA         L_main255
0x03A6	0x2E0C      	DECFSZ      R12, 1, 0
0x03A8	0xD7FC      	BRA         L_main255
0x03AA	0x0000      	NOP
;Main 2.0V.c,48 :: 		ir_value = ADC_Read(0);
0x03AC	0x0100      	MOVLB       0
0x03AE	0x6B80      	CLRF        FARG_ADC_Read_channel, 1
0x03B0	0xDF53      	RCALL       _ADC_Read
0x03B2	0xF091C000  	MOVFF       R0, _ir_value
0x03B6	0xF092C001  	MOVFF       R1, _ir_value+1
;Main 2.0V.c,49 :: 		if(300<=ir_value && ir_value<623){                         // 2 --> 14cm
0x03BA	0x0E01      	MOVLW       1
0x03BC	0x5C01      	SUBWF       R1, 0 
0x03BE	0xE102      	BNZ         L__main350
0x03C0	0x0E2C      	MOVLW       44
0x03C2	0x5C00      	SUBWF       R0, 0 
L__main350:
0x03C4	0xE323      	BNC         L_main258
0x03C6	0x0E02      	MOVLW       2
0x03C8	0x0100      	MOVLB       0
0x03CA	0x5D92      	SUBWF       _ir_value+1, 0, 1
0x03CC	0xE102      	BNZ         L__main351
0x03CE	0x0E6F      	MOVLW       111
0x03D0	0x5D91      	SUBWF       _ir_value, 0, 1
L__main351:
0x03D2	0xE21C      	BC          L_main258
L__main314:
;Main 2.0V.c,50 :: 		stop();
0x03D4	0xDF5F      	RCALL       _stop
;Main 2.0V.c,51 :: 		debugText = " Obstacle! ";
0x03D6	0x0E37      	MOVLW       ?lstr35_Main_322.0V
0x03D8	0x6E15      	MOVWF       _debugText 
0x03DA	0x0E00      	MOVLW       hi_addr(?lstr35_Main_322.0V)
0x03DC	0x6E16      	MOVWF       _debugText+1 
;Main 2.0V.c,52 :: 		UART1_Write_Text(debugText);
0x03DE	0xF09BC015  	MOVFF       _debugText, FARG_UART1_Write_Text_uart_text
0x03E2	0xF09CC016  	MOVFF       _debugText+1, FARG_UART1_Write_Text_uart_text+1
0x03E6	0xDF64      	RCALL       _UART1_Write_Text
;Main 2.0V.c,53 :: 		rotateAntiClockwise(255);
0x03E8	0x0EFF      	MOVLW       255
0x03EA	0x6F9B      	MOVWF       FARG_rotateAntiClockwise_pwm, 1
0x03EC	0x0E00      	MOVLW       0
0x03EE	0x6F9C      	MOVWF       FARG_rotateAntiClockwise_pwm+1, 1
0x03F0	0xDF54      	RCALL       _rotateAntiClockwise
;Main 2.0V.c,54 :: 		delay_ms(220);
0x03F2	0x0E06      	MOVLW       6
0x03F4	0x6E0B      	MOVWF       R11, 0
0x03F6	0x0E95      	MOVLW       149
0x03F8	0x6E0C      	MOVWF       R12, 0
0x03FA	0x0E8C      	MOVLW       140
0x03FC	0x6E0D      	MOVWF       R13, 0
L_main259:
0x03FE	0x2E0D      	DECFSZ      R13, 1, 0
0x0400	0xD7FE      	BRA         L_main259
0x0402	0x2E0C      	DECFSZ      R12, 1, 0
0x0404	0xD7FC      	BRA         L_main259
0x0406	0x2E0B      	DECFSZ      R11, 1, 0
0x0408	0xD7FA      	BRA         L_main259
0x040A	0x0000      	NOP
;Main 2.0V.c,55 :: 		}
L_main258:
;Main 2.0V.c,56 :: 		count++;
0x040C	0x4A7E      	INFSNZ      _count, 1 
0x040E	0x2A7F      	INCF        _count+1, 1 
;Main 2.0V.c,57 :: 		if(count ==100){
0x0410	0x0E00      	MOVLW       0
0x0412	0x187F      	XORWF       _count+1, 0 
0x0414	0xE102      	BNZ         L__main352
0x0416	0x0E64      	MOVLW       100
0x0418	0x187E      	XORWF       _count, 0 
L__main352:
0x041A	0xE10B      	BNZ         L_main260
;Main 2.0V.c,58 :: 		count = 0;
0x041C	0x6A7E      	CLRF        _count 
0x041E	0x6A7F      	CLRF        _count+1 
;Main 2.0V.c,59 :: 		debugText = " Clear";
0x0420	0x0E19      	MOVLW       ?lstr36_Main_322.0V
0x0422	0x6E15      	MOVWF       _debugText 
0x0424	0x0E00      	MOVLW       hi_addr(?lstr36_Main_322.0V)
0x0426	0x6E16      	MOVWF       _debugText+1 
;Main 2.0V.c,60 :: 		UART1_Write_Text(debugText);
0x0428	0xF09BC015  	MOVFF       _debugText, FARG_UART1_Write_Text_uart_text
0x042C	0xF09CC016  	MOVFF       _debugText+1, FARG_UART1_Write_Text_uart_text+1
0x0430	0xDF3F      	RCALL       _UART1_Write_Text
;Main 2.0V.c,61 :: 		}
L_main260:
;Main 2.0V.c,62 :: 		}
0x0432	0xD7A9      	BRA         L_main253
;Main 2.0V.c,99 :: 		}
0x0434	0xD7FF      	BRA         $+0
; end of _main
0x048A	0xF015EE10  	LFSR        1, 21
0x048E	0x0E53      	MOVLW       83
0x0490	0x6E00      	MOVWF       R0 
0x0492	0x0E01      	MOVLW       1
0x0494	0x6E01      	MOVWF       R1 
0x0496	0x0E36      	MOVLW       54
0x0498	0x6EF6      	MOVWF       4086 
0x049A	0x0E04      	MOVLW       4
0x049C	0x6EF7      	MOVWF       TBLPTRH 
0x049E	0x0E00      	MOVLW       0
0x04A0	0x6EF8      	MOVWF       TBLPTRU 
0x04A2	0xF001EC24  	CALL        584, 0
0x04A6	0x0012      	RETURN      0
;Main 2.0V.c,0 :: ?ICS_debugText
0x0436	0x005B ;?ICS_debugText+0
; end of ?ICS_debugText
;Main 2.0V.c,0 :: ?ICS_ConnectionEstablished
0x0438	0x0043 ;?ICS_ConnectionEstablished+0
; end of ?ICS_ConnectionEstablished
;Main 2.0V.c,0 :: ?ICS?lstr36_Main_322.0V
0x043A	0x4320 ;?ICS?lstr36_Main_322.0V+0
0x043C	0x656C ;?ICS?lstr36_Main_322.0V+2
0x043E	0x7261 ;?ICS?lstr36_Main_322.0V+4
0x0440	0x00 ;?ICS?lstr36_Main_322.0V+6
; end of ?ICS?lstr36_Main_322.0V
;Main 2.0V.c,0 :: ?ICS?lstr34_Main_322.0V
0x0441	0x2020 ;?ICS?lstr34_Main_322.0V+0
0x0443	0x2020 ;?ICS?lstr34_Main_322.0V+2
0x0445	0x2020 ;?ICS?lstr34_Main_322.0V+4
0x0447	0x2020 ;?ICS?lstr34_Main_322.0V+6
0x0449	0x2020 ;?ICS?lstr34_Main_322.0V+8
0x044B	0x7453 ;?ICS?lstr34_Main_322.0V+10
0x044D	0x7261 ;?ICS?lstr34_Main_322.0V+12
0x044F	0x6974 ;?ICS?lstr34_Main_322.0V+14
0x0451	0x676E ;?ICS?lstr34_Main_322.0V+16
0x0453	0x2E2E ;?ICS?lstr34_Main_322.0V+18
0x0455	0x2020 ;?ICS?lstr34_Main_322.0V+20
0x0457	0x00 ;?ICS?lstr34_Main_322.0V+22
; end of ?ICS?lstr34_Main_322.0V
;Main 2.0V.c,0 :: ?ICS?lstr35_Main_322.0V
0x0458	0x4F20 ;?ICS?lstr35_Main_322.0V+0
0x045A	0x7362 ;?ICS?lstr35_Main_322.0V+2
0x045C	0x6174 ;?ICS?lstr35_Main_322.0V+4
0x045E	0x6C63 ;?ICS?lstr35_Main_322.0V+6
0x0460	0x2165 ;?ICS?lstr35_Main_322.0V+8
0x0462	0x0020 ;?ICS?lstr35_Main_322.0V+10
; end of ?ICS?lstr35_Main_322.0V
;Main 2.0V.c,0 :: ?ICS?lstr1_Main_322.0V
0x0464	0x6F43 ;?ICS?lstr1_Main_322.0V+0
0x0466	0x6E6E ;?ICS?lstr1_Main_322.0V+2
0x0468	0x6365 ;?ICS?lstr1_Main_322.0V+4
0x046A	0x6974 ;?ICS?lstr1_Main_322.0V+6
0x046C	0x6E6F ;?ICS?lstr1_Main_322.0V+8
0x046E	0x4520 ;?ICS?lstr1_Main_322.0V+10
0x0470	0x7473 ;?ICS?lstr1_Main_322.0V+12
0x0472	0x6261 ;?ICS?lstr1_Main_322.0V+14
0x0474	0x696C ;?ICS?lstr1_Main_322.0V+16
0x0476	0x6873 ;?ICS?lstr1_Main_322.0V+18
0x0478	0x6465 ;?ICS?lstr1_Main_322.0V+20
0x047A	0x0021 ;?ICS?lstr1_Main_322.0V+22
; end of ?ICS?lstr1_Main_322.0V
;Main 2.0V.c,0 :: ?ICS?lstr2_Main_322.0V
0x047C	0x6F6D ;?ICS?lstr2_Main_322.0V+0
0x047E	0x6576 ;?ICS?lstr2_Main_322.0V+2
0x0480	0x6620 ;?ICS?lstr2_Main_322.0V+4
0x0482	0x726F ;?ICS?lstr2_Main_322.0V+6
0x0484	0x6177 ;?ICS?lstr2_Main_322.0V+8
0x0486	0x6472 ;?ICS?lstr2_Main_322.0V+10
0x0488	0x00 ;?ICS?lstr2_Main_322.0V+12
; end of ?ICS?lstr2_Main_322.0V
Symbol List:
//** Routines locations **
//ADDRESS    SIZE    PROCEDURE
//----------------------------------------------
0x001C      [80]    _Mul_16x16_U
0x006C     [108]    _PWM2_Set_Duty
0x00D8     [108]    _PWM1_Set_Duty
0x0144      [10]    _PWM2_Start
0x014E       [8]    _PWM1_Init
0x0156      [12]    _motorLeft_foward
0x0162       [8]    _PWM2_Init
0x016A      [12]    _motorRight_foward
0x0176       [6]    _motorRight_stop
0x017C      [12]    _motorLeft_reverse
0x0188      [12]    _Delay_22us
0x0194       [6]    _motorLeft_stop
0x019A      [88]    _UART1_Init
0x01F2      [10]    _PWM1_Start
0x01FC      [14]    _UART1_Write
0x020A      [62]    _configure
0x0248      [16]    ___CC2DW
0x0258      [60]    _ADC_Read
0x0294       [6]    _stop
0x029A      [22]    _rotateAntiClockwise
0x02B0      [52]    _UART1_Write_Text
0x02E4     [100]    _setPID
0x0348      [22]    _moveForward
0x035E     [216]    _main
//** Variables locations ** 
//ADDRESS    SIZE    VARIABLE
//----------------------------------------------
0x0000       [1]    R0
0x0000       [1]    UART1_Init_tmp_L0
0x0000       [1]    EEPROM_Write_SaveINTCON_L0
0x0000       [1]    __Lib_SoftI2C_PutZerosToLATSda_temp_sda_L0
0x0000       [1]    __Lib_SoftI2C_PutZerosToLATScl_temp_scl_L0
0x0000       [1]    FLASH_Erase_64_SaveINTCON_L0
0x0000       [1]    SPI1_Write_tmp_L0
0x0001       [1]    ispunct_rslt_L0
0x0001       [1]    R1
0x0001       [2]    FLASH_Read_N_Bytes_i_L0
0x0001       [1]    FLASH_Write_8_i_L0
0x0001       [1]    FLASH_Erase_Write_64_i_L0
0x0001       [1]    __Lib_PS2_Wait_Falling_nsample_L0
0x0001       [1]    __Lib_TFT_JPEG_FileReadBytes_Result_L0
0x0001       [1]    I2C1_Rd_tmp_L0
0x0001       [1]    UART1_Read___tmp_UART1_Read_L0
0x0001       [1]    __Lib_TFT_JPEG_FileRead_i_L0
0x0002       [2]    memcpy_dd_L0
0x0002       [1]    R2
0x0002       [2]    memchr_s_L0
0x0002       [1]    FLASH_Write_8_SaveINTCON_L0
0x0002       [2]    strlen_cp_L0
0x0002       [2]    memset_pp_L0
0x0002       [1]    FLASH_Erase_Write_64_j_L0
0x0003       [1]    FLASH_Erase_Write_64_SaveINTCON_L0
0x0003       [2]    Ltrim_original_L0
0x0003       [1]    R3
0x0003       [2]    memmove_tt_L0
0x0004       [2]    strcat_cp_L0
0x0004       [2]    frexp_pom_L0
0x0004       [2]    strcpy_cp_L0
0x0004       [1]    R4
0x0004       [2]    strncat_cp_L0
0x0004       [2]    memcpy_ss_L0
0x0004       [2]    strncpy_cp_L0
0x0005       [2]    LongWordToHex_input_half_L0
0x0005       [1]    R5
0x0005       [2]    Ltrim_p_L0
0x0005       [1]    __Lib_TFT__TFT_Write_Char_Return_Pos_xCnt_L0
0x0005       [2]    memmove_ff_L0
0x0005       [2]    LongIntToHex_input_half_L0
0x0006       [1]    R6
0x0006       [1]    __Lib_TFT__TFT_Write_Char_Return_Pos_yCnt_L0
0x0007       [1]    __Lib_TFT_JPEG_GenerateHuffmanTables_bLength_L0
0x0007       [2]    __Lib_TFT__TFT_Write_Char_Return_Pos_y_L0
0x0007       [1]    R7
0x0008       [1]    R8
0x0008       [1]    __Lib_TFT_JPEG_GenerateHuffmanTables_bTable_L0
0x0009       [1]    R9
0x0009       [1]    __Lib_TFT__TFT_Write_Char_Return_Pos_mask_L0
0x000A       [1]    R10
0x000B       [1]    R11
0x000C       [1]    R12
0x000D       [1]    R13
0x000E       [1]    R14
0x000F       [1]    R15
0x0010       [1]    R16
0x0011       [1]    R17
0x0012       [1]    R18
0x0013       [1]    R19
0x0014       [1]    R20
0x0015       [2]    _debugText
0x0017       [2]    _ConnectionEstablished
0x0019       [7]    ?lstr36_Main_322.0V
0x0020      [23]    ?lstr34_Main_322.0V
0x0037      [12]    ?lstr35_Main_322.0V
0x0043      [24]    ?lstr1_Main_322.0V
0x005B      [13]    ?lstr2_Main_322.0V
0x0068       [2]    _PID_RightRPM
0x006A       [2]    _PID_LeftRPM
0x006C       [2]    _previousDeviation
0x006E       [4]    _Ki
0x0072       [4]    _Kp
0x0076       [4]    _totalError
0x007A       [4]    _Kd
0x007E       [2]    _count
0x0080       [1]    FARG_ADC_Read_channel
0x0080       [1]    UART1_Write_Text_data__L0
0x0081       [4]    _UART_Rd_Ptr
0x0085       [4]    _UART_Wr_Ptr
0x0089       [4]    _UART_Tx_Idle_Ptr
0x008D       [4]    _UART_Rdy_Ptr
0x0091       [2]    _ir_value
0x0093       [2]    _TEST_RPM
0x0095       [2]    _MIN_RPM
0x0097       [2]    _MID_RPM
0x0099       [2]    _MAX_RPM
0x009B       [2]    FARG_UART1_Write_Text_uart_text
0x009B       [2]    FARG_rotateAntiClockwise_pwm
0x009B       [2]    FARG_moveForward_pwmLeft
0x009D       [2]    FARG_moveForward_pwmRight
0x009D       [1]    UART1_Write_Text_counter_L0
0x009F       [4]    FARG_PWM2_Init_PWM_Freq
0x009F       [2]    FARG_motorLeft_reverse_pwm
0x009F       [1]    FARG_UART1_Write_data_
0x009F       [2]    FARG_motorLeft_foward_pwm
0x009F       [4]    FARG_PWM1_Init_PWM_Freq
0x009F       [2]    FARG_motorRight_foward_pwm
0x00A3       [1]    FARG_PWM1_Set_Duty_new_duty
0x00A3       [1]    FARG_PWM2_Set_Duty_new_duty
0x0F80       [0]    RA0_bit
0x0F80       [0]    RA1_bit
0x0F80       [0]    RA5_bit
0x0F80       [1]    PORTA
0x0F80       [0]    RA6_bit
0x0F80       [0]    RA2_bit
0x0F80       [0]    RA4_bit
0x0F80       [0]    RA3_bit
0x0F81       [0]    RB5_bit
0x0F81       [0]    RB7_bit
0x0F81       [1]    PORTB
0x0F81       [0]    RB6_bit
0x0F81       [0]    RB1_bit
0x0F81       [0]    RB3_bit
0x0F81       [0]    RB4_bit
0x0F81       [0]    RB0_bit
0x0F81       [0]    RB2_bit
0x0F82       [0]    RC4_bit
0x0F82       [0]    RC3_bit
0x0F82       [0]    RC6_bit
0x0F82       [0]    RC1_bit
0x0F82       [0]    RC0_bit
0x0F82       [0]    RC2_bit
0x0F82       [0]    RC5_bit
0x0F82       [1]    PORTC
0x0F82       [0]    RC7_bit
0x0F83       [0]    RD3_bit
0x0F83       [0]    RD0_bit
0x0F83       [0]    RD1_bit
0x0F83       [0]    RD2_bit
0x0F83       [0]    RD7_bit
0x0F83       [1]    PORTD
0x0F83       [0]    RD5_bit
0x0F83       [0]    RD6_bit
0x0F83       [0]    RD4_bit
0x0F84       [1]    PORTE
0x0F84       [0]    RE2_bit
0x0F84       [0]    RE1_bit
0x0F84       [0]    RE0_bit
0x0F89       [0]    LATA1_bit
0x0F89       [1]    LATA
0x0F89       [0]    LATA0_bit
0x0F89       [0]    LATA5_bit
0x0F89       [0]    LATA4_bit
0x0F89       [0]    LATA6_bit
0x0F89       [0]    LATA2_bit
0x0F89       [0]    LATA3_bit
0x0F8A       [0]    LATB7_bit
0x0F8A       [0]    LATB3_bit
0x0F8A       [0]    LATB4_bit
0x0F8A       [0]    LATB6_bit
0x0F8A       [0]    LATB2_bit
0x0F8A       [0]    LATB1_bit
0x0F8A       [0]    LATB0_bit
0x0F8A       [1]    LATB
0x0F8A       [0]    LATB5_bit
0x0F8B       [1]    LATC
0x0F8B       [0]    LATC2_bit
0x0F8B       [0]    LATC3_bit
0x0F8B       [0]    LATC0_bit
0x0F8B       [0]    LATC1_bit
0x0F8B       [0]    LATC6_bit
0x0F8B       [0]    LATC7_bit
0x0F8B       [0]    LATC4_bit
0x0F8B       [0]    LATC5_bit
0x0F8C       [0]    LATD2_bit
0x0F8C       [0]    LATD3_bit
0x0F8C       [0]    LATD0_bit
0x0F8C       [0]    LATD1_bit
0x0F8C       [0]    LATD6_bit
0x0F8C       [0]    LATD7_bit
0x0F8C       [0]    LATD4_bit
0x0F8C       [0]    LATD5_bit
0x0F8C       [1]    LATD
0x0F8D       [0]    LATE1_bit
0x0F8D       [0]    LATE2_bit
0x0F8D       [1]    LATE
0x0F8D       [0]    LATE0_bit
0x0F92       [0]    TRISA3_bit
0x0F92       [0]    TRISA4_bit
0x0F92       [0]    TRISA6_bit
0x0F92       [0]    TRISA5_bit
0x0F92       [0]    TRISA2_bit
0x0F92       [1]    TRISA
0x0F92       [0]    TRISA0_bit
0x0F92       [0]    TRISA1_bit
0x0F93       [0]    TRISB0_bit
0x0F93       [1]    TRISB
0x0F93       [0]    TRISB1_bit
0x0F93       [0]    TRISB2_bit
0x0F93       [0]    TRISB5_bit
0x0F93       [0]    TRISB3_bit
0x0F93       [0]    TRISB4_bit
0x0F93       [0]    TRISB6_bit
0x0F93       [0]    TRISB7_bit
0x0F94       [0]    TRISC6_bit
0x0F94       [0]    TRISC1_bit
0x0F94       [0]    TRISC7_bit
0x0F94       [0]    TRISC0_bit
0x0F94       [0]    TRISC3_bit
0x0F94       [0]    TRISC2_bit
0x0F94       [0]    TRISC4_bit
0x0F94       [0]    TRISC5_bit
0x0F94       [1]    TRISC
0x0F95       [0]    TRISD0_bit
0x0F95       [1]    TRISD
0x0F95       [0]    TRISD4_bit
0x0F95       [0]    TRISD5_bit
0x0F95       [0]    TRISD7_bit
0x0F95       [0]    TRISD6_bit
0x0F95       [0]    TRISD2_bit
0x0F95       [0]    TRISD1_bit
0x0F95       [0]    TRISD3_bit
0x0F96       [0]    TRISE0_bit
0x0F96       [0]    PSPMODE_bit
0x0F96       [0]    OBF_bit
0x0F96       [0]    IBOV_bit
0x0F96       [0]    IBF_bit
0x0F96       [0]    OBF_TRISE_bit
0x0F96       [0]    IBOV_TRISE_bit
0x0F96       [1]    TRISE
0x0F96       [0]    IBF_TRISE_bit
0x0F96       [0]    TRISE2_bit
0x0F96       [0]    TRISE1_bit
0x0F96       [0]    PSPMODE_TRISE_bit
0x0F9D       [0]    RCIE_bit
0x0F9D       [0]    TXIE_bit
0x0F9D       [0]    PSPIE_bit
0x0F9D       [0]    ADIE_bit
0x0F9D       [0]    SSPIE_bit
0x0F9D       [0]    TMR1IE_bit
0x0F9D       [1]    PIE1
0x0F9D       [0]    CCP1IE_bit
0x0F9D       [0]    TMR2IE_bit
0x0F9E       [0]    ADIF_bit
0x0F9E       [0]    RCIF_bit
0x0F9E       [1]    PIR1
0x0F9E       [0]    PSPIF_bit
0x0F9E       [0]    TXIF_bit
0x0F9E       [0]    TMR2IF_bit
0x0F9E       [0]    TMR1IF_bit
0x0F9E       [0]    SSPIF_bit
0x0F9E       [0]    CCP1IF_bit
0x0F9F       [0]    ADIP_bit
0x0F9F       [0]    RCIP_bit
0x0F9F       [0]    PSPIP_bit
0x0F9F       [1]    IPR1
0x0F9F       [0]    TXIP_bit
0x0F9F       [0]    TMR2IP_bit
0x0F9F       [0]    TMR1IP_bit
0x0F9F       [0]    SSPIP_bit
0x0F9F       [0]    CCP1IP_bit
0x0FA0       [0]    LVDIE_bit
0x0FA0       [0]    BCLIE_bit
0x0FA0       [0]    EEIE_bit
0x0FA0       [1]    PIE2
0x0FA0       [0]    CCP2IE_bit
0x0FA0       [0]    TMR3IE_bit
0x0FA1       [0]    EEIF_bit
0x0FA1       [0]    TMR3IF_bit
0x0FA1       [0]    BCLIF_bit
0x0FA1       [0]    LVDIF_bit
0x0FA1       [0]    CCP2IF_bit
0x0FA1       [1]    PIR2
0x0FA2       [0]    EEIP_bit
0x0FA2       [0]    BCLIP_bit
0x0FA2       [1]    IPR2
0x0FA2       [0]    LVDIP_bit
0x0FA2       [0]    CCP2IP_bit
0x0FA2       [0]    TMR3IP_bit
0x0FA6       [0]    RD_bit
0x0FA6       [0]    WR_bit
0x0FA6       [1]    EECON1
0x0FA6       [0]    EEPGD_bit
0x0FA6       [0]    WREN_bit
0x0FA6       [0]    FREE_bit
0x0FA6       [0]    CFGS_bit
0x0FA6       [0]    WRERR_bit
0x0FA7       [1]    EECON2
0x0FA8       [1]    EEDATA
0x0FA9       [1]    EEADR
0x0FAB       [0]    CREN_bit
0x0FAB       [0]    FERR_bit
0x0FAB       [0]    OERR_bit
0x0FAB       [0]    SREN_bit
0x0FAB       [0]    RX9D_bit
0x0FAB       [1]    RCSTA
0x0FAB       [0]    RX9_bit
0x0FAB       [0]    SPEN_bit
0x0FAB       [0]    RC8_9_bit
0x0FAB       [0]    RCD8_bit
0x0FAB       [0]    RC9_bit
0x0FAB       [0]    ADDEN_bit
0x0FAB       [0]    NOT_RC8_bit
0x0FAC       [0]    CSRC_bit
0x0FAC       [0]    TXEN_bit
0x0FAC       [0]    TX8_9_bit
0x0FAC       [0]    NOT_TX8_bit
0x0FAC       [0]    SYNC_bit
0x0FAC       [0]    TX9_bit
0x0FAC       [0]    TRMT_bit
0x0FAC       [1]    TXSTA
0x0FAC       [0]    TX9D_bit
0x0FAC       [0]    BRGH_bit
0x0FAC       [0]    TXD8_bit
0x0FAD       [1]    TXREG
0x0FAE       [1]    RCREG
0x0FAF       [1]    SPBRG
0x0FB1       [0]    T3CCP2_bit
0x0FB1       [0]    RD16_T3CON_bit
0x0FB1       [0]    T3CKPS1_bit
0x0FB1       [1]    T3CON
0x0FB1       [0]    T3CCP1_bit
0x0FB1       [0]    TMR3ON_bit
0x0FB1       [0]    NOT_T3SYNC_bit
0x0FB1       [0]    T3CKPS0_bit
0x0FB1       [0]    T3SYNC_bit
0x0FB1       [0]    TMR3CS_bit
0x0FB1       [0]    T3INSYNC_bit
0x0FB2       [1]    TMR3L
0x0FB3       [1]    TMR3H
0x0FBA       [0]    CCP2X_bit
0x0FBA       [0]    DC2B0_bit
0x0FBA       [0]    CCP2M3_bit
0x0FBA       [0]    CCP2M2_bit
0x0FBA       [0]    CCP2M1_bit
0x0FBA       [0]    CCP2M0_bit
0x0FBA       [0]    CCP2Y_bit
0x0FBA       [1]    CCP2CON
0x0FBA       [0]    DC2B1_bit
0x0FBB       [1]    CCPR2L
0x0FBB       [2]    CCPR2
0x0FBC       [1]    CCPR2H
0x0FBD       [0]    CCP1M1_bit
0x0FBD       [1]    CCP1CON
0x0FBD       [0]    CCP1M2_bit
0x0FBD       [0]    CCP1Y_bit
0x0FBD       [0]    CCP1M3_bit
0x0FBD       [0]    DC1B0_bit
0x0FBD       [0]    CCP1X_bit
0x0FBD       [0]    DC1B1_bit
0x0FBD       [0]    CCP1M0_bit
0x0FBE       [1]    CCPR1L
0x0FBE       [2]    CCPR1
0x0FBF       [1]    CCPR1H
0x0FC1       [0]    ADFM_bit
0x0FC1       [0]    PCFG0_bit
0x0FC1       [1]    ADCON1
0x0FC1       [0]    PCFG1_bit
0x0FC1       [0]    PCFG3_bit
0x0FC1       [0]    PCFG2_bit
0x0FC1       [0]    ADCS2_bit
0x0FC2       [0]    GO_DONE_bit
0x0FC2       [0]    ADON_bit
0x0FC2       [0]    CHS1_bit
0x0FC2       [0]    CHS0_bit
0x0FC2       [0]    GO_bit
0x0FC2       [0]    ADCS0_bit
0x0FC2       [0]    CHS2_bit
0x0FC2       [0]    ADCS1_bit
0x0FC2       [0]    NOT_DONE_bit
0x0FC2       [0]    DONE_bit
0x0FC2       [1]    ADCON0
0x0FC3       [1]    ADRESL
0x0FC3       [2]    ADRES
0x0FC4       [1]    ADRESH
0x0FC5       [0]    ACKSTAT_bit
0x0FC5       [0]    GCEN_bit
0x0FC5       [0]    ACKDT_bit
0x0FC5       [0]    SEN_bit
0x0FC5       [0]    PEN_bit
0x0FC5       [0]    RSEN_bit
0x0FC5       [0]    ACKEN_bit
0x0FC5       [1]    SSPCON2
0x0FC5       [0]    RCEN_bit
0x0FC6       [1]    SSPCON1
0x0FC6       [0]    SSPEN_bit
0x0FC6       [0]    CKP_bit
0x0FC6       [0]    WCOL_bit
0x0FC6       [0]    SSPOV_bit
0x0FC6       [0]    SSPM1_bit
0x0FC6       [0]    SSPM0_bit
0x0FC6       [0]    SSPM3_bit
0x0FC6       [0]    SSPM2_bit
0x0FC7       [0]    NOT_ADDRESS_bit
0x0FC7       [0]    NOT_A_bit
0x0FC7       [0]    I2C_DAT_bit
0x0FC7       [0]    UA_bit
0x0FC7       [0]    P_bit
0x0FC7       [0]    DATA_ADDRESS_bit
0x0FC7       [0]    D_A_bit
0x0FC7       [0]    D_bit
0x0FC7       [0]    NOT_WRITE_bit
0x0FC7       [0]    NOT_W_bit
0x0FC7       [0]    I2C_READ_bit
0x0FC7       [0]    R_W_bit
0x0FC7       [0]    CKE_bit
0x0FC7       [0]    READ_WRITE_bit
0x0FC7       [0]    SMP_bit
0x0FC7       [0]    R_bit
0x0FC7       [1]    SSPSTAT
0x0FC7       [0]    BF_bit
0x0FC7       [0]    I2C_STOP__bit
0x0FC7       [0]    S_bit
0x0FC7       [0]    I2C_START__bit
0x0FC8       [1]    SSPADD
0x0FC9       [1]    SSPBUF
0x0FCA       [0]    TOUTPS0_bit
0x0FCA       [0]    TMR2ON_bit
0x0FCA       [0]    TOUTPS1_bit
0x0FCA       [0]    TOUTPS3_bit
0x0FCA       [0]    TOUTPS2_bit
0x0FCA       [1]    T2CON
0x0FCA       [0]    T2CKPS0_bit
0x0FCA       [0]    T2CKPS1_bit
0x0FCB       [1]    PR2
0x0FCC       [1]    TMR2
0x0FCD       [0]    T1OSCEN_bit
0x0FCD       [0]    NOT_T1SYNC_bit
0x0FCD       [0]    T1CKPS0_bit
0x0FCD       [0]    T1CKPS1_bit
0x0FCD       [0]    RD16_bit
0x0FCD       [0]    TMR1ON_bit
0x0FCD       [1]    T1CON
0x0FCD       [0]    TMR1CS_bit
0x0FCD       [0]    T1SYNC_bit
0x0FCD       [0]    T1INSYNC_bit
0x0FCE       [1]    TMR1L
0x0FCF       [1]    TMR1H
0x0FD0       [0]    PD_bit
0x0FD0       [0]    NOT_POR_bit
0x0FD0       [0]    TO__bit
0x0FD0       [0]    NOT_PD_bit
0x0FD0       [0]    NOT_BOR_bit
0x0FD0       [0]    BOR_bit
0x0FD0       [0]    POR_bit
0x0FD0       [1]    RCON
0x0FD0       [0]    NOT_RI_bit
0x0FD0       [0]    IPEN_bit
0x0FD0       [0]    NOT_TO_bit
0x0FD0       [0]    RI_bit
0x0FD1       [1]    WDTCON
0x0FD1       [0]    SWDTE_bit
0x0FD1       [0]    SWDTEN_bit
0x0FD2       [1]    LVDCON
0x0FD2       [0]    LVDL3_bit
0x0FD2       [0]    IRVST_bit
0x0FD2       [0]    LVDEN_bit
0x0FD2       [0]    LVDL2_bit
0x0FD2       [0]    LVDL1_bit
0x0FD2       [0]    LVDL0_bit
0x0FD3       [0]    SCS_bit
0x0FD3       [1]    OSCCON
0x0FD5       [0]    T0PS0_bit
0x0FD5       [0]    T0PS2_bit
0x0FD5       [0]    T0PS1_bit
0x0FD5       [0]    PSA_bit
0x0FD5       [0]    TMR0ON_bit
0x0FD5       [0]    T08BIT_bit
0x0FD5       [0]    T0CS_bit
0x0FD5       [0]    T0SE_bit
0x0FD5       [1]    T0CON
0x0FD6       [1]    TMR0L
0x0FD7       [1]    TMR0H
0x0FD8       [0]    Z_bit
0x0FD8       [0]    OV_bit
0x0FD8       [0]    C_bit
0x0FD8       [0]    DC_bit
0x0FD8       [0]    N_bit
0x0FD8       [1]    STATUS
0x0FD9       [2]    FSR2
0x0FD9       [1]    FSR2L
0x0FD9       [2]    FSR2PTR
0x0FDA       [1]    FSR2H
0x0FDB       [1]    PLUSW2
0x0FDC       [1]    PREINC2
0x0FDD       [1]    POSTDEC2
0x0FDE       [1]    POSTINC2
0x0FDF       [1]    INDF2
0x0FE0       [1]    BSR
0x0FE1       [1]    FSR1L
0x0FE1       [2]    FSR1PTR
0x0FE1       [2]    FSR1
0x0FE2       [1]    FSR1H
0x0FE3       [1]    PLUSW1
0x0FE4       [1]    PREINC1
0x0FE5       [1]    POSTDEC1
0x0FE6       [1]    POSTINC1
0x0FE7       [1]    INDF1
0x0FE8       [1]    WREG
0x0FE9       [2]    FSR0PTR
0x0FE9       [1]    FSR0L
0x0FE9       [2]    FSR0
0x0FEA       [1]    FSR0H
0x0FEB       [1]    PLUSW0
0x0FEC       [1]    PREINC0
0x0FED       [1]    POSTDEC0
0x0FEE       [1]    POSTINC0
0x0FEF       [1]    INDF0
0x0FF0       [1]    INTCON3
0x0FF0       [0]    INT2IE_bit
0x0FF0       [0]    INT1IP_bit
0x0FF0       [0]    INT2IP_bit
0x0FF0       [0]    INT1IF_bit
0x0FF0       [0]    INT2IF_bit
0x0FF0       [0]    INT1IE_bit
0x0FF1       [0]    RBPU_bit
0x0FF1       [0]    INTEDG0_bit
0x0FF1       [1]    INTCON2
0x0FF1       [0]    NOT_RBPU_bit
0x0FF1       [0]    INTEDG1_bit
0x0FF1       [0]    T0IP_bit
0x0FF1       [0]    RBIP_bit
0x0FF1       [0]    INTEDG2_bit
0x0FF1       [0]    TMR0IP_bit
0x0FF2       [1]    INTCON1
0x0FF2       [1]    INTCON
0x0FF2       [0]    RBIF_bit
0x0FF2       [0]    INT0F_bit
0x0FF2       [0]    INT0IF_bit
0x0FF2       [0]    T0IE_bit
0x0FF2       [0]    TMR0IE_bit
0x0FF2       [0]    INT0E_bit
0x0FF2       [0]    INT0IE_bit
0x0FF2       [0]    GIEH_bit
0x0FF2       [0]    GIE_bit
0x0FF2       [0]    GIEL_bit
0x0FF2       [0]    PEIE_bit
0x0FF2       [0]    RBIE_bit
0x0FF2       [0]    TMR0IF_bit
0x0FF2       [0]    T0IF_bit
0x0FF3       [1]    PRODL
0x0FF3       [2]    PROD
0x0FF4       [1]    PRODH
0x0FF5       [1]    TABLAT
0x0FF6       [3]    TBLPTR
0x0FF6       [1]    TBLPTRL
0x0FF7       [1]    TBLPTRH
0x0FF8       [0]    TBLPTRU1_bit
0x0FF8       [0]    TBLPTRU3_bit
0x0FF8       [0]    TBLPTRU2_bit
0x0FF8       [0]    TBLPTRU0_bit
0x0FF8       [0]    ACSS_bit
0x0FF8       [1]    TBLPTRU
0x0FF8       [0]    TBLPTRU4_bit
0x0FF9       [1]    PCL
0x0FFA       [1]    PCLATH
0x0FFB       [0]    PCU3_bit
0x0FFB       [0]    PCU2_bit
0x0FFB       [0]    PCU4_bit
0x0FFB       [0]    PCU0_bit
0x0FFB       [0]    PCU1_bit
0x0FFB       [1]    PCLATU
0x0FFC       [1]    STKPTR
0x0FFC       [0]    STKUNF_bit
0x0FFC       [0]    STKFUL_bit
0x0FFD       [1]    TOSL
0x0FFE       [1]    TOSH
0x0FFF       [1]    TOSU
//** Constants locations ** 
//ADDRESS    SIZE    CONSTANT
//----------------------------------------------
0x0436       [2]    ?ICS_debugText
0x0438       [2]    ?ICS_ConnectionEstablished
0x043A       [7]    ?ICS?lstr36_Main_322.0V
0x0441      [23]    ?ICS?lstr34_Main_322.0V
0x0458      [12]    ?ICS?lstr35_Main_322.0V
0x0464      [24]    ?ICS?lstr1_Main_322.0V
0x047C      [13]    ?ICS?lstr2_Main_322.0V
//** Label List: ** 
//----------------------------------------------
  L_testMotion0
  L_testMotion1
  L_testMotion2
  L_sendSensorStatus3
  L_sendSensorStatus4
  L_sendSensorStatus5
  L_sendSensorStatus6
  L_sendSensorStatus7
  L_sendSensorStatus8
  L_sendSensorStatus9
  L_sendSensorStatus10
  L_sendSensorStatus11
  L_sendSensorStatus12
  L_sendSensorStatus13
  L_sendSensorStatus14
  L_sendSensorStatus15
  L_sendSensorStatus16
  L_sendSensorStatus17
  L_sendSensorStatus18
  L_sendSensorStatus19
  L_sendSensorStatus20
  L_sendSensorStatus21
  L_sendSensorStatus22
  L_sendSensorStatus23
  L_sendSensorStatus24
  L_sendSensorStatus25
  L_sendSensorStatus26
  L_sendSensorStatus27
  L_sendSensorStatus28
  L_sendSensorStatus29
  L_sendSensorStatus30
  L_sendSensorStatus31
  L_sendSensorStatus32
  L_testPIC33
  L_testPIC34
  L_testPIC35
  L_testPIC36
  L_testPIC37
  L_testPIC38
  L_testPIC39
  L_lineFollow40
  L_lineFollow41
  L_lineFollow42
  L_lineFollow43
  L_lineFollow44
  L_lineFollow45
  L_lineFollow46
  L_lineFollow47
  L_lineFollow48
  L_lineFollow49
  L_lineFollow50
  L_lineFollow51
  L_lineFollow52
  L_lineFollow53
  L_lineFollow54
  L_lineFollow55
  L_lineFollow56
  L_lineFollow57
  L_lineFollow58
  L_lineFollow59
  L_lineFollow60
  L_lineFollow61
  L_lineFollow62
  L_lineFollowNormal63
  L_lineFollowNormal64
  L_lineFollowNormal65
  L_lineFollowNormal66
  L_lineFollowNormal67
  L_lineFollowNormal68
  L_lineFollowNormal69
  L_lineFollowNormal70
  L_lineFollowNormal71
  L_lineFollowNormal72
  L_lineFollowNormal73
  L_lineFollowNormal74
  L_lineFollowNormal75
  L_lineFollowNormal76
  L_lineFollowNormal77
  L_lineFollowNormal78
  L_lineFollowNormal79
  L_lineFollowNormal80
  L_lineFollowNormal81
  L_lineFollowNormal82
  L_lineFollowNormal83
  L_lineFollowNormal84
  L_lineFollowNormal85
  L_lineFollowNormal86
  L_lineFollowNormal87
  L_lineFollowNormal88
  L_lineFollowNormal89
  L_lineFollowNormal90
  L_lineFollowNormal91
  L_lineFollowNormal92
  L_lineFollowNormal93
  L_lineFollowNormal94
  L_lineFollowNormal95
  L_lineFollowNormal96
  L_lineFollowNormal97
  L_lineFollowNormal98
  L_lineFollowNormal99
  L_lineFollowNormal100
  L_lineFollowNormal101
  L_lineFollowNormal102
  L_lineFollowNormal103
  L_lineFollowNormal104
  L_lineFollowNormal105
  L_lineFollowNormal106
  L_lineFollowNormal107
  L_lineFollowNormal108
  L_lineFollowNormal109
  L_lineFollowNormal110
  L_lineFollowNormal111
  L_lineFollowNormal112
  L_lineFollowNormal113
  L_lineFollowNormal114
  L_lineFollowNormal115
  L_lineFollowNormal116
  L_lineFollowNormal117
  L_lineFollowNormal118
  L_lineFollowNormal119
  L_lineFollowPID120
  L_lineFollowPID121
  L_lineFollowPID122
  L_lineFollowPID123
  L_lineFollowPID124
  L_lineFollowPID125
  L_lineFollowPID126
  L_lineFollowPID127
  L_lineFollowPID128
  L_lineFollowPID129
  L_lineFollowPID130
  L_lineFollowPID131
  L_lineFollowPID132
  L_lineFollowPID133
  L_lineFollowPID134
  L_lineFollowPID135
  L_lineFollowPID136
  L_lineFollowPID137
  L_lineFollowPID138
  L_lineFollowPID139
  L_lineFollowPID140
  L_lineFollowPID141
  L_lineFollowPID142
  L_lineFollowPID143
  L_lineFollowPID144
  L_lineFollowPID145
  L_lineFollowPID146
  L_lineFollowPID147
  L_lineFollowPID148
  L_lineFollowPID149
  L_lineFollowPID150
  L_lineFollowPID151
  L_lineFollowPID152
  L_lineFollowPID153
  L_lineFollowPID154
  L_lineFollowPID155
  L_lineFollowPID156
  L_lineFollowPID157
  L_lineFollowPID158
  L_lineFollowPID159
  L_lineFollowPID160
  L_lineFollowPID161
  L_lineFollowPID162
  L_lineFollowPID163
  L_lineFollowPID164
  L_lineFollowPID165
  L_lineFollowPID166
  L_lineFollowPID167
  L_lineFollowPID168
  L_lineFollowPID169
  L_lineFollowPID170
  L_lineFollowPID171
  L_lineFollowPID172
  L_lineFollowPID173
  L_lineFollowPID174
  L_lineFollowPID175
  L_lineFollowPID176
  L_lineFollowPID177
  L_lineFollowPID178
  L_getDistanceIR_GP2D120179
  L_getDistanceIR_GP2D120180
  L_getDistanceIR_GP2D120181
  L_getDistanceIR_GP2D120182
  L_getDistanceIR_GP2D120183
  L_getDistanceIR_GP2D120184
  L_getDistanceIR_GP2D120185
  L_getDistanceIR_GP2D120186
  L_getDistanceIR_GP2D120187
  L_getDistanceIR_GP2D120188
  L_getDistanceIR_GP2D120189
  L_getDistanceIR_GP2D120190
  L_getDistanceIR_GP2D120191
  L_getDistanceIR_GP2D120192
  L_getDistanceIR_GP2D120193
  L_getDistanceIR_GP2D120194
  L_getDistanceIR_GP2D120195
  L_getDistanceIR_GP2D120196
  L_getDistanceIR_GP2D120197
  L_getDistanceIR_GP2D120198
  L_getDistanceIR_GP2D120199
  L_getDistanceIR_GP2D120200
  L_getDistanceIR_GP2D120201
  L_getDistanceIR_GP2D120202
  L_getDistanceIR_GP2D120203
  L_getDistanceIR_GP2D120204
  L_getDistanceIR_GP2D120205
  L_getDistanceIR_GP2D120206
  L_getDistanceIR_GP2D120207
  L_getDistanceIR_GP2D120208
  L_getDistanceIR_GP2D120209
  L_getDistanceIR_GP2D120210
  L_getDistanceIR_GP2D120211
  L_getDistanceIR_GP2D120212
  L_getDistanceIR_GP2D120213
  L_getDistanceIR_GP2D120214
  L_getDistanceIR_GP2D120215
  L_getDistanceIR_GP2D120216
  L_getDistanceIR_GP2D120217
  L_getDistanceIR_GP2D120218
  L_getDistanceIR_GP2D120219
  L_getDistanceIR_GP2D120220
  L_getDistanceIR_GP2D120221
  L_getDistanceIR_GP2D120222
  L_getDistanceIR_GP2D120223
  L_getDistanceIR_GP2D120224
  L_getDistanceIR_GP2D120225
  L_getDistanceIR_GP2D120226
  L_getDistanceIR_GP2D120227
  L_getDistanceIR_GP2D120228
  L_getDistanceIR_GP2D120229
  L_getDistanceIR_GP2D120230
  L_getDistanceIR_GP2D120231
  L_getDistanceIR_GP2D120232
  L_getDistanceIR_GP2D120233
  L_getDistanceIR_GP2D120234
  L_getDistanceIR_GP2D120235
  L_getDistanceIR_GP2D120236
  L_getDistanceIR_GP2D120237
  L_getDistanceIR_GP2D120238
  L_getDistanceIR_GP2D120239
  L_getDistanceIR_GP2D120240
  L_getDistanceIR_GP2D120241
  L_getDistanceIR_GP2D120242
  L_getDistanceIR_GP2D120243
  L_getDistanceIR_GP2D120244
  L_getDistanceIR_GP2D120245
  L_getDistanceIR_GP2D120246
  L_updateDistance247
  L_updateDistance248
  L_updateDistance249
  L_updateDistance250
  L_updateDistance251
  L_updateDistance252
  L_main253
  L_main254
  L_main255
  L_main256
  L_main257
  L_main258
  L_main259
  L_main260
  L__lineFollow261
  L__lineFollow262
  L__lineFollow263
  L__lineFollow264
  L__lineFollow265
  L__lineFollowNormal266
  L__lineFollowNormal267
  L__lineFollowNormal268
  L__lineFollowNormal269
  L__lineFollowNormal270
  L__lineFollowNormal271
  L__lineFollowNormal272
  L__lineFollowNormal273
  L__lineFollowNormal274
  L__lineFollowNormal275
  L__lineFollowNormal276
  L__lineFollowNormal277
  L__lineFollowNormal278
  L__lineFollowPID279
  L__lineFollowPID280
  L__lineFollowPID281
  L__lineFollowPID282
  L__lineFollowPID283
  L__lineFollowPID284
  L__lineFollowPID285
  L__lineFollowPID286
  L__lineFollowPID287
  L__lineFollowPID288
  L__lineFollowPID289
  L__lineFollowPID290
  L__lineFollowPID291
  L__lineFollowPID292
  L__lineFollowPID293
  L__lineFollowPID294
  L__lineFollowPID295
  L__lineFollowPID296
  L__getDistanceIR_GP2D120297
  L__getDistanceIR_GP2D120298
  L__getDistanceIR_GP2D120299
  L__getDistanceIR_GP2D120300
  L__getDistanceIR_GP2D120301
  L__getDistanceIR_GP2D120302
  L__getDistanceIR_GP2D120303
  L__getDistanceIR_GP2D120304
  L__getDistanceIR_GP2D120305
  L__getDistanceIR_GP2D120306
  L__getDistanceIR_GP2D120307
  L__getDistanceIR_GP2D120308
  L__getDistanceIR_GP2D120309
  L__getDistanceIR_GP2D120310
  L__getDistanceIR_GP2D120311
  L__getDistanceIR_GP2D120312
  L__getDistanceIR_GP2D120313
  L__main314
  _motorLeft_foward
  _motorRight_foward
  _motorLeft_reverse
  _motorRight_reverse
  _motorLeft_stop
  _motorRight_stop
  _moveForward
  _turnRight
  _turnLeft
  _rotateClockwise
  _rotateAntiClockwise
  _stop
  _testMotion
  _sendSensorStatus
  _testPIC
  L__testPIC315
  _lineFollow
  _lineFollowNormal
  _setPID
  _lineFollowPID
  _configure
  _getDistanceIR_GP2D120
  L__getDistanceIR_GP2D120316
  L__getDistanceIR_GP2D120317
  L__getDistanceIR_GP2D120318
  L__getDistanceIR_GP2D120319
  L__getDistanceIR_GP2D120320
  L__getDistanceIR_GP2D120321
  L__getDistanceIR_GP2D120322
  L__getDistanceIR_GP2D120323
  L__getDistanceIR_GP2D120324
  L__getDistanceIR_GP2D120325
  L__getDistanceIR_GP2D120326
  L__getDistanceIR_GP2D120327
  L__getDistanceIR_GP2D120328
  L__getDistanceIR_GP2D120329
  L__getDistanceIR_GP2D120330
  L__getDistanceIR_GP2D120331
  L__getDistanceIR_GP2D120332
  L__getDistanceIR_GP2D120333
  L__getDistanceIR_GP2D120334
  L__getDistanceIR_GP2D120335
  L__getDistanceIR_GP2D120336
  L__getDistanceIR_GP2D120337
  L__getDistanceIR_GP2D120338
  L__getDistanceIR_GP2D120339
  L__getDistanceIR_GP2D120340
  L__getDistanceIR_GP2D120341
  L__getDistanceIR_GP2D120342
  L__getDistanceIR_GP2D120343
  L__getDistanceIR_GP2D120344
  L__getDistanceIR_GP2D120345
  L__getDistanceIR_GP2D120346
  L__getDistanceIR_GP2D120347
  L__getDistanceIR_GP2D120348
  L__getDistanceIR_GP2D120349
  _updateDistance
  _main
  L__main350
  L__main351
  L__main352
  L_ADC_Get_Sample0
  L_ADC_Get_Sample1
  L_ADC_Read2
  L_ADC_Read3
  _ADC_Init
  _ADC_Get_Sample
  _ADC_Read
  L_Delay_10us0
  L_Delay_22us1
  L_Delay_50us2
  L_Delay_80us3
  L_Delay_500us4
  L_Delay_5500us5
  L_Delay_1ms6
  L_Delay_5ms7
  L_Delay_8ms8
  L_Delay_100ms9
  L_Delay_10ms10
  L_Delay_1sec11
  L____Boot_Delay4k12
  L____Boot_Delay8k13
  L____Boot_Delay12k14
  L____Boot_Delay16k15
  L____Boot_Delay24k16
  L____Boot_Delay32k17
  L____Boot_Delay48k18
  L____Boot_Delay64k19
  L____Boot_Delay128k20
  L_Delay_Cyc21
  L_Delay_Cyc22
  L_VDelay_ms23
  L_VDelay_ms24
  L_VDelay_ms25
  L_VDelay_Advanced_ms26
  L_VDelay_Advanced_ms27
  L_VDelay_Advanced_ms28
  _Get_Fosc_kHz
  _Delay_1us
  _Delay_10us
  _Delay_22us
  _Delay_50us
  _Delay_80us
  _Delay_500us
  _Delay_5500us
  _Delay_1ms
  _Delay_5ms
  _Delay_8ms
  _Delay_100ms
  _Delay_10ms
  _Delay_1sec
  ____Boot_Delay4k
  ____Boot_Delay8k
  ____Boot_Delay12k
  ____Boot_Delay16k
  ____Boot_Delay24k
  ____Boot_Delay32k
  ____Boot_Delay48k
  ____Boot_Delay64k
  ____Boot_Delay128k
  _Delay_Cyc
  _VDelay_ms
  L__VDelay_ms29
  L__VDelay_ms30
  L__VDelay_ms31
  _VDelay_Advanced_ms
  L__VDelay_Advanced_ms32
  L__VDelay_Advanced_ms33
  L__VDelay_Advanced_ms34
  L_Div_16x16_S0
  L_Div_16x16_S1
  LOOPS3232A
  SADD22LA
  SOK22LA
  SADD22L8
  SOK22L8
  LOOPS3232B
  SADD22LB
  SOK22LB
  SADD22L16
  SOK22L16
  LOOPS3232C
  SADD22LC
  SOK22LC
  SADD22L24
  SOK22L24
  LOOPS3232D
  SADD22LD
  SOK22LD
  SOK22L
  L_Div_32x32_S6
  L_Div_32x32_S7
  L_Div_32x32_S8
  L_Div_32x32_S9
  FXD3232S
  END_ALL
  CA3232S
  C3232SX
  C3232SX1
  C3232S
  C3232S2
  C3232SX4
  C3232SOK
  C3232SX3
  C3232SX2
  avoid_comfrem
  LOOPU3232A
  UADD22LA
  UOK22LA
  UADD22L8
  UOK22L8
  LOOPU3232B
  UADD22LB
  UOK22LB
  UADD22L16
  UOK22L16
  LOOPU3232C
  UADD22LC
  UOK22LC
  UADD22L24
  UOK22L24
  LOOPU3232D
  UADD22LD
  UOK22LD
  UOK22L
  _NEXT
  _EXIT2
  _LOOP
  _EXIT1
  _IF_FIRST
  _IF_SECOND
  _INVERCE_FIRST
  _MULT
  _INBERSE_SECOND
  _EXIT
  _Div_8x8_U
  _Div_16x16_U
  _Div_16x16_S_L
  _Div_16x16_S
  _Div_8x8_S
  _Mul_8x8_S
  _Mul_16x16_U
  _Mul_16x16_S
  _SDIV3232L
  _COMFREM
  _Div_32x32_S
  _Div_32x32_U
  _Mul_32x32_U
  _Mul_32x32_S
  _PWM2_Init
  _PWM2_Set_Duty
  L__PWM2_Set_Duty0
  L__PWM2_Set_Duty1
  L__PWM2_Set_Duty2
  L__PWM2_Set_Duty3
  _PWM2_Start
  _PWM2_Stop
  _PWM1_Init
  _PWM1_Set_Duty
  L__PWM1_Set_Duty4
  L__PWM1_Set_Duty5
  L__PWM1_Set_Duty6
  L__PWM1_Set_Duty7
  _PWM1_Start
  _PWM1_Stop
  _CC2D_Loop1
  _CC2DL_Loop1
  L_longjmp2
  ___CC2D
  ___CC2DW
  _____DoIFC
  _Swap
  _setjmp
  _longjmp
  L_UART1_Init0
  L_UART1_Init1
  L_UART1_Read2
  L_UART1_Write3
  L_UART1_Write4
  L_UART1_Write_Text5
  L_UART1_Write_Text6
  L_UART1_Read_Text7
  L_UART1_Read_Text8
  L_UART1_Read_Text9
  L_UART1_Read_Text10
  L_UART1_Read_Text11
  L_UART1_Read_Text12
  L_UART1_Read_Text13
  L_UART1_Read_Text14
  L_UART1_Read_Text15
  _UART1_Init
  _UART1_Data_Ready
  _UART1_Read
  _UART1_Tx_Idle
  _UART1_Write
  _UART1_Write_Text
  _UART1_Read_Text
  _UART_Set_Active
