;  LST file generated by mikroListExporter - v.2.0 
; Date/Time: 9/12/2012 1:42:40 AM
;----------------------------------------------

;Address Opcode 	ASM
0x0000	0xF002EFCB  	GOTO        1430
0x0004	0x0000      	NOP
0x0006	0x0000      	NOP
0x0008	0xF000EF00  	GOTO        0
0x000C	0x0000      	NOP
0x000E	0x0000      	NOP
0x0010	0x0000      	NOP
0x0012	0x0000      	NOP
0x0014	0x0000      	NOP
0x0016	0x0000      	NOP
0x0018	0xD7F3      	BRA         0
_Mul_16x16_U:
;__Lib_Math.c,437 :: 		
;__Lib_Math.c,444 :: 		
0x001C	0x6A0B      	CLRF        R11, 0
;__Lib_Math.c,445 :: 		
0x001E	0x6A0A      	CLRF        R10, 0
;__Lib_Math.c,446 :: 		
0x0020	0x6A09      	CLRF        R9, 0
;__Lib_Math.c,447 :: 		
0x0022	0x5000      	MOVF        R0, 0, 0
;__Lib_Math.c,448 :: 		
0x0024	0x0204      	MULWF       R4, 0
;__Lib_Math.c,450 :: 		
0x0026	0xF009CFF4  	MOVFF       PRODH, R9
;__Lib_Math.c,451 :: 		
0x002A	0xF008CFF3  	MOVFF       PRODL, R8
;__Lib_Math.c,452 :: 		
0x002E	0x5001      	MOVF        R1, 0, 0
;__Lib_Math.c,453 :: 		
0x0030	0x0205      	MULWF       R5, 0
;__Lib_Math.c,455 :: 		
0x0032	0xF00BCFF4  	MOVFF       PRODH, R11
;__Lib_Math.c,456 :: 		
0x0036	0xF00ACFF3  	MOVFF       PRODL, R10
;__Lib_Math.c,457 :: 		
0x003A	0x5000      	MOVF        R0, 0, 0
;__Lib_Math.c,458 :: 		
0x003C	0x0205      	MULWF       R5, 0
;__Lib_Math.c,460 :: 		
0x003E	0x50F3      	MOVF        PRODL, 0, 0
;__Lib_Math.c,461 :: 		
0x0040	0x2609      	ADDWF       R9, 1, 0
;__Lib_Math.c,462 :: 		
0x0042	0x50F4      	MOVF        PRODH, 0, 0
;__Lib_Math.c,463 :: 		
0x0044	0x220A      	ADDWFC      R10, 1, 0
;__Lib_Math.c,464 :: 		
0x0046	0x6AE8      	CLRF        WREG, 0
;__Lib_Math.c,465 :: 		
0x0048	0x220B      	ADDWFC      R11, 1, 0
;__Lib_Math.c,466 :: 		
0x004A	0x5001      	MOVF        R1, 0, 0
;__Lib_Math.c,467 :: 		
0x004C	0x0204      	MULWF       R4, 0
;__Lib_Math.c,469 :: 		
0x004E	0x50F3      	MOVF        PRODL, 0, 0
;__Lib_Math.c,470 :: 		
0x0050	0x2609      	ADDWF       R9, 1, 0
;__Lib_Math.c,471 :: 		
0x0052	0x50F4      	MOVF        PRODH, 0, 0
;__Lib_Math.c,472 :: 		
0x0054	0x220A      	ADDWFC      R10, 1, 0
;__Lib_Math.c,473 :: 		
0x0056	0x6AE8      	CLRF        WREG, 0
;__Lib_Math.c,474 :: 		
0x0058	0x220B      	ADDWFC      R11, 1, 0
;__Lib_Math.c,476 :: 		
0x005A	0xF000C008  	MOVFF       R8, R0
;__Lib_Math.c,477 :: 		
0x005E	0xF001C009  	MOVFF       R9, R1
;__Lib_Math.c,478 :: 		
0x0062	0xF002C00A  	MOVFF       R10, R2
;__Lib_Math.c,479 :: 		
0x0066	0xF003C00B  	MOVFF       R11, R3
;__Lib_Math.c,482 :: 		
0x006A	0x0012      	RETURN      0
; end of _Mul_16x16_U
_PWM1_Set_Duty:
;__Lib_PWM_c21.c,43 :: 		
;__Lib_PWM_c21.c,47 :: 		
0x006C	0x50CB      	MOVF        PR2, 0 
0x006E	0x0F01      	ADDLW       1
0x0070	0x6E00      	MOVWF       R0 
0x0072	0x6A01      	CLRF        R1 
0x0074	0x0E00      	MOVLW       0
0x0076	0x2201      	ADDWFC      R1, 1 
0x0078	0xF004C14C  	MOVFF       FARG_PWM1_Set_Duty_new_duty, R4
0x007C	0x0E00      	MOVLW       0
0x007E	0x6E05      	MOVWF       R5 
0x0080	0xDFCD      	RCALL       _Mul_16x16_U
0x0082	0x0E06      	MOVLW       6
0x0084	0x6E02      	MOVWF       R2 
0x0086	0xF004C000  	MOVFF       R0, R4
0x008A	0xF005C001  	MOVFF       R1, R5
0x008E	0x5002      	MOVF        R2, 0 
L__PWM1_Set_Duty4:
0x0090	0xE005      	BZ          L__PWM1_Set_Duty5
0x0092	0x3205      	RRCF        R5, 1 
0x0094	0x3204      	RRCF        R4, 1 
0x0096	0x9E05      	BCF         R5, 7 
0x0098	0x0FFF      	ADDLW       255
0x009A	0xD7FA      	BRA         L__PWM1_Set_Duty4
L__PWM1_Set_Duty5:
;__Lib_PWM_c21.c,48 :: 		
0x009C	0x0E04      	MOVLW       4
0x009E	0x6E01      	MOVWF       R1 
0x00A0	0xF000C004  	MOVFF       R4, R0
0x00A4	0x5001      	MOVF        R1, 0 
L__PWM1_Set_Duty6:
0x00A6	0xE004      	BZ          L__PWM1_Set_Duty7
0x00A8	0x3600      	RLCF        R0, 1 
0x00AA	0x9000      	BCF         R0, 0 
0x00AC	0x0FFF      	ADDLW       255
0x00AE	0xD7FB      	BRA         L__PWM1_Set_Duty6
L__PWM1_Set_Duty7:
0x00B0	0x0E30      	MOVLW       48
0x00B2	0x1400      	ANDWF       R0, 0 
0x00B4	0x6E03      	MOVWF       R3 
;__Lib_PWM_c21.c,49 :: 		
0x00B6	0xF000C004  	MOVFF       R4, R0
0x00BA	0xF001C005  	MOVFF       R5, R1
0x00BE	0x3201      	RRCF        R1, 1 
0x00C0	0x3200      	RRCF        R0, 1 
0x00C2	0x9E01      	BCF         R1, 7 
0x00C4	0x3201      	RRCF        R1, 1 
0x00C6	0x3200      	RRCF        R0, 1 
0x00C8	0x9E01      	BCF         R1, 7 
0x00CA	0xFFBEC000  	MOVFF       R0, CCPR1L
;__Lib_PWM_c21.c,50 :: 		
0x00CE	0x0E0F      	MOVLW       15
0x00D0	0x16BD      	ANDWF       CCP1CON, 1 
;__Lib_PWM_c21.c,51 :: 		
0x00D2	0x5003      	MOVF        R3, 0 
0x00D4	0x12BD      	IORWF       CCP1CON, 1 
;__Lib_PWM_c21.c,52 :: 		
0x00D6	0x0012      	RETURN      0
; end of _PWM1_Set_Duty
_PWM2_Set_Duty:
;__Lib_PWM_c21.c,8 :: 		
;__Lib_PWM_c21.c,12 :: 		
0x00D8	0x50CB      	MOVF        PR2, 0 
0x00DA	0x0F01      	ADDLW       1
0x00DC	0x6E00      	MOVWF       R0 
0x00DE	0x6A01      	CLRF        R1 
0x00E0	0x0E00      	MOVLW       0
0x00E2	0x2201      	ADDWFC      R1, 1 
0x00E4	0xF004C14C  	MOVFF       FARG_PWM2_Set_Duty_new_duty, R4
0x00E8	0x0E00      	MOVLW       0
0x00EA	0x6E05      	MOVWF       R5 
0x00EC	0xDF97      	RCALL       _Mul_16x16_U
0x00EE	0x0E06      	MOVLW       6
0x00F0	0x6E02      	MOVWF       R2 
0x00F2	0xF004C000  	MOVFF       R0, R4
0x00F6	0xF005C001  	MOVFF       R1, R5
0x00FA	0x5002      	MOVF        R2, 0 
L__PWM2_Set_Duty0:
0x00FC	0xE005      	BZ          L__PWM2_Set_Duty1
0x00FE	0x3205      	RRCF        R5, 1 
0x0100	0x3204      	RRCF        R4, 1 
0x0102	0x9E05      	BCF         R5, 7 
0x0104	0x0FFF      	ADDLW       255
0x0106	0xD7FA      	BRA         L__PWM2_Set_Duty0
L__PWM2_Set_Duty1:
;__Lib_PWM_c21.c,13 :: 		
0x0108	0x0E04      	MOVLW       4
0x010A	0x6E01      	MOVWF       R1 
0x010C	0xF000C004  	MOVFF       R4, R0
0x0110	0x5001      	MOVF        R1, 0 
L__PWM2_Set_Duty2:
0x0112	0xE004      	BZ          L__PWM2_Set_Duty3
0x0114	0x3600      	RLCF        R0, 1 
0x0116	0x9000      	BCF         R0, 0 
0x0118	0x0FFF      	ADDLW       255
0x011A	0xD7FB      	BRA         L__PWM2_Set_Duty2
L__PWM2_Set_Duty3:
0x011C	0x0E30      	MOVLW       48
0x011E	0x1400      	ANDWF       R0, 0 
0x0120	0x6E03      	MOVWF       R3 
;__Lib_PWM_c21.c,14 :: 		
0x0122	0xF000C004  	MOVFF       R4, R0
0x0126	0xF001C005  	MOVFF       R5, R1
0x012A	0x3201      	RRCF        R1, 1 
0x012C	0x3200      	RRCF        R0, 1 
0x012E	0x9E01      	BCF         R1, 7 
0x0130	0x3201      	RRCF        R1, 1 
0x0132	0x3200      	RRCF        R0, 1 
0x0134	0x9E01      	BCF         R1, 7 
0x0136	0xFFBBC000  	MOVFF       R0, CCPR2L
;__Lib_PWM_c21.c,15 :: 		
0x013A	0x0E0F      	MOVLW       15
0x013C	0x16BA      	ANDWF       CCP2CON, 1 
;__Lib_PWM_c21.c,16 :: 		
0x013E	0x5003      	MOVF        R3, 0 
0x0140	0x12BA      	IORWF       CCP2CON, 1 
;__Lib_PWM_c21.c,17 :: 		
0x0142	0x0012      	RETURN      0
; end of _PWM2_Set_Duty
_Div_16x16_S_L:
;__Lib_Math.c,139 :: 		
;__Lib_Math.c,146 :: 		
0x0144	0x3401      	RLCF        R1, 0, 0
;__Lib_Math.c,147 :: 		
0x0146	0x3608      	RLCF        R8, 1, 0
;__Lib_Math.c,148 :: 		
0x0148	0x3609      	RLCF        R9, 1, 0
;__Lib_Math.c,149 :: 		
0x014A	0x5004      	MOVF        R4, 0, 0
;__Lib_Math.c,150 :: 		
0x014C	0x5E08      	SUBWF       R8, 1, 0
;__Lib_Math.c,151 :: 		
0x014E	0x5005      	MOVF        R5, 0, 0
;__Lib_Math.c,152 :: 		
0x0150	0xA0D8      	BTFSS       STATUS, 0, 0
;__Lib_Math.c,153 :: 		
0x0152	0x3C05      	INCFSZ      R5, 0, 0
;__Lib_Math.c,154 :: 		
0x0154	0x5E09      	SUBWF       R9, 1, 0
;__Lib_Math.c,155 :: 		
0x0156	0x3600      	RLCF        R0, 1, 0
;__Lib_Math.c,156 :: 		
0x0158	0x3601      	RLCF        R1, 1, 0
;__Lib_Math.c,158 :: 		
0x015A	0x0E0F      	MOVLW       15
;__Lib_Math.c,159 :: 		
0x015C	0x6E0C      	MOVWF       R12, 0
;__Lib_Math.c,161 :: 		
0x015E	0x3401      	RLCF        R1, 0, 0
;__Lib_Math.c,162 :: 		
0x0160	0x3608      	RLCF        R8, 1, 0
;__Lib_Math.c,163 :: 		
0x0162	0x3609      	RLCF        R9, 1, 0
;__Lib_Math.c,164 :: 		
0x0164	0x5004      	MOVF        R4, 0, 0
;__Lib_Math.c,166 :: 		
0x0166	0xA000      	BTFSS       R0, 0, 0
;__Lib_Math.c,167 :: 		
0x0168	0xD006      	BRA         $+14
;__Lib_Math.c,168 :: 		
0x016A	0x5E08      	SUBWF       R8, 1, 0
;__Lib_Math.c,169 :: 		
0x016C	0x5005      	MOVF        R5, 0, 0
;__Lib_Math.c,170 :: 		
0x016E	0xA0D8      	BTFSS       STATUS, 0, 0
;__Lib_Math.c,171 :: 		
0x0170	0x3C05      	INCFSZ      R5, 0, 0
;__Lib_Math.c,172 :: 		
0x0172	0x5E09      	SUBWF       R9, 1, 0
;__Lib_Math.c,173 :: 		
0x0174	0xD005      	BRA         $+12
;__Lib_Math.c,175 :: 		
0x0176	0x2608      	ADDWF       R8, 1, 0
;__Lib_Math.c,176 :: 		
0x0178	0x5005      	MOVF        R5, 0, 0
;__Lib_Math.c,177 :: 		
0x017A	0xB0D8      	BTFSC       STATUS, 0, 0
;__Lib_Math.c,178 :: 		
0x017C	0x3C05      	INCFSZ      R5, 0, 0
;__Lib_Math.c,179 :: 		
0x017E	0x2609      	ADDWF       R9, 1, 0
;__Lib_Math.c,181 :: 		
0x0180	0x3600      	RLCF        R0, 1, 0
;__Lib_Math.c,182 :: 		
0x0182	0x3601      	RLCF        R1, 1, 0
;__Lib_Math.c,184 :: 		
0x0184	0x2E0C      	DECFSZ      R12, 1, 0
;__Lib_Math.c,185 :: 		
0x0186	0xD7EB      	BRA         $-40
;__Lib_Math.c,187 :: 		
0x0188	0xB000      	BTFSC       R0, 0, 0
;__Lib_Math.c,188 :: 		
0x018A	0xD006      	BRA         $+14
;__Lib_Math.c,189 :: 		
0x018C	0x5004      	MOVF        R4, 0, 0
;__Lib_Math.c,190 :: 		
0x018E	0x2608      	ADDWF       R8, 1, 0
;__Lib_Math.c,191 :: 		
0x0190	0x5005      	MOVF        R5, 0, 0
;__Lib_Math.c,192 :: 		
0x0192	0xB0D8      	BTFSC       STATUS, 0, 0
;__Lib_Math.c,193 :: 		
0x0194	0x3C05      	INCFSZ      R5, 0, 0
;__Lib_Math.c,194 :: 		
0x0196	0x2609      	ADDWF       R9, 1, 0
;__Lib_Math.c,195 :: 		
0x0198	0x0000      	NOP
;__Lib_Math.c,197 :: 		
0x019A	0x0012      	RETURN      0
; end of _Div_16x16_S_L
_UART1_Write:
;__Lib_UART_c67.c,58 :: 		
;__Lib_UART_c67.c,59 :: 		
L_UART1_Write3:
0x019C	0xB2AC      	BTFSC       TXSTA, 1 
0x019E	0xD002      	BRA         L_UART1_Write4
;__Lib_UART_c67.c,60 :: 		
0x01A0	0x0000      	NOP
0x01A2	0xD7FC      	BRA         L_UART1_Write3
L_UART1_Write4:
;__Lib_UART_c67.c,61 :: 		
0x01A4	0xFFADC14A  	MOVFF       FARG_UART1_Write_data_, TXREG
;__Lib_UART_c67.c,62 :: 		
0x01A8	0x0012      	RETURN      0
; end of _UART1_Write
_Div_16x16_S:
;__Lib_Math.c,200 :: 		
;__Lib_Math.c,208 :: 		
0x01AA	0x5004      	MOVF        R4, 0 
0x01AC	0x0A00      	XORLW       0
0x01AE	0xE108      	BNZ         L_Div_16x16_S0
;__Lib_Math.c,209 :: 		
0x01B0	0x5005      	MOVF        R5, 0 
0x01B2	0x0A00      	XORLW       0
0x01B4	0xE105      	BNZ         L_Div_16x16_S1
;__Lib_Math.c,210 :: 		
0x01B6	0x0EFF      	MOVLW       255
0x01B8	0x6E00      	MOVWF       R0 
;__Lib_Math.c,211 :: 		
0x01BA	0x0E7F      	MOVLW       127
0x01BC	0x6E01      	MOVWF       R1 
;__Lib_Math.c,212 :: 		
0x01BE	0x0012      	RETURN      0
;__Lib_Math.c,213 :: 		
L_Div_16x16_S1:
L_Div_16x16_S0:
;__Lib_Math.c,216 :: 		
0x01C0	0x6A0D      	CLRF        R13, 0
;__Lib_Math.c,217 :: 		
0x01C2	0x6A09      	CLRF        R9, 0
;__Lib_Math.c,218 :: 		
0x01C4	0x6A08      	CLRF        R8, 0
;__Lib_Math.c,219 :: 		
0x01C6	0x5001      	MOVF        R1, 0, 0
;__Lib_Math.c,220 :: 		
0x01C8	0x1000      	IORWF       R0, 0, 0
;__Lib_Math.c,221 :: 		
0x01CA	0xB4D8      	BTFSC       STATUS, 2, 0
;__Lib_Math.c,222 :: 		
0x01CC	0x0C00      	RETLW       0
;__Lib_Math.c,224 :: 		
0x01CE	0x5001      	MOVF        R1, 0, 0
;__Lib_Math.c,225 :: 		
0x01D0	0x1805      	XORWF       R5, 0, 0
;__Lib_Math.c,226 :: 		
0x01D2	0x6E0A      	MOVWF       R10, 0
;__Lib_Math.c,227 :: 		
0x01D4	0xBE0A      	BTFSC       R10, 7, 0
;__Lib_Math.c,228 :: 		
0x01D6	0x1E0D      	COMF        R13, 1, 0
;__Lib_Math.c,230 :: 		
0x01D8	0x6A0B      	CLRF        R11, 0
;__Lib_Math.c,232 :: 		
0x01DA	0xAE05      	BTFSS       R5, 7, 0
;__Lib_Math.c,233 :: 		
0x01DC	0xD005      	BRA         $+12
;__Lib_Math.c,235 :: 		
0x01DE	0x1E04      	COMF        R4, 1, 0
;__Lib_Math.c,236 :: 		
0x01E0	0x1E05      	COMF        R5, 1, 0
;__Lib_Math.c,237 :: 		
0x01E2	0x2A04      	INCF        R4, 1, 0
;__Lib_Math.c,238 :: 		
0x01E4	0xB4D8      	BTFSC       STATUS, 2, 0
;__Lib_Math.c,239 :: 		
0x01E6	0x2A05      	INCF        R5, 1, 0
;__Lib_Math.c,241 :: 		
0x01E8	0xAE01      	BTFSS       R1, 7, 0
;__Lib_Math.c,242 :: 		
0x01EA	0xD005      	BRA         $+12
;__Lib_Math.c,244 :: 		
0x01EC	0x1E00      	COMF        R0, 1, 0
;__Lib_Math.c,245 :: 		
0x01EE	0x1E01      	COMF        R1, 1, 0
;__Lib_Math.c,246 :: 		
0x01F0	0x2A00      	INCF        R0, 1, 0
;__Lib_Math.c,247 :: 		
0x01F2	0xB4D8      	BTFSC       STATUS, 2, 0
;__Lib_Math.c,248 :: 		
0x01F4	0x2A01      	INCF        R1, 1, 0
;__Lib_Math.c,250 :: 		
0x01F6	0x5001      	MOVF        R1, 0, 0
;__Lib_Math.c,251 :: 		
0x01F8	0x1005      	IORWF       R5, 0, 0
;__Lib_Math.c,252 :: 		
0x01FA	0x6E0A      	MOVWF       R10, 0
;__Lib_Math.c,253 :: 		
0x01FC	0xBE0A      	BTFSC       R10, 7, 0
;__Lib_Math.c,254 :: 		
0x01FE	0xD010      	BRA         $+34
;__Lib_Math.c,256 :: 		
0x0200	0xDFA1      	RCALL       _Div_16x16_S_L
;__Lib_Math.c,258 :: 		
0x0202	0xB00B      	BTFSC       R11, 0, 0
;__Lib_Math.c,259 :: 		
0x0204	0xD020      	BRA         $+66
;__Lib_Math.c,261 :: 		
0x0206	0xAE0D      	BTFSS       R13, 7, 0
;__Lib_Math.c,262 :: 		
0x0208	0x0C00      	RETLW       0
;__Lib_Math.c,264 :: 		
0x020A	0x1E00      	COMF        R0, 1, 0
;__Lib_Math.c,265 :: 		
0x020C	0x1E01      	COMF        R1, 1, 0
;__Lib_Math.c,266 :: 		
0x020E	0x2A00      	INCF        R0, 1, 0
;__Lib_Math.c,267 :: 		
0x0210	0xB4D8      	BTFSC       STATUS, 2, 0
;__Lib_Math.c,268 :: 		
0x0212	0x2A01      	INCF        R1, 1, 0
;__Lib_Math.c,270 :: 		
0x0214	0x1E08      	COMF        R8, 1, 0
;__Lib_Math.c,271 :: 		
0x0216	0x1E09      	COMF        R9, 1, 0
;__Lib_Math.c,272 :: 		
0x0218	0x2A08      	INCF        R8, 1, 0
;__Lib_Math.c,273 :: 		
0x021A	0xB4D8      	BTFSC       STATUS, 2, 0
;__Lib_Math.c,274 :: 		
0x021C	0x2A09      	INCF        R9, 1, 0
;__Lib_Math.c,276 :: 		
0x021E	0x0C00      	RETLW       0
;__Lib_Math.c,278 :: 		
0x0220	0xAE05      	BTFSS       R5, 7, 0
;__Lib_Math.c,279 :: 		
0x0222	0xD00D      	BRA         $+28
;__Lib_Math.c,280 :: 		
0x0224	0xBE01      	BTFSC       R1, 7, 0
;__Lib_Math.c,281 :: 		
0x0226	0xD007      	BRA         $+16
;__Lib_Math.c,282 :: 		
0x0228	0x5001      	MOVF        R1, 0, 0
;__Lib_Math.c,283 :: 		
0x022A	0x6E09      	MOVWF       R9, 0
;__Lib_Math.c,284 :: 		
0x022C	0x5000      	MOVF        R0, 0, 0
;__Lib_Math.c,285 :: 		
0x022E	0x6E08      	MOVWF       R8, 0
;__Lib_Math.c,286 :: 		
0x0230	0x6A01      	CLRF        R1, 0
;__Lib_Math.c,287 :: 		
0x0232	0x6A00      	CLRF        R0, 0
;__Lib_Math.c,288 :: 		
0x0234	0xD7E8      	BRA         $-46
;__Lib_Math.c,289 :: 		
0x0236	0x6A01      	CLRF        R1, 0
;__Lib_Math.c,290 :: 		
0x0238	0x6A00      	CLRF        R0, 0
;__Lib_Math.c,291 :: 		
0x023A	0x2A00      	INCF        R0, 1, 0
;__Lib_Math.c,292 :: 		
0x023C	0x0C00      	RETLW       0
;__Lib_Math.c,294 :: 		
0x023E	0x1E01      	COMF        R1, 1, 0
;__Lib_Math.c,295 :: 		
0x0240	0x1E00      	COMF        R0, 1, 0
;__Lib_Math.c,296 :: 		
0x0242	0x2A0B      	INCF        R11, 1, 0
;__Lib_Math.c,297 :: 		
0x0244	0xD7DD      	BRA         $-68
;__Lib_Math.c,299 :: 		
0x0246	0x2A08      	INCF        R8, 1, 0
;__Lib_Math.c,300 :: 		
0x0248	0xB4D8      	BTFSC       STATUS, 2, 0
;__Lib_Math.c,301 :: 		
0x024A	0x2A09      	INCF        R9, 1, 0
;__Lib_Math.c,302 :: 		
0x024C	0x5004      	MOVF        R4, 0, 0
;__Lib_Math.c,303 :: 		
0x024E	0x5C08      	SUBWF       R8, 0, 0
;__Lib_Math.c,304 :: 		
0x0250	0xA4D8      	BTFSS       STATUS, 2, 0
;__Lib_Math.c,305 :: 		
0x0252	0xD7D9      	BRA         $-76
;__Lib_Math.c,306 :: 		
0x0254	0x5005      	MOVF        R5, 0, 0
;__Lib_Math.c,307 :: 		
0x0256	0x5C09      	SUBWF       R9, 0, 0
;__Lib_Math.c,308 :: 		
0x0258	0xA4D8      	BTFSS       STATUS, 2, 0
;__Lib_Math.c,309 :: 		
0x025A	0xD7D5      	BRA         $-84
;__Lib_Math.c,310 :: 		
0x025C	0x6A09      	CLRF        R9, 0
;__Lib_Math.c,311 :: 		
0x025E	0x6A08      	CLRF        R8, 0
;__Lib_Math.c,312 :: 		
0x0260	0x2A00      	INCF        R0, 1, 0
;__Lib_Math.c,313 :: 		
0x0262	0xB4D8      	BTFSC       STATUS, 2, 0
;__Lib_Math.c,314 :: 		
0x0264	0x2A01      	INCF        R1, 1, 0
;__Lib_Math.c,315 :: 		
0x0266	0xAE01      	BTFSS       R1, 7, 0
;__Lib_Math.c,316 :: 		
0x0268	0xD7CE      	BRA         $-98
;__Lib_Math.c,317 :: 		
0x026A	0x0000      	NOP
;__Lib_Math.c,318 :: 		
0x026C	0x0CFF      	RETLW       255
;__Lib_Math.c,320 :: 		
0x026E	0x0012      	RETURN      0
; end of _Div_16x16_S
_motorLeft_foward:
;motion.h,32 :: 		void motorLeft_foward(int pwm){
;motion.h,33 :: 		Motor_Left_Forward = 1;
0x0270	0x8483      	BSF         PORTD, 2 
;motion.h,34 :: 		Motor_Left_Reverse = 0;
0x0272	0x9683      	BCF         PORTD, 3 
;motion.h,35 :: 		PWM2_Set_Duty(pwm);
0x0274	0xF14CC14A  	MOVFF       FARG_motorLeft_foward_pwm, FARG_PWM2_Set_Duty_new_duty
0x0278	0xDF2F      	RCALL       _PWM2_Set_Duty
;motion.h,36 :: 		}
0x027A	0x0012      	RETURN      0
; end of _motorLeft_foward
_motorLeft_stop:
;motion.h,56 :: 		void motorLeft_stop(){
;motion.h,57 :: 		Motor_Left_Forward = 1;
0x027C	0x8483      	BSF         PORTD, 2 
;motion.h,58 :: 		Motor_Left_Reverse = 1;
0x027E	0x8683      	BSF         PORTD, 3 
;motion.h,59 :: 		}
0x0280	0x0012      	RETURN      0
; end of _motorLeft_stop
_motorRight_stop:
;motion.h,61 :: 		void motorRight_stop(){
;motion.h,62 :: 		Motor_Right_Forward = 1;
0x0282	0x8882      	BSF         PORTC, 4 
;motion.h,63 :: 		Motor_Right_Reverse = 1;
0x0284	0x8A82      	BSF         PORTC, 5 
;motion.h,64 :: 		}
0x0286	0x0012      	RETURN      0
; end of _motorRight_stop
_motorRight_foward:
;motion.h,38 :: 		void motorRight_foward(int pwm){
;motion.h,39 :: 		Motor_Right_Forward = 1;
0x0288	0x8882      	BSF         PORTC, 4 
;motion.h,40 :: 		Motor_Right_Reverse = 0;
0x028A	0x9A82      	BCF         PORTC, 5 
;motion.h,41 :: 		PWM1_Set_Duty(pwm);
0x028C	0xF14CC14A  	MOVFF       FARG_motorRight_foward_pwm, FARG_PWM1_Set_Duty_new_duty
0x0290	0xDEED      	RCALL       _PWM1_Set_Duty
;motion.h,42 :: 		}
0x0292	0x0012      	RETURN      0
; end of _motorRight_foward
_PWM2_Start:
;__Lib_PWM_c21.c,19 :: 		
;__Lib_PWM_c21.c,20 :: 		
0x0294	0x9294      	BCF         TRISC1_bit, 1 
;__Lib_PWM_c21.c,21 :: 		
0x0296	0x84CA      	BSF         T2CON, 2 
;__Lib_PWM_c21.c,22 :: 		
0x0298	0x0E0C      	MOVLW       12
0x029A	0x12BA      	IORWF       CCP2CON, 1 
;__Lib_PWM_c21.c,23 :: 		
0x029C	0x0012      	RETURN      0
; end of _PWM2_Start
_moveForward:
;motion.h,66 :: 		void moveForward(int pwmLeft, int pwmRight){
;motion.h,67 :: 		motorLeft_foward(pwmLeft*205/200);
0x029E	0xF000C146  	MOVFF       FARG_moveForward_pwmLeft, R0
0x02A2	0xF001C147  	MOVFF       FARG_moveForward_pwmLeft+1, R1
0x02A6	0x0ECD      	MOVLW       205
0x02A8	0x6E04      	MOVWF       R4 
0x02AA	0x0E00      	MOVLW       0
0x02AC	0x6E05      	MOVWF       R5 
0x02AE	0xDEB6      	RCALL       _Mul_16x16_U
0x02B0	0x0EC8      	MOVLW       200
0x02B2	0x6E04      	MOVWF       R4 
0x02B4	0x0E00      	MOVLW       0
0x02B6	0x6E05      	MOVWF       R5 
0x02B8	0xDF78      	RCALL       _Div_16x16_S
0x02BA	0xF14AC000  	MOVFF       R0, FARG_motorLeft_foward_pwm
0x02BE	0xF14BC001  	MOVFF       R1, FARG_motorLeft_foward_pwm+1
0x02C2	0xDFD6      	RCALL       _motorLeft_foward
;motion.h,68 :: 		motorRight_foward(pwmRight);
0x02C4	0xF14AC148  	MOVFF       FARG_moveForward_pwmRight, FARG_motorRight_foward_pwm
0x02C8	0xF14BC149  	MOVFF       FARG_moveForward_pwmRight+1, FARG_motorRight_foward_pwm+1
0x02CC	0xDFDD      	RCALL       _motorRight_foward
;motion.h,69 :: 		}
0x02CE	0x0012      	RETURN      0
; end of _moveForward
_UART1_Init:
;__Lib_UART_c67.c,15 :: 		
;__Lib_UART_c67.c,18 :: 		
0x02D0	0x0E9C      	MOVLW       _UART1_Write
0x02D2	0x0101      	MOVLB       1
0x02D4	0x6F14      	MOVWF       _UART_Wr_Ptr, 1
0x02D6	0x0E01      	MOVLW       hi_addr(_UART1_Write)
0x02D8	0x6F15      	MOVWF       _UART_Wr_Ptr+1, 1
0x02DA	0x0E4A      	MOVLW       FARG_UART1_Write_data_
0x02DC	0x6F16      	MOVWF       _UART_Wr_Ptr+2, 1
0x02DE	0x0E01      	MOVLW       hi_addr(FARG_UART1_Write_data_)
0x02E0	0x6F17      	MOVWF       _UART_Wr_Ptr+3, 1
;__Lib_UART_c67.c,19 :: 		
0x02E2	0x0EFF      	MOVLW       _UART1_Read
0x02E4	0x6F20      	MOVWF       _UART_Rd_Ptr, 1
0x02E6	0x0EFF      	MOVLW       hi_addr(_UART1_Read)
0x02E8	0x6F21      	MOVWF       _UART_Rd_Ptr+1, 1
0x02EA	0x0E00      	MOVLW       0
0x02EC	0x6F22      	MOVWF       _UART_Rd_Ptr+2, 1
0x02EE	0x0E00      	MOVLW       0
0x02F0	0x6F23      	MOVWF       _UART_Rd_Ptr+3, 1
;__Lib_UART_c67.c,20 :: 		
0x02F2	0x0EFF      	MOVLW       _UART1_Data_Ready
0x02F4	0x6F1C      	MOVWF       _UART_Rdy_Ptr, 1
0x02F6	0x0EFF      	MOVLW       hi_addr(_UART1_Data_Ready)
0x02F8	0x6F1D      	MOVWF       _UART_Rdy_Ptr+1, 1
0x02FA	0x0E00      	MOVLW       0
0x02FC	0x6F1E      	MOVWF       _UART_Rdy_Ptr+2, 1
0x02FE	0x0E00      	MOVLW       0
0x0300	0x6F1F      	MOVWF       _UART_Rdy_Ptr+3, 1
;__Lib_UART_c67.c,21 :: 		
0x0302	0x0EFF      	MOVLW       _UART1_Tx_Idle
0x0304	0x6F18      	MOVWF       _UART_Tx_Idle_Ptr, 1
0x0306	0x0EFF      	MOVLW       hi_addr(_UART1_Tx_Idle)
0x0308	0x6F19      	MOVWF       _UART_Tx_Idle_Ptr+1, 1
0x030A	0x0E00      	MOVLW       0
0x030C	0x6F1A      	MOVWF       _UART_Tx_Idle_Ptr+2, 1
0x030E	0x0E00      	MOVLW       0
0x0310	0x6F1B      	MOVWF       _UART_Tx_Idle_Ptr+3, 1
;__Lib_UART_c67.c,23 :: 		
0x0312	0x8AAC      	BSF         TXSTA, 5 
;__Lib_UART_c67.c,24 :: 		
0x0314	0x0E90      	MOVLW       144
0x0316	0x6EAB      	MOVWF       RCSTA 
;__Lib_UART_c67.c,25 :: 		
0x0318	0x8E94      	BSF         TRISC7_bit, 7 
;__Lib_UART_c67.c,26 :: 		
0x031A	0x9C94      	BCF         TRISC6_bit, 6 
;__Lib_UART_c67.c,28 :: 		
L_UART1_Init0:
0x031C	0xAA9E      	BTFSS       PIR1, 5 
0x031E	0xD003      	BRA         L_UART1_Init1
;__Lib_UART_c67.c,29 :: 		
0x0320	0xF000CFAE  	MOVFF       RCREG, R0
0x0324	0xD7FB      	BRA         L_UART1_Init0
L_UART1_Init1:
;__Lib_UART_c67.c,30 :: 		
0x0326	0x0012      	RETURN      0
; end of _UART1_Init
_PWM1_Start:
;__Lib_PWM_c21.c,54 :: 		
;__Lib_PWM_c21.c,55 :: 		
0x0328	0x9494      	BCF         TRISC2_bit, 2 
;__Lib_PWM_c21.c,56 :: 		
0x032A	0x84CA      	BSF         T2CON, 2 
;__Lib_PWM_c21.c,57 :: 		
0x032C	0x0E0C      	MOVLW       12
0x032E	0x12BD      	IORWF       CCP1CON, 1 
;__Lib_PWM_c21.c,58 :: 		
0x0330	0x0012      	RETURN      0
; end of _PWM1_Start
_PWM2_Init:
;__Lib_PWM_c21.c,1 :: 		
;__Lib_PWM_c21.c,2 :: 		
;__Lib_PWM_c21.c,3 :: 		
0x0332	0x6ABB      	CLRF        CCPR2L 
;__Lib_PWM_c21.c,4 :: 		
0x0334	0x98BA      	BCF         CCP2CON, 4 
;__Lib_PWM_c21.c,5 :: 		
0x0336	0x9ABA      	BCF         CCP2CON, 5 
;__Lib_PWM_c21.c,6 :: 		
0x0338	0x0012      	RETURN      0
; end of _PWM2_Init
_stop:
;motion.h,96 :: 		void stop(){
;motion.h,97 :: 		motorLeft_stop();
0x033A	0xDFA0      	RCALL       _motorLeft_stop
;motion.h,98 :: 		motorRight_stop();
0x033C	0xDFA2      	RCALL       _motorRight_stop
;motion.h,99 :: 		}
0x033E	0x0012      	RETURN      0
; end of _stop
_UART1_Write_Text:
;__Lib_UART_c67.c,66 :: 		
;__Lib_UART_c67.c,67 :: 		
0x0340	0x0101      	MOVLB       1
0x0342	0x6B49      	CLRF        UART1_Write_Text_counter_L0, 1
;__Lib_UART_c67.c,69 :: 		
0x0344	0xFFE9C146  	MOVFF       FARG_UART1_Write_Text_uart_text, FSR0L
0x0348	0xFFEAC147  	MOVFF       FARG_UART1_Write_Text_uart_text+1, FSR0H
0x034C	0xF148CFEE  	MOVFF       POSTINC0, UART1_Write_Text_data__L0
;__Lib_UART_c67.c,70 :: 		
L_UART1_Write_Text5:
0x0350	0x5148      	MOVF        UART1_Write_Text_data__L0, 0, 1
0x0352	0x0A00      	XORLW       0
0x0354	0xE00E      	BZ          L_UART1_Write_Text6
;__Lib_UART_c67.c,71 :: 		
0x0356	0xF14AC148  	MOVFF       UART1_Write_Text_data__L0, FARG_UART1_Write_data_
0x035A	0xDF20      	RCALL       _UART1_Write
;__Lib_UART_c67.c,72 :: 		
0x035C	0x0101      	MOVLB       1
0x035E	0x2B49      	INCF        UART1_Write_Text_counter_L0, 1, 1
;__Lib_UART_c67.c,73 :: 		
0x0360	0x5149      	MOVF        UART1_Write_Text_counter_L0, 0, 1
0x0362	0x2546      	ADDWF       FARG_UART1_Write_Text_uart_text, 0, 1
0x0364	0x6EE9      	MOVWF       FSR0L 
0x0366	0x0E00      	MOVLW       0
0x0368	0x2147      	ADDWFC      FARG_UART1_Write_Text_uart_text+1, 0, 1
0x036A	0x6EEA      	MOVWF       FSR0H 
0x036C	0xF148CFEE  	MOVFF       POSTINC0, UART1_Write_Text_data__L0
;__Lib_UART_c67.c,74 :: 		
0x0370	0xD7EF      	BRA         L_UART1_Write_Text5
L_UART1_Write_Text6:
;__Lib_UART_c67.c,75 :: 		
0x0372	0x0012      	RETURN      0
; end of _UART1_Write_Text
_PWM1_Init:
;__Lib_PWM_c21.c,36 :: 		
;__Lib_PWM_c21.c,37 :: 		
;__Lib_PWM_c21.c,38 :: 		
0x0374	0x6ABE      	CLRF        CCPR1L 
;__Lib_PWM_c21.c,39 :: 		
0x0376	0x98BD      	BCF         CCP1CON, 4 
;__Lib_PWM_c21.c,40 :: 		
0x0378	0x9ABD      	BCF         CCP1CON, 5 
;__Lib_PWM_c21.c,41 :: 		
0x037A	0x0012      	RETURN      0
; end of _PWM1_Init
_configure:
;configuration.h,10 :: 		void configure(){
;configuration.h,13 :: 		TRISA = 0b11111111;
0x037C	0x0EFF      	MOVLW       255
0x037E	0x6E92      	MOVWF       TRISA 
;configuration.h,14 :: 		TRISB = 0b11111111;
0x0380	0x0EFF      	MOVLW       255
0x0382	0x6E93      	MOVWF       TRISB 
;configuration.h,15 :: 		TRISC = 0b00000000;
0x0384	0x6A94      	CLRF        TRISC 
;configuration.h,16 :: 		TRISD = 0b11110010;
0x0386	0x0EF2      	MOVLW       242
0x0388	0x6E95      	MOVWF       TRISD 
;configuration.h,19 :: 		PORTA = 0;
0x038A	0x6A80      	CLRF        PORTA 
;configuration.h,20 :: 		PORTB = 0;
0x038C	0x6A81      	CLRF        PORTB 
;configuration.h,21 :: 		PORTC = 0;
0x038E	0x6A82      	CLRF        PORTC 
;configuration.h,22 :: 		PORTD = 0;
0x0390	0x6A83      	CLRF        PORTD 
;configuration.h,25 :: 		PWM1_Init(5000);
0x0392	0x80CA      	BSF         T2CON, 0, 0
0x0394	0x92CA      	BCF         T2CON, 1, 0
0x0396	0x0EF9      	MOVLW       249
0x0398	0x6ECB      	MOVWF       PR2, 0
0x039A	0xDFEC      	RCALL       _PWM1_Init
;configuration.h,26 :: 		PWM2_Init(5000);
0x039C	0x80CA      	BSF         T2CON, 0, 0
0x039E	0x92CA      	BCF         T2CON, 1, 0
0x03A0	0x0EF9      	MOVLW       249
0x03A2	0x6ECB      	MOVWF       PR2, 0
0x03A4	0xDFC6      	RCALL       _PWM2_Init
;configuration.h,27 :: 		PWM1_Start();
0x03A6	0xDFC0      	RCALL       _PWM1_Start
;configuration.h,28 :: 		PWM2_Start();
0x03A8	0xDF75      	RCALL       _PWM2_Start
;configuration.h,29 :: 		UART1_Init(9600);
0x03AA	0x0E81      	MOVLW       129
0x03AC	0x6EAF      	MOVWF       SPBRG 
0x03AE	0x84AC      	BSF         TXSTA, 2, 0
0x03B0	0xDF8F      	RCALL       _UART1_Init
;configuration.h,37 :: 		ADCON0 = 0b11000001;
0x03B2	0x0EC1      	MOVLW       193
0x03B4	0x6EC2      	MOVWF       ADCON0 
;configuration.h,38 :: 		ADCON1 = 0b00000000;
0x03B6	0x6AC1      	CLRF        ADCON1 
;configuration.h,46 :: 		LEVEL = 0;
0x03B8	0x0101      	MOVLB       1
0x03BA	0x6B0A      	CLRF        _LEVEL, 1
0x03BC	0x6B0B      	CLRF        _LEVEL+1, 1
;configuration.h,47 :: 		LEVEL1_STATE  = NOT_REACHED;
0x03BE	0x6B08      	CLRF        _LEVEL1_STATE, 1
0x03C0	0x6B09      	CLRF        _LEVEL1_STATE+1, 1
;configuration.h,48 :: 		LEVEL2_STATE  = NOT_REACHED;
0x03C2	0x6B06      	CLRF        _LEVEL2_STATE, 1
0x03C4	0x6B07      	CLRF        _LEVEL2_STATE+1, 1
;configuration.h,49 :: 		LEVEL3_STATE  = NOT_REACHED;
0x03C6	0x6B10      	CLRF        _LEVEL3_STATE, 1
0x03C8	0x6B11      	CLRF        _LEVEL3_STATE+1, 1
;configuration.h,51 :: 		SLOW_PWM = 180;
0x03CA	0x0EB4      	MOVLW       180
0x03CC	0x6F0E      	MOVWF       _SLOW_PWM, 1
0x03CE	0x0E00      	MOVLW       0
0x03D0	0x6F0F      	MOVWF       _SLOW_PWM+1, 1
;configuration.h,52 :: 		MID_PWM = 220;
0x03D2	0x0EDC      	MOVLW       220
0x03D4	0x6F0C      	MOVWF       _MID_PWM, 1
0x03D6	0x0E00      	MOVLW       0
0x03D8	0x6F0D      	MOVWF       _MID_PWM+1, 1
;configuration.h,53 :: 		FAST_PWM = 220;
0x03DA	0x0EDC      	MOVLW       220
0x03DC	0x6F24      	MOVWF       _FAST_PWM, 1
0x03DE	0x0E00      	MOVLW       0
0x03E0	0x6F25      	MOVWF       _FAST_PWM+1, 1
;configuration.h,62 :: 		}
0x03E2	0x0012      	RETURN      0
; end of _configure
___CC2DW:
;__Lib_System.c,21 :: 		
;__Lib_System.c,23 :: 		
_CC2DL_Loop1:
;__Lib_System.c,24 :: 		
0x03E4	0x0009      	TBLRD*+
;__Lib_System.c,25 :: 		
0x03E6	0xFFE6CFF5  	MOVFF       TABLAT, POSTINC1
;__Lib_System.c,26 :: 		
0x03EA	0x0600      	DECF        R0, 1, 0
;__Lib_System.c,27 :: 		
0x03EC	0xE1FB      	BNZ         _CC2DL_Loop1
;__Lib_System.c,28 :: 		
0x03EE	0x0601      	DECF        R1, 1, 0
;__Lib_System.c,29 :: 		
0x03F0	0xE1F9      	BNZ         _CC2DL_Loop1
;__Lib_System.c,31 :: 		
0x03F2	0x0012      	RETURN      0
; end of ___CC2DW
_testPIC:
;debug.h,109 :: 		void testPIC(){
;debug.h,110 :: 		moveForward(200,200);
0x03F4	0x0EC8      	MOVLW       200
0x03F6	0x0101      	MOVLB       1
0x03F8	0x6F46      	MOVWF       FARG_moveForward_pwmLeft, 1
0x03FA	0x0E00      	MOVLW       0
0x03FC	0x6F47      	MOVWF       FARG_moveForward_pwmLeft+1, 1
0x03FE	0x0EC8      	MOVLW       200
0x0400	0x6F48      	MOVWF       FARG_moveForward_pwmRight, 1
0x0402	0x0E00      	MOVLW       0
0x0404	0x6F49      	MOVWF       FARG_moveForward_pwmRight+1, 1
0x0406	0xDF4B      	RCALL       _moveForward
;debug.h,111 :: 		debugText = "move Forward  ";
0x0408	0x0E1F      	MOVLW       ?lstr23_Main_324.0V
0x040A	0x6E2E      	MOVWF       _debugText 
0x040C	0x0E00      	MOVLW       hi_addr(?lstr23_Main_324.0V)
0x040E	0x6E2F      	MOVWF       _debugText+1 
;debug.h,112 :: 		UART1_Write_Text(debugText);
0x0410	0xF146C02E  	MOVFF       _debugText, FARG_UART1_Write_Text_uart_text
0x0414	0xF147C02F  	MOVFF       _debugText+1, FARG_UART1_Write_Text_uart_text+1
0x0418	0xDF93      	RCALL       _UART1_Write_Text
;debug.h,113 :: 		delay_ms(5000);
0x041A	0x0E7F      	MOVLW       127
0x041C	0x6E0B      	MOVWF       R11, 0
0x041E	0x0ED4      	MOVLW       212
0x0420	0x6E0C      	MOVWF       R12, 0
0x0422	0x0E31      	MOVLW       49
0x0424	0x6E0D      	MOVWF       R13, 0
L_testPIC60:
0x0426	0x2E0D      	DECFSZ      R13, 1, 0
0x0428	0xD7FE      	BRA         L_testPIC60
0x042A	0x2E0C      	DECFSZ      R12, 1, 0
0x042C	0xD7FC      	BRA         L_testPIC60
0x042E	0x2E0B      	DECFSZ      R11, 1, 0
0x0430	0xD7FA      	BRA         L_testPIC60
0x0432	0x0000      	NOP
0x0434	0x0000      	NOP
;debug.h,115 :: 		motorRight_foward(255);
0x0436	0x0EFF      	MOVLW       255
0x0438	0x6F4A      	MOVWF       FARG_motorRight_foward_pwm, 1
0x043A	0x0E00      	MOVLW       0
0x043C	0x6F4B      	MOVWF       FARG_motorRight_foward_pwm+1, 1
0x043E	0xDF24      	RCALL       _motorRight_foward
;debug.h,116 :: 		debugText = "turn Left";
0x0440	0x0E15      	MOVLW       ?lstr24_Main_324.0V
0x0442	0x6E2E      	MOVWF       _debugText 
0x0444	0x0E00      	MOVLW       hi_addr(?lstr24_Main_324.0V)
0x0446	0x6E2F      	MOVWF       _debugText+1 
;debug.h,117 :: 		UART1_Write_Text(debugText);
0x0448	0xF146C02E  	MOVFF       _debugText, FARG_UART1_Write_Text_uart_text
0x044C	0xF147C02F  	MOVFF       _debugText+1, FARG_UART1_Write_Text_uart_text+1
0x0450	0xDF77      	RCALL       _UART1_Write_Text
;debug.h,118 :: 		motorLeft_stop();
0x0452	0xDF14      	RCALL       _motorLeft_stop
;debug.h,119 :: 		delay_ms(5000);
0x0454	0x0E7F      	MOVLW       127
0x0456	0x6E0B      	MOVWF       R11, 0
0x0458	0x0ED4      	MOVLW       212
0x045A	0x6E0C      	MOVWF       R12, 0
0x045C	0x0E31      	MOVLW       49
0x045E	0x6E0D      	MOVWF       R13, 0
L_testPIC61:
0x0460	0x2E0D      	DECFSZ      R13, 1, 0
0x0462	0xD7FE      	BRA         L_testPIC61
0x0464	0x2E0C      	DECFSZ      R12, 1, 0
0x0466	0xD7FC      	BRA         L_testPIC61
0x0468	0x2E0B      	DECFSZ      R11, 1, 0
0x046A	0xD7FA      	BRA         L_testPIC61
0x046C	0x0000      	NOP
0x046E	0x0000      	NOP
;debug.h,121 :: 		motorLeft_foward(255);
0x0470	0x0EFF      	MOVLW       255
0x0472	0x6F4A      	MOVWF       FARG_motorLeft_foward_pwm, 1
0x0474	0x0E00      	MOVLW       0
0x0476	0x6F4B      	MOVWF       FARG_motorLeft_foward_pwm+1, 1
0x0478	0xDEFB      	RCALL       _motorLeft_foward
;debug.h,122 :: 		debugText = "turn Right";
0x047A	0x0E50      	MOVLW       ?lstr25_Main_324.0V
0x047C	0x6E2E      	MOVWF       _debugText 
0x047E	0x0E00      	MOVLW       hi_addr(?lstr25_Main_324.0V)
0x0480	0x6E2F      	MOVWF       _debugText+1 
;debug.h,123 :: 		UART1_Write_Text(debugText);
0x0482	0xF146C02E  	MOVFF       _debugText, FARG_UART1_Write_Text_uart_text
0x0486	0xF147C02F  	MOVFF       _debugText+1, FARG_UART1_Write_Text_uart_text+1
0x048A	0xDF5A      	RCALL       _UART1_Write_Text
;debug.h,124 :: 		motorRight_stop();
0x048C	0xDEFA      	RCALL       _motorRight_stop
;debug.h,125 :: 		delay_ms(5000);
0x048E	0x0E7F      	MOVLW       127
0x0490	0x6E0B      	MOVWF       R11, 0
0x0492	0x0ED4      	MOVLW       212
0x0494	0x6E0C      	MOVWF       R12, 0
0x0496	0x0E31      	MOVLW       49
0x0498	0x6E0D      	MOVWF       R13, 0
L_testPIC62:
0x049A	0x2E0D      	DECFSZ      R13, 1, 0
0x049C	0xD7FE      	BRA         L_testPIC62
0x049E	0x2E0C      	DECFSZ      R12, 1, 0
0x04A0	0xD7FC      	BRA         L_testPIC62
0x04A2	0x2E0B      	DECFSZ      R11, 1, 0
0x04A4	0xD7FA      	BRA         L_testPIC62
0x04A6	0x0000      	NOP
0x04A8	0x0000      	NOP
;debug.h,127 :: 		stop();
0x04AA	0xDF47      	RCALL       _stop
;debug.h,128 :: 		debugText = "Stopping..   ";
0x04AC	0x0E42      	MOVLW       ?lstr26_Main_324.0V
0x04AE	0x6E2E      	MOVWF       _debugText 
0x04B0	0x0E00      	MOVLW       hi_addr(?lstr26_Main_324.0V)
0x04B2	0x6E2F      	MOVWF       _debugText+1 
;debug.h,129 :: 		UART1_Write_Text(debugText);
0x04B4	0xF146C02E  	MOVFF       _debugText, FARG_UART1_Write_Text_uart_text
0x04B8	0xF147C02F  	MOVFF       _debugText+1, FARG_UART1_Write_Text_uart_text+1
0x04BC	0xDF41      	RCALL       _UART1_Write_Text
;debug.h,131 :: 		debugText = "Decrease PWM..   ";
0x04BE	0x0E30      	MOVLW       ?lstr27_Main_324.0V
0x04C0	0x6E2E      	MOVWF       _debugText 
0x04C2	0x0E00      	MOVLW       hi_addr(?lstr27_Main_324.0V)
0x04C4	0x6E2F      	MOVWF       _debugText+1 
;debug.h,132 :: 		UART1_Write_Text(debugText);
0x04C6	0xF146C02E  	MOVFF       _debugText, FARG_UART1_Write_Text_uart_text
0x04CA	0xF147C02F  	MOVFF       _debugText+1, FARG_UART1_Write_Text_uart_text+1
0x04CE	0xDF38      	RCALL       _UART1_Write_Text
;debug.h,134 :: 		for( count=255; count>0; count--){
0x04D0	0x0EFF      	MOVLW       255
0x04D2	0x6F12      	MOVWF       _count, 1
0x04D4	0x0E00      	MOVLW       0
0x04D6	0x6F13      	MOVWF       _count+1, 1
L_testPIC63:
0x04D8	0x0E80      	MOVLW       128
0x04DA	0x6E00      	MOVWF       R0 
0x04DC	0x0E80      	MOVLW       128
0x04DE	0x1913      	XORWF       _count+1, 0, 1
0x04E0	0x5C00      	SUBWF       R0, 0 
0x04E2	0xE102      	BNZ         L__testPIC738
0x04E4	0x5112      	MOVF        _count, 0, 1
0x04E6	0x0800      	SUBLW       0
L__testPIC738:
0x04E8	0xE21D      	BC          L_testPIC64
;debug.h,135 :: 		moveForward(count,count);
0x04EA	0xF146C112  	MOVFF       _count, FARG_moveForward_pwmLeft
0x04EE	0xF147C113  	MOVFF       _count+1, FARG_moveForward_pwmLeft+1
0x04F2	0xF148C112  	MOVFF       _count, FARG_moveForward_pwmRight
0x04F6	0xF149C113  	MOVFF       _count+1, FARG_moveForward_pwmRight+1
0x04FA	0xDED1      	RCALL       _moveForward
;debug.h,136 :: 		delay_ms(100);
0x04FC	0x0E03      	MOVLW       3
0x04FE	0x6E0B      	MOVWF       R11, 0
0x0500	0x0E8A      	MOVLW       138
0x0502	0x6E0C      	MOVWF       R12, 0
0x0504	0x0E55      	MOVLW       85
0x0506	0x6E0D      	MOVWF       R13, 0
L_testPIC66:
0x0508	0x2E0D      	DECFSZ      R13, 1, 0
0x050A	0xD7FE      	BRA         L_testPIC66
0x050C	0x2E0C      	DECFSZ      R12, 1, 0
0x050E	0xD7FC      	BRA         L_testPIC66
0x0510	0x2E0B      	DECFSZ      R11, 1, 0
0x0512	0xD7FA      	BRA         L_testPIC66
0x0514	0x0000      	NOP
0x0516	0x0000      	NOP
;debug.h,134 :: 		for( count=255; count>0; count--){
0x0518	0x0E01      	MOVLW       1
0x051A	0x0101      	MOVLB       1
0x051C	0x5F12      	SUBWF       _count, 1, 1
0x051E	0x0E00      	MOVLW       0
0x0520	0x5B13      	SUBWFB      _count+1, 1, 1
;debug.h,139 :: 		}
0x0522	0xD7DA      	BRA         L_testPIC63
L_testPIC64:
;debug.h,140 :: 		}
0x0524	0x0012      	RETURN      0
; end of _testPIC
_sendText:
;debug.h,105 :: 		void sendText(char* aText){
;debug.h,106 :: 		UART1_Write_Text(aText);
0x0526	0xF146C144  	MOVFF       FARG_sendText_aText, FARG_UART1_Write_Text_uart_text
0x052A	0xF147C145  	MOVFF       FARG_sendText_aText+1, FARG_UART1_Write_Text_uart_text+1
0x052E	0xDF08      	RCALL       _UART1_Write_Text
;debug.h,107 :: 		}
0x0530	0x0012      	RETURN      0
; end of _sendText
_setPID:
;linefollow.h,112 :: 		void setPID(){
;linefollow.h,113 :: 		MIN_RPM = 185;       //155
0x0532	0x0EB9      	MOVLW       185
0x0534	0x0101      	MOVLB       1
0x0536	0x6F2C      	MOVWF       _MIN_RPM, 1
0x0538	0x0E00      	MOVLW       0
0x053A	0x6F2D      	MOVWF       _MIN_RPM+1, 1
;linefollow.h,114 :: 		MID_RPM = 200;
0x053C	0x0EC8      	MOVLW       200
0x053E	0x6F2E      	MOVWF       _MID_RPM, 1
0x0540	0x0E00      	MOVLW       0
0x0542	0x6F2F      	MOVWF       _MID_RPM+1, 1
;linefollow.h,115 :: 		MAX_RPM = 255;
0x0544	0x0EFF      	MOVLW       255
0x0546	0x6F30      	MOVWF       _MAX_RPM, 1
0x0548	0x0E00      	MOVLW       0
0x054A	0x6F31      	MOVWF       _MAX_RPM+1, 1
;linefollow.h,116 :: 		TEST_RPM = 200;
0x054C	0x0EC8      	MOVLW       200
0x054E	0x6F2A      	MOVWF       _TEST_RPM, 1
0x0550	0x0E00      	MOVLW       0
0x0552	0x6F2B      	MOVWF       _TEST_RPM+1, 1
;linefollow.h,118 :: 		Kp = 6;
0x0554	0x0E00      	MOVLW       0
0x0556	0x6F26      	MOVWF       _Kp, 1
0x0558	0x0E00      	MOVLW       0
0x055A	0x6F27      	MOVWF       _Kp+1, 1
0x055C	0x0E40      	MOVLW       64
0x055E	0x6F28      	MOVWF       _Kp+2, 1
0x0560	0x0E81      	MOVLW       129
0x0562	0x6F29      	MOVWF       _Kp+3, 1
;linefollow.h,119 :: 		Ki = 0;
0x0564	0x6B32      	CLRF        _Ki, 1
0x0566	0x6B33      	CLRF        _Ki+1, 1
0x0568	0x6B34      	CLRF        _Ki+2, 1
0x056A	0x6B35      	CLRF        _Ki+3, 1
;linefollow.h,120 :: 		Kd = 0;
0x056C	0x6B3A      	CLRF        _Kd, 1
0x056E	0x6B3B      	CLRF        _Kd+1, 1
0x0570	0x6B3C      	CLRF        _Kd+2, 1
0x0572	0x6B3D      	CLRF        _Kd+3, 1
;linefollow.h,122 :: 		totalError = 0;
0x0574	0x6B3E      	CLRF        _totalError, 1
0x0576	0x6B3F      	CLRF        _totalError+1, 1
0x0578	0x6B40      	CLRF        _totalError+2, 1
0x057A	0x6B41      	CLRF        _totalError+3, 1
;linefollow.h,123 :: 		previousDeviation = 0;
0x057C	0x6B42      	CLRF        _previousDeviation, 1
0x057E	0x6B43      	CLRF        _previousDeviation+1, 1
;linefollow.h,124 :: 		PID_LeftRPM = 0;
0x0580	0x6B36      	CLRF        _PID_LeftRPM, 1
0x0582	0x6B37      	CLRF        _PID_LeftRPM+1, 1
;linefollow.h,125 :: 		PID_RightRPM = 0;
0x0584	0x6B38      	CLRF        _PID_RightRPM, 1
0x0586	0x6B39      	CLRF        _PID_RightRPM+1, 1
;linefollow.h,127 :: 		Pwm1_Set_Duty(MID_RPM);
0x0588	0x0EC8      	MOVLW       200
0x058A	0x6F4C      	MOVWF       FARG_PWM1_Set_Duty_new_duty, 1
0x058C	0xDD6F      	RCALL       _PWM1_Set_Duty
;linefollow.h,128 :: 		Pwm2_Set_Duty(MID_RPM);
0x058E	0xF14CC12E  	MOVFF       _MID_RPM, FARG_PWM2_Set_Duty_new_duty
0x0592	0xDDA2      	RCALL       _PWM2_Set_Duty
;linefollow.h,129 :: 		}
0x0594	0x0012      	RETURN      0
; end of _setPID
_main:
0x0596	0xF003EC70  	CALL        1760, 0
;Main 4.0V.c,37 :: 		void main() {
;Main 4.0V.c,38 :: 		configure();
0x059A	0xDEF0      	RCALL       _configure
;Main 4.0V.c,39 :: 		setPID();
0x059C	0xDFCA      	RCALL       _setPID
;Main 4.0V.c,40 :: 		sendText("Starting...");
0x059E	0x0E9D      	MOVLW       ?lstr36_Main_324.0V
0x05A0	0x0101      	MOVLB       1
0x05A2	0x6F44      	MOVWF       FARG_sendText_aText, 1
0x05A4	0x0E00      	MOVLW       hi_addr(?lstr36_Main_324.0V)
0x05A6	0x6F45      	MOVWF       FARG_sendText_aText+1, 1
0x05A8	0xDFBE      	RCALL       _sendText
;Main 4.0V.c,46 :: 		testPIC();
0x05AA	0xDF24      	RCALL       _testPIC
;Main 4.0V.c,48 :: 		moveForward(255,255);
0x05AC	0x0EFF      	MOVLW       255
0x05AE	0x6F46      	MOVWF       FARG_moveForward_pwmLeft, 1
0x05B0	0x0E00      	MOVLW       0
0x05B2	0x6F47      	MOVWF       FARG_moveForward_pwmLeft+1, 1
0x05B4	0x0EFF      	MOVLW       255
0x05B6	0x6F48      	MOVWF       FARG_moveForward_pwmRight, 1
0x05B8	0x0E00      	MOVLW       0
0x05BA	0x6F49      	MOVWF       FARG_moveForward_pwmRight+1, 1
0x05BC	0xDE70      	RCALL       _moveForward
;Main 4.0V.c,49 :: 		Delay_ms(5000);
0x05BE	0x0E7F      	MOVLW       127
0x05C0	0x6E0B      	MOVWF       R11, 0
0x05C2	0x0ED4      	MOVLW       212
0x05C4	0x6E0C      	MOVWF       R12, 0
0x05C6	0x0E31      	MOVLW       49
0x05C8	0x6E0D      	MOVWF       R13, 0
L_main299:
0x05CA	0x2E0D      	DECFSZ      R13, 1, 0
0x05CC	0xD7FE      	BRA         L_main299
0x05CE	0x2E0C      	DECFSZ      R12, 1, 0
0x05D0	0xD7FC      	BRA         L_main299
0x05D2	0x2E0B      	DECFSZ      R11, 1, 0
0x05D4	0xD7FA      	BRA         L_main299
0x05D6	0x0000      	NOP
0x05D8	0x0000      	NOP
;Main 4.0V.c,50 :: 		while(1)
L_main300:
;Main 4.0V.c,51 :: 		stop();
0x05DA	0xDEAF      	RCALL       _stop
0x05DC	0xD7FE      	BRA         L_main300
;Main 4.0V.c,84 :: 		delay_ms(100);
L_main304:
0x05DE	0x2E0D      	DECFSZ      R13, 1, 0
0x05E0	0xD7FE      	BRA         L_main304
0x05E2	0x2E0C      	DECFSZ      R12, 1, 0
0x05E4	0xD7FC      	BRA         L_main304
0x05E6	0x2E0B      	DECFSZ      R11, 1, 0
0x05E8	0xD7FA      	BRA         L_main304
0x05EA	0x0000      	NOP
0x05EC	0x0000      	NOP
;Main 4.0V.c,153 :: 		}
0x05EE	0xD7FF      	BRA         $+0
; end of _main
0x06E0	0xF015EE10  	LFSR        1, 21
0x06E4	0x0E6B      	MOVLW       107
0x06E6	0x6E00      	MOVWF       R0 
0x06E8	0x0E01      	MOVLW       1
0x06EA	0x6E01      	MOVWF       R1 
0x06EC	0x0E75      	MOVLW       117
0x06EE	0x6EF6      	MOVWF       4086 
0x06F0	0x0E06      	MOVLW       6
0x06F2	0x6EF7      	MOVWF       TBLPTRH 
0x06F4	0x0E00      	MOVLW       0
0x06F6	0x6EF8      	MOVWF       TBLPTRU 
0x06F8	0xF001ECF2  	CALL        996, 0
0x06FC	0xF081EE10  	LFSR        1, 129
0x0700	0x0E85      	MOVLW       133
0x0702	0x6E00      	MOVWF       R0 
0x0704	0x0E01      	MOVLW       1
0x0706	0x6E01      	MOVWF       R1 
0x0708	0x0EF0      	MOVLW       240
0x070A	0x6EF6      	MOVWF       4086 
0x070C	0x0E05      	MOVLW       5
0x070E	0x6EF7      	MOVWF       TBLPTRH 
0x0710	0x0E00      	MOVLW       0
0x0712	0x6EF8      	MOVWF       TBLPTRU 
0x0714	0xF001ECF2  	CALL        996, 0
0x0718	0x0012      	RETURN      0
;Main 4.0V.c,0 :: ?ICS_DIRECTION
0x05F0	0x0000 ;?ICS_DIRECTION+0
; end of ?ICS_DIRECTION
;Main 4.0V.c,0 :: ?ICS?lstr40_Main_324.0V
0x05F2	0x624F ;?ICS?lstr40_Main_324.0V+0
0x05F4	0x7473 ;?ICS?lstr40_Main_324.0V+2
0x05F6	0x6361 ;?ICS?lstr40_Main_324.0V+4
0x05F8	0x656C ;?ICS?lstr40_Main_324.0V+6
0x05FA	0x00 ;?ICS?lstr40_Main_324.0V+8
; end of ?ICS?lstr40_Main_324.0V
;Main 4.0V.c,0 :: ?ICS?lstr37_Main_324.0V
0x05FB	0x7453 ;?ICS?lstr37_Main_324.0V+0
0x05FD	0x7261 ;?ICS?lstr37_Main_324.0V+2
0x05FF	0x6974 ;?ICS?lstr37_Main_324.0V+4
0x0601	0x676E ;?ICS?lstr37_Main_324.0V+6
0x0603	0x4220 ;?ICS?lstr37_Main_324.0V+8
0x0605	0x6F6C ;?ICS?lstr37_Main_324.0V+10
0x0607	0x6B63 ;?ICS?lstr37_Main_324.0V+12
0x0609	0x2020 ;?ICS?lstr37_Main_324.0V+14
0x060B	0x00 ;?ICS?lstr37_Main_324.0V+16
; end of ?ICS?lstr37_Main_324.0V
;Main 4.0V.c,0 :: ?ICS?lstr36_Main_324.0V
0x060C	0x7453 ;?ICS?lstr36_Main_324.0V+0
0x060E	0x7261 ;?ICS?lstr36_Main_324.0V+2
0x0610	0x6974 ;?ICS?lstr36_Main_324.0V+4
0x0612	0x676E ;?ICS?lstr36_Main_324.0V+6
0x0614	0x2E2E ;?ICS?lstr36_Main_324.0V+8
0x0616	0x002E ;?ICS?lstr36_Main_324.0V+10
; end of ?ICS?lstr36_Main_324.0V
;Main 4.0V.c,0 :: ?ICS?lstr39_Main_324.0V
0x0618	0x2020 ;?ICS?lstr39_Main_324.0V+0
0x061A	0x6E45 ;?ICS?lstr39_Main_324.0V+2
0x061C	0x2064 ;?ICS?lstr39_Main_324.0V+4
0x061E	0x666F ;?ICS?lstr39_Main_324.0V+6
0x0620	0x4C20 ;?ICS?lstr39_Main_324.0V+8
0x0622	0x7665 ;?ICS?lstr39_Main_324.0V+10
0x0624	0x6C65 ;?ICS?lstr39_Main_324.0V+12
0x0626	0x3120 ;?ICS?lstr39_Main_324.0V+14
0x0628	0x202E ;?ICS?lstr39_Main_324.0V+16
0x062A	0x654C ;?ICS?lstr39_Main_324.0V+18
0x062C	0x6576 ;?ICS?lstr39_Main_324.0V+20
0x062E	0x206C ;?ICS?lstr39_Main_324.0V+22
0x0630	0x2032 ;?ICS?lstr39_Main_324.0V+24
0x0632	0x7453 ;?ICS?lstr39_Main_324.0V+26
0x0634	0x7261 ;?ICS?lstr39_Main_324.0V+28
0x0636	0x6974 ;?ICS?lstr39_Main_324.0V+30
0x0638	0x676E ;?ICS?lstr39_Main_324.0V+32
0x063A	0x2020 ;?ICS?lstr39_Main_324.0V+34
0x063C	0x00 ;?ICS?lstr39_Main_324.0V+36
; end of ?ICS?lstr39_Main_324.0V
;Main 4.0V.c,0 :: ?ICS?lstr38_Main_324.0V
0x063D	0x654C ;?ICS?lstr38_Main_324.0V+0
0x063F	0x6576 ;?ICS?lstr38_Main_324.0V+2
0x0641	0x206C ;?ICS?lstr38_Main_324.0V+4
0x0643	0x2031 ;?ICS?lstr38_Main_324.0V+6
0x0645	0x7453 ;?ICS?lstr38_Main_324.0V+8
0x0647	0x7261 ;?ICS?lstr38_Main_324.0V+10
0x0649	0x6974 ;?ICS?lstr38_Main_324.0V+12
0x064B	0x676E ;?ICS?lstr38_Main_324.0V+14
0x064D	0x2020 ;?ICS?lstr38_Main_324.0V+16
0x064F	0x00 ;?ICS?lstr38_Main_324.0V+18
; end of ?ICS?lstr38_Main_324.0V
;Main 4.0V.c,0 :: ?ICS?lstr1_Main_324.0V
0x0650	0x6F43 ;?ICS?lstr1_Main_324.0V+0
0x0652	0x6E6E ;?ICS?lstr1_Main_324.0V+2
0x0654	0x6365 ;?ICS?lstr1_Main_324.0V+4
0x0656	0x6974 ;?ICS?lstr1_Main_324.0V+6
0x0658	0x6E6F ;?ICS?lstr1_Main_324.0V+8
0x065A	0x4520 ;?ICS?lstr1_Main_324.0V+10
0x065C	0x7473 ;?ICS?lstr1_Main_324.0V+12
0x065E	0x6261 ;?ICS?lstr1_Main_324.0V+14
0x0660	0x696C ;?ICS?lstr1_Main_324.0V+16
0x0662	0x6873 ;?ICS?lstr1_Main_324.0V+18
0x0664	0x6465 ;?ICS?lstr1_Main_324.0V+20
0x0666	0x0021 ;?ICS?lstr1_Main_324.0V+22
; end of ?ICS?lstr1_Main_324.0V
;Main 4.0V.c,0 :: ?ICS?lstr2_Main_324.0V
0x0668	0x6F6D ;?ICS?lstr2_Main_324.0V+0
0x066A	0x6576 ;?ICS?lstr2_Main_324.0V+2
0x066C	0x6620 ;?ICS?lstr2_Main_324.0V+4
0x066E	0x726F ;?ICS?lstr2_Main_324.0V+6
0x0670	0x6177 ;?ICS?lstr2_Main_324.0V+8
0x0672	0x6472 ;?ICS?lstr2_Main_324.0V+10
0x0674	0x00 ;?ICS?lstr2_Main_324.0V+12
; end of ?ICS?lstr2_Main_324.0V
;Main 4.0V.c,0 :: ?ICS?lstr24_Main_324.0V
0x0675	0x7574 ;?ICS?lstr24_Main_324.0V+0
0x0677	0x6E72 ;?ICS?lstr24_Main_324.0V+2
0x0679	0x4C20 ;?ICS?lstr24_Main_324.0V+4
0x067B	0x6665 ;?ICS?lstr24_Main_324.0V+6
0x067D	0x0074 ;?ICS?lstr24_Main_324.0V+8
; end of ?ICS?lstr24_Main_324.0V
;Main 4.0V.c,0 :: ?ICS?lstr23_Main_324.0V
0x067F	0x6F6D ;?ICS?lstr23_Main_324.0V+0
0x0681	0x6576 ;?ICS?lstr23_Main_324.0V+2
0x0683	0x4620 ;?ICS?lstr23_Main_324.0V+4
0x0685	0x726F ;?ICS?lstr23_Main_324.0V+6
0x0687	0x6177 ;?ICS?lstr23_Main_324.0V+8
0x0689	0x6472 ;?ICS?lstr23_Main_324.0V+10
0x068B	0x2020 ;?ICS?lstr23_Main_324.0V+12
0x068D	0x00 ;?ICS?lstr23_Main_324.0V+14
; end of ?ICS?lstr23_Main_324.0V
;Main 4.0V.c,0 :: ?ICS_debugText
0x068E	0x00F9 ;?ICS_debugText+0
; end of ?ICS_debugText
;Main 4.0V.c,0 :: ?ICS?lstr27_Main_324.0V
0x0690	0x6544 ;?ICS?lstr27_Main_324.0V+0
0x0692	0x7263 ;?ICS?lstr27_Main_324.0V+2
0x0694	0x6165 ;?ICS?lstr27_Main_324.0V+4
0x0696	0x6573 ;?ICS?lstr27_Main_324.0V+6
0x0698	0x5020 ;?ICS?lstr27_Main_324.0V+8
0x069A	0x4D57 ;?ICS?lstr27_Main_324.0V+10
0x069C	0x2E2E ;?ICS?lstr27_Main_324.0V+12
0x069E	0x2020 ;?ICS?lstr27_Main_324.0V+14
0x06A0	0x0020 ;?ICS?lstr27_Main_324.0V+16
; end of ?ICS?lstr27_Main_324.0V
;Main 4.0V.c,0 :: ?ICS?lstr26_Main_324.0V
0x06A2	0x7453 ;?ICS?lstr26_Main_324.0V+0
0x06A4	0x706F ;?ICS?lstr26_Main_324.0V+2
0x06A6	0x6970 ;?ICS?lstr26_Main_324.0V+4
0x06A8	0x676E ;?ICS?lstr26_Main_324.0V+6
0x06AA	0x2E2E ;?ICS?lstr26_Main_324.0V+8
0x06AC	0x2020 ;?ICS?lstr26_Main_324.0V+10
0x06AE	0x0020 ;?ICS?lstr26_Main_324.0V+12
; end of ?ICS?lstr26_Main_324.0V
;Main 4.0V.c,0 :: ?ICS?lstr25_Main_324.0V
0x06B0	0x7574 ;?ICS?lstr25_Main_324.0V+0
0x06B2	0x6E72 ;?ICS?lstr25_Main_324.0V+2
0x06B4	0x5220 ;?ICS?lstr25_Main_324.0V+4
0x06B6	0x6769 ;?ICS?lstr25_Main_324.0V+6
0x06B8	0x7468 ;?ICS?lstr25_Main_324.0V+8
0x06BA	0x00 ;?ICS?lstr25_Main_324.0V+10
; end of ?ICS?lstr25_Main_324.0V
;Main 4.0V.c,0 :: ?ICS?lstr41_Main_324.0V
0x06BB	0x2020 ;?ICS?lstr41_Main_324.0V+0
0x06BD	0x6E45 ;?ICS?lstr41_Main_324.0V+2
0x06BF	0x2064 ;?ICS?lstr41_Main_324.0V+4
0x06C1	0x666F ;?ICS?lstr41_Main_324.0V+6
0x06C3	0x4C20 ;?ICS?lstr41_Main_324.0V+8
0x06C5	0x7665 ;?ICS?lstr41_Main_324.0V+10
0x06C7	0x6C65 ;?ICS?lstr41_Main_324.0V+12
0x06C9	0x3220 ;?ICS?lstr41_Main_324.0V+14
0x06CB	0x202E ;?ICS?lstr41_Main_324.0V+16
0x06CD	0x654C ;?ICS?lstr41_Main_324.0V+18
0x06CF	0x6576 ;?ICS?lstr41_Main_324.0V+20
0x06D1	0x206C ;?ICS?lstr41_Main_324.0V+22
0x06D3	0x2033 ;?ICS?lstr41_Main_324.0V+24
0x06D5	0x7453 ;?ICS?lstr41_Main_324.0V+26
0x06D7	0x7261 ;?ICS?lstr41_Main_324.0V+28
0x06D9	0x6974 ;?ICS?lstr41_Main_324.0V+30
0x06DB	0x676E ;?ICS?lstr41_Main_324.0V+32
0x06DD	0x2020 ;?ICS?lstr41_Main_324.0V+34
0x06DF	0x00 ;?ICS?lstr41_Main_324.0V+36
; end of ?ICS?lstr41_Main_324.0V
Symbol List:
//** Routines locations **
//ADDRESS    SIZE    PROCEDURE
//----------------------------------------------
0x001C      [80]    _Mul_16x16_U
0x006C     [108]    _PWM1_Set_Duty
0x00D8     [108]    _PWM2_Set_Duty
0x0144      [88]    _Div_16x16_S_L
0x019C      [14]    _UART1_Write
0x01AA     [198]    _Div_16x16_S
0x0270      [12]    _motorLeft_foward
0x027C       [6]    _motorLeft_stop
0x0282       [6]    _motorRight_stop
0x0288      [12]    _motorRight_foward
0x0294      [10]    _PWM2_Start
0x029E      [50]    _moveForward
0x02D0      [88]    _UART1_Init
0x0328      [10]    _PWM1_Start
0x0332       [8]    _PWM2_Init
0x033A       [6]    _stop
0x0340      [52]    _UART1_Write_Text
0x0374       [8]    _PWM1_Init
0x037C     [104]    _configure
0x03E4      [16]    ___CC2DW
0x03F4     [306]    _testPIC
0x0526      [12]    _sendText
0x0532     [100]    _setPID
0x0596      [90]    _main
//** Variables locations ** 
//ADDRESS    SIZE    VARIABLE
//----------------------------------------------
0x0000       [1]    UART1_Init_tmp_L0
0x0000       [1]    EEPROM_Write_SaveINTCON_L0
0x0000       [1]    FLASH_Erase_64_SaveINTCON_L0
0x0000       [1]    R0
0x0000       [1]    SPI1_Write_tmp_L0
0x0000       [1]    __Lib_SoftI2C_PutZerosToLATScl_temp_scl_L0
0x0000       [1]    __Lib_SoftI2C_PutZerosToLATSda_temp_sda_L0
0x0001       [1]    UART1_Read___tmp_UART1_Read_L0
0x0001       [1]    I2C1_Rd_tmp_L0
0x0001       [1]    FLASH_Erase_Write_64_i_L0
0x0001       [1]    __Lib_PS2_Wait_Falling_nsample_L0
0x0001       [1]    FLASH_Write_8_i_L0
0x0001       [1]    ispunct_rslt_L0
0x0001       [1]    __Lib_TFT_JPEG_FileReadBytes_Result_L0
0x0001       [1]    R1
0x0001       [1]    __Lib_TFT_JPEG_FileRead_i_L0
0x0001       [2]    FLASH_Read_N_Bytes_i_L0
0x0002       [1]    R2
0x0002       [2]    memchr_s_L0
0x0002       [2]    memset_pp_L0
0x0002       [2]    memcpy_dd_L0
0x0002       [1]    FLASH_Erase_Write_64_j_L0
0x0002       [1]    FLASH_Write_8_SaveINTCON_L0
0x0002       [2]    strlen_cp_L0
0x0003       [2]    memmove_tt_L0
0x0003       [1]    FLASH_Erase_Write_64_SaveINTCON_L0
0x0003       [1]    R3
0x0003       [2]    Ltrim_original_L0
0x0004       [2]    strncat_cp_L0
0x0004       [2]    strcpy_cp_L0
0x0004       [2]    strncpy_cp_L0
0x0004       [2]    frexp_pom_L0
0x0004       [1]    R4
0x0004       [2]    memcpy_ss_L0
0x0004       [2]    strcat_cp_L0
0x0005       [1]    __Lib_TFT__TFT_Write_Char_Return_Pos_xCnt_L0
0x0005       [1]    R5
0x0005       [2]    memmove_ff_L0
0x0005       [2]    LongWordToHex_input_half_L0
0x0005       [2]    Ltrim_p_L0
0x0005       [2]    LongIntToHex_input_half_L0
0x0006       [1]    __Lib_TFT__TFT_Write_Char_Return_Pos_yCnt_L0
0x0006       [1]    R6
0x0007       [1]    __Lib_TFT_JPEG_GenerateHuffmanTables_bLength_L0
0x0007       [2]    __Lib_TFT__TFT_Write_Char_Return_Pos_y_L0
0x0007       [1]    R7
0x0008       [1]    __Lib_TFT_JPEG_GenerateHuffmanTables_bTable_L0
0x0008       [1]    R8
0x0009       [1]    __Lib_TFT__TFT_Write_Char_Return_Pos_mask_L0
0x0009       [1]    R9
0x000A       [1]    R10
0x000B       [1]    R11
0x000C       [1]    R12
0x000D       [1]    R13
0x000E       [1]    R14
0x000F       [1]    R15
0x0010       [1]    R16
0x0011       [1]    R17
0x0012       [1]    R18
0x0013       [1]    R19
0x0014       [1]    R20
0x0015      [10]    ?lstr24_Main_324.0V
0x001F      [15]    ?lstr23_Main_324.0V
0x002E       [2]    _debugText
0x0030      [18]    ?lstr27_Main_324.0V
0x0042      [14]    ?lstr26_Main_324.0V
0x0050      [11]    ?lstr25_Main_324.0V
0x005B      [37]    ?lstr41_Main_324.0V
0x0080       [1]    _distanceSonar
0x0081       [2]    _DIRECTION
0x0083       [9]    ?lstr40_Main_324.0V
0x008C      [17]    ?lstr37_Main_324.0V
0x009D      [12]    ?lstr36_Main_324.0V
0x00A9      [37]    ?lstr39_Main_324.0V
0x00CE      [19]    ?lstr38_Main_324.0V
0x00E1      [24]    ?lstr1_Main_324.0V
0x00F9      [13]    ?lstr2_Main_324.0V
0x0106       [2]    _LEVEL2_STATE
0x0108       [2]    _LEVEL1_STATE
0x010A       [2]    _LEVEL
0x010C       [2]    _MID_PWM
0x010E       [2]    _SLOW_PWM
0x0110       [2]    _LEVEL3_STATE
0x0112       [2]    _count
0x0114       [4]    _UART_Wr_Ptr
0x0118       [4]    _UART_Tx_Idle_Ptr
0x011C       [4]    _UART_Rdy_Ptr
0x0120       [4]    _UART_Rd_Ptr
0x0124       [2]    _FAST_PWM
0x0126       [4]    _Kp
0x012A       [2]    _TEST_RPM
0x012C       [2]    _MIN_RPM
0x012E       [2]    _MID_RPM
0x0130       [2]    _MAX_RPM
0x0132       [4]    _Ki
0x0136       [2]    _PID_LeftRPM
0x0138       [2]    _PID_RightRPM
0x013A       [4]    _Kd
0x013E       [4]    _totalError
0x0142       [2]    _previousDeviation
0x0144       [2]    FARG_sendText_aText
0x0146       [2]    FARG_moveForward_pwmLeft
0x0146       [2]    FARG_UART1_Write_Text_uart_text
0x0146       [4]    FARG_PWM1_Init_PWM_Freq
0x0146       [4]    FARG_PWM2_Init_PWM_Freq
0x0148       [2]    FARG_moveForward_pwmRight
0x0148       [1]    UART1_Write_Text_data__L0
0x0149       [1]    UART1_Write_Text_counter_L0
0x014A       [1]    FARG_UART1_Write_data_
0x014A       [2]    FARG_motorRight_foward_pwm
0x014A       [2]    FARG_motorLeft_foward_pwm
0x014C       [1]    FARG_PWM2_Set_Duty_new_duty
0x014C       [1]    FARG_PWM1_Set_Duty_new_duty
0x0F80       [0]    RA1_bit
0x0F80       [0]    RA2_bit
0x0F80       [1]    PORTA
0x0F80       [0]    RA0_bit
0x0F80       [0]    RA5_bit
0x0F80       [0]    RA6_bit
0x0F80       [0]    RA3_bit
0x0F80       [0]    RA4_bit
0x0F81       [0]    RB1_bit
0x0F81       [0]    RB2_bit
0x0F81       [1]    PORTB
0x0F81       [0]    RB0_bit
0x0F81       [0]    RB6_bit
0x0F81       [0]    RB7_bit
0x0F81       [0]    RB5_bit
0x0F81       [0]    RB3_bit
0x0F81       [0]    RB4_bit
0x0F82       [0]    RC2_bit
0x0F82       [0]    RC1_bit
0x0F82       [1]    PORTC
0x0F82       [0]    RC0_bit
0x0F82       [0]    RC6_bit
0x0F82       [0]    RC7_bit
0x0F82       [0]    RC5_bit
0x0F82       [0]    RC3_bit
0x0F82       [0]    RC4_bit
0x0F83       [0]    RD3_bit
0x0F83       [0]    RD4_bit
0x0F83       [0]    RD5_bit
0x0F83       [0]    RD0_bit
0x0F83       [0]    RD1_bit
0x0F83       [0]    RD2_bit
0x0F83       [1]    PORTD
0x0F83       [0]    RD6_bit
0x0F83       [0]    RD7_bit
0x0F84       [0]    RE1_bit
0x0F84       [0]    RE0_bit
0x0F84       [1]    PORTE
0x0F84       [0]    RE2_bit
0x0F89       [0]    LATA4_bit
0x0F89       [0]    LATA5_bit
0x0F89       [0]    LATA1_bit
0x0F89       [0]    LATA6_bit
0x0F89       [1]    LATA
0x0F89       [0]    LATA3_bit
0x0F89       [0]    LATA0_bit
0x0F89       [0]    LATA2_bit
0x0F8A       [1]    LATB
0x0F8A       [0]    LATB4_bit
0x0F8A       [0]    LATB5_bit
0x0F8A       [0]    LATB6_bit
0x0F8A       [0]    LATB3_bit
0x0F8A       [0]    LATB7_bit
0x0F8A       [0]    LATB0_bit
0x0F8A       [0]    LATB2_bit
0x0F8A       [0]    LATB1_bit
0x0F8B       [0]    LATC3_bit
0x0F8B       [0]    LATC4_bit
0x0F8B       [0]    LATC5_bit
0x0F8B       [0]    LATC0_bit
0x0F8B       [0]    LATC1_bit
0x0F8B       [0]    LATC2_bit
0x0F8B       [1]    LATC
0x0F8B       [0]    LATC7_bit
0x0F8B       [0]    LATC6_bit
0x0F8C       [0]    LATD3_bit
0x0F8C       [0]    LATD4_bit
0x0F8C       [0]    LATD0_bit
0x0F8C       [0]    LATD2_bit
0x0F8C       [0]    LATD1_bit
0x0F8C       [0]    LATD5_bit
0x0F8C       [1]    LATD
0x0F8C       [0]    LATD7_bit
0x0F8C       [0]    LATD6_bit
0x0F8D       [0]    LATE1_bit
0x0F8D       [0]    LATE0_bit
0x0F8D       [0]    LATE2_bit
0x0F8D       [1]    LATE
0x0F92       [0]    TRISA4_bit
0x0F92       [0]    TRISA3_bit
0x0F92       [0]    TRISA5_bit
0x0F92       [1]    TRISA
0x0F92       [0]    TRISA6_bit
0x0F92       [0]    TRISA0_bit
0x0F92       [0]    TRISA1_bit
0x0F92       [0]    TRISA2_bit
0x0F93       [0]    TRISB2_bit
0x0F93       [0]    TRISB3_bit
0x0F93       [0]    TRISB4_bit
0x0F93       [1]    TRISB
0x0F93       [0]    TRISB0_bit
0x0F93       [0]    TRISB1_bit
0x0F93       [0]    TRISB5_bit
0x0F93       [0]    TRISB7_bit
0x0F93       [0]    TRISB6_bit
0x0F94       [0]    TRISC5_bit
0x0F94       [0]    TRISC1_bit
0x0F94       [0]    TRISC0_bit
0x0F94       [0]    TRISC6_bit
0x0F94       [0]    TRISC3_bit
0x0F94       [1]    TRISC
0x0F94       [0]    TRISC2_bit
0x0F94       [0]    TRISC4_bit
0x0F94       [0]    TRISC7_bit
0x0F95       [0]    TRISD3_bit
0x0F95       [0]    TRISD4_bit
0x0F95       [1]    TRISD
0x0F95       [0]    TRISD2_bit
0x0F95       [0]    TRISD1_bit
0x0F95       [0]    TRISD0_bit
0x0F95       [0]    TRISD7_bit
0x0F95       [0]    TRISD5_bit
0x0F95       [0]    TRISD6_bit
0x0F96       [1]    TRISE
0x0F96       [0]    PSPMODE_bit
0x0F96       [0]    IBOV_TRISE_bit
0x0F96       [0]    IBOV_bit
0x0F96       [0]    IBF_bit
0x0F96       [0]    OBF_bit
0x0F96       [0]    TRISE0_bit
0x0F96       [0]    IBF_TRISE_bit
0x0F96       [0]    PSPMODE_TRISE_bit
0x0F96       [0]    TRISE2_bit
0x0F96       [0]    OBF_TRISE_bit
0x0F96       [0]    TRISE1_bit
0x0F9D       [0]    RCIE_bit
0x0F9D       [0]    TXIE_bit
0x0F9D       [0]    PSPIE_bit
0x0F9D       [0]    ADIE_bit
0x0F9D       [0]    TMR1IE_bit
0x0F9D       [1]    PIE1
0x0F9D       [0]    TMR2IE_bit
0x0F9D       [0]    SSPIE_bit
0x0F9D       [0]    CCP1IE_bit
0x0F9E       [0]    RCIF_bit
0x0F9E       [0]    ADIF_bit
0x0F9E       [1]    PIR1
0x0F9E       [0]    PSPIF_bit
0x0F9E       [0]    TXIF_bit
0x0F9E       [0]    TMR2IF_bit
0x0F9E       [0]    TMR1IF_bit
0x0F9E       [0]    CCP1IF_bit
0x0F9E       [0]    SSPIF_bit
0x0F9F       [0]    TXIP_bit
0x0F9F       [1]    IPR1
0x0F9F       [0]    RCIP_bit
0x0F9F       [0]    PSPIP_bit
0x0F9F       [0]    ADIP_bit
0x0F9F       [0]    TMR2IP_bit
0x0F9F       [0]    TMR1IP_bit
0x0F9F       [0]    SSPIP_bit
0x0F9F       [0]    CCP1IP_bit
0x0FA0       [0]    EEIE_bit
0x0FA0       [0]    LVDIE_bit
0x0FA0       [1]    PIE2
0x0FA0       [0]    BCLIE_bit
0x0FA0       [0]    CCP2IE_bit
0x0FA0       [0]    TMR3IE_bit
0x0FA1       [0]    EEIF_bit
0x0FA1       [0]    BCLIF_bit
0x0FA1       [0]    LVDIF_bit
0x0FA1       [0]    TMR3IF_bit
0x0FA1       [0]    CCP2IF_bit
0x0FA1       [1]    PIR2
0x0FA2       [0]    CCP2IP_bit
0x0FA2       [0]    BCLIP_bit
0x0FA2       [0]    EEIP_bit
0x0FA2       [1]    IPR2
0x0FA2       [0]    LVDIP_bit
0x0FA2       [0]    TMR3IP_bit
0x0FA6       [0]    WR_bit
0x0FA6       [0]    RD_bit
0x0FA6       [0]    EEPGD_bit
0x0FA6       [0]    CFGS_bit
0x0FA6       [1]    EECON1
0x0FA6       [0]    WRERR_bit
0x0FA6       [0]    WREN_bit
0x0FA6       [0]    FREE_bit
0x0FA7       [1]    EECON2
0x0FA8       [1]    EEDATA
0x0FA9       [1]    EEADR
0x0FAB       [0]    NOT_RC8_bit
0x0FAB       [0]    RC8_9_bit
0x0FAB       [0]    SREN_bit
0x0FAB       [0]    SPEN_bit
0x0FAB       [0]    RX9_bit
0x0FAB       [0]    RC9_bit
0x0FAB       [0]    CREN_bit
0x0FAB       [0]    RX9D_bit
0x0FAB       [0]    RCD8_bit
0x0FAB       [1]    RCSTA
0x0FAB       [0]    ADDEN_bit
0x0FAB       [0]    FERR_bit
0x0FAB       [0]    OERR_bit
0x0FAC       [0]    SYNC_bit
0x0FAC       [0]    BRGH_bit
0x0FAC       [0]    TX8_9_bit
0x0FAC       [0]    TXEN_bit
0x0FAC       [0]    TXD8_bit
0x0FAC       [1]    TXSTA
0x0FAC       [0]    TRMT_bit
0x0FAC       [0]    TX9D_bit
0x0FAC       [0]    CSRC_bit
0x0FAC       [0]    TX9_bit
0x0FAC       [0]    NOT_TX8_bit
0x0FAD       [1]    TXREG
0x0FAE       [1]    RCREG
0x0FAF       [1]    SPBRG
0x0FB1       [0]    T3CCP2_bit
0x0FB1       [0]    T3CKPS1_bit
0x0FB1       [0]    RD16_T3CON_bit
0x0FB1       [1]    T3CON
0x0FB1       [0]    T3CKPS0_bit
0x0FB1       [0]    TMR3CS_bit
0x0FB1       [0]    TMR3ON_bit
0x0FB1       [0]    T3INSYNC_bit
0x0FB1       [0]    NOT_T3SYNC_bit
0x0FB1       [0]    T3SYNC_bit
0x0FB1       [0]    T3CCP1_bit
0x0FB2       [1]    TMR3L
0x0FB3       [1]    TMR3H
0x0FBA       [0]    DC2B0_bit
0x0FBA       [0]    CCP2Y_bit
0x0FBA       [0]    CCP2X_bit
0x0FBA       [1]    CCP2CON
0x0FBA       [0]    DC2B1_bit
0x0FBA       [0]    CCP2M3_bit
0x0FBA       [0]    CCP2M2_bit
0x0FBA       [0]    CCP2M0_bit
0x0FBA       [0]    CCP2M1_bit
0x0FBB       [2]    CCPR2
0x0FBB       [1]    CCPR2L
0x0FBC       [1]    CCPR2H
0x0FBD       [0]    CCP1M2_bit
0x0FBD       [0]    CCP1X_bit
0x0FBD       [0]    DC1B1_bit
0x0FBD       [0]    CCP1Y_bit
0x0FBD       [0]    DC1B0_bit
0x0FBD       [0]    CCP1M3_bit
0x0FBD       [1]    CCP1CON
0x0FBD       [0]    CCP1M0_bit
0x0FBD       [0]    CCP1M1_bit
0x0FBE       [2]    CCPR1
0x0FBE       [1]    CCPR1L
0x0FBF       [1]    CCPR1H
0x0FC1       [0]    ADCS2_bit
0x0FC1       [0]    PCFG3_bit
0x0FC1       [0]    PCFG0_bit
0x0FC1       [0]    ADFM_bit
0x0FC1       [1]    ADCON1
0x0FC1       [0]    PCFG2_bit
0x0FC1       [0]    PCFG1_bit
0x0FC2       [0]    NOT_DONE_bit
0x0FC2       [0]    GO_bit
0x0FC2       [0]    ADCS0_bit
0x0FC2       [0]    ADCS1_bit
0x0FC2       [0]    CHS2_bit
0x0FC2       [0]    CHS0_bit
0x0FC2       [0]    CHS1_bit
0x0FC2       [0]    DONE_bit
0x0FC2       [1]    ADCON0
0x0FC2       [0]    ADON_bit
0x0FC2       [0]    GO_DONE_bit
0x0FC3       [1]    ADRESL
0x0FC3       [2]    ADRES
0x0FC4       [1]    ADRESH
0x0FC5       [0]    RSEN_bit
0x0FC5       [0]    SEN_bit
0x0FC5       [0]    GCEN_bit
0x0FC5       [0]    ACKSTAT_bit
0x0FC5       [0]    ACKEN_bit
0x0FC5       [0]    ACKDT_bit
0x0FC5       [0]    PEN_bit
0x0FC5       [0]    RCEN_bit
0x0FC5       [1]    SSPCON2
0x0FC6       [0]    SSPM2_bit
0x0FC6       [0]    WCOL_bit
0x0FC6       [0]    CKP_bit
0x0FC6       [0]    SSPOV_bit
0x0FC6       [0]    SSPM3_bit
0x0FC6       [0]    SSPEN_bit
0x0FC6       [1]    SSPCON1
0x0FC6       [0]    SSPM0_bit
0x0FC6       [0]    SSPM1_bit
0x0FC7       [0]    UA_bit
0x0FC7       [0]    R_W_bit
0x0FC7       [0]    BF_bit
0x0FC7       [0]    READ_WRITE_bit
0x0FC7       [0]    NOT_WRITE_bit
0x0FC7       [0]    NOT_ADDRESS_bit
0x0FC7       [0]    NOT_A_bit
0x0FC7       [0]    DATA_ADDRESS_bit
0x0FC7       [0]    D_A_bit
0x0FC7       [0]    I2C_DAT_bit
0x0FC7       [0]    SMP_bit
0x0FC7       [1]    SSPSTAT
0x0FC7       [0]    D_bit
0x0FC7       [0]    CKE_bit
0x0FC7       [0]    P_bit
0x0FC7       [0]    R_bit
0x0FC7       [0]    I2C_READ_bit
0x0FC7       [0]    NOT_W_bit
0x0FC7       [0]    I2C_STOP__bit
0x0FC7       [0]    S_bit
0x0FC7       [0]    I2C_START__bit
0x0FC8       [1]    SSPADD
0x0FC9       [1]    SSPBUF
0x0FCA       [1]    T2CON
0x0FCA       [0]    TOUTPS1_bit
0x0FCA       [0]    TOUTPS2_bit
0x0FCA       [0]    TOUTPS3_bit
0x0FCA       [0]    TOUTPS0_bit
0x0FCA       [0]    T2CKPS0_bit
0x0FCA       [0]    T2CKPS1_bit
0x0FCA       [0]    TMR2ON_bit
0x0FCB       [1]    PR2
0x0FCC       [1]    TMR2
0x0FCD       [0]    T1CKPS1_bit
0x0FCD       [0]    T1CKPS0_bit
0x0FCD       [1]    T1CON
0x0FCD       [0]    RD16_bit
0x0FCD       [0]    TMR1ON_bit
0x0FCD       [0]    TMR1CS_bit
0x0FCD       [0]    T1INSYNC_bit
0x0FCD       [0]    T1OSCEN_bit
0x0FCD       [0]    NOT_T1SYNC_bit
0x0FCD       [0]    T1SYNC_bit
0x0FCE       [1]    TMR1L
0x0FCF       [1]    TMR1H
0x0FD0       [1]    RCON
0x0FD0       [0]    IPEN_bit
0x0FD0       [0]    NOT_RI_bit
0x0FD0       [0]    RI_bit
0x0FD0       [0]    NOT_POR_bit
0x0FD0       [0]    PD_bit
0x0FD0       [0]    NOT_PD_bit
0x0FD0       [0]    BOR_bit
0x0FD0       [0]    NOT_BOR_bit
0x0FD0       [0]    POR_bit
0x0FD0       [0]    TO__bit
0x0FD0       [0]    NOT_TO_bit
0x0FD1       [0]    SWDTE_bit
0x0FD1       [0]    SWDTEN_bit
0x0FD1       [1]    WDTCON
0x0FD2       [0]    LVDL1_bit
0x0FD2       [0]    LVDEN_bit
0x0FD2       [0]    IRVST_bit
0x0FD2       [0]    LVDL2_bit
0x0FD2       [0]    LVDL3_bit
0x0FD2       [1]    LVDCON
0x0FD2       [0]    LVDL0_bit
0x0FD3       [0]    SCS_bit
0x0FD3       [1]    OSCCON
0x0FD5       [0]    T0CS_bit
0x0FD5       [0]    T08BIT_bit
0x0FD5       [0]    T0SE_bit
0x0FD5       [0]    T0PS2_bit
0x0FD5       [0]    PSA_bit
0x0FD5       [0]    T0PS0_bit
0x0FD5       [1]    T0CON
0x0FD5       [0]    TMR0ON_bit
0x0FD5       [0]    T0PS1_bit
0x0FD6       [1]    TMR0L
0x0FD7       [1]    TMR0H
0x0FD8       [0]    N_bit
0x0FD8       [1]    STATUS
0x0FD8       [0]    OV_bit
0x0FD8       [0]    DC_bit
0x0FD8       [0]    C_bit
0x0FD8       [0]    Z_bit
0x0FD9       [2]    FSR2
0x0FD9       [2]    FSR2PTR
0x0FD9       [1]    FSR2L
0x0FDA       [1]    FSR2H
0x0FDB       [1]    PLUSW2
0x0FDC       [1]    PREINC2
0x0FDD       [1]    POSTDEC2
0x0FDE       [1]    POSTINC2
0x0FDF       [1]    INDF2
0x0FE0       [1]    BSR
0x0FE1       [2]    FSR1
0x0FE1       [2]    FSR1PTR
0x0FE1       [1]    FSR1L
0x0FE2       [1]    FSR1H
0x0FE3       [1]    PLUSW1
0x0FE4       [1]    PREINC1
0x0FE5       [1]    POSTDEC1
0x0FE6       [1]    POSTINC1
0x0FE7       [1]    INDF1
0x0FE8       [1]    WREG
0x0FE9       [1]    FSR0L
0x0FE9       [2]    FSR0PTR
0x0FE9       [2]    FSR0
0x0FEA       [1]    FSR0H
0x0FEB       [1]    PLUSW0
0x0FEC       [1]    PREINC0
0x0FED       [1]    POSTDEC0
0x0FEE       [1]    POSTINC0
0x0FEF       [1]    INDF0
0x0FF0       [1]    INTCON3
0x0FF0       [0]    INT1IP_bit
0x0FF0       [0]    INT2IE_bit
0x0FF0       [0]    INT1IF_bit
0x0FF0       [0]    INT2IF_bit
0x0FF0       [0]    INT1IE_bit
0x0FF0       [0]    INT2IP_bit
0x0FF1       [0]    TMR0IP_bit
0x0FF1       [0]    T0IP_bit
0x0FF1       [0]    INTEDG2_bit
0x0FF1       [0]    INTEDG1_bit
0x0FF1       [0]    INTEDG0_bit
0x0FF1       [0]    RBPU_bit
0x0FF1       [1]    INTCON2
0x0FF1       [0]    NOT_RBPU_bit
0x0FF1       [0]    RBIP_bit
0x0FF2       [1]    INTCON
0x0FF2       [0]    INT0IF_bit
0x0FF2       [0]    INT0F_bit
0x0FF2       [0]    RBIF_bit
0x0FF2       [0]    GIEL_bit
0x0FF2       [0]    TMR0IF_bit
0x0FF2       [0]    T0IF_bit
0x0FF2       [0]    GIEH_bit
0x0FF2       [0]    INT0E_bit
0x0FF2       [0]    TMR0IE_bit
0x0FF2       [0]    T0IE_bit
0x0FF2       [0]    GIE_bit
0x0FF2       [0]    INT0IE_bit
0x0FF2       [0]    PEIE_bit
0x0FF2       [1]    INTCON1
0x0FF2       [0]    RBIE_bit
0x0FF3       [2]    PROD
0x0FF3       [1]    PRODL
0x0FF4       [1]    PRODH
0x0FF5       [1]    TABLAT
0x0FF6       [3]    TBLPTR
0x0FF6       [1]    TBLPTRL
0x0FF7       [1]    TBLPTRH
0x0FF8       [0]    TBLPTRU2_bit
0x0FF8       [0]    ACSS_bit
0x0FF8       [0]    TBLPTRU0_bit
0x0FF8       [0]    TBLPTRU1_bit
0x0FF8       [0]    TBLPTRU3_bit
0x0FF8       [1]    TBLPTRU
0x0FF8       [0]    TBLPTRU4_bit
0x0FF9       [1]    PCL
0x0FFA       [1]    PCLATH
0x0FFB       [0]    PCU2_bit
0x0FFB       [0]    PCU1_bit
0x0FFB       [0]    PCU0_bit
0x0FFB       [0]    PCU4_bit
0x0FFB       [0]    PCU3_bit
0x0FFB       [1]    PCLATU
0x0FFC       [1]    STKPTR
0x0FFC       [0]    STKUNF_bit
0x0FFC       [0]    STKFUL_bit
0x0FFD       [1]    TOSL
0x0FFE       [1]    TOSH
0x0FFF       [1]    TOSU
//** Constants locations ** 
//ADDRESS    SIZE    CONSTANT
//----------------------------------------------
0x05F0       [2]    ?ICS_DIRECTION
0x05F2       [9]    ?ICS?lstr40_Main_324.0V
0x05FB      [17]    ?ICS?lstr37_Main_324.0V
0x060C      [12]    ?ICS?lstr36_Main_324.0V
0x0618      [37]    ?ICS?lstr39_Main_324.0V
0x063D      [19]    ?ICS?lstr38_Main_324.0V
0x0650      [24]    ?ICS?lstr1_Main_324.0V
0x0668      [13]    ?ICS?lstr2_Main_324.0V
0x0675      [10]    ?ICS?lstr24_Main_324.0V
0x067F      [15]    ?ICS?lstr23_Main_324.0V
0x068E       [2]    ?ICS_debugText
0x0690      [18]    ?ICS?lstr27_Main_324.0V
0x06A2      [14]    ?ICS?lstr26_Main_324.0V
0x06B0      [11]    ?ICS?lstr25_Main_324.0V
0x06BB      [37]    ?ICS?lstr41_Main_324.0V
//** Label List: ** 
//----------------------------------------------
  L_isAllBlack0
  L_isAllBlack1
  L_isAllBlack2
  L_isAllBlack3
  L_isAllWhite4
  L_isAllWhite5
  L_isAllWhite6
  L_isAllWhite7
  L_rotateByDegree8
  L_rotateByDegree9
  L_rotateByDegree10
  L_rotateByDegree11
  L_rotateByDegree12
  L_rotateByDegree13
  L_rotateByDegree14
  L_rotateByDegree15
  L_rotateByDegree16
  L_rotateByDegree17
  L_rotateByDegree18
  L_rotateByDegree19
  L_rotateByDegree20
  L_rotateByDegree21
  L_rotateByDegree22
  L_rotateByDegree23
  L_rotateByDegree24
  L_rotateByDegree25
  L_rotateByDegree26
  L_testMotion27
  L_testMotion28
  L_testMotion29
  L_sendSensorStatus30
  L_sendSensorStatus31
  L_sendSensorStatus32
  L_sendSensorStatus33
  L_sendSensorStatus34
  L_sendSensorStatus35
  L_sendSensorStatus36
  L_sendSensorStatus37
  L_sendSensorStatus38
  L_sendSensorStatus39
  L_sendSensorStatus40
  L_sendSensorStatus41
  L_sendSensorStatus42
  L_sendSensorStatus43
  L_sendSensorStatus44
  L_sendSensorStatus45
  L_sendSensorStatus46
  L_sendSensorStatus47
  L_sendSensorStatus48
  L_sendSensorStatus49
  L_sendSensorStatus50
  L_sendSensorStatus51
  L_sendSensorStatus52
  L_sendSensorStatus53
  L_sendSensorStatus54
  L_sendSensorStatus55
  L_sendSensorStatus56
  L_sendSensorStatus57
  L_sendSensorStatus58
  L_sendSensorStatus59
  L_testPIC60
  L_testPIC61
  L_testPIC62
  L_testPIC63
  L_testPIC64
  L_testPIC65
  L_testPIC66
  L_lineFollow67
  L_lineFollow68
  L_lineFollow69
  L_lineFollow70
  L_lineFollow71
  L_lineFollow72
  L_lineFollow73
  L_lineFollow74
  L_lineFollow75
  L_lineFollow76
  L_lineFollow77
  L_lineFollow78
  L_lineFollow79
  L_lineFollow80
  L_lineFollow81
  L_lineFollow82
  L_lineFollow83
  L_lineFollow84
  L_lineFollow85
  L_lineFollow86
  L_lineFollow87
  L_lineFollow88
  L_lineFollow89
  L_lineFollowNormal90
  L_lineFollowNormal91
  L_lineFollowNormal92
  L_lineFollowNormal93
  L_lineFollowNormal94
  L_lineFollowNormal95
  L_lineFollowNormal96
  L_lineFollowNormal97
  L_lineFollowNormal98
  L_lineFollowNormal99
  L_lineFollowNormal100
  L_lineFollowNormal101
  L_lineFollowNormal102
  L_lineFollowNormal103
  L_lineFollowNormal104
  L_lineFollowNormal105
  L_lineFollowNormal106
  L_lineFollowNormal107
  L_lineFollowNormal108
  L_lineFollowNormal109
  L_lineFollowNormal110
  L_lineFollowNormal111
  L_lineFollowNormal112
  L_lineFollowNormal113
  L_lineFollowNormal114
  L_lineFollowNormal115
  L_lineFollowNormal116
  L_lineFollowNormal117
  L_lineFollowNormal118
  L_lineFollowNormal119
  L_lineFollowNormal120
  L_lineFollowNormal121
  L_lineFollowNormal122
  L_lineFollowNormal123
  L_lineFollowNormal124
  L_lineFollowNormal125
  L_lineFollowNormal126
  L_lineFollowNormal127
  L_lineFollowNormal128
  L_lineFollowNormal129
  L_lineFollowNormal130
  L_lineFollowNormal131
  L_lineFollowNormal132
  L_lineFollowNormal133
  L_lineFollowNormal134
  L_lineFollowNormal135
  L_lineFollowNormal136
  L_lineFollowNormal137
  L_lineFollowNormal138
  L_lineFollowNormal139
  L_lineFollowNormal140
  L_lineFollowNormal141
  L_lineFollowNormal142
  L_lineFollowNormal143
  L_lineFollowNormal144
  L_lineFollowNormal145
  L_lineFollowNormal146
  L_lineFollowPID147
  L_lineFollowPID148
  L_lineFollowPID149
  L_lineFollowPID150
  L_lineFollowPID151
  L_lineFollowPID152
  L_lineFollowPID153
  L_lineFollowPID154
  L_lineFollowPID155
  L_lineFollowPID156
  L_lineFollowPID157
  L_lineFollowPID158
  L_lineFollowPID159
  L_lineFollowPID160
  L_lineFollowPID161
  L_lineFollowPID162
  L_lineFollowPID163
  L_lineFollowPID164
  L_lineFollowPID165
  L_lineFollowPID166
  L_lineFollowPID167
  L_lineFollowPID168
  L_lineFollowPID169
  L_lineFollowPID170
  L_lineFollowPID171
  L_lineFollowPID172
  L_lineFollowPID173
  L_lineFollowPID174
  L_lineFollowPID175
  L_lineFollowPID176
  L_lineFollowPID177
  L_lineFollowPID178
  L_lineFollowPID179
  L_lineFollowPID180
  L_lineFollowPID181
  L_lineFollowPID182
  L_lineFollowPID183
  L_lineFollowPID184
  L_lineFollowPID185
  L_lineFollowPID186
  L_lineFollowPID187
  L_lineFollowPID188
  L_lineFollowPID189
  L_lineFollowPID190
  L_lineFollowPID191
  L_lineFollowPID192
  L_lineFollowPID193
  L_lineFollowPID194
  L_lineFollowPID195
  L_lineFollowPID196
  L_lineFollowPID197
  L_lineFollowPID198
  L_lineFollowPID199
  L_lineFollowPID200
  L_lineFollowPID201
  L_getDistanceIR_GP2D120202
  L_getDistanceIR_GP2D120203
  L_getDistanceIR_GP2D120204
  L_getDistanceIR_GP2D120205
  L_getDistanceIR_GP2D120206
  L_getDistanceIR_GP2D120207
  L_getDistanceIR_GP2D120208
  L_getDistanceIR_GP2D120209
  L_getDistanceIR_GP2D120210
  L_getDistanceIR_GP2D120211
  L_getDistanceIR_GP2D120212
  L_getDistanceIR_GP2D120213
  L_getDistanceIR_GP2D120214
  L_getDistanceIR_GP2D120215
  L_getDistanceIR_GP2D120216
  L_getDistanceIR_GP2D120217
  L_getDistanceIR_GP2D120218
  L_getDistanceIR_GP2D120219
  L_getDistanceIR_GP2D120220
  L_getDistanceIR_GP2D120221
  L_getDistanceIR_GP2D120222
  L_getDistanceIR_GP2D120223
  L_getDistanceIR_GP2D120224
  L_getDistanceIR_GP2D120225
  L_getDistanceIR_GP2D120226
  L_getDistanceIR_GP2D120227
  L_getDistanceIR_GP2D120228
  L_getDistanceIR_GP2D120229
  L_getDistanceIR_GP2D120230
  L_getDistanceIR_GP2D120231
  L_getDistanceIR_GP2D120232
  L_getDistanceIR_GP2D120233
  L_getDistanceIR_GP2D120234
  L_getDistanceIR_GP2D120235
  L_getDistanceIR_GP2D120236
  L_getDistanceIR_GP2D120237
  L_getDistanceIR_GP2D120238
  L_getDistanceIR_GP2D120239
  L_getDistanceIR_GP2D120240
  L_getDistanceIR_GP2D120241
  L_getDistanceIR_GP2D120242
  L_getDistanceIR_GP2D120243
  L_getDistanceIR_GP2D120244
  L_getDistanceIR_GP2D120245
  L_getDistanceIR_GP2D120246
  L_getDistanceIR_GP2D120247
  L_getDistanceIR_GP2D120248
  L_getDistanceIR_GP2D120249
  L_getDistanceIR_GP2D120250
  L_getDistanceIR_GP2D120251
  L_getDistanceIR_GP2D120252
  L_getDistanceIR_GP2D120253
  L_getDistanceIR_GP2D120254
  L_getDistanceIR_GP2D120255
  L_getDistanceIR_GP2D120256
  L_getDistanceIR_GP2D120257
  L_getDistanceIR_GP2D120258
  L_getDistanceIR_GP2D120259
  L_getDistanceIR_GP2D120260
  L_getDistanceIR_GP2D120261
  L_getDistanceIR_GP2D120262
  L_getDistanceIR_GP2D120263
  L_getDistanceIR_GP2D120264
  L_getDistanceIR_GP2D120265
  L_getDistanceIR_GP2D120266
  L_getDistanceIR_GP2D120267
  L_getDistanceIR_GP2D120268
  L_getDistanceIR_GP2D120269
  L_getSonarDistance270
  L_getSonarDistance271
  L_getSonarDistance272
  L_getSonarDistance273
  L_getSonarDistance274
  L_getSonarDistance275
  L_getDistanceSonar2276
  L_getDistanceSonar2277
  L_getDistanceSonar2278
  L_getDistanceSonar2279
  L_getDistanceSonar2280
  L_getDistanceSonar2281
  L_getDistanceSonar2282
  L_getDistanceSonar2283
  L_getDistanceSonar2284
  L_getDistanceSonar2285
  L_getDistanceSonar2286
  L_getDistanceSonar2287
  L_getDistanceSonar2288
  L_getDistanceSonar2289
  L_getDistanceSonar2290
  L_getDistanceSonar2291
  L_getDistanceSonar2292
  L_getDistanceSonar2293
  L_getDistanceSonar2294
  L_goThroughObstacles295
  L_goThroughObstacles296
  L_goThroughObstacles297
  L_goThroughObstacles298
  L_main299
  L_main300
  L_main301
  L_main302
  L_main303
  L_main304
  L_main305
  L_main306
  L_main307
  L_main308
  L_main309
  L_main310
  L_main311
  L_main312
  L_main313
  L_main314
  L_main315
  L_main316
  L_main317
  L_main318
  L_main319
  L_main320
  L_main321
  L_main322
  L_main323
  L_main324
  L_isRightSafe325
  L_isRightSafe326
  L_isRightSafe327
  L_isMiddleSafe328
  L_isMiddleSafe329
  L_isMiddleSafe330
  L_isLeftSafe331
  L_isLeftSafe332
  L_isLeftSafe333
  L_lineFollowNormal2334
  L_lineFollowNormal2335
  L_lineFollowNormal2336
  L_lineFollowNormal2337
  L_lineFollowNormal2338
  L_lineFollowNormal2339
  L_lineFollowNormal2340
  L_lineFollowNormal2341
  L_lineFollowNormal2342
  L_lineFollowNormal2343
  L_lineFollowNormal2344
  L_lineFollowNormal2345
  L_lineFollowNormal2346
  L_lineFollowNormal2347
  L_lineFollowNormal2348
  L_lineFollowNormal2349
  L_lineFollowNormal2350
  L_lineFollowNormal2351
  L_lineFollowNormal2352
  L_lineFollowNormal2353
  L_lineFollowNormal2354
  L_lineFollowNormal2355
  L_lineFollowNormal2356
  L_lineFollowNormal2357
  L_lineFollowNormal2358
  L_lineFollowNormal2359
  L_lineFollowNormal2360
  L_lineFollowNormal2361
  L_lineFollowNormal2362
  L_lineFollowNormal2363
  L_lineFollowNormal2364
  L_lineFollowNormal2365
  L_lineFollowNormal2366
  L_lineFollowNormal2367
  L_lineFollowNormal2368
  L_lineFollowNormal2369
  L_lineFollowNormal2370
  L_lineFollowNormal2371
  L_lineFollowNormal2372
  L_lineFollowNormal2373
  L_lineFollowNormal2374
  L_lineFollowNormal2375
  L_lineFollowNormal2376
  L_lineFollowNormal2377
  L_lineFollowNormal2378
  L_lineFollowNormal2379
  L_lineFollowNormal2380
  L_lineFollowNormal2381
  L_lineFollowNormal2382
  L_lineFollowNormal2383
  L_lineFollowNormal2384
  L_lineFollowNormal2385
  L_lineFollowNormal2386
  L_lineFollowNormal2387
  L_lineFollowNormal2388
  L_lineFollowNormal2389
  L_lineFollowNormal2390
  L_lineFollowNormal2391
  L_lineFollowNormal2392
  L_lineFollowNormal2393
  L_lineFollowNormal2394
  L_lineFollowNormal2395
  L_lineFollowNormal2396
  L_lineFollowNormal2397
  L_lineFollowNormal2398
  L_lineFollowNormal2399
  L_lineFollowNormal2400
  L_lineFollowNormal2401
  L_lineFollowNormal2402
  L_lineFollowNormal2403
  L_lineFollowNormal2404
  L_lineFollowNormal2405
  L_lineFollowNormal2406
  L_lineFollowNormal2407
  L_lineFollowNormal2408
  L_lineFollowNormal2409
  L_lineFollowNormal2410
  L_lineFollowNormal2411
  L_lineFollowNormal2412
  L_lineFollowNormal2413
  L_lineFollowNormal2414
  L_lineFollowNormal2415
  L_lineFollowNormal2416
  L_lineFollowNormal2417
  L_lineFollowNormal2418
  L_lineFollowNormal2419
  L_lineFollowNormal2420
  L_lineFollowNormal2421
  L_lineFollowNormal2422
  L_lineFollowNormal2423
  L_lineFollowNormal2424
  L_lineFollowNormal2425
  L_lineFollowNormal2426
  L_lineFollowNormal2427
  L_lineFollowNormal2428
  L_lineFollowNormal2429
  L_lineFollowNormal2430
  L_lineFollowNormal2431
  L_lineFollowNormal2432
  L_lineFollowNormal2433
  L_lineFollowNormal2434
  L_lineFollowNormal2435
  L_lineFollowNormal2436
  L_lineFollowNormal2437
  L_lineFollowNormal2438
  L_lineFollowNormal2439
  L_lineFollowNormal2440
  L_lineFollowNormal2441
  L_lineFollowNormal2442
  L_lineFollowNormal2443
  L_lineFollowNormal2444
  L_lineFollowNormal2445
  L_lineFollowNormal2446
  L_lineFollowNormal2447
  L_lineFollowNormal2448
  L_lineFollowNormal2449
  L_lineFollowNormal2450
  L_lineFollowNormal2451
  L_lineFollowNormal3452
  L_lineFollowNormal3453
  L_lineFollowNormal3454
  L_lineFollowNormal3455
  L_lineFollowNormal3456
  L_lineFollowNormal3457
  L_lineFollowNormal3458
  L_lineFollowNormal3459
  L_lineFollowNormal3460
  L_lineFollowNormal3461
  L_lineFollowNormal3462
  L_lineFollowNormal3463
  L_lineFollowNormal3464
  L_lineFollowNormal3465
  L_lineFollowNormal3466
  L_lineFollowNormal3467
  L_lineFollowNormal3468
  L_lineFollowNormal3469
  L_lineFollowNormal3470
  L_lineFollowNormal3471
  L_lineFollowNormal3472
  L_lineFollowNormal3473
  L_lineFollowNormal3474
  L_lineFollowNormal3475
  L_lineFollowNormal3476
  L_lineFollowNormal3477
  L_lineFollowNormal3478
  L_lineFollowNormal3479
  L_lineFollowNormal3480
  L_lineFollowNormal3481
  L_lineFollowNormal3482
  L_lineFollowNormal3483
  L_lineFollowNormal3484
  L_lineFollowNormal3485
  L_lineFollowNormal3486
  L_lineFollowNormal3487
  L_lineFollowNormal3488
  L_lineFollowNormal3489
  L_lineFollowNormal3490
  L_lineFollowNormal3491
  L_lineFollowNormal3492
  L_lineFollowNormal3493
  L_lineFollowNormal3494
  L_lineFollowNormal3495
  L_lineFollowNormal3496
  L_lineFollowNormal3497
  L_lineFollowNormal3498
  L_lineFollowNormal3499
  L_lineFollowNormal3500
  L_lineFollowNormal3501
  L_lineFollowNormal3502
  L_lineFollowNormal3503
  L_lineFollowNormal3504
  L_lineFollowNormal3505
  L_lineFollowNormal3506
  L_lineFollowNormal3507
  L_lineFollowNormal3508
  L_lineFollowNormal3509
  L_lineFollowNormal3510
  L_lineFollowNormal3511
  L_lineFollowNormal3512
  L_lineFollowNormal3513
  L_lineFollowNormal3514
  L_lineFollowNormal3515
  L_lineFollowNormal3516
  L_lineFollowNormal3517
  L_lineFollowNormal3518
  L_lineFollowNormal3519
  L_lineFollowNormal3520
  L_lineFollowNormal3521
  L_lineFollowNormal3522
  L_lineFollowNormal3523
  L_lineFollowNormal3524
  L_lineFollowNormal3525
  L_lineFollowNormal3526
  L_lineFollowNormal3527
  L_lineFollowNormal3528
  L_lineFollowNormal3529
  L_lineFollowNormal3530
  L_lineFollowNormal3531
  L_lineFollowNormal3532
  L_lineFollowNormal3533
  L_lineFollowNormal3534
  L_lineFollowNormal3535
  L_lineFollowNormal3536
  L_lineFollowNormal3537
  L_lineFollowNormal3538
  L_lineFollowNormal3539
  L_lineFollowNormal3540
  L_lineFollowNormal3541
  L_lineFollowNormal3542
  L_lineFollowNormal3543
  L_lineFollowNormal3544
  L_lineFollowNormal3545
  L_lineFollowNormal3546
  L_lineFollowNormal3547
  L_lineFollowNormal3548
  L_lineFollowNormal3549
  L_lineFollowNormal3550
  L_lineFollowNormal3551
  L_lineFollowNormal3552
  L_lineFollowNormal3553
  L_lineFollowNormal3554
  L_lineFollowNormal3555
  L_lineFollowNormal3556
  L_lineFollowNormal3557
  L_lineFollowNormal3558
  L_lineFollowNormal3559
  L_lineFollowNormal3560
  L_lineFollowNormal3561
  L_lineFollowNormal3562
  L_lineFollowNormal3563
  L_lineFollowNormal3564
  L_lineFollowNormal3565
  L_lineFollowNormal3566
  L_lineFollowNormal3567
  L_lineFollowNormal3568
  L_lineFollowNormal3569
  L_lineFollowNormal3570
  L_lineFollowNormal3571
  L_lineFollowNormal3572
  L_lineFollowNormal3573
  L_lineFollowNormal3574
  L_lineFollowNormal3575
  L_lineFollowNormal3576
  L_lineFollowNormal3577
  L_lineFollowNormal3578
  L_lineFollowNormal3579
  L_lineFollowNormal3580
  L_lineFollowNormal3581
  L_lineFollowNormal3582
  L_lineFollowNormal3583
  L_lineFollowNormal3584
  L_lineFollowNormal3585
  L_lineFollowNormal3586
  L_lineFollowNormal3587
  L_lineFollowNormal3588
  L_lineFollowNormal3589
  L_lineFollowNormal3590
  L_lineFollowNormal3591
  L_lineFollowNormal3592
  L_lineFollowNormal3593
  L_lineFollowNormal3594
  L_lineFollowNormal3595
  L_lineFollowNormal3596
  L_lineFollowNormal3597
  L_isOnThePath598
  L_isOnThePath599
  L_isOnThePath600
  L_isOnThePath601
  L_isOnThePath602
  L_isOnThePath603
  L_isOnThePath604
  L_isOnThePath605
  L_isOnThePath606
  L_isOnThePath607
  L_isOnThePath608
  L_isOnThePath609
  L_isOnThePath610
  L_isOnThePath611
  L__isAllBlack612
  L__isAllWhite613
  L__lineFollow614
  L__lineFollow615
  L__lineFollow616
  L__lineFollow617
  L__lineFollow618
  L__lineFollowNormal619
  L__lineFollowNormal620
  L__lineFollowNormal621
  L__lineFollowNormal622
  L__lineFollowNormal623
  L__lineFollowNormal624
  L__lineFollowNormal625
  L__lineFollowNormal626
  L__lineFollowNormal627
  L__lineFollowNormal628
  L__lineFollowNormal629
  L__lineFollowNormal630
  L__lineFollowNormal631
  L__lineFollowPID632
  L__lineFollowPID633
  L__lineFollowPID634
  L__lineFollowPID635
  L__lineFollowPID636
  L__lineFollowPID637
  L__lineFollowPID638
  L__lineFollowPID639
  L__lineFollowPID640
  L__lineFollowPID641
  L__lineFollowPID642
  L__lineFollowPID643
  L__lineFollowPID644
  L__lineFollowPID645
  L__lineFollowPID646
  L__lineFollowPID647
  L__lineFollowPID648
  L__lineFollowPID649
  L__getDistanceIR_GP2D120650
  L__getDistanceIR_GP2D120651
  L__getDistanceIR_GP2D120652
  L__getDistanceIR_GP2D120653
  L__getDistanceIR_GP2D120654
  L__getDistanceIR_GP2D120655
  L__getDistanceIR_GP2D120656
  L__getDistanceIR_GP2D120657
  L__getDistanceIR_GP2D120658
  L__getDistanceIR_GP2D120659
  L__getDistanceIR_GP2D120660
  L__getDistanceIR_GP2D120661
  L__getDistanceIR_GP2D120662
  L__getDistanceIR_GP2D120663
  L__getDistanceIR_GP2D120664
  L__getDistanceIR_GP2D120665
  L__getDistanceIR_GP2D120666
  L__main667
  L__main668
  L__isRightSafe669
  L__isMiddleSafe670
  L__isLeftSafe671
  L__lineFollowNormal2672
  L__lineFollowNormal2673
  L__lineFollowNormal2674
  L__lineFollowNormal2675
  L__lineFollowNormal2676
  L__lineFollowNormal2677
  L__lineFollowNormal2678
  L__lineFollowNormal2679
  L__lineFollowNormal2680
  L__lineFollowNormal2681
  L__lineFollowNormal2682
  L__lineFollowNormal2683
  L__lineFollowNormal2684
  L__lineFollowNormal2685
  L__lineFollowNormal2686
  L__lineFollowNormal2687
  L__lineFollowNormal2688
  L__lineFollowNormal2689
  L__lineFollowNormal2690
  L__lineFollowNormal2691
  L__lineFollowNormal3692
  L__lineFollowNormal3693
  L__lineFollowNormal3694
  L__lineFollowNormal3695
  L__lineFollowNormal3696
  L__lineFollowNormal3697
  L__lineFollowNormal3698
  L__lineFollowNormal3699
  L__lineFollowNormal3700
  L__lineFollowNormal3701
  L__lineFollowNormal3702
  L__lineFollowNormal3703
  L__lineFollowNormal3704
  L__lineFollowNormal3705
  L__lineFollowNormal3706
  L__lineFollowNormal3707
  L__lineFollowNormal3708
  L__lineFollowNormal3709
  L__lineFollowNormal3710
  L__lineFollowNormal3711
  L__lineFollowNormal3712
  L__lineFollowNormal3713
  L__lineFollowNormal3714
  L__lineFollowNormal3715
  L__lineFollowNormal3716
  L__lineFollowNormal3717
  L__lineFollowNormal3718
  L__lineFollowNormal3719
  L__lineFollowNormal3720
  L__lineFollowNormal3721
  L__lineFollowNormal3722
  L__lineFollowNormal3723
  L__lineFollowNormal3724
  L__lineFollowNormal3725
  L__isOnThePath726
  L__isOnThePath727
  L__isOnThePath728
  L__isOnThePath729
  L__isOnThePath730
  L__isOnThePath731
  _isAllBlack
  _isAllWhite
  _motorLeft_foward
  _motorRight_foward
  _motorLeft_reverse
  _motorRight_reverse
  _motorLeft_stop
  _motorRight_stop
  _moveForward
  _reverse
  _turnRight
  _turnLeft
  _rotateClockwise
  _rotateAntiClockwise
  _stop
  _rotateByDegree
  L__rotateByDegree732
  L__rotateByDegree733
  L__rotateByDegree734
  L__rotateByDegree735
  L__rotateByDegree736
  L__rotateByDegree737
  _testMotion
  _sendSensorStatus
  _sendText
  _testPIC
  L__testPIC738
  _lineFollow
  _lineFollowNormal
  _setPID
  _lineFollowPID
  _configure
  _getDistanceIR_GP2D120
  L__getDistanceIR_GP2D120739
  L__getDistanceIR_GP2D120740
  L__getDistanceIR_GP2D120741
  L__getDistanceIR_GP2D120742
  L__getDistanceIR_GP2D120743
  L__getDistanceIR_GP2D120744
  L__getDistanceIR_GP2D120745
  L__getDistanceIR_GP2D120746
  L__getDistanceIR_GP2D120747
  L__getDistanceIR_GP2D120748
  L__getDistanceIR_GP2D120749
  L__getDistanceIR_GP2D120750
  L__getDistanceIR_GP2D120751
  L__getDistanceIR_GP2D120752
  L__getDistanceIR_GP2D120753
  L__getDistanceIR_GP2D120754
  L__getDistanceIR_GP2D120755
  L__getDistanceIR_GP2D120756
  L__getDistanceIR_GP2D120757
  L__getDistanceIR_GP2D120758
  L__getDistanceIR_GP2D120759
  L__getDistanceIR_GP2D120760
  L__getDistanceIR_GP2D120761
  L__getDistanceIR_GP2D120762
  L__getDistanceIR_GP2D120763
  L__getDistanceIR_GP2D120764
  L__getDistanceIR_GP2D120765
  L__getDistanceIR_GP2D120766
  L__getDistanceIR_GP2D120767
  L__getDistanceIR_GP2D120768
  L__getDistanceIR_GP2D120769
  L__getDistanceIR_GP2D120770
  L__getDistanceIR_GP2D120771
  L__getDistanceIR_GP2D120772
  _getSonarDistance
  _getDistanceSonar2
  L__getDistanceSonar2773
  L__getDistanceSonar2774
  L__getDistanceSonar2775
  L__getDistanceSonar2776
  _goThroughObstacles
  L__goThroughObstacles777
  _main
  _isRightSafe
  L__isRightSafe778
  L__isRightSafe779
  _isMiddleSafe
  L__isMiddleSafe780
  L__isMiddleSafe781
  _isLeftSafe
  L__isLeftSafe782
  L__isLeftSafe783
  _moveStraightSlow
  _lineFollowNormal2
  _lineFollowNormal3
  _isOnThePath
  L_Div_16x16_S0
  L_Div_16x16_S1
  LOOPS3232A
  SADD22LA
  SOK22LA
  SADD22L8
  SOK22L8
  LOOPS3232B
  SADD22LB
  SOK22LB
  SADD22L16
  SOK22L16
  LOOPS3232C
  SADD22LC
  SOK22LC
  SADD22L24
  SOK22L24
  LOOPS3232D
  SADD22LD
  SOK22LD
  SOK22L
  L_Div_32x32_S6
  L_Div_32x32_S7
  L_Div_32x32_S8
  L_Div_32x32_S9
  FXD3232S
  END_ALL
  CA3232S
  C3232SX
  C3232SX1
  C3232S
  C3232S2
  C3232SX4
  C3232SOK
  C3232SX3
  C3232SX2
  avoid_comfrem
  LOOPU3232A
  UADD22LA
  UOK22LA
  UADD22L8
  UOK22L8
  LOOPU3232B
  UADD22LB
  UOK22LB
  UADD22L16
  UOK22L16
  LOOPU3232C
  UADD22LC
  UOK22LC
  UADD22L24
  UOK22L24
  LOOPU3232D
  UADD22LD
  UOK22LD
  UOK22L
  _NEXT
  _EXIT2
  _LOOP
  _EXIT1
  _IF_FIRST
  _IF_SECOND
  _INVERCE_FIRST
  _MULT
  _INBERSE_SECOND
  _EXIT
  _Div_8x8_U
  _Div_16x16_U
  _Div_16x16_S_L
  _Div_16x16_S
  _Div_8x8_S
  _Mul_8x8_S
  _Mul_16x16_U
  _Mul_16x16_S
  _SDIV3232L
  _COMFREM
  _Div_32x32_S
  _Div_32x32_U
  _Mul_32x32_U
  _Mul_32x32_S
  _PWM2_Init
  _PWM2_Set_Duty
  L__PWM2_Set_Duty0
  L__PWM2_Set_Duty1
  L__PWM2_Set_Duty2
  L__PWM2_Set_Duty3
  _PWM2_Start
  _PWM2_Stop
  _PWM1_Init
  _PWM1_Set_Duty
  L__PWM1_Set_Duty4
  L__PWM1_Set_Duty5
  L__PWM1_Set_Duty6
  L__PWM1_Set_Duty7
  _PWM1_Start
  _PWM1_Stop
  _CC2D_Loop1
  _CC2DL_Loop1
  L_longjmp2
  ___CC2D
  ___CC2DW
  _____DoIFC
  _Swap
  _setjmp
  _longjmp
  L_UART1_Init0
  L_UART1_Init1
  L_UART1_Read2
  L_UART1_Write3
  L_UART1_Write4
  L_UART1_Write_Text5
  L_UART1_Write_Text6
  L_UART1_Read_Text7
  L_UART1_Read_Text8
  L_UART1_Read_Text9
  L_UART1_Read_Text10
  L_UART1_Read_Text11
  L_UART1_Read_Text12
  L_UART1_Read_Text13
  L_UART1_Read_Text14
  L_UART1_Read_Text15
  _UART1_Init
  _UART1_Data_Ready
  _UART1_Read
  _UART1_Tx_Idle
  _UART1_Write
  _UART1_Write_Text
  _UART1_Read_Text
  _UART_Set_Active
