;  LST file generated by mikroListExporter - v.2.0 
; Date/Time: 9/10/2012 10:59:46 PM
;----------------------------------------------

;Address Opcode 	ASM
0x0000	0xF003EF2A  	GOTO        1620
0x0004	0x0000      	NOP
0x0006	0x0000      	NOP
0x0008	0xF000EF00  	GOTO        0
0x000C	0x0000      	NOP
0x000E	0x0000      	NOP
0x0010	0x0000      	NOP
0x0012	0x0000      	NOP
0x0014	0x0000      	NOP
0x0016	0x0000      	NOP
0x0018	0xD7F3      	BRA         0
_Mul_16x16_U:
;__Lib_Math.c,437 :: 		
;__Lib_Math.c,444 :: 		
0x001C	0x6A0B      	CLRF        R11, 0
;__Lib_Math.c,445 :: 		
0x001E	0x6A0A      	CLRF        R10, 0
;__Lib_Math.c,446 :: 		
0x0020	0x6A09      	CLRF        R9, 0
;__Lib_Math.c,447 :: 		
0x0022	0x5000      	MOVF        R0, 0, 0
;__Lib_Math.c,448 :: 		
0x0024	0x0204      	MULWF       R4, 0
;__Lib_Math.c,450 :: 		
0x0026	0xF009CFF4  	MOVFF       PRODH, R9
;__Lib_Math.c,451 :: 		
0x002A	0xF008CFF3  	MOVFF       PRODL, R8
;__Lib_Math.c,452 :: 		
0x002E	0x5001      	MOVF        R1, 0, 0
;__Lib_Math.c,453 :: 		
0x0030	0x0205      	MULWF       R5, 0
;__Lib_Math.c,455 :: 		
0x0032	0xF00BCFF4  	MOVFF       PRODH, R11
;__Lib_Math.c,456 :: 		
0x0036	0xF00ACFF3  	MOVFF       PRODL, R10
;__Lib_Math.c,457 :: 		
0x003A	0x5000      	MOVF        R0, 0, 0
;__Lib_Math.c,458 :: 		
0x003C	0x0205      	MULWF       R5, 0
;__Lib_Math.c,460 :: 		
0x003E	0x50F3      	MOVF        PRODL, 0, 0
;__Lib_Math.c,461 :: 		
0x0040	0x2609      	ADDWF       R9, 1, 0
;__Lib_Math.c,462 :: 		
0x0042	0x50F4      	MOVF        PRODH, 0, 0
;__Lib_Math.c,463 :: 		
0x0044	0x220A      	ADDWFC      R10, 1, 0
;__Lib_Math.c,464 :: 		
0x0046	0x6AE8      	CLRF        WREG, 0
;__Lib_Math.c,465 :: 		
0x0048	0x220B      	ADDWFC      R11, 1, 0
;__Lib_Math.c,466 :: 		
0x004A	0x5001      	MOVF        R1, 0, 0
;__Lib_Math.c,467 :: 		
0x004C	0x0204      	MULWF       R4, 0
;__Lib_Math.c,469 :: 		
0x004E	0x50F3      	MOVF        PRODL, 0, 0
;__Lib_Math.c,470 :: 		
0x0050	0x2609      	ADDWF       R9, 1, 0
;__Lib_Math.c,471 :: 		
0x0052	0x50F4      	MOVF        PRODH, 0, 0
;__Lib_Math.c,472 :: 		
0x0054	0x220A      	ADDWFC      R10, 1, 0
;__Lib_Math.c,473 :: 		
0x0056	0x6AE8      	CLRF        WREG, 0
;__Lib_Math.c,474 :: 		
0x0058	0x220B      	ADDWFC      R11, 1, 0
;__Lib_Math.c,476 :: 		
0x005A	0xF000C008  	MOVFF       R8, R0
;__Lib_Math.c,477 :: 		
0x005E	0xF001C009  	MOVFF       R9, R1
;__Lib_Math.c,478 :: 		
0x0062	0xF002C00A  	MOVFF       R10, R2
;__Lib_Math.c,479 :: 		
0x0066	0xF003C00B  	MOVFF       R11, R3
;__Lib_Math.c,482 :: 		
0x006A	0x0012      	RETURN      0
; end of _Mul_16x16_U
_PWM1_Set_Duty:
;__Lib_PWM_c21.c,43 :: 		
;__Lib_PWM_c21.c,47 :: 		
0x006C	0x50CB      	MOVF        PR2, 0 
0x006E	0x0F01      	ADDLW       1
0x0070	0x6E00      	MOVWF       R0 
0x0072	0x6A01      	CLRF        R1 
0x0074	0x0E00      	MOVLW       0
0x0076	0x2201      	ADDWFC      R1, 1 
0x0078	0xF004C152  	MOVFF       FARG_PWM1_Set_Duty_new_duty, R4
0x007C	0x0E00      	MOVLW       0
0x007E	0x6E05      	MOVWF       R5 
0x0080	0xDFCD      	RCALL       _Mul_16x16_U
0x0082	0x0E06      	MOVLW       6
0x0084	0x6E02      	MOVWF       R2 
0x0086	0xF004C000  	MOVFF       R0, R4
0x008A	0xF005C001  	MOVFF       R1, R5
0x008E	0x5002      	MOVF        R2, 0 
L__PWM1_Set_Duty4:
0x0090	0xE005      	BZ          L__PWM1_Set_Duty5
0x0092	0x3205      	RRCF        R5, 1 
0x0094	0x3204      	RRCF        R4, 1 
0x0096	0x9E05      	BCF         R5, 7 
0x0098	0x0FFF      	ADDLW       255
0x009A	0xD7FA      	BRA         L__PWM1_Set_Duty4
L__PWM1_Set_Duty5:
;__Lib_PWM_c21.c,48 :: 		
0x009C	0x0E04      	MOVLW       4
0x009E	0x6E01      	MOVWF       R1 
0x00A0	0xF000C004  	MOVFF       R4, R0
0x00A4	0x5001      	MOVF        R1, 0 
L__PWM1_Set_Duty6:
0x00A6	0xE004      	BZ          L__PWM1_Set_Duty7
0x00A8	0x3600      	RLCF        R0, 1 
0x00AA	0x9000      	BCF         R0, 0 
0x00AC	0x0FFF      	ADDLW       255
0x00AE	0xD7FB      	BRA         L__PWM1_Set_Duty6
L__PWM1_Set_Duty7:
0x00B0	0x0E30      	MOVLW       48
0x00B2	0x1400      	ANDWF       R0, 0 
0x00B4	0x6E03      	MOVWF       R3 
;__Lib_PWM_c21.c,49 :: 		
0x00B6	0xF000C004  	MOVFF       R4, R0
0x00BA	0xF001C005  	MOVFF       R5, R1
0x00BE	0x3201      	RRCF        R1, 1 
0x00C0	0x3200      	RRCF        R0, 1 
0x00C2	0x9E01      	BCF         R1, 7 
0x00C4	0x3201      	RRCF        R1, 1 
0x00C6	0x3200      	RRCF        R0, 1 
0x00C8	0x9E01      	BCF         R1, 7 
0x00CA	0xFFBEC000  	MOVFF       R0, CCPR1L
;__Lib_PWM_c21.c,50 :: 		
0x00CE	0x0E0F      	MOVLW       15
0x00D0	0x16BD      	ANDWF       CCP1CON, 1 
;__Lib_PWM_c21.c,51 :: 		
0x00D2	0x5003      	MOVF        R3, 0 
0x00D4	0x12BD      	IORWF       CCP1CON, 1 
;__Lib_PWM_c21.c,52 :: 		
0x00D6	0x0012      	RETURN      0
; end of _PWM1_Set_Duty
_PWM2_Set_Duty:
;__Lib_PWM_c21.c,8 :: 		
;__Lib_PWM_c21.c,12 :: 		
0x00D8	0x50CB      	MOVF        PR2, 0 
0x00DA	0x0F01      	ADDLW       1
0x00DC	0x6E00      	MOVWF       R0 
0x00DE	0x6A01      	CLRF        R1 
0x00E0	0x0E00      	MOVLW       0
0x00E2	0x2201      	ADDWFC      R1, 1 
0x00E4	0xF004C152  	MOVFF       FARG_PWM2_Set_Duty_new_duty, R4
0x00E8	0x0E00      	MOVLW       0
0x00EA	0x6E05      	MOVWF       R5 
0x00EC	0xDF97      	RCALL       _Mul_16x16_U
0x00EE	0x0E06      	MOVLW       6
0x00F0	0x6E02      	MOVWF       R2 
0x00F2	0xF004C000  	MOVFF       R0, R4
0x00F6	0xF005C001  	MOVFF       R1, R5
0x00FA	0x5002      	MOVF        R2, 0 
L__PWM2_Set_Duty0:
0x00FC	0xE005      	BZ          L__PWM2_Set_Duty1
0x00FE	0x3205      	RRCF        R5, 1 
0x0100	0x3204      	RRCF        R4, 1 
0x0102	0x9E05      	BCF         R5, 7 
0x0104	0x0FFF      	ADDLW       255
0x0106	0xD7FA      	BRA         L__PWM2_Set_Duty0
L__PWM2_Set_Duty1:
;__Lib_PWM_c21.c,13 :: 		
0x0108	0x0E04      	MOVLW       4
0x010A	0x6E01      	MOVWF       R1 
0x010C	0xF000C004  	MOVFF       R4, R0
0x0110	0x5001      	MOVF        R1, 0 
L__PWM2_Set_Duty2:
0x0112	0xE004      	BZ          L__PWM2_Set_Duty3
0x0114	0x3600      	RLCF        R0, 1 
0x0116	0x9000      	BCF         R0, 0 
0x0118	0x0FFF      	ADDLW       255
0x011A	0xD7FB      	BRA         L__PWM2_Set_Duty2
L__PWM2_Set_Duty3:
0x011C	0x0E30      	MOVLW       48
0x011E	0x1400      	ANDWF       R0, 0 
0x0120	0x6E03      	MOVWF       R3 
;__Lib_PWM_c21.c,14 :: 		
0x0122	0xF000C004  	MOVFF       R4, R0
0x0126	0xF001C005  	MOVFF       R5, R1
0x012A	0x3201      	RRCF        R1, 1 
0x012C	0x3200      	RRCF        R0, 1 
0x012E	0x9E01      	BCF         R1, 7 
0x0130	0x3201      	RRCF        R1, 1 
0x0132	0x3200      	RRCF        R0, 1 
0x0134	0x9E01      	BCF         R1, 7 
0x0136	0xFFBBC000  	MOVFF       R0, CCPR2L
;__Lib_PWM_c21.c,15 :: 		
0x013A	0x0E0F      	MOVLW       15
0x013C	0x16BA      	ANDWF       CCP2CON, 1 
;__Lib_PWM_c21.c,16 :: 		
0x013E	0x5003      	MOVF        R3, 0 
0x0140	0x12BA      	IORWF       CCP2CON, 1 
;__Lib_PWM_c21.c,17 :: 		
0x0142	0x0012      	RETURN      0
; end of _PWM2_Set_Duty
_motorRight_foward:
;motion.h,42 :: 		void motorRight_foward(int pwm){
;motion.h,43 :: 		Motor_Right_Forward = 1;
0x0144	0x8882      	BSF         PORTC, 4 
;motion.h,44 :: 		Motor_Right_Reverse = 0;
0x0146	0x9A82      	BCF         PORTC, 5 
;motion.h,45 :: 		PWM1_Set_Duty(pwm);
0x0148	0xF152C150  	MOVFF       FARG_motorRight_foward_pwm, FARG_PWM1_Set_Duty_new_duty
0x014C	0xDF8F      	RCALL       _PWM1_Set_Duty
;motion.h,46 :: 		}
0x014E	0x0012      	RETURN      0
; end of _motorRight_foward
_motorLeft_foward:
;motion.h,36 :: 		void motorLeft_foward(int pwm){
;motion.h,37 :: 		Motor_Left_Forward = 1;
0x0150	0x8483      	BSF         PORTD, 2 
;motion.h,38 :: 		Motor_Left_Reverse = 0;
0x0152	0x9683      	BCF         PORTD, 3 
;motion.h,39 :: 		PWM2_Set_Duty(pwm);
0x0154	0xF152C150  	MOVFF       FARG_motorLeft_foward_pwm, FARG_PWM2_Set_Duty_new_duty
0x0158	0xDFBF      	RCALL       _PWM2_Set_Duty
;motion.h,40 :: 		}
0x015A	0x0012      	RETURN      0
; end of _motorLeft_foward
_UART1_Write:
;__Lib_UART_c67.c,58 :: 		
;__Lib_UART_c67.c,59 :: 		
L_UART1_Write3:
0x015C	0xB2AC      	BTFSC       TXSTA, 1 
0x015E	0xD002      	BRA         L_UART1_Write4
;__Lib_UART_c67.c,60 :: 		
0x0160	0x0000      	NOP
0x0162	0xD7FC      	BRA         L_UART1_Write3
L_UART1_Write4:
;__Lib_UART_c67.c,61 :: 		
0x0164	0xFFADC150  	MOVFF       FARG_UART1_Write_data_, TXREG
;__Lib_UART_c67.c,62 :: 		
0x0168	0x0012      	RETURN      0
; end of _UART1_Write
_motorLeft_stop:
;motion.h,60 :: 		void motorLeft_stop(){
;motion.h,61 :: 		Motor_Left_Forward = 1;
0x016A	0x8483      	BSF         PORTD, 2 
;motion.h,62 :: 		Motor_Left_Reverse = 1;
0x016C	0x8683      	BSF         PORTD, 3 
;motion.h,63 :: 		}
0x016E	0x0012      	RETURN      0
; end of _motorLeft_stop
_motorRight_stop:
;motion.h,65 :: 		void motorRight_stop(){
;motion.h,66 :: 		Motor_Right_Forward = 1;
0x0170	0x8882      	BSF         PORTC, 4 
;motion.h,67 :: 		Motor_Right_Reverse = 1;
0x0172	0x8A82      	BSF         PORTC, 5 
;motion.h,68 :: 		}
0x0174	0x0012      	RETURN      0
; end of _motorRight_stop
_moveForward:
;motion.h,70 :: 		void moveForward(int pwmLeft, int pwmRight){
;motion.h,71 :: 		motorLeft_foward(pwmLeft);
0x0176	0xF150C14C  	MOVFF       FARG_moveForward_pwmLeft, FARG_motorLeft_foward_pwm
0x017A	0xF151C14D  	MOVFF       FARG_moveForward_pwmLeft+1, FARG_motorLeft_foward_pwm+1
0x017E	0xDFE8      	RCALL       _motorLeft_foward
;motion.h,72 :: 		motorRight_foward(pwmRight);
0x0180	0xF150C14E  	MOVFF       FARG_moveForward_pwmRight, FARG_motorRight_foward_pwm
0x0184	0xF151C14F  	MOVFF       FARG_moveForward_pwmRight+1, FARG_motorRight_foward_pwm+1
0x0188	0xDFDD      	RCALL       _motorRight_foward
;motion.h,73 :: 		}
0x018A	0x0012      	RETURN      0
; end of _moveForward
_stop:
;motion.h,95 :: 		void stop(){
;motion.h,96 :: 		motorLeft_stop();
0x018C	0xDFEE      	RCALL       _motorLeft_stop
;motion.h,97 :: 		motorRight_stop();
0x018E	0xDFF0      	RCALL       _motorRight_stop
;motion.h,98 :: 		}
0x0190	0x0012      	RETURN      0
; end of _stop
_motorRight_reverse:
;motion.h,54 :: 		void motorRight_reverse(int pwm){
;motion.h,55 :: 		Motor_Right_Forward = 0;
0x0192	0x9882      	BCF         PORTC, 4 
;motion.h,56 :: 		Motor_Right_Reverse = 1;
0x0194	0x8A82      	BSF         PORTC, 5 
;motion.h,57 :: 		PWM1_Set_Duty(pwm);
0x0196	0xF152C14C  	MOVFF       FARG_motorRight_reverse_pwm, FARG_PWM1_Set_Duty_new_duty
0x019A	0xDF68      	RCALL       _PWM1_Set_Duty
;motion.h,58 :: 		}
0x019C	0x0012      	RETURN      0
; end of _motorRight_reverse
_motorLeft_reverse:
;motion.h,48 :: 		void motorLeft_reverse(int pwm){
;motion.h,49 :: 		Motor_Left_Forward = 0;
0x019E	0x9483      	BCF         PORTD, 2 
;motion.h,50 :: 		Motor_Left_Reverse = 1;
0x01A0	0x8683      	BSF         PORTD, 3 
;motion.h,51 :: 		PWM2_Set_Duty(pwm);
0x01A2	0xF152C14C  	MOVFF       FARG_motorLeft_reverse_pwm, FARG_PWM2_Set_Duty_new_duty
0x01A6	0xDF98      	RCALL       _PWM2_Set_Duty
;motion.h,52 :: 		}
0x01A8	0x0012      	RETURN      0
; end of _motorLeft_reverse
_PWM1_Init:
;__Lib_PWM_c21.c,36 :: 		
;__Lib_PWM_c21.c,37 :: 		
;__Lib_PWM_c21.c,38 :: 		
0x01AA	0x6ABE      	CLRF        CCPR1L 
;__Lib_PWM_c21.c,39 :: 		
0x01AC	0x98BD      	BCF         CCP1CON, 4 
;__Lib_PWM_c21.c,40 :: 		
0x01AE	0x9ABD      	BCF         CCP1CON, 5 
;__Lib_PWM_c21.c,41 :: 		
0x01B0	0x0012      	RETURN      0
; end of _PWM1_Init
_UART1_Write_Text:
;__Lib_UART_c67.c,66 :: 		
;__Lib_UART_c67.c,67 :: 		
0x01B2	0x0101      	MOVLB       1
0x01B4	0x6B4F      	CLRF        UART1_Write_Text_counter_L0, 1
;__Lib_UART_c67.c,69 :: 		
0x01B6	0xFFE9C14C  	MOVFF       FARG_UART1_Write_Text_uart_text, FSR0L
0x01BA	0xFFEAC14D  	MOVFF       FARG_UART1_Write_Text_uart_text+1, FSR0H
0x01BE	0xF14ECFEE  	MOVFF       POSTINC0, UART1_Write_Text_data__L0
;__Lib_UART_c67.c,70 :: 		
L_UART1_Write_Text5:
0x01C2	0x514E      	MOVF        UART1_Write_Text_data__L0, 0, 1
0x01C4	0x0A00      	XORLW       0
0x01C6	0xE00E      	BZ          L_UART1_Write_Text6
;__Lib_UART_c67.c,71 :: 		
0x01C8	0xF150C14E  	MOVFF       UART1_Write_Text_data__L0, FARG_UART1_Write_data_
0x01CC	0xDFC7      	RCALL       _UART1_Write
;__Lib_UART_c67.c,72 :: 		
0x01CE	0x0101      	MOVLB       1
0x01D0	0x2B4F      	INCF        UART1_Write_Text_counter_L0, 1, 1
;__Lib_UART_c67.c,73 :: 		
0x01D2	0x514F      	MOVF        UART1_Write_Text_counter_L0, 0, 1
0x01D4	0x254C      	ADDWF       FARG_UART1_Write_Text_uart_text, 0, 1
0x01D6	0x6EE9      	MOVWF       FSR0L 
0x01D8	0x0E00      	MOVLW       0
0x01DA	0x214D      	ADDWFC      FARG_UART1_Write_Text_uart_text+1, 0, 1
0x01DC	0x6EEA      	MOVWF       FSR0H 
0x01DE	0xF14ECFEE  	MOVFF       POSTINC0, UART1_Write_Text_data__L0
;__Lib_UART_c67.c,74 :: 		
0x01E2	0xD7EF      	BRA         L_UART1_Write_Text5
L_UART1_Write_Text6:
;__Lib_UART_c67.c,75 :: 		
0x01E4	0x0012      	RETURN      0
; end of _UART1_Write_Text
_PWM1_Start:
;__Lib_PWM_c21.c,54 :: 		
;__Lib_PWM_c21.c,55 :: 		
0x01E6	0x9494      	BCF         TRISC2_bit, 2 
;__Lib_PWM_c21.c,56 :: 		
0x01E8	0x84CA      	BSF         T2CON, 2 
;__Lib_PWM_c21.c,57 :: 		
0x01EA	0x0E0C      	MOVLW       12
0x01EC	0x12BD      	IORWF       CCP1CON, 1 
;__Lib_PWM_c21.c,58 :: 		
0x01EE	0x0012      	RETURN      0
; end of _PWM1_Start
_PWM2_Start:
;__Lib_PWM_c21.c,19 :: 		
;__Lib_PWM_c21.c,20 :: 		
0x01F0	0x9294      	BCF         TRISC1_bit, 1 
;__Lib_PWM_c21.c,21 :: 		
0x01F2	0x84CA      	BSF         T2CON, 2 
;__Lib_PWM_c21.c,22 :: 		
0x01F4	0x0E0C      	MOVLW       12
0x01F6	0x12BA      	IORWF       CCP2CON, 1 
;__Lib_PWM_c21.c,23 :: 		
0x01F8	0x0012      	RETURN      0
; end of _PWM2_Start
_PWM2_Init:
;__Lib_PWM_c21.c,1 :: 		
;__Lib_PWM_c21.c,2 :: 		
;__Lib_PWM_c21.c,3 :: 		
0x01FA	0x6ABB      	CLRF        CCPR2L 
;__Lib_PWM_c21.c,4 :: 		
0x01FC	0x98BA      	BCF         CCP2CON, 4 
;__Lib_PWM_c21.c,5 :: 		
0x01FE	0x9ABA      	BCF         CCP2CON, 5 
;__Lib_PWM_c21.c,6 :: 		
0x0200	0x0012      	RETURN      0
; end of _PWM2_Init
_UART1_Init:
;__Lib_UART_c67.c,15 :: 		
;__Lib_UART_c67.c,18 :: 		
0x0202	0x0E5C      	MOVLW       _UART1_Write
0x0204	0x0101      	MOVLB       1
0x0206	0x6F38      	MOVWF       _UART_Wr_Ptr, 1
0x0208	0x0E01      	MOVLW       hi_addr(_UART1_Write)
0x020A	0x6F39      	MOVWF       _UART_Wr_Ptr+1, 1
0x020C	0x0E50      	MOVLW       FARG_UART1_Write_data_
0x020E	0x6F3A      	MOVWF       _UART_Wr_Ptr+2, 1
0x0210	0x0E01      	MOVLW       hi_addr(FARG_UART1_Write_data_)
0x0212	0x6F3B      	MOVWF       _UART_Wr_Ptr+3, 1
;__Lib_UART_c67.c,19 :: 		
0x0214	0x0E70      	MOVLW       _UART1_Read
0x0216	0x6F3C      	MOVWF       _UART_Rd_Ptr, 1
0x0218	0x0E04      	MOVLW       hi_addr(_UART1_Read)
0x021A	0x6F3D      	MOVWF       _UART_Rd_Ptr+1, 1
0x021C	0x0E00      	MOVLW       0
0x021E	0x6F3E      	MOVWF       _UART_Rd_Ptr+2, 1
0x0220	0x0E00      	MOVLW       0
0x0222	0x6F3F      	MOVWF       _UART_Rd_Ptr+3, 1
;__Lib_UART_c67.c,20 :: 		
0x0224	0x0EFF      	MOVLW       _UART1_Data_Ready
0x0226	0x6F30      	MOVWF       _UART_Rdy_Ptr, 1
0x0228	0x0EFF      	MOVLW       hi_addr(_UART1_Data_Ready)
0x022A	0x6F31      	MOVWF       _UART_Rdy_Ptr+1, 1
0x022C	0x0E00      	MOVLW       0
0x022E	0x6F32      	MOVWF       _UART_Rdy_Ptr+2, 1
0x0230	0x0E00      	MOVLW       0
0x0232	0x6F33      	MOVWF       _UART_Rdy_Ptr+3, 1
;__Lib_UART_c67.c,21 :: 		
0x0234	0x0EFF      	MOVLW       _UART1_Tx_Idle
0x0236	0x6F34      	MOVWF       _UART_Tx_Idle_Ptr, 1
0x0238	0x0EFF      	MOVLW       hi_addr(_UART1_Tx_Idle)
0x023A	0x6F35      	MOVWF       _UART_Tx_Idle_Ptr+1, 1
0x023C	0x0E00      	MOVLW       0
0x023E	0x6F36      	MOVWF       _UART_Tx_Idle_Ptr+2, 1
0x0240	0x0E00      	MOVLW       0
0x0242	0x6F37      	MOVWF       _UART_Tx_Idle_Ptr+3, 1
;__Lib_UART_c67.c,23 :: 		
0x0244	0x8AAC      	BSF         TXSTA, 5 
;__Lib_UART_c67.c,24 :: 		
0x0246	0x0E90      	MOVLW       144
0x0248	0x6EAB      	MOVWF       RCSTA 
;__Lib_UART_c67.c,25 :: 		
0x024A	0x8E94      	BSF         TRISC7_bit, 7 
;__Lib_UART_c67.c,26 :: 		
0x024C	0x9C94      	BCF         TRISC6_bit, 6 
;__Lib_UART_c67.c,28 :: 		
L_UART1_Init0:
0x024E	0xAA9E      	BTFSS       PIR1, 5 
0x0250	0xD003      	BRA         L_UART1_Init1
;__Lib_UART_c67.c,29 :: 		
0x0252	0xF000CFAE  	MOVFF       RCREG, R0
0x0256	0xD7FB      	BRA         L_UART1_Init0
L_UART1_Init1:
;__Lib_UART_c67.c,30 :: 		
0x0258	0x0012      	RETURN      0
; end of _UART1_Init
_configure:
;configuration.h,1 :: 		void configure(){
;configuration.h,4 :: 		TRISA = 0b11111111;
0x025A	0x0EFF      	MOVLW       255
0x025C	0x6E92      	MOVWF       TRISA 
;configuration.h,5 :: 		TRISB = 0b11111111;
0x025E	0x0EFF      	MOVLW       255
0x0260	0x6E93      	MOVWF       TRISB 
;configuration.h,6 :: 		TRISC = 0b00000000;
0x0262	0x6A94      	CLRF        TRISC 
;configuration.h,7 :: 		TRISD = 0b11110000;
0x0264	0x0EF0      	MOVLW       240
0x0266	0x6E95      	MOVWF       TRISD 
;configuration.h,10 :: 		PORTA = 0;
0x0268	0x6A80      	CLRF        PORTA 
;configuration.h,11 :: 		PORTB = 0;
0x026A	0x6A81      	CLRF        PORTB 
;configuration.h,12 :: 		PORTC = 0;
0x026C	0x6A82      	CLRF        PORTC 
;configuration.h,13 :: 		PORTD = 0;
0x026E	0x6A83      	CLRF        PORTD 
;configuration.h,16 :: 		PWM1_Init(5000);
0x0270	0x80CA      	BSF         T2CON, 0, 0
0x0272	0x92CA      	BCF         T2CON, 1, 0
0x0274	0x0EF9      	MOVLW       249
0x0276	0x6ECB      	MOVWF       PR2, 0
0x0278	0xDF98      	RCALL       _PWM1_Init
;configuration.h,17 :: 		PWM2_Init(5000);
0x027A	0x80CA      	BSF         T2CON, 0, 0
0x027C	0x92CA      	BCF         T2CON, 1, 0
0x027E	0x0EF9      	MOVLW       249
0x0280	0x6ECB      	MOVWF       PR2, 0
0x0282	0xDFBB      	RCALL       _PWM2_Init
;configuration.h,18 :: 		PWM1_Start();
0x0284	0xDFB0      	RCALL       _PWM1_Start
;configuration.h,19 :: 		PWM2_Start();
0x0286	0xDFB4      	RCALL       _PWM2_Start
;configuration.h,20 :: 		UART1_Init(9600);
0x0288	0x0E81      	MOVLW       129
0x028A	0x6EAF      	MOVWF       SPBRG 
0x028C	0x84AC      	BSF         TXSTA, 2, 0
0x028E	0xDFB9      	RCALL       _UART1_Init
;configuration.h,28 :: 		ADCON0 = 0b11000001;
0x0290	0x0EC1      	MOVLW       193
0x0292	0x6EC2      	MOVWF       ADCON0 
;configuration.h,29 :: 		ADCON1 = 0b00000000;
0x0294	0x6AC1      	CLRF        ADCON1 
;configuration.h,35 :: 		}
0x0296	0x0012      	RETURN      0
; end of _configure
___CC2DW:
;__Lib_System.c,21 :: 		
;__Lib_System.c,23 :: 		
_CC2DL_Loop1:
;__Lib_System.c,24 :: 		
0x0298	0x0009      	TBLRD*+
;__Lib_System.c,25 :: 		
0x029A	0xFFE6CFF5  	MOVFF       TABLAT, POSTINC1
;__Lib_System.c,26 :: 		
0x029E	0x0600      	DECF        R0, 1, 0
;__Lib_System.c,27 :: 		
0x02A0	0xE1FB      	BNZ         _CC2DL_Loop1
;__Lib_System.c,28 :: 		
0x02A2	0x0601      	DECF        R1, 1, 0
;__Lib_System.c,29 :: 		
0x02A4	0xE1F9      	BNZ         _CC2DL_Loop1
;__Lib_System.c,31 :: 		
0x02A6	0x0012      	RETURN      0
; end of ___CC2DW
_testPIC:
;debug.h,104 :: 		void testPIC(){
;debug.h,105 :: 		moveForward(200,200);
0x02A8	0x0EC8      	MOVLW       200
0x02AA	0x0101      	MOVLB       1
0x02AC	0x6F4C      	MOVWF       FARG_moveForward_pwmLeft, 1
0x02AE	0x0E00      	MOVLW       0
0x02B0	0x6F4D      	MOVWF       FARG_moveForward_pwmLeft+1, 1
0x02B2	0x0EC8      	MOVLW       200
0x02B4	0x6F4E      	MOVWF       FARG_moveForward_pwmRight, 1
0x02B6	0x0E00      	MOVLW       0
0x02B8	0x6F4F      	MOVWF       FARG_moveForward_pwmRight+1, 1
0x02BA	0xDF5D      	RCALL       _moveForward
;debug.h,106 :: 		debugText = "move Forward  ";
0x02BC	0x0E08      	MOVLW       ?lstr23_Robo2_32v1.1
0x02BE	0x0101      	MOVLB       1
0x02C0	0x6F17      	MOVWF       _debugText, 1
0x02C2	0x0E01      	MOVLW       hi_addr(?lstr23_Robo2_32v1.1)
0x02C4	0x6F18      	MOVWF       _debugText+1, 1
;debug.h,107 :: 		UART1_Write_Text(debugText);
0x02C6	0xF14CC117  	MOVFF       _debugText, FARG_UART1_Write_Text_uart_text
0x02CA	0xF14DC118  	MOVFF       _debugText+1, FARG_UART1_Write_Text_uart_text+1
0x02CE	0xDF71      	RCALL       _UART1_Write_Text
;debug.h,108 :: 		delay_ms(5000);
0x02D0	0x0E7F      	MOVLW       127
0x02D2	0x6E0B      	MOVWF       R11, 0
0x02D4	0x0ED4      	MOVLW       212
0x02D6	0x6E0C      	MOVWF       R12, 0
0x02D8	0x0E31      	MOVLW       49
0x02DA	0x6E0D      	MOVWF       R13, 0
L_testPIC33:
0x02DC	0x2E0D      	DECFSZ      R13, 1, 0
0x02DE	0xD7FE      	BRA         L_testPIC33
0x02E0	0x2E0C      	DECFSZ      R12, 1, 0
0x02E2	0xD7FC      	BRA         L_testPIC33
0x02E4	0x2E0B      	DECFSZ      R11, 1, 0
0x02E6	0xD7FA      	BRA         L_testPIC33
0x02E8	0x0000      	NOP
0x02EA	0x0000      	NOP
;debug.h,110 :: 		motorRight_foward(255);
0x02EC	0x0EFF      	MOVLW       255
0x02EE	0x6F50      	MOVWF       FARG_motorRight_foward_pwm, 1
0x02F0	0x0E00      	MOVLW       0
0x02F2	0x6F51      	MOVWF       FARG_motorRight_foward_pwm+1, 1
0x02F4	0xDF27      	RCALL       _motorRight_foward
;debug.h,111 :: 		debugText = "turn Left";
0x02F6	0x0ED9      	MOVLW       ?lstr24_Robo2_32v1.1
0x02F8	0x0101      	MOVLB       1
0x02FA	0x6F17      	MOVWF       _debugText, 1
0x02FC	0x0E00      	MOVLW       hi_addr(?lstr24_Robo2_32v1.1)
0x02FE	0x6F18      	MOVWF       _debugText+1, 1
;debug.h,112 :: 		UART1_Write_Text(debugText);
0x0300	0xF14CC117  	MOVFF       _debugText, FARG_UART1_Write_Text_uart_text
0x0304	0xF14DC118  	MOVFF       _debugText+1, FARG_UART1_Write_Text_uart_text+1
0x0308	0xDF54      	RCALL       _UART1_Write_Text
;debug.h,113 :: 		motorLeft_stop();
0x030A	0xDF2F      	RCALL       _motorLeft_stop
;debug.h,114 :: 		delay_ms(5000);
0x030C	0x0E7F      	MOVLW       127
0x030E	0x6E0B      	MOVWF       R11, 0
0x0310	0x0ED4      	MOVLW       212
0x0312	0x6E0C      	MOVWF       R12, 0
0x0314	0x0E31      	MOVLW       49
0x0316	0x6E0D      	MOVWF       R13, 0
L_testPIC34:
0x0318	0x2E0D      	DECFSZ      R13, 1, 0
0x031A	0xD7FE      	BRA         L_testPIC34
0x031C	0x2E0C      	DECFSZ      R12, 1, 0
0x031E	0xD7FC      	BRA         L_testPIC34
0x0320	0x2E0B      	DECFSZ      R11, 1, 0
0x0322	0xD7FA      	BRA         L_testPIC34
0x0324	0x0000      	NOP
0x0326	0x0000      	NOP
;debug.h,116 :: 		motorLeft_foward(255);
0x0328	0x0EFF      	MOVLW       255
0x032A	0x6F50      	MOVWF       FARG_motorLeft_foward_pwm, 1
0x032C	0x0E00      	MOVLW       0
0x032E	0x6F51      	MOVWF       FARG_motorLeft_foward_pwm+1, 1
0x0330	0xDF0F      	RCALL       _motorLeft_foward
;debug.h,117 :: 		debugText = "turn Right";
0x0332	0x0EBC      	MOVLW       ?lstr25_Robo2_32v1.1
0x0334	0x0101      	MOVLB       1
0x0336	0x6F17      	MOVWF       _debugText, 1
0x0338	0x0E00      	MOVLW       hi_addr(?lstr25_Robo2_32v1.1)
0x033A	0x6F18      	MOVWF       _debugText+1, 1
;debug.h,118 :: 		UART1_Write_Text(debugText);
0x033C	0xF14CC117  	MOVFF       _debugText, FARG_UART1_Write_Text_uart_text
0x0340	0xF14DC118  	MOVFF       _debugText+1, FARG_UART1_Write_Text_uart_text+1
0x0344	0xDF36      	RCALL       _UART1_Write_Text
;debug.h,119 :: 		motorRight_stop();
0x0346	0xDF14      	RCALL       _motorRight_stop
;debug.h,120 :: 		delay_ms(5000);
0x0348	0x0E7F      	MOVLW       127
0x034A	0x6E0B      	MOVWF       R11, 0
0x034C	0x0ED4      	MOVLW       212
0x034E	0x6E0C      	MOVWF       R12, 0
0x0350	0x0E31      	MOVLW       49
0x0352	0x6E0D      	MOVWF       R13, 0
L_testPIC35:
0x0354	0x2E0D      	DECFSZ      R13, 1, 0
0x0356	0xD7FE      	BRA         L_testPIC35
0x0358	0x2E0C      	DECFSZ      R12, 1, 0
0x035A	0xD7FC      	BRA         L_testPIC35
0x035C	0x2E0B      	DECFSZ      R11, 1, 0
0x035E	0xD7FA      	BRA         L_testPIC35
0x0360	0x0000      	NOP
0x0362	0x0000      	NOP
;debug.h,122 :: 		stop();
0x0364	0xDF13      	RCALL       _stop
;debug.h,123 :: 		debugText = "Stopping..   ";
0x0366	0x0EAE      	MOVLW       ?lstr26_Robo2_32v1.1
0x0368	0x6F17      	MOVWF       _debugText, 1
0x036A	0x0E00      	MOVLW       hi_addr(?lstr26_Robo2_32v1.1)
0x036C	0x6F18      	MOVWF       _debugText+1, 1
;debug.h,124 :: 		UART1_Write_Text(debugText);
0x036E	0xF14CC117  	MOVFF       _debugText, FARG_UART1_Write_Text_uart_text
0x0372	0xF14DC118  	MOVFF       _debugText+1, FARG_UART1_Write_Text_uart_text+1
0x0376	0xDF1D      	RCALL       _UART1_Write_Text
;debug.h,126 :: 		debugText = "Decrease PWM..   ";
0x0378	0x0EC7      	MOVLW       ?lstr27_Robo2_32v1.1
0x037A	0x6F17      	MOVWF       _debugText, 1
0x037C	0x0E00      	MOVLW       hi_addr(?lstr27_Robo2_32v1.1)
0x037E	0x6F18      	MOVWF       _debugText+1, 1
;debug.h,127 :: 		UART1_Write_Text(debugText);
0x0380	0xF14CC117  	MOVFF       _debugText, FARG_UART1_Write_Text_uart_text
0x0384	0xF14DC118  	MOVFF       _debugText+1, FARG_UART1_Write_Text_uart_text+1
0x0388	0xDF14      	RCALL       _UART1_Write_Text
;debug.h,129 :: 		for( count=255; count>0; count--){
0x038A	0x0EFF      	MOVLW       255
0x038C	0x6F40      	MOVWF       _count, 1
0x038E	0x0E00      	MOVLW       0
0x0390	0x6F41      	MOVWF       _count+1, 1
L_testPIC36:
0x0392	0x0E80      	MOVLW       128
0x0394	0x6E00      	MOVWF       R0 
0x0396	0x0E80      	MOVLW       128
0x0398	0x1941      	XORWF       _count+1, 0, 1
0x039A	0x5C00      	SUBWF       R0, 0 
0x039C	0xE102      	BNZ         L__testPIC235
0x039E	0x5140      	MOVF        _count, 0, 1
0x03A0	0x0800      	SUBLW       0
L__testPIC235:
0x03A2	0xE21D      	BC          L_testPIC37
;debug.h,130 :: 		moveForward(count,count);
0x03A4	0xF14CC140  	MOVFF       _count, FARG_moveForward_pwmLeft
0x03A8	0xF14DC141  	MOVFF       _count+1, FARG_moveForward_pwmLeft+1
0x03AC	0xF14EC140  	MOVFF       _count, FARG_moveForward_pwmRight
0x03B0	0xF14FC141  	MOVFF       _count+1, FARG_moveForward_pwmRight+1
0x03B4	0xDEE0      	RCALL       _moveForward
;debug.h,131 :: 		delay_ms(100);
0x03B6	0x0E03      	MOVLW       3
0x03B8	0x6E0B      	MOVWF       R11, 0
0x03BA	0x0E8A      	MOVLW       138
0x03BC	0x6E0C      	MOVWF       R12, 0
0x03BE	0x0E55      	MOVLW       85
0x03C0	0x6E0D      	MOVWF       R13, 0
L_testPIC39:
0x03C2	0x2E0D      	DECFSZ      R13, 1, 0
0x03C4	0xD7FE      	BRA         L_testPIC39
0x03C6	0x2E0C      	DECFSZ      R12, 1, 0
0x03C8	0xD7FC      	BRA         L_testPIC39
0x03CA	0x2E0B      	DECFSZ      R11, 1, 0
0x03CC	0xD7FA      	BRA         L_testPIC39
0x03CE	0x0000      	NOP
0x03D0	0x0000      	NOP
;debug.h,129 :: 		for( count=255; count>0; count--){
0x03D2	0x0E01      	MOVLW       1
0x03D4	0x0101      	MOVLB       1
0x03D6	0x5F40      	SUBWF       _count, 1, 1
0x03D8	0x0E00      	MOVLW       0
0x03DA	0x5B41      	SUBWFB      _count+1, 1, 1
;debug.h,134 :: 		}
0x03DC	0xD7DA      	BRA         L_testPIC36
L_testPIC37:
;debug.h,135 :: 		}
0x03DE	0x0012      	RETURN      0
; end of _testPIC
_rotateClockwise:
;motion.h,85 :: 		void rotateClockwise(int pwm){
;motion.h,86 :: 		motorLeft_foward(pwm);
0x03E0	0xF150C14A  	MOVFF       FARG_rotateClockwise_pwm, FARG_motorLeft_foward_pwm
0x03E4	0xF151C14B  	MOVFF       FARG_rotateClockwise_pwm+1, FARG_motorLeft_foward_pwm+1
0x03E8	0xDEB3      	RCALL       _motorLeft_foward
;motion.h,87 :: 		motorRight_reverse(pwm);
0x03EA	0xF14CC14A  	MOVFF       FARG_rotateClockwise_pwm, FARG_motorRight_reverse_pwm
0x03EE	0xF14DC14B  	MOVFF       FARG_rotateClockwise_pwm+1, FARG_motorRight_reverse_pwm+1
0x03F2	0xDECF      	RCALL       _motorRight_reverse
;motion.h,88 :: 		}
0x03F4	0x0012      	RETURN      0
; end of _rotateClockwise
_rotateAntiClockwise:
;motion.h,90 :: 		void rotateAntiClockwise(int pwm){
;motion.h,91 :: 		motorLeft_reverse(pwm);
0x03F6	0xF14CC14A  	MOVFF       FARG_rotateAntiClockwise_pwm, FARG_motorLeft_reverse_pwm
0x03FA	0xF14DC14B  	MOVFF       FARG_rotateAntiClockwise_pwm+1, FARG_motorLeft_reverse_pwm+1
0x03FE	0xDECF      	RCALL       _motorLeft_reverse
;motion.h,92 :: 		motorRight_foward(pwm);
0x0400	0xF150C14A  	MOVFF       FARG_rotateAntiClockwise_pwm, FARG_motorRight_foward_pwm
0x0404	0xF151C14B  	MOVFF       FARG_rotateAntiClockwise_pwm+1, FARG_motorRight_foward_pwm+1
0x0408	0xDE9D      	RCALL       _motorRight_foward
;motion.h,93 :: 		}
0x040A	0x0012      	RETURN      0
; end of _rotateAntiClockwise
_setPID:
;linefollow.h,112 :: 		void setPID(){
;linefollow.h,113 :: 		MIN_RPM = 185;       //155
0x040C	0x0EB9      	MOVLW       185
0x040E	0x0101      	MOVLB       1
0x0410	0x6F46      	MOVWF       _MIN_RPM, 1
0x0412	0x0E00      	MOVLW       0
0x0414	0x6F47      	MOVWF       _MIN_RPM+1, 1
;linefollow.h,114 :: 		MID_RPM = 180;
0x0416	0x0EB4      	MOVLW       180
0x0418	0x6F48      	MOVWF       _MID_RPM, 1
0x041A	0x0E00      	MOVLW       0
0x041C	0x6F49      	MOVWF       _MID_RPM+1, 1
;linefollow.h,115 :: 		MAX_RPM = 255;
0x041E	0x0EFF      	MOVLW       255
0x0420	0x6F42      	MOVWF       _MAX_RPM, 1
0x0422	0x0E00      	MOVLW       0
0x0424	0x6F43      	MOVWF       _MAX_RPM+1, 1
;linefollow.h,116 :: 		TEST_RPM = 200;
0x0426	0x0EC8      	MOVLW       200
0x0428	0x6F44      	MOVWF       _TEST_RPM, 1
0x042A	0x0E00      	MOVLW       0
0x042C	0x6F45      	MOVWF       _TEST_RPM+1, 1
;linefollow.h,118 :: 		Kp = 9;
0x042E	0x0E00      	MOVLW       0
0x0430	0x6F21      	MOVWF       _Kp, 1
0x0432	0x0E00      	MOVLW       0
0x0434	0x6F22      	MOVWF       _Kp+1, 1
0x0436	0x0E10      	MOVLW       16
0x0438	0x6F23      	MOVWF       _Kp+2, 1
0x043A	0x0E82      	MOVLW       130
0x043C	0x6F24      	MOVWF       _Kp+3, 1
;linefollow.h,119 :: 		Ki = 0;
0x043E	0x6B25      	CLRF        _Ki, 1
0x0440	0x6B26      	CLRF        _Ki+1, 1
0x0442	0x6B27      	CLRF        _Ki+2, 1
0x0444	0x6B28      	CLRF        _Ki+3, 1
;linefollow.h,120 :: 		Kd = 0;
0x0446	0x6B19      	CLRF        _Kd, 1
0x0448	0x6B1A      	CLRF        _Kd+1, 1
0x044A	0x6B1B      	CLRF        _Kd+2, 1
0x044C	0x6B1C      	CLRF        _Kd+3, 1
;linefollow.h,122 :: 		totalError = 0;
0x044E	0x6B1D      	CLRF        _totalError, 1
0x0450	0x6B1E      	CLRF        _totalError+1, 1
0x0452	0x6B1F      	CLRF        _totalError+2, 1
0x0454	0x6B20      	CLRF        _totalError+3, 1
;linefollow.h,123 :: 		previousDeviation = 0;
0x0456	0x6B29      	CLRF        _previousDeviation, 1
0x0458	0x6B2A      	CLRF        _previousDeviation+1, 1
;linefollow.h,124 :: 		PID_LeftRPM = 0;
0x045A	0x6B2B      	CLRF        _PID_LeftRPM, 1
0x045C	0x6B2C      	CLRF        _PID_LeftRPM+1, 1
;linefollow.h,125 :: 		PID_RightRPM = 0;
0x045E	0x6B2D      	CLRF        _PID_RightRPM, 1
0x0460	0x6B2E      	CLRF        _PID_RightRPM+1, 1
;linefollow.h,127 :: 		Pwm1_Set_Duty(MID_RPM);
0x0462	0x0EB4      	MOVLW       180
0x0464	0x6F52      	MOVWF       FARG_PWM1_Set_Duty_new_duty, 1
0x0466	0xDE02      	RCALL       _PWM1_Set_Duty
;linefollow.h,128 :: 		Pwm2_Set_Duty(MID_RPM);
0x0468	0xF152C148  	MOVFF       _MID_RPM, FARG_PWM2_Set_Duty_new_duty
0x046C	0xDE35      	RCALL       _PWM2_Set_Duty
;linefollow.h,129 :: 		}
0x046E	0x0012      	RETURN      0
; end of _setPID
_UART1_Read:
;__Lib_UART_c67.c,39 :: 		
;__Lib_UART_c67.c,42 :: 		
0x0470	0xF001CFAE  	MOVFF       RCREG, R1
;__Lib_UART_c67.c,43 :: 		
0x0474	0xA2AB      	BTFSS       RCSTA, 1 
0x0476	0xD002      	BRA         L_UART1_Read2
;__Lib_UART_c67.c,44 :: 		
0x0478	0x98AB      	BCF         RCSTA, 4 
;__Lib_UART_c67.c,45 :: 		
0x047A	0x88AB      	BSF         RCSTA, 4 
;__Lib_UART_c67.c,46 :: 		
L_UART1_Read2:
;__Lib_UART_c67.c,47 :: 		
0x047C	0xF000C001  	MOVFF       R1, R0
;__Lib_UART_c67.c,48 :: 		
0x0480	0x0012      	RETURN      0
; end of _UART1_Read
_sendSensorStatus:
;debug.h,12 :: 		void sendSensorStatus(){
;debug.h,13 :: 		if( Sensor1 == 1){
0x0482	0xA881      	BTFSS       PORTB, 4 
0x0484	0xD00B      	BRA         L_sendSensorStatus3
;debug.h,14 :: 		debugText = "1";
0x0486	0x0E29      	MOVLW       ?lstr3_Robo2_32v1.1
0x0488	0x0101      	MOVLB       1
0x048A	0x6F17      	MOVWF       _debugText, 1
0x048C	0x0E00      	MOVLW       hi_addr(?lstr3_Robo2_32v1.1)
0x048E	0x6F18      	MOVWF       _debugText+1, 1
;debug.h,15 :: 		UART1_Write_Text(debugText);
0x0490	0xF14CC117  	MOVFF       _debugText, FARG_UART1_Write_Text_uart_text
0x0494	0xF14DC118  	MOVFF       _debugText+1, FARG_UART1_Write_Text_uart_text+1
0x0498	0xDE8C      	RCALL       _UART1_Write_Text
;debug.h,16 :: 		}
0x049A	0xD00C      	BRA         L_sendSensorStatus4
L_sendSensorStatus3:
;debug.h,17 :: 		else if( Sensor1 == 0){
0x049C	0xB881      	BTFSC       PORTB, 4 
0x049E	0xD00A      	BRA         L_sendSensorStatus5
;debug.h,18 :: 		debugText = "0";
0x04A0	0x0101      	MOVLB       1
0x04A2	0x0E2B      	MOVLW       ?lstr4_Robo2_32v1.1
0x04A4	0x6F17      	MOVWF       _debugText, 1
0x04A6	0x0E00      	MOVLW       hi_addr(?lstr4_Robo2_32v1.1)
0x04A8	0x6F18      	MOVWF       _debugText+1, 1
;debug.h,19 :: 		UART1_Write_Text(debugText);
0x04AA	0xF14CC117  	MOVFF       _debugText, FARG_UART1_Write_Text_uart_text
0x04AE	0xF14DC118  	MOVFF       _debugText+1, FARG_UART1_Write_Text_uart_text+1
0x04B2	0xDE7F      	RCALL       _UART1_Write_Text
;debug.h,20 :: 		}
L_sendSensorStatus5:
L_sendSensorStatus4:
;debug.h,22 :: 		if( Sensor2 == 1){
0x04B4	0xA681      	BTFSS       PORTB, 3 
0x04B6	0xD00A      	BRA         L_sendSensorStatus6
;debug.h,23 :: 		debugText = "1";
0x04B8	0x0E27      	MOVLW       ?lstr5_Robo2_32v1.1
0x04BA	0x6F17      	MOVWF       _debugText, 1
0x04BC	0x0E00      	MOVLW       hi_addr(?lstr5_Robo2_32v1.1)
0x04BE	0x6F18      	MOVWF       _debugText+1, 1
;debug.h,24 :: 		UART1_Write_Text(debugText);
0x04C0	0xF14CC117  	MOVFF       _debugText, FARG_UART1_Write_Text_uart_text
0x04C4	0xF14DC118  	MOVFF       _debugText+1, FARG_UART1_Write_Text_uart_text+1
0x04C8	0xDE74      	RCALL       _UART1_Write_Text
;debug.h,25 :: 		}
0x04CA	0xD00B      	BRA         L_sendSensorStatus7
L_sendSensorStatus6:
;debug.h,26 :: 		else if( Sensor2 == 0){
0x04CC	0xB681      	BTFSC       PORTB, 3 
0x04CE	0xD009      	BRA         L_sendSensorStatus8
;debug.h,27 :: 		debugText = "0";
0x04D0	0x0E19      	MOVLW       ?lstr6_Robo2_32v1.1
0x04D2	0x6F17      	MOVWF       _debugText, 1
0x04D4	0x0E00      	MOVLW       hi_addr(?lstr6_Robo2_32v1.1)
0x04D6	0x6F18      	MOVWF       _debugText+1, 1
;debug.h,28 :: 		UART1_Write_Text(debugText);
0x04D8	0xF14CC117  	MOVFF       _debugText, FARG_UART1_Write_Text_uart_text
0x04DC	0xF14DC118  	MOVFF       _debugText+1, FARG_UART1_Write_Text_uart_text+1
0x04E0	0xDE68      	RCALL       _UART1_Write_Text
;debug.h,29 :: 		}
L_sendSensorStatus8:
L_sendSensorStatus7:
;debug.h,31 :: 		if( Sensor3 == 1){
0x04E2	0xA883      	BTFSS       PORTD, 4 
0x04E4	0xD00A      	BRA         L_sendSensorStatus9
;debug.h,32 :: 		debugText = "1";
0x04E6	0x0E1B      	MOVLW       ?lstr7_Robo2_32v1.1
0x04E8	0x6F17      	MOVWF       _debugText, 1
0x04EA	0x0E00      	MOVLW       hi_addr(?lstr7_Robo2_32v1.1)
0x04EC	0x6F18      	MOVWF       _debugText+1, 1
;debug.h,33 :: 		UART1_Write_Text(debugText);
0x04EE	0xF14CC117  	MOVFF       _debugText, FARG_UART1_Write_Text_uart_text
0x04F2	0xF14DC118  	MOVFF       _debugText+1, FARG_UART1_Write_Text_uart_text+1
0x04F6	0xDE5D      	RCALL       _UART1_Write_Text
;debug.h,34 :: 		}
0x04F8	0xD00B      	BRA         L_sendSensorStatus10
L_sendSensorStatus9:
;debug.h,35 :: 		else if( Sensor3 == 0){
0x04FA	0xB883      	BTFSC       PORTD, 4 
0x04FC	0xD009      	BRA         L_sendSensorStatus11
;debug.h,36 :: 		debugText = "0";
0x04FE	0x0E15      	MOVLW       ?lstr8_Robo2_32v1.1
0x0500	0x6F17      	MOVWF       _debugText, 1
0x0502	0x0E00      	MOVLW       hi_addr(?lstr8_Robo2_32v1.1)
0x0504	0x6F18      	MOVWF       _debugText+1, 1
;debug.h,37 :: 		UART1_Write_Text(debugText);
0x0506	0xF14CC117  	MOVFF       _debugText, FARG_UART1_Write_Text_uart_text
0x050A	0xF14DC118  	MOVFF       _debugText+1, FARG_UART1_Write_Text_uart_text+1
0x050E	0xDE51      	RCALL       _UART1_Write_Text
;debug.h,38 :: 		}
L_sendSensorStatus11:
L_sendSensorStatus10:
;debug.h,40 :: 		if( Sensor4 == 1){
0x0510	0xAA83      	BTFSS       PORTD, 5 
0x0512	0xD00A      	BRA         L_sendSensorStatus12
;debug.h,41 :: 		debugText = "1";
0x0514	0x0E17      	MOVLW       ?lstr9_Robo2_32v1.1
0x0516	0x6F17      	MOVWF       _debugText, 1
0x0518	0x0E00      	MOVLW       hi_addr(?lstr9_Robo2_32v1.1)
0x051A	0x6F18      	MOVWF       _debugText+1, 1
;debug.h,42 :: 		UART1_Write_Text(debugText);
0x051C	0xF14CC117  	MOVFF       _debugText, FARG_UART1_Write_Text_uart_text
0x0520	0xF14DC118  	MOVFF       _debugText+1, FARG_UART1_Write_Text_uart_text+1
0x0524	0xDE46      	RCALL       _UART1_Write_Text
;debug.h,43 :: 		}
0x0526	0xD00B      	BRA         L_sendSensorStatus13
L_sendSensorStatus12:
;debug.h,44 :: 		else if( Sensor4 == 0){
0x0528	0xBA83      	BTFSC       PORTD, 5 
0x052A	0xD009      	BRA         L_sendSensorStatus14
;debug.h,45 :: 		debugText = "0";
0x052C	0x0E1D      	MOVLW       ?lstr10_Robo2_32v1.1
0x052E	0x6F17      	MOVWF       _debugText, 1
0x0530	0x0E00      	MOVLW       hi_addr(?lstr10_Robo2_32v1.1)
0x0532	0x6F18      	MOVWF       _debugText+1, 1
;debug.h,46 :: 		UART1_Write_Text(debugText);
0x0534	0xF14CC117  	MOVFF       _debugText, FARG_UART1_Write_Text_uart_text
0x0538	0xF14DC118  	MOVFF       _debugText+1, FARG_UART1_Write_Text_uart_text+1
0x053C	0xDE3A      	RCALL       _UART1_Write_Text
;debug.h,47 :: 		}
L_sendSensorStatus14:
L_sendSensorStatus13:
;debug.h,49 :: 		if( Sensor5 == 1){
0x053E	0xAC83      	BTFSS       PORTD, 6 
0x0540	0xD00A      	BRA         L_sendSensorStatus15
;debug.h,50 :: 		debugText = "1";
0x0542	0x0E23      	MOVLW       ?lstr11_Robo2_32v1.1
0x0544	0x6F17      	MOVWF       _debugText, 1
0x0546	0x0E00      	MOVLW       hi_addr(?lstr11_Robo2_32v1.1)
0x0548	0x6F18      	MOVWF       _debugText+1, 1
;debug.h,51 :: 		UART1_Write_Text(debugText);
0x054A	0xF14CC117  	MOVFF       _debugText, FARG_UART1_Write_Text_uart_text
0x054E	0xF14DC118  	MOVFF       _debugText+1, FARG_UART1_Write_Text_uart_text+1
0x0552	0xDE2F      	RCALL       _UART1_Write_Text
;debug.h,52 :: 		}
0x0554	0xD00B      	BRA         L_sendSensorStatus16
L_sendSensorStatus15:
;debug.h,53 :: 		else if( Sensor5 == 0){
0x0556	0xBC83      	BTFSC       PORTD, 6 
0x0558	0xD009      	BRA         L_sendSensorStatus17
;debug.h,54 :: 		debugText = "0";
0x055A	0x0E25      	MOVLW       ?lstr12_Robo2_32v1.1
0x055C	0x6F17      	MOVWF       _debugText, 1
0x055E	0x0E00      	MOVLW       hi_addr(?lstr12_Robo2_32v1.1)
0x0560	0x6F18      	MOVWF       _debugText+1, 1
;debug.h,55 :: 		UART1_Write_Text(debugText);
0x0562	0xF14CC117  	MOVFF       _debugText, FARG_UART1_Write_Text_uart_text
0x0566	0xF14DC118  	MOVFF       _debugText+1, FARG_UART1_Write_Text_uart_text+1
0x056A	0xDE23      	RCALL       _UART1_Write_Text
;debug.h,56 :: 		}
L_sendSensorStatus17:
L_sendSensorStatus16:
;debug.h,58 :: 		if( Sensor6 == 1){
0x056C	0xAE83      	BTFSS       PORTD, 7 
0x056E	0xD00A      	BRA         L_sendSensorStatus18
;debug.h,59 :: 		debugText = "1";
0x0570	0x0E1F      	MOVLW       ?lstr13_Robo2_32v1.1
0x0572	0x6F17      	MOVWF       _debugText, 1
0x0574	0x0E00      	MOVLW       hi_addr(?lstr13_Robo2_32v1.1)
0x0576	0x6F18      	MOVWF       _debugText+1, 1
;debug.h,60 :: 		UART1_Write_Text(debugText);
0x0578	0xF14CC117  	MOVFF       _debugText, FARG_UART1_Write_Text_uart_text
0x057C	0xF14DC118  	MOVFF       _debugText+1, FARG_UART1_Write_Text_uart_text+1
0x0580	0xDE18      	RCALL       _UART1_Write_Text
;debug.h,61 :: 		}
0x0582	0xD00B      	BRA         L_sendSensorStatus19
L_sendSensorStatus18:
;debug.h,62 :: 		else if( Sensor6 == 0){
0x0584	0xBE83      	BTFSC       PORTD, 7 
0x0586	0xD009      	BRA         L_sendSensorStatus20
;debug.h,63 :: 		debugText = "0";
0x0588	0x0E21      	MOVLW       ?lstr14_Robo2_32v1.1
0x058A	0x6F17      	MOVWF       _debugText, 1
0x058C	0x0E00      	MOVLW       hi_addr(?lstr14_Robo2_32v1.1)
0x058E	0x6F18      	MOVWF       _debugText+1, 1
;debug.h,64 :: 		UART1_Write_Text(debugText);
0x0590	0xF14CC117  	MOVFF       _debugText, FARG_UART1_Write_Text_uart_text
0x0594	0xF14DC118  	MOVFF       _debugText+1, FARG_UART1_Write_Text_uart_text+1
0x0598	0xDE0C      	RCALL       _UART1_Write_Text
;debug.h,65 :: 		}
L_sendSensorStatus20:
L_sendSensorStatus19:
;debug.h,67 :: 		if( Sensor7 == 1){
0x059A	0xA481      	BTFSS       PORTB, 2 
0x059C	0xD00A      	BRA         L_sendSensorStatus21
;debug.h,68 :: 		debugText = "1";
0x059E	0x0E9A      	MOVLW       ?lstr15_Robo2_32v1.1
0x05A0	0x6F17      	MOVWF       _debugText, 1
0x05A2	0x0E00      	MOVLW       hi_addr(?lstr15_Robo2_32v1.1)
0x05A4	0x6F18      	MOVWF       _debugText+1, 1
;debug.h,69 :: 		UART1_Write_Text(debugText);
0x05A6	0xF14CC117  	MOVFF       _debugText, FARG_UART1_Write_Text_uart_text
0x05AA	0xF14DC118  	MOVFF       _debugText+1, FARG_UART1_Write_Text_uart_text+1
0x05AE	0xDE01      	RCALL       _UART1_Write_Text
;debug.h,70 :: 		}
0x05B0	0xD00B      	BRA         L_sendSensorStatus22
L_sendSensorStatus21:
;debug.h,71 :: 		else if( Sensor7 == 0){
0x05B2	0xB481      	BTFSC       PORTB, 2 
0x05B4	0xD009      	BRA         L_sendSensorStatus23
;debug.h,72 :: 		debugText = "0";
0x05B6	0x0E9C      	MOVLW       ?lstr16_Robo2_32v1.1
0x05B8	0x6F17      	MOVWF       _debugText, 1
0x05BA	0x0E00      	MOVLW       hi_addr(?lstr16_Robo2_32v1.1)
0x05BC	0x6F18      	MOVWF       _debugText+1, 1
;debug.h,73 :: 		UART1_Write_Text(debugText);
0x05BE	0xF14CC117  	MOVFF       _debugText, FARG_UART1_Write_Text_uart_text
0x05C2	0xF14DC118  	MOVFF       _debugText+1, FARG_UART1_Write_Text_uart_text+1
0x05C6	0xDDF5      	RCALL       _UART1_Write_Text
;debug.h,74 :: 		}
L_sendSensorStatus23:
L_sendSensorStatus22:
;debug.h,76 :: 		if( Sensor8 == 1){
0x05C8	0xAC81      	BTFSS       PORTB, 6 
0x05CA	0xD00A      	BRA         L_sendSensorStatus24
;debug.h,77 :: 		debugText = "1";
0x05CC	0x0E96      	MOVLW       ?lstr17_Robo2_32v1.1
0x05CE	0x6F17      	MOVWF       _debugText, 1
0x05D0	0x0E00      	MOVLW       hi_addr(?lstr17_Robo2_32v1.1)
0x05D2	0x6F18      	MOVWF       _debugText+1, 1
;debug.h,78 :: 		UART1_Write_Text(debugText);
0x05D4	0xF14CC117  	MOVFF       _debugText, FARG_UART1_Write_Text_uart_text
0x05D8	0xF14DC118  	MOVFF       _debugText+1, FARG_UART1_Write_Text_uart_text+1
0x05DC	0xDDEA      	RCALL       _UART1_Write_Text
;debug.h,79 :: 		}
0x05DE	0xD00B      	BRA         L_sendSensorStatus25
L_sendSensorStatus24:
;debug.h,80 :: 		else if( Sensor8 == 0){
0x05E0	0xBC81      	BTFSC       PORTB, 6 
0x05E2	0xD009      	BRA         L_sendSensorStatus26
;debug.h,81 :: 		debugText = "0";
0x05E4	0x0E98      	MOVLW       ?lstr18_Robo2_32v1.1
0x05E6	0x6F17      	MOVWF       _debugText, 1
0x05E8	0x0E00      	MOVLW       hi_addr(?lstr18_Robo2_32v1.1)
0x05EA	0x6F18      	MOVWF       _debugText+1, 1
;debug.h,82 :: 		UART1_Write_Text(debugText);
0x05EC	0xF14CC117  	MOVFF       _debugText, FARG_UART1_Write_Text_uart_text
0x05F0	0xF14DC118  	MOVFF       _debugText+1, FARG_UART1_Write_Text_uart_text+1
0x05F4	0xDDDE      	RCALL       _UART1_Write_Text
;debug.h,83 :: 		}
L_sendSensorStatus26:
L_sendSensorStatus25:
;debug.h,85 :: 		if( Sensor9 == 1){
0x05F6	0xAE81      	BTFSS       PORTB, 7 
0x05F8	0xD00A      	BRA         L_sendSensorStatus27
;debug.h,86 :: 		debugText = "1";
0x05FA	0x0E9E      	MOVLW       ?lstr19_Robo2_32v1.1
0x05FC	0x6F17      	MOVWF       _debugText, 1
0x05FE	0x0E00      	MOVLW       hi_addr(?lstr19_Robo2_32v1.1)
0x0600	0x6F18      	MOVWF       _debugText+1, 1
;debug.h,87 :: 		UART1_Write_Text(debugText);
0x0602	0xF14CC117  	MOVFF       _debugText, FARG_UART1_Write_Text_uart_text
0x0606	0xF14DC118  	MOVFF       _debugText+1, FARG_UART1_Write_Text_uart_text+1
0x060A	0xDDD3      	RCALL       _UART1_Write_Text
;debug.h,88 :: 		}
0x060C	0xD00B      	BRA         L_sendSensorStatus28
L_sendSensorStatus27:
;debug.h,89 :: 		else if( Sensor9 == 0){
0x060E	0xBE81      	BTFSC       PORTB, 7 
0x0610	0xD009      	BRA         L_sendSensorStatus29
;debug.h,90 :: 		debugText = "0";
0x0612	0x0EA7      	MOVLW       ?lstr20_Robo2_32v1.1
0x0614	0x6F17      	MOVWF       _debugText, 1
0x0616	0x0E00      	MOVLW       hi_addr(?lstr20_Robo2_32v1.1)
0x0618	0x6F18      	MOVWF       _debugText+1, 1
;debug.h,91 :: 		UART1_Write_Text(debugText);
0x061A	0xF14CC117  	MOVFF       _debugText, FARG_UART1_Write_Text_uart_text
0x061E	0xF14DC118  	MOVFF       _debugText+1, FARG_UART1_Write_Text_uart_text+1
0x0622	0xDDC7      	RCALL       _UART1_Write_Text
;debug.h,92 :: 		}
L_sendSensorStatus29:
L_sendSensorStatus28:
;debug.h,94 :: 		if( Scout == 1){
0x0624	0xAA81      	BTFSS       PORTB, 5 
0x0626	0xD00A      	BRA         L_sendSensorStatus30
;debug.h,95 :: 		debugText = " 1; ";
0x0628	0x0EA9      	MOVLW       ?lstr21_Robo2_32v1.1
0x062A	0x6F17      	MOVWF       _debugText, 1
0x062C	0x0E00      	MOVLW       hi_addr(?lstr21_Robo2_32v1.1)
0x062E	0x6F18      	MOVWF       _debugText+1, 1
;debug.h,96 :: 		UART1_Write_Text(debugText);
0x0630	0xF14CC117  	MOVFF       _debugText, FARG_UART1_Write_Text_uart_text
0x0634	0xF14DC118  	MOVFF       _debugText+1, FARG_UART1_Write_Text_uart_text+1
0x0638	0xDDBC      	RCALL       _UART1_Write_Text
;debug.h,97 :: 		}
0x063A	0xD00B      	BRA         L_sendSensorStatus31
L_sendSensorStatus30:
;debug.h,98 :: 		else if( Scout == 0){
0x063C	0xBA81      	BTFSC       PORTB, 5 
0x063E	0xD009      	BRA         L_sendSensorStatus32
;debug.h,99 :: 		debugText = " 0; ";
0x0640	0x0EA0      	MOVLW       ?lstr22_Robo2_32v1.1
0x0642	0x6F17      	MOVWF       _debugText, 1
0x0644	0x0E00      	MOVLW       hi_addr(?lstr22_Robo2_32v1.1)
0x0646	0x6F18      	MOVWF       _debugText+1, 1
;debug.h,100 :: 		UART1_Write_Text(debugText);
0x0648	0xF14CC117  	MOVFF       _debugText, FARG_UART1_Write_Text_uart_text
0x064C	0xF14DC118  	MOVFF       _debugText+1, FARG_UART1_Write_Text_uart_text+1
0x0650	0xDDB0      	RCALL       _UART1_Write_Text
;debug.h,101 :: 		}
L_sendSensorStatus32:
L_sendSensorStatus31:
;debug.h,102 :: 		}
0x0652	0x0012      	RETURN      0
; end of _sendSensorStatus
_main:
0x0654	0xF004EC56  	CALL        2220, 0
;Robo2 v1.1.c,7 :: 		void main() {
;Robo2 v1.1.c,8 :: 		configure();
0x0658	0xDE00      	RCALL       _configure
;Robo2 v1.1.c,10 :: 		UART1_Write_Text(ConnectionEstablished);
0x065A	0xF14CC0A5  	MOVFF       _ConnectionEstablished, FARG_UART1_Write_Text_uart_text
0x065E	0xF14DC0A6  	MOVFF       _ConnectionEstablished+1, FARG_UART1_Write_Text_uart_text+1
0x0662	0xDDA7      	RCALL       _UART1_Write_Text
;Robo2 v1.1.c,11 :: 		setPID();
0x0664	0xDED3      	RCALL       _setPID
;Robo2 v1.1.c,15 :: 		debugText = "          Starting..  ";
0x0666	0x0E7F      	MOVLW       ?lstr34_Robo2_32v1.1
0x0668	0x0101      	MOVLB       1
0x066A	0x6F17      	MOVWF       _debugText, 1
0x066C	0x0E00      	MOVLW       hi_addr(?lstr34_Robo2_32v1.1)
0x066E	0x6F18      	MOVWF       _debugText+1, 1
;Robo2 v1.1.c,16 :: 		UART1_Write_Text(debugText);
0x0670	0xF14CC117  	MOVFF       _debugText, FARG_UART1_Write_Text_uart_text
0x0674	0xF14DC118  	MOVFF       _debugText+1, FARG_UART1_Write_Text_uart_text+1
0x0678	0xDD9C      	RCALL       _UART1_Write_Text
;Robo2 v1.1.c,18 :: 		delay_ms(1000);
0x067A	0x0E1A      	MOVLW       26
0x067C	0x6E0B      	MOVWF       R11, 0
0x067E	0x0E5E      	MOVLW       94
0x0680	0x6E0C      	MOVWF       R12, 0
0x0682	0x0E6E      	MOVLW       110
0x0684	0x6E0D      	MOVWF       R13, 0
L_main185:
0x0686	0x2E0D      	DECFSZ      R13, 1, 0
0x0688	0xD7FE      	BRA         L_main185
0x068A	0x2E0C      	DECFSZ      R12, 1, 0
0x068C	0xD7FC      	BRA         L_main185
0x068E	0x2E0B      	DECFSZ      R11, 1, 0
0x0690	0xD7FA      	BRA         L_main185
0x0692	0x0000      	NOP
;Robo2 v1.1.c,19 :: 		debugText = "Test Sensors   ";
0x0694	0x0E57      	MOVLW       ?lstr35_Robo2_32v1.1
0x0696	0x6F17      	MOVWF       _debugText, 1
0x0698	0x0E00      	MOVLW       hi_addr(?lstr35_Robo2_32v1.1)
0x069A	0x6F18      	MOVWF       _debugText+1, 1
;Robo2 v1.1.c,20 :: 		UART1_Write_Text(debugText);
0x069C	0xF14CC117  	MOVFF       _debugText, FARG_UART1_Write_Text_uart_text
0x06A0	0xF14DC118  	MOVFF       _debugText+1, FARG_UART1_Write_Text_uart_text+1
0x06A4	0xDD86      	RCALL       _UART1_Write_Text
;Robo2 v1.1.c,22 :: 		for(count=0; count<1; count++){
0x06A6	0x6B40      	CLRF        _count, 1
0x06A8	0x6B41      	CLRF        _count+1, 1
L_main186:
0x06AA	0x0E80      	MOVLW       128
0x06AC	0x1941      	XORWF       _count+1, 0, 1
0x06AE	0x6E00      	MOVWF       R0 
0x06B0	0x0E80      	MOVLW       128
0x06B2	0x5C00      	SUBWF       R0, 0 
0x06B4	0xE102      	BNZ         L__main236
0x06B6	0x0E01      	MOVLW       1
0x06B8	0x5D40      	SUBWF       _count, 0, 1
L__main236:
0x06BA	0xE214      	BC          L_main187
;Robo2 v1.1.c,23 :: 		receiveCommand = UART1_Read();
0x06BC	0xDED9      	RCALL       _UART1_Read
0x06BE	0xF12FC000  	MOVFF       R0, _receiveCommand
;Robo2 v1.1.c,24 :: 		sendSensorStatus();
0x06C2	0xDEDF      	RCALL       _sendSensorStatus
;Robo2 v1.1.c,25 :: 		delay_ms(1000);
0x06C4	0x0E1A      	MOVLW       26
0x06C6	0x6E0B      	MOVWF       R11, 0
0x06C8	0x0E5E      	MOVLW       94
0x06CA	0x6E0C      	MOVWF       R12, 0
0x06CC	0x0E6E      	MOVLW       110
0x06CE	0x6E0D      	MOVWF       R13, 0
L_main189:
0x06D0	0x2E0D      	DECFSZ      R13, 1, 0
0x06D2	0xD7FE      	BRA         L_main189
0x06D4	0x2E0C      	DECFSZ      R12, 1, 0
0x06D6	0xD7FC      	BRA         L_main189
0x06D8	0x2E0B      	DECFSZ      R11, 1, 0
0x06DA	0xD7FA      	BRA         L_main189
0x06DC	0x0000      	NOP
;Robo2 v1.1.c,22 :: 		for(count=0; count<1; count++){
0x06DE	0x4B40      	INFSNZ      _count, 1, 1
0x06E0	0x2B41      	INCF        _count+1, 1, 1
;Robo2 v1.1.c,26 :: 		}                                                  //while( receiveCommand != 'A' && receiveCommand != 'a' );
0x06E2	0xD7E3      	BRA         L_main186
L_main187:
;Robo2 v1.1.c,28 :: 		debugText = "Start Line follow..   ";
0x06E4	0x0E2D      	MOVLW       ?lstr36_Robo2_32v1.1
0x06E6	0x6F17      	MOVWF       _debugText, 1
0x06E8	0x0E00      	MOVLW       hi_addr(?lstr36_Robo2_32v1.1)
0x06EA	0x6F18      	MOVWF       _debugText+1, 1
;Robo2 v1.1.c,29 :: 		UART1_Write_Text(debugText);
0x06EC	0xF14CC117  	MOVFF       _debugText, FARG_UART1_Write_Text_uart_text
0x06F0	0xF14DC118  	MOVFF       _debugText+1, FARG_UART1_Write_Text_uart_text+1
0x06F4	0xDD5E      	RCALL       _UART1_Write_Text
;Robo2 v1.1.c,33 :: 		testPIC();
0x06F6	0xDDD8      	RCALL       _testPIC
;Robo2 v1.1.c,35 :: 		while(1){
L_main190:
0x06F8	0x0101      	MOVLB       1
;Robo2 v1.1.c,37 :: 		debugText = " Rotate Clockwise ";
0x06FA	0x0E44      	MOVLW       ?lstr37_Robo2_32v1.1
0x06FC	0x6F17      	MOVWF       _debugText, 1
0x06FE	0x0E00      	MOVLW       hi_addr(?lstr37_Robo2_32v1.1)
0x0700	0x6F18      	MOVWF       _debugText+1, 1
;Robo2 v1.1.c,38 :: 		UART1_Write_Text(debugText);
0x0702	0xF14CC117  	MOVFF       _debugText, FARG_UART1_Write_Text_uart_text
0x0706	0xF14DC118  	MOVFF       _debugText+1, FARG_UART1_Write_Text_uart_text+1
0x070A	0xDD53      	RCALL       _UART1_Write_Text
;Robo2 v1.1.c,39 :: 		rotateClockwise(255);
0x070C	0x0EFF      	MOVLW       255
0x070E	0x6F4A      	MOVWF       FARG_rotateClockwise_pwm, 1
0x0710	0x0E00      	MOVLW       0
0x0712	0x6F4B      	MOVWF       FARG_rotateClockwise_pwm+1, 1
0x0714	0xDE65      	RCALL       _rotateClockwise
;Robo2 v1.1.c,40 :: 		delay_ms(220);
0x0716	0x0E06      	MOVLW       6
0x0718	0x6E0B      	MOVWF       R11, 0
0x071A	0x0E95      	MOVLW       149
0x071C	0x6E0C      	MOVWF       R12, 0
0x071E	0x0E8C      	MOVLW       140
0x0720	0x6E0D      	MOVWF       R13, 0
L_main192:
0x0722	0x2E0D      	DECFSZ      R13, 1, 0
0x0724	0xD7FE      	BRA         L_main192
0x0726	0x2E0C      	DECFSZ      R12, 1, 0
0x0728	0xD7FC      	BRA         L_main192
0x072A	0x2E0B      	DECFSZ      R11, 1, 0
0x072C	0xD7FA      	BRA         L_main192
0x072E	0x0000      	NOP
;Robo2 v1.1.c,41 :: 		stop();
0x0730	0xDD2D      	RCALL       _stop
;Robo2 v1.1.c,43 :: 		delay_ms(2000);
0x0732	0x0E33      	MOVLW       51
0x0734	0x6E0B      	MOVWF       R11, 0
0x0736	0x0EBB      	MOVLW       187
0x0738	0x6E0C      	MOVWF       R12, 0
0x073A	0x0EDF      	MOVLW       223
0x073C	0x6E0D      	MOVWF       R13, 0
L_main193:
0x073E	0x2E0D      	DECFSZ      R13, 1, 0
0x0740	0xD7FE      	BRA         L_main193
0x0742	0x2E0C      	DECFSZ      R12, 1, 0
0x0744	0xD7FC      	BRA         L_main193
0x0746	0x2E0B      	DECFSZ      R11, 1, 0
0x0748	0xD7FA      	BRA         L_main193
0x074A	0x0000      	NOP
0x074C	0x0000      	NOP
;Robo2 v1.1.c,45 :: 		debugText = " Rotate Anti Clockwise ";
0x074E	0x0E67      	MOVLW       ?lstr38_Robo2_32v1.1
0x0750	0x0101      	MOVLB       1
0x0752	0x6F17      	MOVWF       _debugText, 1
0x0754	0x0E00      	MOVLW       hi_addr(?lstr38_Robo2_32v1.1)
0x0756	0x6F18      	MOVWF       _debugText+1, 1
;Robo2 v1.1.c,46 :: 		UART1_Write_Text(debugText);
0x0758	0xF14CC117  	MOVFF       _debugText, FARG_UART1_Write_Text_uart_text
0x075C	0xF14DC118  	MOVFF       _debugText+1, FARG_UART1_Write_Text_uart_text+1
0x0760	0xDD28      	RCALL       _UART1_Write_Text
;Robo2 v1.1.c,47 :: 		rotateAntiClockwise(255);
0x0762	0x0EFF      	MOVLW       255
0x0764	0x6F4A      	MOVWF       FARG_rotateAntiClockwise_pwm, 1
0x0766	0x0E00      	MOVLW       0
0x0768	0x6F4B      	MOVWF       FARG_rotateAntiClockwise_pwm+1, 1
0x076A	0xDE45      	RCALL       _rotateAntiClockwise
;Robo2 v1.1.c,48 :: 		delay_ms(220);
0x076C	0x0E06      	MOVLW       6
0x076E	0x6E0B      	MOVWF       R11, 0
0x0770	0x0E95      	MOVLW       149
0x0772	0x6E0C      	MOVWF       R12, 0
0x0774	0x0E8C      	MOVLW       140
0x0776	0x6E0D      	MOVWF       R13, 0
L_main194:
0x0778	0x2E0D      	DECFSZ      R13, 1, 0
0x077A	0xD7FE      	BRA         L_main194
0x077C	0x2E0C      	DECFSZ      R12, 1, 0
0x077E	0xD7FC      	BRA         L_main194
0x0780	0x2E0B      	DECFSZ      R11, 1, 0
0x0782	0xD7FA      	BRA         L_main194
0x0784	0x0000      	NOP
;Robo2 v1.1.c,49 :: 		stop();
0x0786	0xDD02      	RCALL       _stop
;Robo2 v1.1.c,51 :: 		delay_ms(2000);
0x0788	0x0E33      	MOVLW       51
0x078A	0x6E0B      	MOVWF       R11, 0
0x078C	0x0EBB      	MOVLW       187
0x078E	0x6E0C      	MOVWF       R12, 0
0x0790	0x0EDF      	MOVLW       223
0x0792	0x6E0D      	MOVWF       R13, 0
L_main195:
0x0794	0x2E0D      	DECFSZ      R13, 1, 0
0x0796	0xD7FE      	BRA         L_main195
0x0798	0x2E0C      	DECFSZ      R12, 1, 0
0x079A	0xD7FC      	BRA         L_main195
0x079C	0x2E0B      	DECFSZ      R11, 1, 0
0x079E	0xD7FA      	BRA         L_main195
0x07A0	0x0000      	NOP
0x07A2	0x0000      	NOP
;Robo2 v1.1.c,53 :: 		}
0x07A4	0xD7A9      	BRA         L_main190
;Robo2 v1.1.c,54 :: 		}
0x07A6	0xD7FF      	BRA         $+0
; end of _main
0x08AC	0xF015EE10  	LFSR        1, 21
0x08B0	0x0E04      	MOVLW       4
0x08B2	0x6E00      	MOVWF       R0 
0x08B4	0x0E02      	MOVLW       2
0x08B6	0x6E01      	MOVWF       R1 
0x08B8	0x0EA8      	MOVLW       168
0x08BA	0x6EF6      	MOVWF       4086 
0x08BC	0x0E07      	MOVLW       7
0x08BE	0x6EF7      	MOVWF       TBLPTRH 
0x08C0	0x0E00      	MOVLW       0
0x08C2	0x6EF8      	MOVWF       TBLPTRU 
0x08C4	0xF001EC4C  	CALL        664, 0
0x08C8	0x0012      	RETURN      0
;Robo2 v1.1.c,0 :: ?ICS?lstr8_Robo2_32v1.1
0x07A8	0x0030 ;?ICS?lstr8_Robo2_32v1.1+0
; end of ?ICS?lstr8_Robo2_32v1.1
;Robo2 v1.1.c,0 :: ?ICS?lstr9_Robo2_32v1.1
0x07AA	0x0031 ;?ICS?lstr9_Robo2_32v1.1+0
; end of ?ICS?lstr9_Robo2_32v1.1
;Robo2 v1.1.c,0 :: ?ICS?lstr6_Robo2_32v1.1
0x07AC	0x0030 ;?ICS?lstr6_Robo2_32v1.1+0
; end of ?ICS?lstr6_Robo2_32v1.1
;Robo2 v1.1.c,0 :: ?ICS?lstr7_Robo2_32v1.1
0x07AE	0x0031 ;?ICS?lstr7_Robo2_32v1.1+0
; end of ?ICS?lstr7_Robo2_32v1.1
;Robo2 v1.1.c,0 :: ?ICS?lstr10_Robo2_32v1.1
0x07B0	0x0030 ;?ICS?lstr10_Robo2_32v1.1+0
; end of ?ICS?lstr10_Robo2_32v1.1
;Robo2 v1.1.c,0 :: ?ICS?lstr13_Robo2_32v1.1
0x07B2	0x0031 ;?ICS?lstr13_Robo2_32v1.1+0
; end of ?ICS?lstr13_Robo2_32v1.1
;Robo2 v1.1.c,0 :: ?ICS?lstr14_Robo2_32v1.1
0x07B4	0x0030 ;?ICS?lstr14_Robo2_32v1.1+0
; end of ?ICS?lstr14_Robo2_32v1.1
;Robo2 v1.1.c,0 :: ?ICS?lstr11_Robo2_32v1.1
0x07B6	0x0031 ;?ICS?lstr11_Robo2_32v1.1+0
; end of ?ICS?lstr11_Robo2_32v1.1
;Robo2 v1.1.c,0 :: ?ICS?lstr12_Robo2_32v1.1
0x07B8	0x0030 ;?ICS?lstr12_Robo2_32v1.1+0
; end of ?ICS?lstr12_Robo2_32v1.1
;Robo2 v1.1.c,0 :: ?ICS?lstr5_Robo2_32v1.1
0x07BA	0x0031 ;?ICS?lstr5_Robo2_32v1.1+0
; end of ?ICS?lstr5_Robo2_32v1.1
;Robo2 v1.1.c,0 :: ?ICS?lstr3_Robo2_32v1.1
0x07BC	0x0031 ;?ICS?lstr3_Robo2_32v1.1+0
; end of ?ICS?lstr3_Robo2_32v1.1
;Robo2 v1.1.c,0 :: ?ICS?lstr4_Robo2_32v1.1
0x07BE	0x0030 ;?ICS?lstr4_Robo2_32v1.1+0
; end of ?ICS?lstr4_Robo2_32v1.1
;Robo2 v1.1.c,0 :: ?ICS?lstr36_Robo2_32v1.1
0x07C0	0x7453 ;?ICS?lstr36_Robo2_32v1.1+0
0x07C2	0x7261 ;?ICS?lstr36_Robo2_32v1.1+2
0x07C4	0x2074 ;?ICS?lstr36_Robo2_32v1.1+4
0x07C6	0x694C ;?ICS?lstr36_Robo2_32v1.1+6
0x07C8	0x656E ;?ICS?lstr36_Robo2_32v1.1+8
0x07CA	0x6620 ;?ICS?lstr36_Robo2_32v1.1+10
0x07CC	0x6C6F ;?ICS?lstr36_Robo2_32v1.1+12
0x07CE	0x6F6C ;?ICS?lstr36_Robo2_32v1.1+14
0x07D0	0x2E77 ;?ICS?lstr36_Robo2_32v1.1+16
0x07D2	0x202E ;?ICS?lstr36_Robo2_32v1.1+18
0x07D4	0x2020 ;?ICS?lstr36_Robo2_32v1.1+20
0x07D6	0x00 ;?ICS?lstr36_Robo2_32v1.1+22
; end of ?ICS?lstr36_Robo2_32v1.1
;Robo2 v1.1.c,0 :: ?ICS?lstr37_Robo2_32v1.1
0x07D7	0x5220 ;?ICS?lstr37_Robo2_32v1.1+0
0x07D9	0x746F ;?ICS?lstr37_Robo2_32v1.1+2
0x07DB	0x7461 ;?ICS?lstr37_Robo2_32v1.1+4
0x07DD	0x2065 ;?ICS?lstr37_Robo2_32v1.1+6
0x07DF	0x6C43 ;?ICS?lstr37_Robo2_32v1.1+8
0x07E1	0x636F ;?ICS?lstr37_Robo2_32v1.1+10
0x07E3	0x776B ;?ICS?lstr37_Robo2_32v1.1+12
0x07E5	0x7369 ;?ICS?lstr37_Robo2_32v1.1+14
0x07E7	0x2065 ;?ICS?lstr37_Robo2_32v1.1+16
0x07E9	0x00 ;?ICS?lstr37_Robo2_32v1.1+18
; end of ?ICS?lstr37_Robo2_32v1.1
;Robo2 v1.1.c,0 :: ?ICS?lstr35_Robo2_32v1.1
0x07EA	0x6554 ;?ICS?lstr35_Robo2_32v1.1+0
0x07EC	0x7473 ;?ICS?lstr35_Robo2_32v1.1+2
0x07EE	0x5320 ;?ICS?lstr35_Robo2_32v1.1+4
0x07F0	0x6E65 ;?ICS?lstr35_Robo2_32v1.1+6
0x07F2	0x6F73 ;?ICS?lstr35_Robo2_32v1.1+8
0x07F4	0x7372 ;?ICS?lstr35_Robo2_32v1.1+10
0x07F6	0x2020 ;?ICS?lstr35_Robo2_32v1.1+12
0x07F8	0x0020 ;?ICS?lstr35_Robo2_32v1.1+14
; end of ?ICS?lstr35_Robo2_32v1.1
;Robo2 v1.1.c,0 :: ?ICS?lstr38_Robo2_32v1.1
0x07FA	0x5220 ;?ICS?lstr38_Robo2_32v1.1+0
0x07FC	0x746F ;?ICS?lstr38_Robo2_32v1.1+2
0x07FE	0x7461 ;?ICS?lstr38_Robo2_32v1.1+4
0x0800	0x2065 ;?ICS?lstr38_Robo2_32v1.1+6
0x0802	0x6E41 ;?ICS?lstr38_Robo2_32v1.1+8
0x0804	0x6974 ;?ICS?lstr38_Robo2_32v1.1+10
0x0806	0x4320 ;?ICS?lstr38_Robo2_32v1.1+12
0x0808	0x6F6C ;?ICS?lstr38_Robo2_32v1.1+14
0x080A	0x6B63 ;?ICS?lstr38_Robo2_32v1.1+16
0x080C	0x6977 ;?ICS?lstr38_Robo2_32v1.1+18
0x080E	0x6573 ;?ICS?lstr38_Robo2_32v1.1+20
0x0810	0x0020 ;?ICS?lstr38_Robo2_32v1.1+22
; end of ?ICS?lstr38_Robo2_32v1.1
;Robo2 v1.1.c,0 :: ?ICS?lstr34_Robo2_32v1.1
0x0812	0x2020 ;?ICS?lstr34_Robo2_32v1.1+0
0x0814	0x2020 ;?ICS?lstr34_Robo2_32v1.1+2
0x0816	0x2020 ;?ICS?lstr34_Robo2_32v1.1+4
0x0818	0x2020 ;?ICS?lstr34_Robo2_32v1.1+6
0x081A	0x2020 ;?ICS?lstr34_Robo2_32v1.1+8
0x081C	0x7453 ;?ICS?lstr34_Robo2_32v1.1+10
0x081E	0x7261 ;?ICS?lstr34_Robo2_32v1.1+12
0x0820	0x6974 ;?ICS?lstr34_Robo2_32v1.1+14
0x0822	0x676E ;?ICS?lstr34_Robo2_32v1.1+16
0x0824	0x2E2E ;?ICS?lstr34_Robo2_32v1.1+18
0x0826	0x2020 ;?ICS?lstr34_Robo2_32v1.1+20
0x0828	0x00 ;?ICS?lstr34_Robo2_32v1.1+22
; end of ?ICS?lstr34_Robo2_32v1.1
;Robo2 v1.1.c,0 :: ?ICS?lstr17_Robo2_32v1.1
0x0829	0x0031 ;?ICS?lstr17_Robo2_32v1.1+0
; end of ?ICS?lstr17_Robo2_32v1.1
;Robo2 v1.1.c,0 :: ?ICS?lstr18_Robo2_32v1.1
0x082B	0x0030 ;?ICS?lstr18_Robo2_32v1.1+0
; end of ?ICS?lstr18_Robo2_32v1.1
;Robo2 v1.1.c,0 :: ?ICS?lstr15_Robo2_32v1.1
0x082D	0x0031 ;?ICS?lstr15_Robo2_32v1.1+0
; end of ?ICS?lstr15_Robo2_32v1.1
;Robo2 v1.1.c,0 :: ?ICS?lstr16_Robo2_32v1.1
0x082F	0x0030 ;?ICS?lstr16_Robo2_32v1.1+0
; end of ?ICS?lstr16_Robo2_32v1.1
;Robo2 v1.1.c,0 :: ?ICS?lstr19_Robo2_32v1.1
0x0831	0x0031 ;?ICS?lstr19_Robo2_32v1.1+0
; end of ?ICS?lstr19_Robo2_32v1.1
;Robo2 v1.1.c,0 :: ?ICS?lstr22_Robo2_32v1.1
0x0833	0x3020 ;?ICS?lstr22_Robo2_32v1.1+0
0x0835	0x203B ;?ICS?lstr22_Robo2_32v1.1+2
0x0837	0x00 ;?ICS?lstr22_Robo2_32v1.1+4
; end of ?ICS?lstr22_Robo2_32v1.1
;Robo2 v1.1.c,0 :: ?ICS_ConnectionEstablished
0x0838	0x00E3 ;?ICS_ConnectionEstablished+0
; end of ?ICS_ConnectionEstablished
;Robo2 v1.1.c,0 :: ?ICS?lstr20_Robo2_32v1.1
0x083A	0x0030 ;?ICS?lstr20_Robo2_32v1.1+0
; end of ?ICS?lstr20_Robo2_32v1.1
;Robo2 v1.1.c,0 :: ?ICS?lstr21_Robo2_32v1.1
0x083C	0x3120 ;?ICS?lstr21_Robo2_32v1.1+0
0x083E	0x203B ;?ICS?lstr21_Robo2_32v1.1+2
0x0840	0x00 ;?ICS?lstr21_Robo2_32v1.1+4
; end of ?ICS?lstr21_Robo2_32v1.1
;Robo2 v1.1.c,0 :: ?ICS?lstr26_Robo2_32v1.1
0x0841	0x7453 ;?ICS?lstr26_Robo2_32v1.1+0
0x0843	0x706F ;?ICS?lstr26_Robo2_32v1.1+2
0x0845	0x6970 ;?ICS?lstr26_Robo2_32v1.1+4
0x0847	0x676E ;?ICS?lstr26_Robo2_32v1.1+6
0x0849	0x2E2E ;?ICS?lstr26_Robo2_32v1.1+8
0x084B	0x2020 ;?ICS?lstr26_Robo2_32v1.1+10
0x084D	0x0020 ;?ICS?lstr26_Robo2_32v1.1+12
; end of ?ICS?lstr26_Robo2_32v1.1
;Robo2 v1.1.c,0 :: ?ICS?lstr25_Robo2_32v1.1
0x084F	0x7574 ;?ICS?lstr25_Robo2_32v1.1+0
0x0851	0x6E72 ;?ICS?lstr25_Robo2_32v1.1+2
0x0853	0x5220 ;?ICS?lstr25_Robo2_32v1.1+4
0x0855	0x6769 ;?ICS?lstr25_Robo2_32v1.1+6
0x0857	0x7468 ;?ICS?lstr25_Robo2_32v1.1+8
0x0859	0x00 ;?ICS?lstr25_Robo2_32v1.1+10
; end of ?ICS?lstr25_Robo2_32v1.1
;Robo2 v1.1.c,0 :: ?ICS?lstr27_Robo2_32v1.1
0x085A	0x6544 ;?ICS?lstr27_Robo2_32v1.1+0
0x085C	0x7263 ;?ICS?lstr27_Robo2_32v1.1+2
0x085E	0x6165 ;?ICS?lstr27_Robo2_32v1.1+4
0x0860	0x6573 ;?ICS?lstr27_Robo2_32v1.1+6
0x0862	0x5020 ;?ICS?lstr27_Robo2_32v1.1+8
0x0864	0x4D57 ;?ICS?lstr27_Robo2_32v1.1+10
0x0866	0x2E2E ;?ICS?lstr27_Robo2_32v1.1+12
0x0868	0x2020 ;?ICS?lstr27_Robo2_32v1.1+14
0x086A	0x0020 ;?ICS?lstr27_Robo2_32v1.1+16
; end of ?ICS?lstr27_Robo2_32v1.1
;Robo2 v1.1.c,0 :: ?ICS?lstr24_Robo2_32v1.1
0x086C	0x7574 ;?ICS?lstr24_Robo2_32v1.1+0
0x086E	0x6E72 ;?ICS?lstr24_Robo2_32v1.1+2
0x0870	0x4C20 ;?ICS?lstr24_Robo2_32v1.1+4
0x0872	0x6665 ;?ICS?lstr24_Robo2_32v1.1+6
0x0874	0x0074 ;?ICS?lstr24_Robo2_32v1.1+8
; end of ?ICS?lstr24_Robo2_32v1.1
;Robo2 v1.1.c,0 :: ?ICS?lstr1_Robo2_32v1.1
0x0876	0x6F43 ;?ICS?lstr1_Robo2_32v1.1+0
0x0878	0x6E6E ;?ICS?lstr1_Robo2_32v1.1+2
0x087A	0x6365 ;?ICS?lstr1_Robo2_32v1.1+4
0x087C	0x6974 ;?ICS?lstr1_Robo2_32v1.1+6
0x087E	0x6E6F ;?ICS?lstr1_Robo2_32v1.1+8
0x0880	0x4520 ;?ICS?lstr1_Robo2_32v1.1+10
0x0882	0x7473 ;?ICS?lstr1_Robo2_32v1.1+12
0x0884	0x6261 ;?ICS?lstr1_Robo2_32v1.1+14
0x0886	0x696C ;?ICS?lstr1_Robo2_32v1.1+16
0x0888	0x6873 ;?ICS?lstr1_Robo2_32v1.1+18
0x088A	0x6465 ;?ICS?lstr1_Robo2_32v1.1+20
0x088C	0x0021 ;?ICS?lstr1_Robo2_32v1.1+22
; end of ?ICS?lstr1_Robo2_32v1.1
;Robo2 v1.1.c,0 :: ?ICS?lstr2_Robo2_32v1.1
0x088E	0x6F6D ;?ICS?lstr2_Robo2_32v1.1+0
0x0890	0x6576 ;?ICS?lstr2_Robo2_32v1.1+2
0x0892	0x6620 ;?ICS?lstr2_Robo2_32v1.1+4
0x0894	0x726F ;?ICS?lstr2_Robo2_32v1.1+6
0x0896	0x6177 ;?ICS?lstr2_Robo2_32v1.1+8
0x0898	0x6472 ;?ICS?lstr2_Robo2_32v1.1+10
0x089A	0x00 ;?ICS?lstr2_Robo2_32v1.1+12
; end of ?ICS?lstr2_Robo2_32v1.1
;Robo2 v1.1.c,0 :: ?ICS?lstr23_Robo2_32v1.1
0x089B	0x6F6D ;?ICS?lstr23_Robo2_32v1.1+0
0x089D	0x6576 ;?ICS?lstr23_Robo2_32v1.1+2
0x089F	0x4620 ;?ICS?lstr23_Robo2_32v1.1+4
0x08A1	0x726F ;?ICS?lstr23_Robo2_32v1.1+6
0x08A3	0x6177 ;?ICS?lstr23_Robo2_32v1.1+8
0x08A5	0x6472 ;?ICS?lstr23_Robo2_32v1.1+10
0x08A7	0x2020 ;?ICS?lstr23_Robo2_32v1.1+12
0x08A9	0x00 ;?ICS?lstr23_Robo2_32v1.1+14
; end of ?ICS?lstr23_Robo2_32v1.1
;Robo2 v1.1.c,0 :: ?ICS_debugText
0x08AA	0x00FB ;?ICS_debugText+0
; end of ?ICS_debugText
Symbol List:
//** Routines locations **
//ADDRESS    SIZE    PROCEDURE
//----------------------------------------------
0x001C      [80]    _Mul_16x16_U
0x006C     [108]    _PWM1_Set_Duty
0x00D8     [108]    _PWM2_Set_Duty
0x0144      [12]    _motorRight_foward
0x0150      [12]    _motorLeft_foward
0x015C      [14]    _UART1_Write
0x016A       [6]    _motorLeft_stop
0x0170       [6]    _motorRight_stop
0x0176      [22]    _moveForward
0x018C       [6]    _stop
0x0192      [12]    _motorRight_reverse
0x019E      [12]    _motorLeft_reverse
0x01AA       [8]    _PWM1_Init
0x01B2      [52]    _UART1_Write_Text
0x01E6      [10]    _PWM1_Start
0x01F0      [10]    _PWM2_Start
0x01FA       [8]    _PWM2_Init
0x0202      [88]    _UART1_Init
0x025A      [62]    _configure
0x0298      [16]    ___CC2DW
0x02A8     [312]    _testPIC
0x03E0      [22]    _rotateClockwise
0x03F6      [22]    _rotateAntiClockwise
0x040C     [100]    _setPID
0x0470      [18]    _UART1_Read
0x0482     [466]    _sendSensorStatus
0x0654     [340]    _main
//** Variables locations ** 
//ADDRESS    SIZE    VARIABLE
//----------------------------------------------
0x0000       [1]    R0
0x0000       [1]    EEPROM_Write_SaveINTCON_L0
0x0000       [1]    FLASH_Erase_64_SaveINTCON_L0
0x0000       [1]    __Lib_SoftI2C_PutZerosToLATSda_temp_sda_L0
0x0000       [1]    __Lib_SoftI2C_PutZerosToLATScl_temp_scl_L0
0x0000       [1]    UART1_Init_tmp_L0
0x0000       [1]    SPI1_Write_tmp_L0
0x0001       [1]    FLASH_Erase_Write_64_i_L0
0x0001       [1]    R1
0x0001       [1]    UART1_Read___tmp_UART1_Read_L0
0x0001       [1]    ispunct_rslt_L0
0x0001       [1]    I2C1_Rd_tmp_L0
0x0001       [1]    __Lib_TFT_JPEG_FileReadBytes_Result_L0
0x0001       [1]    __Lib_PS2_Wait_Falling_nsample_L0
0x0001       [2]    FLASH_Read_N_Bytes_i_L0
0x0001       [1]    FLASH_Write_8_i_L0
0x0001       [1]    __Lib_TFT_JPEG_FileRead_i_L0
0x0002       [2]    memchr_s_L0
0x0002       [2]    memset_pp_L0
0x0002       [2]    memcpy_dd_L0
0x0002       [1]    R2
0x0002       [1]    FLASH_Erase_Write_64_j_L0
0x0002       [2]    strlen_cp_L0
0x0002       [1]    FLASH_Write_8_SaveINTCON_L0
0x0003       [1]    FLASH_Erase_Write_64_SaveINTCON_L0
0x0003       [1]    R3
0x0003       [2]    Ltrim_original_L0
0x0003       [2]    memmove_tt_L0
0x0004       [2]    frexp_pom_L0
0x0004       [2]    memcpy_ss_L0
0x0004       [2]    strncpy_cp_L0
0x0004       [2]    strncat_cp_L0
0x0004       [1]    R4
0x0004       [2]    strcat_cp_L0
0x0004       [2]    strcpy_cp_L0
0x0005       [2]    Ltrim_p_L0
0x0005       [1]    __Lib_TFT__TFT_Write_Char_Return_Pos_xCnt_L0
0x0005       [1]    R5
0x0005       [2]    LongIntToHex_input_half_L0
0x0005       [2]    memmove_ff_L0
0x0005       [2]    LongWordToHex_input_half_L0
0x0006       [1]    R6
0x0006       [1]    __Lib_TFT__TFT_Write_Char_Return_Pos_yCnt_L0
0x0007       [2]    __Lib_TFT__TFT_Write_Char_Return_Pos_y_L0
0x0007       [1]    __Lib_TFT_JPEG_GenerateHuffmanTables_bLength_L0
0x0007       [1]    R7
0x0008       [1]    R8
0x0008       [1]    __Lib_TFT_JPEG_GenerateHuffmanTables_bTable_L0
0x0009       [1]    R9
0x0009       [1]    __Lib_TFT__TFT_Write_Char_Return_Pos_mask_L0
0x000A       [1]    R10
0x000B       [1]    R11
0x000C       [1]    R12
0x000D       [1]    R13
0x000E       [1]    R14
0x000F       [1]    R15
0x0010       [1]    R16
0x0011       [1]    R17
0x0012       [1]    R18
0x0013       [1]    R19
0x0014       [1]    R20
0x0015       [2]    ?lstr8_Robo2_32v1.1
0x0017       [2]    ?lstr9_Robo2_32v1.1
0x0019       [2]    ?lstr6_Robo2_32v1.1
0x001B       [2]    ?lstr7_Robo2_32v1.1
0x001D       [2]    ?lstr10_Robo2_32v1.1
0x001F       [2]    ?lstr13_Robo2_32v1.1
0x0021       [2]    ?lstr14_Robo2_32v1.1
0x0023       [2]    ?lstr11_Robo2_32v1.1
0x0025       [2]    ?lstr12_Robo2_32v1.1
0x0027       [2]    ?lstr5_Robo2_32v1.1
0x0029       [2]    ?lstr3_Robo2_32v1.1
0x002B       [2]    ?lstr4_Robo2_32v1.1
0x002D      [23]    ?lstr36_Robo2_32v1.1
0x0044      [19]    ?lstr37_Robo2_32v1.1
0x0057      [16]    ?lstr35_Robo2_32v1.1
0x0067      [24]    ?lstr38_Robo2_32v1.1
0x007F      [23]    ?lstr34_Robo2_32v1.1
0x0096       [2]    ?lstr17_Robo2_32v1.1
0x0098       [2]    ?lstr18_Robo2_32v1.1
0x009A       [2]    ?lstr15_Robo2_32v1.1
0x009C       [2]    ?lstr16_Robo2_32v1.1
0x009E       [2]    ?lstr19_Robo2_32v1.1
0x00A0       [5]    ?lstr22_Robo2_32v1.1
0x00A5       [2]    _ConnectionEstablished
0x00A7       [2]    ?lstr20_Robo2_32v1.1
0x00A9       [5]    ?lstr21_Robo2_32v1.1
0x00AE      [14]    ?lstr26_Robo2_32v1.1
0x00BC      [11]    ?lstr25_Robo2_32v1.1
0x00C7      [18]    ?lstr27_Robo2_32v1.1
0x00D9      [10]    ?lstr24_Robo2_32v1.1
0x00E3      [24]    ?lstr1_Robo2_32v1.1
0x00FB      [13]    ?lstr2_Robo2_32v1.1
0x0108      [15]    ?lstr23_Robo2_32v1.1
0x0117       [2]    _debugText
0x0119       [4]    _Kd
0x011D       [4]    _totalError
0x0121       [4]    _Kp
0x0125       [4]    _Ki
0x0129       [2]    _previousDeviation
0x012B       [2]    _PID_LeftRPM
0x012D       [2]    _PID_RightRPM
0x012F       [1]    _receiveCommand
0x0130       [4]    _UART_Rdy_Ptr
0x0134       [4]    _UART_Tx_Idle_Ptr
0x0138       [4]    _UART_Wr_Ptr
0x013C       [4]    _UART_Rd_Ptr
0x0140       [2]    _count
0x0142       [2]    _MAX_RPM
0x0144       [2]    _TEST_RPM
0x0146       [2]    _MIN_RPM
0x0148       [2]    _MID_RPM
0x014A       [2]    FARG_rotateAntiClockwise_pwm
0x014A       [2]    FARG_rotateClockwise_pwm
0x014C       [4]    FARG_PWM2_Init_PWM_Freq
0x014C       [2]    FARG_UART1_Write_Text_uart_text
0x014C       [2]    FARG_moveForward_pwmLeft
0x014C       [4]    FARG_PWM1_Init_PWM_Freq
0x014C       [2]    FARG_motorLeft_reverse_pwm
0x014C       [2]    FARG_motorRight_reverse_pwm
0x014E       [2]    FARG_moveForward_pwmRight
0x014E       [1]    UART1_Write_Text_data__L0
0x014F       [1]    UART1_Write_Text_counter_L0
0x0150       [1]    FARG_UART1_Write_data_
0x0150       [2]    FARG_motorRight_foward_pwm
0x0150       [2]    FARG_motorLeft_foward_pwm
0x0152       [1]    FARG_PWM2_Set_Duty_new_duty
0x0152       [1]    FARG_PWM1_Set_Duty_new_duty
0x0F80       [1]    PORTA
0x0F80       [0]    RA4_bit
0x0F80       [0]    RA5_bit
0x0F80       [0]    RA6_bit
0x0F80       [0]    RA3_bit
0x0F80       [0]    RA0_bit
0x0F80       [0]    RA1_bit
0x0F80       [0]    RA2_bit
0x0F81       [1]    PORTB
0x0F81       [0]    RB2_bit
0x0F81       [0]    RB3_bit
0x0F81       [0]    RB0_bit
0x0F81       [0]    RB1_bit
0x0F81       [0]    RB6_bit
0x0F81       [0]    RB7_bit
0x0F81       [0]    RB4_bit
0x0F81       [0]    RB5_bit
0x0F82       [0]    RC7_bit
0x0F82       [0]    RC1_bit
0x0F82       [0]    RC2_bit
0x0F82       [1]    PORTC
0x0F82       [0]    RC0_bit
0x0F82       [0]    RC5_bit
0x0F82       [0]    RC6_bit
0x0F82       [0]    RC3_bit
0x0F82       [0]    RC4_bit
0x0F83       [1]    PORTD
0x0F83       [0]    RD5_bit
0x0F83       [0]    RD4_bit
0x0F83       [0]    RD1_bit
0x0F83       [0]    RD2_bit
0x0F83       [0]    RD7_bit
0x0F83       [0]    RD6_bit
0x0F83       [0]    RD3_bit
0x0F83       [0]    RD0_bit
0x0F84       [1]    PORTE
0x0F84       [0]    RE0_bit
0x0F84       [0]    RE2_bit
0x0F84       [0]    RE1_bit
0x0F89       [1]    LATA
0x0F89       [0]    LATA4_bit
0x0F89       [0]    LATA6_bit
0x0F89       [0]    LATA5_bit
0x0F89       [0]    LATA3_bit
0x0F89       [0]    LATA0_bit
0x0F89       [0]    LATA1_bit
0x0F89       [0]    LATA2_bit
0x0F8A       [1]    LATB
0x0F8A       [0]    LATB5_bit
0x0F8A       [0]    LATB4_bit
0x0F8A       [0]    LATB7_bit
0x0F8A       [0]    LATB6_bit
0x0F8A       [0]    LATB1_bit
0x0F8A       [0]    LATB0_bit
0x0F8A       [0]    LATB3_bit
0x0F8A       [0]    LATB2_bit
0x0F8B       [0]    LATC1_bit
0x0F8B       [0]    LATC2_bit
0x0F8B       [1]    LATC
0x0F8B       [0]    LATC0_bit
0x0F8B       [0]    LATC3_bit
0x0F8B       [0]    LATC6_bit
0x0F8B       [0]    LATC7_bit
0x0F8B       [0]    LATC4_bit
0x0F8B       [0]    LATC5_bit
0x0F8C       [1]    LATD
0x0F8C       [0]    LATD2_bit
0x0F8C       [0]    LATD3_bit
0x0F8C       [0]    LATD0_bit
0x0F8C       [0]    LATD1_bit
0x0F8C       [0]    LATD6_bit
0x0F8C       [0]    LATD7_bit
0x0F8C       [0]    LATD4_bit
0x0F8C       [0]    LATD5_bit
0x0F8D       [0]    LATE0_bit
0x0F8D       [1]    LATE
0x0F8D       [0]    LATE2_bit
0x0F8D       [0]    LATE1_bit
0x0F92       [0]    TRISA1_bit
0x0F92       [0]    TRISA0_bit
0x0F92       [1]    TRISA
0x0F92       [0]    TRISA2_bit
0x0F92       [0]    TRISA6_bit
0x0F92       [0]    TRISA5_bit
0x0F92       [0]    TRISA3_bit
0x0F92       [0]    TRISA4_bit
0x0F93       [0]    TRISB2_bit
0x0F93       [1]    TRISB
0x0F93       [0]    TRISB0_bit
0x0F93       [0]    TRISB1_bit
0x0F93       [0]    TRISB6_bit
0x0F93       [0]    TRISB7_bit
0x0F93       [0]    TRISB5_bit
0x0F93       [0]    TRISB3_bit
0x0F93       [0]    TRISB4_bit
0x0F94       [1]    TRISC
0x0F94       [0]    TRISC2_bit
0x0F94       [0]    TRISC0_bit
0x0F94       [0]    TRISC1_bit
0x0F94       [0]    TRISC3_bit
0x0F94       [0]    TRISC6_bit
0x0F94       [0]    TRISC7_bit
0x0F94       [0]    TRISC4_bit
0x0F94       [0]    TRISC5_bit
0x0F95       [0]    TRISD5_bit
0x0F95       [0]    TRISD4_bit
0x0F95       [0]    TRISD7_bit
0x0F95       [0]    TRISD6_bit
0x0F95       [0]    TRISD3_bit
0x0F95       [0]    TRISD0_bit
0x0F95       [1]    TRISD
0x0F95       [0]    TRISD2_bit
0x0F95       [0]    TRISD1_bit
0x0F96       [0]    IBOV_TRISE_bit
0x0F96       [0]    TRISE1_bit
0x0F96       [0]    TRISE0_bit
0x0F96       [0]    PSPMODE_TRISE_bit
0x0F96       [0]    TRISE2_bit
0x0F96       [0]    OBF_bit
0x0F96       [0]    IBF_bit
0x0F96       [0]    PSPMODE_bit
0x0F96       [0]    IBOV_bit
0x0F96       [0]    OBF_TRISE_bit
0x0F96       [1]    TRISE
0x0F96       [0]    IBF_TRISE_bit
0x0F9D       [0]    RCIE_bit
0x0F9D       [0]    TXIE_bit
0x0F9D       [0]    PSPIE_bit
0x0F9D       [0]    ADIE_bit
0x0F9D       [0]    SSPIE_bit
0x0F9D       [0]    CCP1IE_bit
0x0F9D       [1]    PIE1
0x0F9D       [0]    TMR1IE_bit
0x0F9D       [0]    TMR2IE_bit
0x0F9E       [0]    RCIF_bit
0x0F9E       [0]    TXIF_bit
0x0F9E       [0]    PSPIF_bit
0x0F9E       [0]    ADIF_bit
0x0F9E       [0]    TMR2IF_bit
0x0F9E       [0]    TMR1IF_bit
0x0F9E       [0]    SSPIF_bit
0x0F9E       [0]    CCP1IF_bit
0x0F9E       [1]    PIR1
0x0F9F       [0]    TMR2IP_bit
0x0F9F       [0]    CCP1IP_bit
0x0F9F       [1]    IPR1
0x0F9F       [0]    TMR1IP_bit
0x0F9F       [0]    ADIP_bit
0x0F9F       [0]    PSPIP_bit
0x0F9F       [0]    RCIP_bit
0x0F9F       [0]    SSPIP_bit
0x0F9F       [0]    TXIP_bit
0x0FA0       [0]    TMR3IE_bit
0x0FA0       [0]    CCP2IE_bit
0x0FA0       [1]    PIE2
0x0FA0       [0]    EEIE_bit
0x0FA0       [0]    BCLIE_bit
0x0FA0       [0]    LVDIE_bit
0x0FA1       [0]    LVDIF_bit
0x0FA1       [0]    BCLIF_bit
0x0FA1       [0]    EEIF_bit
0x0FA1       [0]    TMR3IF_bit
0x0FA1       [0]    CCP2IF_bit
0x0FA1       [1]    PIR2
0x0FA2       [0]    EEIP_bit
0x0FA2       [0]    LVDIP_bit
0x0FA2       [0]    TMR3IP_bit
0x0FA2       [1]    IPR2
0x0FA2       [0]    BCLIP_bit
0x0FA2       [0]    CCP2IP_bit
0x0FA6       [1]    EECON1
0x0FA6       [0]    FREE_bit
0x0FA6       [0]    EEPGD_bit
0x0FA6       [0]    CFGS_bit
0x0FA6       [0]    WR_bit
0x0FA6       [0]    RD_bit
0x0FA6       [0]    WRERR_bit
0x0FA6       [0]    WREN_bit
0x0FA7       [1]    EECON2
0x0FA8       [1]    EEDATA
0x0FA9       [1]    EEADR
0x0FAB       [1]    RCSTA
0x0FAB       [0]    RX9D_bit
0x0FAB       [0]    ADDEN_bit
0x0FAB       [0]    FERR_bit
0x0FAB       [0]    RX9_bit
0x0FAB       [0]    SPEN_bit
0x0FAB       [0]    OERR_bit
0x0FAB       [0]    RC9_bit
0x0FAB       [0]    SREN_bit
0x0FAB       [0]    NOT_RC8_bit
0x0FAB       [0]    CREN_bit
0x0FAB       [0]    RCD8_bit
0x0FAB       [0]    RC8_9_bit
0x0FAC       [0]    CSRC_bit
0x0FAC       [0]    TX8_9_bit
0x0FAC       [0]    NOT_TX8_bit
0x0FAC       [0]    TXD8_bit
0x0FAC       [0]    TX9_bit
0x0FAC       [0]    SYNC_bit
0x0FAC       [0]    BRGH_bit
0x0FAC       [1]    TXSTA
0x0FAC       [0]    TX9D_bit
0x0FAC       [0]    TXEN_bit
0x0FAC       [0]    TRMT_bit
0x0FAD       [1]    TXREG
0x0FAE       [1]    RCREG
0x0FAF       [1]    SPBRG
0x0FB1       [0]    T3CKPS1_bit
0x0FB1       [0]    T3CCP2_bit
0x0FB1       [0]    RD16_T3CON_bit
0x0FB1       [0]    T3CKPS0_bit
0x0FB1       [0]    TMR3CS_bit
0x0FB1       [0]    T3INSYNC_bit
0x0FB1       [0]    T3SYNC_bit
0x0FB1       [0]    NOT_T3SYNC_bit
0x0FB1       [0]    TMR3ON_bit
0x0FB1       [1]    T3CON
0x0FB1       [0]    T3CCP1_bit
0x0FB2       [1]    TMR3L
0x0FB3       [1]    TMR3H
0x0FBA       [0]    CCP2X_bit
0x0FBA       [0]    DC2B0_bit
0x0FBA       [1]    CCP2CON
0x0FBA       [0]    DC2B1_bit
0x0FBA       [0]    CCP2Y_bit
0x0FBA       [0]    CCP2M1_bit
0x0FBA       [0]    CCP2M0_bit
0x0FBA       [0]    CCP2M3_bit
0x0FBA       [0]    CCP2M2_bit
0x0FBB       [1]    CCPR2L
0x0FBB       [2]    CCPR2
0x0FBC       [1]    CCPR2H
0x0FBD       [0]    CCP1M3_bit
0x0FBD       [0]    CCP1M2_bit
0x0FBD       [1]    CCP1CON
0x0FBD       [0]    CCP1Y_bit
0x0FBD       [0]    CCP1M1_bit
0x0FBD       [0]    CCP1X_bit
0x0FBD       [0]    DC1B1_bit
0x0FBD       [0]    CCP1M0_bit
0x0FBD       [0]    DC1B0_bit
0x0FBE       [1]    CCPR1L
0x0FBE       [2]    CCPR1
0x0FBF       [1]    CCPR1H
0x0FC1       [0]    ADCS2_bit
0x0FC1       [0]    PCFG1_bit
0x0FC1       [0]    PCFG2_bit
0x0FC1       [0]    PCFG3_bit
0x0FC1       [0]    ADFM_bit
0x0FC1       [0]    PCFG0_bit
0x0FC1       [1]    ADCON1
0x0FC2       [0]    GO_bit
0x0FC2       [0]    CHS1_bit
0x0FC2       [0]    GO_DONE_bit
0x0FC2       [0]    ADON_bit
0x0FC2       [0]    CHS0_bit
0x0FC2       [0]    DONE_bit
0x0FC2       [0]    NOT_DONE_bit
0x0FC2       [0]    ADCS0_bit
0x0FC2       [0]    ADCS1_bit
0x0FC2       [1]    ADCON0
0x0FC2       [0]    CHS2_bit
0x0FC3       [2]    ADRES
0x0FC3       [1]    ADRESL
0x0FC4       [1]    ADRESH
0x0FC5       [0]    SEN_bit
0x0FC5       [1]    SSPCON2
0x0FC5       [0]    ACKEN_bit
0x0FC5       [0]    GCEN_bit
0x0FC5       [0]    ACKSTAT_bit
0x0FC5       [0]    ACKDT_bit
0x0FC5       [0]    RSEN_bit
0x0FC5       [0]    PEN_bit
0x0FC5       [0]    RCEN_bit
0x0FC6       [0]    CKP_bit
0x0FC6       [1]    SSPCON1
0x0FC6       [0]    WCOL_bit
0x0FC6       [0]    SSPEN_bit
0x0FC6       [0]    SSPOV_bit
0x0FC6       [0]    SSPM2_bit
0x0FC6       [0]    SSPM1_bit
0x0FC6       [0]    SSPM0_bit
0x0FC6       [0]    SSPM3_bit
0x0FC7       [1]    SSPSTAT
0x0FC7       [0]    NOT_A_bit
0x0FC7       [0]    SMP_bit
0x0FC7       [0]    I2C_DAT_bit
0x0FC7       [0]    D_bit
0x0FC7       [0]    CKE_bit
0x0FC7       [0]    S_bit
0x0FC7       [0]    NOT_W_bit
0x0FC7       [0]    P_bit
0x0FC7       [0]    UA_bit
0x0FC7       [0]    I2C_START__bit
0x0FC7       [0]    R_bit
0x0FC7       [0]    NOT_WRITE_bit
0x0FC7       [0]    DATA_ADDRESS_bit
0x0FC7       [0]    READ_WRITE_bit
0x0FC7       [0]    D_A_bit
0x0FC7       [0]    R_W_bit
0x0FC7       [0]    I2C_READ_bit
0x0FC7       [0]    BF_bit
0x0FC7       [0]    NOT_ADDRESS_bit
0x0FC7       [0]    I2C_STOP__bit
0x0FC8       [1]    SSPADD
0x0FC9       [1]    SSPBUF
0x0FCA       [0]    TMR2ON_bit
0x0FCA       [0]    TOUTPS0_bit
0x0FCA       [0]    TOUTPS1_bit
0x0FCA       [0]    T2CKPS0_bit
0x0FCA       [1]    T2CON
0x0FCA       [0]    TOUTPS3_bit
0x0FCA       [0]    TOUTPS2_bit
0x0FCA       [0]    T2CKPS1_bit
0x0FCB       [1]    PR2
0x0FCC       [1]    TMR2
0x0FCD       [0]    TMR1ON_bit
0x0FCD       [0]    T1SYNC_bit
0x0FCD       [0]    T1INSYNC_bit
0x0FCD       [1]    T1CON
0x0FCD       [0]    TMR1CS_bit
0x0FCD       [0]    T1CKPS1_bit
0x0FCD       [0]    RD16_bit
0x0FCD       [0]    T1CKPS0_bit
0x0FCD       [0]    NOT_T1SYNC_bit
0x0FCD       [0]    T1OSCEN_bit
0x0FCE       [1]    TMR1L
0x0FCF       [1]    TMR1H
0x0FD0       [0]    NOT_PD_bit
0x0FD0       [0]    NOT_BOR_bit
0x0FD0       [0]    IPEN_bit
0x0FD0       [0]    NOT_POR_bit
0x0FD0       [0]    POR_bit
0x0FD0       [0]    PD_bit
0x0FD0       [0]    NOT_RI_bit
0x0FD0       [0]    RI_bit
0x0FD0       [0]    BOR_bit
0x0FD0       [0]    NOT_TO_bit
0x0FD0       [0]    TO__bit
0x0FD0       [1]    RCON
0x0FD1       [0]    SWDTE_bit
0x0FD1       [1]    WDTCON
0x0FD1       [0]    SWDTEN_bit
0x0FD2       [0]    IRVST_bit
0x0FD2       [0]    LVDEN_bit
0x0FD2       [0]    LVDL3_bit
0x0FD2       [1]    LVDCON
0x0FD2       [0]    LVDL0_bit
0x0FD2       [0]    LVDL1_bit
0x0FD2       [0]    LVDL2_bit
0x0FD3       [0]    SCS_bit
0x0FD3       [1]    OSCCON
0x0FD5       [0]    T08BIT_bit
0x0FD5       [0]    TMR0ON_bit
0x0FD5       [0]    T0PS2_bit
0x0FD5       [0]    PSA_bit
0x0FD5       [1]    T0CON
0x0FD5       [0]    T0PS0_bit
0x0FD5       [0]    T0PS1_bit
0x0FD5       [0]    T0CS_bit
0x0FD5       [0]    T0SE_bit
0x0FD6       [1]    TMR0L
0x0FD7       [1]    TMR0H
0x0FD8       [0]    N_bit
0x0FD8       [0]    DC_bit
0x0FD8       [0]    OV_bit
0x0FD8       [0]    Z_bit
0x0FD8       [1]    STATUS
0x0FD8       [0]    C_bit
0x0FD9       [2]    FSR2
0x0FD9       [2]    FSR2PTR
0x0FD9       [1]    FSR2L
0x0FDA       [1]    FSR2H
0x0FDB       [1]    PLUSW2
0x0FDC       [1]    PREINC2
0x0FDD       [1]    POSTDEC2
0x0FDE       [1]    POSTINC2
0x0FDF       [1]    INDF2
0x0FE0       [1]    BSR
0x0FE1       [2]    FSR1
0x0FE1       [2]    FSR1PTR
0x0FE1       [1]    FSR1L
0x0FE2       [1]    FSR1H
0x0FE3       [1]    PLUSW1
0x0FE4       [1]    PREINC1
0x0FE5       [1]    POSTDEC1
0x0FE6       [1]    POSTINC1
0x0FE7       [1]    INDF1
0x0FE8       [1]    WREG
0x0FE9       [2]    FSR0PTR
0x0FE9       [1]    FSR0L
0x0FE9       [2]    FSR0
0x0FEA       [1]    FSR0H
0x0FEB       [1]    PLUSW0
0x0FEC       [1]    PREINC0
0x0FED       [1]    POSTDEC0
0x0FEE       [1]    POSTINC0
0x0FEF       [1]    INDF0
0x0FF0       [0]    INT2IP_bit
0x0FF0       [0]    INT2IE_bit
0x0FF0       [0]    INT1IP_bit
0x0FF0       [1]    INTCON3
0x0FF0       [0]    INT1IE_bit
0x0FF0       [0]    INT2IF_bit
0x0FF0       [0]    INT1IF_bit
0x0FF1       [0]    RBIP_bit
0x0FF1       [1]    INTCON2
0x0FF1       [0]    T0IP_bit
0x0FF1       [0]    INTEDG0_bit
0x0FF1       [0]    INTEDG1_bit
0x0FF1       [0]    NOT_RBPU_bit
0x0FF1       [0]    RBPU_bit
0x0FF1       [0]    TMR0IP_bit
0x0FF1       [0]    INTEDG2_bit
0x0FF2       [1]    INTCON
0x0FF2       [1]    INTCON1
0x0FF2       [0]    RBIE_bit
0x0FF2       [0]    TMR0IF_bit
0x0FF2       [0]    INT0IE_bit
0x0FF2       [0]    INT0E_bit
0x0FF2       [0]    INT0F_bit
0x0FF2       [0]    RBIF_bit
0x0FF2       [0]    T0IF_bit
0x0FF2       [0]    INT0IF_bit
0x0FF2       [0]    PEIE_bit
0x0FF2       [0]    GIEH_bit
0x0FF2       [0]    GIE_bit
0x0FF2       [0]    T0IE_bit
0x0FF2       [0]    TMR0IE_bit
0x0FF2       [0]    GIEL_bit
0x0FF3       [2]    PROD
0x0FF3       [1]    PRODL
0x0FF4       [1]    PRODH
0x0FF5       [1]    TABLAT
0x0FF6       [3]    TBLPTR
0x0FF6       [1]    TBLPTRL
0x0FF7       [1]    TBLPTRH
0x0FF8       [0]    TBLPTRU1_bit
0x0FF8       [0]    ACSS_bit
0x0FF8       [0]    TBLPTRU0_bit
0x0FF8       [0]    TBLPTRU4_bit
0x0FF8       [0]    TBLPTRU3_bit
0x0FF8       [0]    TBLPTRU2_bit
0x0FF8       [1]    TBLPTRU
0x0FF9       [1]    PCL
0x0FFA       [1]    PCLATH
0x0FFB       [0]    PCU4_bit
0x0FFB       [0]    PCU1_bit
0x0FFB       [0]    PCU0_bit
0x0FFB       [0]    PCU3_bit
0x0FFB       [0]    PCU2_bit
0x0FFB       [1]    PCLATU
0x0FFC       [0]    STKUNF_bit
0x0FFC       [0]    STKFUL_bit
0x0FFC       [1]    STKPTR
0x0FFD       [1]    TOSL
0x0FFE       [1]    TOSH
0x0FFF       [1]    TOSU
//** Constants locations ** 
//ADDRESS    SIZE    CONSTANT
//----------------------------------------------
0x07A8       [2]    ?ICS?lstr8_Robo2_32v1.1
0x07AA       [2]    ?ICS?lstr9_Robo2_32v1.1
0x07AC       [2]    ?ICS?lstr6_Robo2_32v1.1
0x07AE       [2]    ?ICS?lstr7_Robo2_32v1.1
0x07B0       [2]    ?ICS?lstr10_Robo2_32v1.1
0x07B2       [2]    ?ICS?lstr13_Robo2_32v1.1
0x07B4       [2]    ?ICS?lstr14_Robo2_32v1.1
0x07B6       [2]    ?ICS?lstr11_Robo2_32v1.1
0x07B8       [2]    ?ICS?lstr12_Robo2_32v1.1
0x07BA       [2]    ?ICS?lstr5_Robo2_32v1.1
0x07BC       [2]    ?ICS?lstr3_Robo2_32v1.1
0x07BE       [2]    ?ICS?lstr4_Robo2_32v1.1
0x07C0      [23]    ?ICS?lstr36_Robo2_32v1.1
0x07D7      [19]    ?ICS?lstr37_Robo2_32v1.1
0x07EA      [16]    ?ICS?lstr35_Robo2_32v1.1
0x07FA      [24]    ?ICS?lstr38_Robo2_32v1.1
0x0812      [23]    ?ICS?lstr34_Robo2_32v1.1
0x0829       [2]    ?ICS?lstr17_Robo2_32v1.1
0x082B       [2]    ?ICS?lstr18_Robo2_32v1.1
0x082D       [2]    ?ICS?lstr15_Robo2_32v1.1
0x082F       [2]    ?ICS?lstr16_Robo2_32v1.1
0x0831       [2]    ?ICS?lstr19_Robo2_32v1.1
0x0833       [5]    ?ICS?lstr22_Robo2_32v1.1
0x0838       [2]    ?ICS_ConnectionEstablished
0x083A       [2]    ?ICS?lstr20_Robo2_32v1.1
0x083C       [5]    ?ICS?lstr21_Robo2_32v1.1
0x0841      [14]    ?ICS?lstr26_Robo2_32v1.1
0x084F      [11]    ?ICS?lstr25_Robo2_32v1.1
0x085A      [18]    ?ICS?lstr27_Robo2_32v1.1
0x086C      [10]    ?ICS?lstr24_Robo2_32v1.1
0x0876      [24]    ?ICS?lstr1_Robo2_32v1.1
0x088E      [13]    ?ICS?lstr2_Robo2_32v1.1
0x089B      [15]    ?ICS?lstr23_Robo2_32v1.1
0x08AA       [2]    ?ICS_debugText
//** Label List: ** 
//----------------------------------------------
  L_testMotion0
  L_testMotion1
  L_testMotion2
  L_sendSensorStatus3
  L_sendSensorStatus4
  L_sendSensorStatus5
  L_sendSensorStatus6
  L_sendSensorStatus7
  L_sendSensorStatus8
  L_sendSensorStatus9
  L_sendSensorStatus10
  L_sendSensorStatus11
  L_sendSensorStatus12
  L_sendSensorStatus13
  L_sendSensorStatus14
  L_sendSensorStatus15
  L_sendSensorStatus16
  L_sendSensorStatus17
  L_sendSensorStatus18
  L_sendSensorStatus19
  L_sendSensorStatus20
  L_sendSensorStatus21
  L_sendSensorStatus22
  L_sendSensorStatus23
  L_sendSensorStatus24
  L_sendSensorStatus25
  L_sendSensorStatus26
  L_sendSensorStatus27
  L_sendSensorStatus28
  L_sendSensorStatus29
  L_sendSensorStatus30
  L_sendSensorStatus31
  L_sendSensorStatus32
  L_testPIC33
  L_testPIC34
  L_testPIC35
  L_testPIC36
  L_testPIC37
  L_testPIC38
  L_testPIC39
  L_lineFollow40
  L_lineFollow41
  L_lineFollow42
  L_lineFollow43
  L_lineFollow44
  L_lineFollow45
  L_lineFollow46
  L_lineFollow47
  L_lineFollow48
  L_lineFollow49
  L_lineFollow50
  L_lineFollow51
  L_lineFollow52
  L_lineFollow53
  L_lineFollow54
  L_lineFollow55
  L_lineFollow56
  L_lineFollow57
  L_lineFollow58
  L_lineFollow59
  L_lineFollow60
  L_lineFollow61
  L_lineFollow62
  L_lineFollowNormal63
  L_lineFollowNormal64
  L_lineFollowNormal65
  L_lineFollowNormal66
  L_lineFollowNormal67
  L_lineFollowNormal68
  L_lineFollowNormal69
  L_lineFollowNormal70
  L_lineFollowNormal71
  L_lineFollowNormal72
  L_lineFollowNormal73
  L_lineFollowNormal74
  L_lineFollowNormal75
  L_lineFollowNormal76
  L_lineFollowNormal77
  L_lineFollowNormal78
  L_lineFollowNormal79
  L_lineFollowNormal80
  L_lineFollowNormal81
  L_lineFollowNormal82
  L_lineFollowNormal83
  L_lineFollowNormal84
  L_lineFollowNormal85
  L_lineFollowNormal86
  L_lineFollowNormal87
  L_lineFollowNormal88
  L_lineFollowNormal89
  L_lineFollowNormal90
  L_lineFollowNormal91
  L_lineFollowNormal92
  L_lineFollowNormal93
  L_lineFollowNormal94
  L_lineFollowNormal95
  L_lineFollowNormal96
  L_lineFollowNormal97
  L_lineFollowNormal98
  L_lineFollowNormal99
  L_lineFollowNormal100
  L_lineFollowNormal101
  L_lineFollowNormal102
  L_lineFollowNormal103
  L_lineFollowNormal104
  L_lineFollowNormal105
  L_lineFollowNormal106
  L_lineFollowNormal107
  L_lineFollowNormal108
  L_lineFollowNormal109
  L_lineFollowNormal110
  L_lineFollowNormal111
  L_lineFollowNormal112
  L_lineFollowNormal113
  L_lineFollowNormal114
  L_lineFollowNormal115
  L_lineFollowNormal116
  L_lineFollowNormal117
  L_lineFollowNormal118
  L_lineFollowNormal119
  L_lineFollowNormal120
  L_lineFollowNormal121
  L_lineFollowNormal122
  L_lineFollowNormal123
  L_lineFollowPID124
  L_lineFollowPID125
  L_lineFollowPID126
  L_lineFollowPID127
  L_lineFollowPID128
  L_lineFollowPID129
  L_lineFollowPID130
  L_lineFollowPID131
  L_lineFollowPID132
  L_lineFollowPID133
  L_lineFollowPID134
  L_lineFollowPID135
  L_lineFollowPID136
  L_lineFollowPID137
  L_lineFollowPID138
  L_lineFollowPID139
  L_lineFollowPID140
  L_lineFollowPID141
  L_lineFollowPID142
  L_lineFollowPID143
  L_lineFollowPID144
  L_lineFollowPID145
  L_lineFollowPID146
  L_lineFollowPID147
  L_lineFollowPID148
  L_lineFollowPID149
  L_lineFollowPID150
  L_lineFollowPID151
  L_lineFollowPID152
  L_lineFollowPID153
  L_lineFollowPID154
  L_lineFollowPID155
  L_lineFollowPID156
  L_lineFollowPID157
  L_lineFollowPID158
  L_lineFollowPID159
  L_lineFollowPID160
  L_lineFollowPID161
  L_lineFollowPID162
  L_lineFollowPID163
  L_lineFollowPID164
  L_lineFollowPID165
  L_lineFollowPID166
  L_lineFollowPID167
  L_lineFollowPID168
  L_lineFollowPID169
  L_lineFollowPID170
  L_lineFollowPID171
  L_lineFollowPID172
  L_lineFollowPID173
  L_lineFollowPID174
  L_lineFollowPID175
  L_lineFollowPID176
  L_lineFollowPID177
  L_lineFollowPID178
  L_lineFollowPID179
  L_lineFollowPID180
  L_lineFollowPID181
  L_lineFollowPID182
  L_lineFollowPID183
  L_lineFollowPID184
  L_main185
  L_main186
  L_main187
  L_main188
  L_main189
  L_main190
  L_main191
  L_main192
  L_main193
  L_main194
  L_main195
  L__lineFollow196
  L__lineFollow197
  L__lineFollow198
  L__lineFollow199
  L__lineFollow200
  L__lineFollowNormal201
  L__lineFollowNormal202
  L__lineFollowNormal203
  L__lineFollowNormal204
  L__lineFollowNormal205
  L__lineFollowNormal206
  L__lineFollowNormal207
  L__lineFollowNormal208
  L__lineFollowNormal209
  L__lineFollowNormal210
  L__lineFollowNormal211
  L__lineFollowNormal212
  L__lineFollowNormal213
  L__lineFollowNormal214
  L__lineFollowPID215
  L__lineFollowPID216
  L__lineFollowPID217
  L__lineFollowPID218
  L__lineFollowPID219
  L__lineFollowPID220
  L__lineFollowPID221
  L__lineFollowPID222
  L__lineFollowPID223
  L__lineFollowPID224
  L__lineFollowPID225
  L__lineFollowPID226
  L__lineFollowPID227
  L__lineFollowPID228
  L__lineFollowPID229
  L__lineFollowPID230
  L__lineFollowPID231
  L__lineFollowPID232
  L__lineFollowPID233
  L__lineFollowPID234
  _motorLeft_foward
  _motorRight_foward
  _motorLeft_reverse
  _motorRight_reverse
  _motorLeft_stop
  _motorRight_stop
  _moveForward
  _turnRight
  _turnLeft
  _rotateClockwise
  _rotateAntiClockwise
  _stop
  _testMotion
  _sendSensorStatus
  _testPIC
  L__testPIC235
  _lineFollow
  _lineFollowNormal
  _setPID
  _lineFollowPID
  _configure
  _main
  L__main236
  L_Div_16x16_S0
  L_Div_16x16_S1
  LOOPS3232A
  SADD22LA
  SOK22LA
  SADD22L8
  SOK22L8
  LOOPS3232B
  SADD22LB
  SOK22LB
  SADD22L16
  SOK22L16
  LOOPS3232C
  SADD22LC
  SOK22LC
  SADD22L24
  SOK22L24
  LOOPS3232D
  SADD22LD
  SOK22LD
  SOK22L
  L_Div_32x32_S6
  L_Div_32x32_S7
  L_Div_32x32_S8
  L_Div_32x32_S9
  FXD3232S
  END_ALL
  CA3232S
  C3232SX
  C3232SX1
  C3232S
  C3232S2
  C3232SX4
  C3232SOK
  C3232SX3
  C3232SX2
  avoid_comfrem
  LOOPU3232A
  UADD22LA
  UOK22LA
  UADD22L8
  UOK22L8
  LOOPU3232B
  UADD22LB
  UOK22LB
  UADD22L16
  UOK22L16
  LOOPU3232C
  UADD22LC
  UOK22LC
  UADD22L24
  UOK22L24
  LOOPU3232D
  UADD22LD
  UOK22LD
  UOK22L
  _NEXT
  _EXIT2
  _LOOP
  _EXIT1
  _IF_FIRST
  _IF_SECOND
  _INVERCE_FIRST
  _MULT
  _INBERSE_SECOND
  _EXIT
  _Div_8x8_U
  _Div_16x16_U
  _Div_16x16_S_L
  _Div_16x16_S
  _Div_8x8_S
  _Mul_8x8_S
  _Mul_16x16_U
  _Mul_16x16_S
  _SDIV3232L
  _COMFREM
  _Div_32x32_S
  _Div_32x32_U
  _Mul_32x32_U
  _Mul_32x32_S
  _PWM2_Init
  _PWM2_Set_Duty
  L__PWM2_Set_Duty0
  L__PWM2_Set_Duty1
  L__PWM2_Set_Duty2
  L__PWM2_Set_Duty3
  _PWM2_Start
  _PWM2_Stop
  _PWM1_Init
  _PWM1_Set_Duty
  L__PWM1_Set_Duty4
  L__PWM1_Set_Duty5
  L__PWM1_Set_Duty6
  L__PWM1_Set_Duty7
  _PWM1_Start
  _PWM1_Stop
  _CC2D_Loop1
  _CC2DL_Loop1
  L_longjmp2
  ___CC2D
  ___CC2DW
  _____DoIFC
  _Swap
  _setjmp
  _longjmp
  L_UART1_Init0
  L_UART1_Init1
  L_UART1_Read2
  L_UART1_Write3
  L_UART1_Write4
  L_UART1_Write_Text5
  L_UART1_Write_Text6
  L_UART1_Read_Text7
  L_UART1_Read_Text8
  L_UART1_Read_Text9
  L_UART1_Read_Text10
  L_UART1_Read_Text11
  L_UART1_Read_Text12
  L_UART1_Read_Text13
  L_UART1_Read_Text14
  L_UART1_Read_Text15
  _UART1_Init
  _UART1_Data_Ready
  _UART1_Read
  _UART1_Tx_Idle
  _UART1_Write
  _UART1_Write_Text
  _UART1_Read_Text
  _UART_Set_Active
