;  LST file generated by mikroListExporter - v.2.0 
; Date/Time: 9/9/2012 1:21:33 PM
;----------------------------------------------

;Address Opcode 	ASM
0x0000	0xF002EFF0  	GOTO        1504
0x0004	0x0000      	NOP
0x0006	0x0000      	NOP
0x0008	0xF000EF00  	GOTO        0
0x000C	0x0000      	NOP
0x000E	0x0000      	NOP
0x0010	0x0000      	NOP
0x0012	0x0000      	NOP
0x0014	0x0000      	NOP
0x0016	0x0000      	NOP
0x0018	0xD7F3      	BRA         0
_Mul_16x16_U:
;__Lib_Math.c,437 :: 		
;__Lib_Math.c,444 :: 		
0x001C	0x6A0B      	CLRF        R11, 0
;__Lib_Math.c,445 :: 		
0x001E	0x6A0A      	CLRF        R10, 0
;__Lib_Math.c,446 :: 		
0x0020	0x6A09      	CLRF        R9, 0
;__Lib_Math.c,447 :: 		
0x0022	0x5000      	MOVF        R0, 0, 0
;__Lib_Math.c,448 :: 		
0x0024	0x0204      	MULWF       R4, 0
;__Lib_Math.c,450 :: 		
0x0026	0xF009CFF4  	MOVFF       PRODH, R9
;__Lib_Math.c,451 :: 		
0x002A	0xF008CFF3  	MOVFF       PRODL, R8
;__Lib_Math.c,452 :: 		
0x002E	0x5001      	MOVF        R1, 0, 0
;__Lib_Math.c,453 :: 		
0x0030	0x0205      	MULWF       R5, 0
;__Lib_Math.c,455 :: 		
0x0032	0xF00BCFF4  	MOVFF       PRODH, R11
;__Lib_Math.c,456 :: 		
0x0036	0xF00ACFF3  	MOVFF       PRODL, R10
;__Lib_Math.c,457 :: 		
0x003A	0x5000      	MOVF        R0, 0, 0
;__Lib_Math.c,458 :: 		
0x003C	0x0205      	MULWF       R5, 0
;__Lib_Math.c,460 :: 		
0x003E	0x50F3      	MOVF        PRODL, 0, 0
;__Lib_Math.c,461 :: 		
0x0040	0x2609      	ADDWF       R9, 1, 0
;__Lib_Math.c,462 :: 		
0x0042	0x50F4      	MOVF        PRODH, 0, 0
;__Lib_Math.c,463 :: 		
0x0044	0x220A      	ADDWFC      R10, 1, 0
;__Lib_Math.c,464 :: 		
0x0046	0x6AE8      	CLRF        WREG, 0
;__Lib_Math.c,465 :: 		
0x0048	0x220B      	ADDWFC      R11, 1, 0
;__Lib_Math.c,466 :: 		
0x004A	0x5001      	MOVF        R1, 0, 0
;__Lib_Math.c,467 :: 		
0x004C	0x0204      	MULWF       R4, 0
;__Lib_Math.c,469 :: 		
0x004E	0x50F3      	MOVF        PRODL, 0, 0
;__Lib_Math.c,470 :: 		
0x0050	0x2609      	ADDWF       R9, 1, 0
;__Lib_Math.c,471 :: 		
0x0052	0x50F4      	MOVF        PRODH, 0, 0
;__Lib_Math.c,472 :: 		
0x0054	0x220A      	ADDWFC      R10, 1, 0
;__Lib_Math.c,473 :: 		
0x0056	0x6AE8      	CLRF        WREG, 0
;__Lib_Math.c,474 :: 		
0x0058	0x220B      	ADDWFC      R11, 1, 0
;__Lib_Math.c,476 :: 		
0x005A	0xF000C008  	MOVFF       R8, R0
;__Lib_Math.c,477 :: 		
0x005E	0xF001C009  	MOVFF       R9, R1
;__Lib_Math.c,478 :: 		
0x0062	0xF002C00A  	MOVFF       R10, R2
;__Lib_Math.c,479 :: 		
0x0066	0xF003C00B  	MOVFF       R11, R3
;__Lib_Math.c,482 :: 		
0x006A	0x0012      	RETURN      0
; end of _Mul_16x16_U
_PWM2_Set_Duty:
;__Lib_PWM_c21.c,8 :: 		
;__Lib_PWM_c21.c,12 :: 		
0x006C	0x50CB      	MOVF        PR2, 0 
0x006E	0x0F01      	ADDLW       1
0x0070	0x6E00      	MOVWF       R0 
0x0072	0x6A01      	CLRF        R1 
0x0074	0x0E00      	MOVLW       0
0x0076	0x2201      	ADDWFC      R1, 1 
0x0078	0xF004C0D3  	MOVFF       FARG_PWM2_Set_Duty_new_duty, R4
0x007C	0x0E00      	MOVLW       0
0x007E	0x6E05      	MOVWF       R5 
0x0080	0xDFCD      	RCALL       _Mul_16x16_U
0x0082	0x0E06      	MOVLW       6
0x0084	0x6E02      	MOVWF       R2 
0x0086	0xF004C000  	MOVFF       R0, R4
0x008A	0xF005C001  	MOVFF       R1, R5
0x008E	0x5002      	MOVF        R2, 0 
L__PWM2_Set_Duty0:
0x0090	0xE005      	BZ          L__PWM2_Set_Duty1
0x0092	0x3205      	RRCF        R5, 1 
0x0094	0x3204      	RRCF        R4, 1 
0x0096	0x9E05      	BCF         R5, 7 
0x0098	0x0FFF      	ADDLW       255
0x009A	0xD7FA      	BRA         L__PWM2_Set_Duty0
L__PWM2_Set_Duty1:
;__Lib_PWM_c21.c,13 :: 		
0x009C	0x0E04      	MOVLW       4
0x009E	0x6E01      	MOVWF       R1 
0x00A0	0xF000C004  	MOVFF       R4, R0
0x00A4	0x5001      	MOVF        R1, 0 
L__PWM2_Set_Duty2:
0x00A6	0xE004      	BZ          L__PWM2_Set_Duty3
0x00A8	0x3600      	RLCF        R0, 1 
0x00AA	0x9000      	BCF         R0, 0 
0x00AC	0x0FFF      	ADDLW       255
0x00AE	0xD7FB      	BRA         L__PWM2_Set_Duty2
L__PWM2_Set_Duty3:
0x00B0	0x0E30      	MOVLW       48
0x00B2	0x1400      	ANDWF       R0, 0 
0x00B4	0x6E03      	MOVWF       R3 
;__Lib_PWM_c21.c,14 :: 		
0x00B6	0xF000C004  	MOVFF       R4, R0
0x00BA	0xF001C005  	MOVFF       R5, R1
0x00BE	0x3201      	RRCF        R1, 1 
0x00C0	0x3200      	RRCF        R0, 1 
0x00C2	0x9E01      	BCF         R1, 7 
0x00C4	0x3201      	RRCF        R1, 1 
0x00C6	0x3200      	RRCF        R0, 1 
0x00C8	0x9E01      	BCF         R1, 7 
0x00CA	0xFFBBC000  	MOVFF       R0, CCPR2L
;__Lib_PWM_c21.c,15 :: 		
0x00CE	0x0E0F      	MOVLW       15
0x00D0	0x16BA      	ANDWF       CCP2CON, 1 
;__Lib_PWM_c21.c,16 :: 		
0x00D2	0x5003      	MOVF        R3, 0 
0x00D4	0x12BA      	IORWF       CCP2CON, 1 
;__Lib_PWM_c21.c,17 :: 		
0x00D6	0x0012      	RETURN      0
; end of _PWM2_Set_Duty
_PWM1_Set_Duty:
;__Lib_PWM_c21.c,43 :: 		
;__Lib_PWM_c21.c,47 :: 		
0x00D8	0x50CB      	MOVF        PR2, 0 
0x00DA	0x0F01      	ADDLW       1
0x00DC	0x6E00      	MOVWF       R0 
0x00DE	0x6A01      	CLRF        R1 
0x00E0	0x0E00      	MOVLW       0
0x00E2	0x2201      	ADDWFC      R1, 1 
0x00E4	0xF004C0D3  	MOVFF       FARG_PWM1_Set_Duty_new_duty, R4
0x00E8	0x0E00      	MOVLW       0
0x00EA	0x6E05      	MOVWF       R5 
0x00EC	0xDF97      	RCALL       _Mul_16x16_U
0x00EE	0x0E06      	MOVLW       6
0x00F0	0x6E02      	MOVWF       R2 
0x00F2	0xF004C000  	MOVFF       R0, R4
0x00F6	0xF005C001  	MOVFF       R1, R5
0x00FA	0x5002      	MOVF        R2, 0 
L__PWM1_Set_Duty4:
0x00FC	0xE005      	BZ          L__PWM1_Set_Duty5
0x00FE	0x3205      	RRCF        R5, 1 
0x0100	0x3204      	RRCF        R4, 1 
0x0102	0x9E05      	BCF         R5, 7 
0x0104	0x0FFF      	ADDLW       255
0x0106	0xD7FA      	BRA         L__PWM1_Set_Duty4
L__PWM1_Set_Duty5:
;__Lib_PWM_c21.c,48 :: 		
0x0108	0x0E04      	MOVLW       4
0x010A	0x6E01      	MOVWF       R1 
0x010C	0xF000C004  	MOVFF       R4, R0
0x0110	0x5001      	MOVF        R1, 0 
L__PWM1_Set_Duty6:
0x0112	0xE004      	BZ          L__PWM1_Set_Duty7
0x0114	0x3600      	RLCF        R0, 1 
0x0116	0x9000      	BCF         R0, 0 
0x0118	0x0FFF      	ADDLW       255
0x011A	0xD7FB      	BRA         L__PWM1_Set_Duty6
L__PWM1_Set_Duty7:
0x011C	0x0E30      	MOVLW       48
0x011E	0x1400      	ANDWF       R0, 0 
0x0120	0x6E03      	MOVWF       R3 
;__Lib_PWM_c21.c,49 :: 		
0x0122	0xF000C004  	MOVFF       R4, R0
0x0126	0xF001C005  	MOVFF       R5, R1
0x012A	0x3201      	RRCF        R1, 1 
0x012C	0x3200      	RRCF        R0, 1 
0x012E	0x9E01      	BCF         R1, 7 
0x0130	0x3201      	RRCF        R1, 1 
0x0132	0x3200      	RRCF        R0, 1 
0x0134	0x9E01      	BCF         R1, 7 
0x0136	0xFFBEC000  	MOVFF       R0, CCPR1L
;__Lib_PWM_c21.c,50 :: 		
0x013A	0x0E0F      	MOVLW       15
0x013C	0x16BD      	ANDWF       CCP1CON, 1 
;__Lib_PWM_c21.c,51 :: 		
0x013E	0x5003      	MOVF        R3, 0 
0x0140	0x12BD      	IORWF       CCP1CON, 1 
;__Lib_PWM_c21.c,52 :: 		
0x0142	0x0012      	RETURN      0
; end of _PWM1_Set_Duty
_motorLeft_stop:
;motion.h,60 :: 		void motorLeft_stop(){
;motion.h,61 :: 		Motor_Left_Forward = 1;
0x0144	0x8483      	BSF         PORTD, 2 
;motion.h,62 :: 		Motor_Left_Reverse = 1;
0x0146	0x8683      	BSF         PORTD, 3 
;motion.h,63 :: 		}
0x0148	0x0012      	RETURN      0
; end of _motorLeft_stop
_motorRight_foward:
;motion.h,42 :: 		void motorRight_foward(int pwm){
;motion.h,43 :: 		Motor_Right_Forward = 1;
0x014A	0x8882      	BSF         PORTC, 4 
;motion.h,44 :: 		Motor_Right_Reverse = 0;
0x014C	0x9A82      	BCF         PORTC, 5 
;motion.h,45 :: 		PWM1_Set_Duty(pwm);
0x014E	0xF0D3C0D1  	MOVFF       FARG_motorRight_foward_pwm, FARG_PWM1_Set_Duty_new_duty
0x0152	0xDFC2      	RCALL       _PWM1_Set_Duty
;motion.h,46 :: 		}
0x0154	0x0012      	RETURN      0
; end of _motorRight_foward
_motorRight_stop:
;motion.h,65 :: 		void motorRight_stop(){
;motion.h,66 :: 		Motor_Right_Forward = 1;
0x0156	0x8882      	BSF         PORTC, 4 
;motion.h,67 :: 		Motor_Right_Reverse = 1;
0x0158	0x8A82      	BSF         PORTC, 5 
;motion.h,68 :: 		}
0x015A	0x0012      	RETURN      0
; end of _motorRight_stop
_UART1_Write:
;__Lib_UART_c67.c,58 :: 		
;__Lib_UART_c67.c,59 :: 		
L_UART1_Write3:
0x015C	0xB2AC      	BTFSC       TXSTA, 1 
0x015E	0xD002      	BRA         L_UART1_Write4
;__Lib_UART_c67.c,60 :: 		
0x0160	0x0000      	NOP
0x0162	0xD7FC      	BRA         L_UART1_Write3
L_UART1_Write4:
;__Lib_UART_c67.c,61 :: 		
0x0164	0xFFADC0D1  	MOVFF       FARG_UART1_Write_data_, TXREG
;__Lib_UART_c67.c,62 :: 		
0x0168	0x0012      	RETURN      0
; end of _UART1_Write
_motorRight_reverse:
;motion.h,54 :: 		void motorRight_reverse(int pwm){
;motion.h,55 :: 		Motor_Right_Forward = 0;
0x016A	0x9882      	BCF         PORTC, 4 
;motion.h,56 :: 		Motor_Right_Reverse = 1;
0x016C	0x8A82      	BSF         PORTC, 5 
;motion.h,57 :: 		PWM1_Set_Duty(pwm);
0x016E	0xF0D3C0D1  	MOVFF       FARG_motorRight_reverse_pwm, FARG_PWM1_Set_Duty_new_duty
0x0172	0xDFB2      	RCALL       _PWM1_Set_Duty
;motion.h,58 :: 		}
0x0174	0x0012      	RETURN      0
; end of _motorRight_reverse
_motorLeft_foward:
;motion.h,36 :: 		void motorLeft_foward(int pwm){
;motion.h,37 :: 		Motor_Left_Forward = 1;
0x0176	0x8483      	BSF         PORTD, 2 
;motion.h,38 :: 		Motor_Left_Reverse = 0;
0x0178	0x9683      	BCF         PORTD, 3 
;motion.h,39 :: 		PWM2_Set_Duty(pwm);
0x017A	0xF0D3C0D1  	MOVFF       FARG_motorLeft_foward_pwm, FARG_PWM2_Set_Duty_new_duty
0x017E	0xDF76      	RCALL       _PWM2_Set_Duty
;motion.h,40 :: 		}
0x0180	0x0012      	RETURN      0
; end of _motorLeft_foward
_motorLeft_reverse:
;motion.h,48 :: 		void motorLeft_reverse(int pwm){
;motion.h,49 :: 		Motor_Left_Forward = 0;
0x0182	0x9483      	BCF         PORTD, 2 
;motion.h,50 :: 		Motor_Left_Reverse = 1;
0x0184	0x8683      	BSF         PORTD, 3 
;motion.h,51 :: 		PWM2_Set_Duty(pwm);
0x0186	0xF0D3C0D1  	MOVFF       FARG_motorLeft_reverse_pwm, FARG_PWM2_Set_Duty_new_duty
0x018A	0xDF70      	RCALL       _PWM2_Set_Duty
;motion.h,52 :: 		}
0x018C	0x0012      	RETURN      0
; end of _motorLeft_reverse
_turnRight:
;motion.h,75 :: 		void turnRight(int pwmLeft){
;motion.h,76 :: 		motorLeft_foward(pwmLeft);
0x018E	0xF0D1C0CD  	MOVFF       FARG_turnRight_pwmLeft, FARG_motorLeft_foward_pwm
0x0192	0xF0D2C0CE  	MOVFF       FARG_turnRight_pwmLeft+1, FARG_motorLeft_foward_pwm+1
0x0196	0xDFEF      	RCALL       _motorLeft_foward
;motion.h,77 :: 		motorRight_stop();
0x0198	0xDFDE      	RCALL       _motorRight_stop
;motion.h,78 :: 		}
0x019A	0x0012      	RETURN      0
; end of _turnRight
_moveForward:
;motion.h,70 :: 		void moveForward(int pwmLeft, int pwmRight){
;motion.h,71 :: 		motorLeft_foward(pwmLeft);
0x019C	0xF0D1C0CD  	MOVFF       FARG_moveForward_pwmLeft, FARG_motorLeft_foward_pwm
0x01A0	0xF0D2C0CE  	MOVFF       FARG_moveForward_pwmLeft+1, FARG_motorLeft_foward_pwm+1
0x01A4	0xDFE8      	RCALL       _motorLeft_foward
;motion.h,72 :: 		motorRight_foward(pwmRight);
0x01A6	0xF0D1C0CF  	MOVFF       FARG_moveForward_pwmRight, FARG_motorRight_foward_pwm
0x01AA	0xF0D2C0D0  	MOVFF       FARG_moveForward_pwmRight+1, FARG_motorRight_foward_pwm+1
0x01AE	0xDFCD      	RCALL       _motorRight_foward
;motion.h,73 :: 		}
0x01B0	0x0012      	RETURN      0
; end of _moveForward
_rotateAntiClockwise:
;motion.h,90 :: 		void rotateAntiClockwise(int pwm){
;motion.h,91 :: 		motorLeft_reverse(pwm);
0x01B2	0xF0D1C0CD  	MOVFF       FARG_rotateAntiClockwise_pwm, FARG_motorLeft_reverse_pwm
0x01B6	0xF0D2C0CE  	MOVFF       FARG_rotateAntiClockwise_pwm+1, FARG_motorLeft_reverse_pwm+1
0x01BA	0xDFE3      	RCALL       _motorLeft_reverse
;motion.h,92 :: 		motorRight_foward(pwm);
0x01BC	0xF0D1C0CD  	MOVFF       FARG_rotateAntiClockwise_pwm, FARG_motorRight_foward_pwm
0x01C0	0xF0D2C0CE  	MOVFF       FARG_rotateAntiClockwise_pwm+1, FARG_motorRight_foward_pwm+1
0x01C4	0xDFC2      	RCALL       _motorRight_foward
;motion.h,93 :: 		}
0x01C6	0x0012      	RETURN      0
; end of _rotateAntiClockwise
_turnLeft:
;motion.h,80 :: 		void turnLeft(int pwmRight){
;motion.h,81 :: 		motorRight_foward(pwmRight);
0x01C8	0xF0D1C0CD  	MOVFF       FARG_turnLeft_pwmRight, FARG_motorRight_foward_pwm
0x01CC	0xF0D2C0CE  	MOVFF       FARG_turnLeft_pwmRight+1, FARG_motorRight_foward_pwm+1
0x01D0	0xDFBC      	RCALL       _motorRight_foward
;motion.h,82 :: 		motorLeft_stop();
0x01D2	0xDFB8      	RCALL       _motorLeft_stop
;motion.h,83 :: 		}
0x01D4	0x0012      	RETURN      0
; end of _turnLeft
_rotateClockwise:
;motion.h,85 :: 		void rotateClockwise(int pwm){
;motion.h,86 :: 		motorLeft_foward(pwm);
0x01D6	0xF0D1C0CD  	MOVFF       FARG_rotateClockwise_pwm, FARG_motorLeft_foward_pwm
0x01DA	0xF0D2C0CE  	MOVFF       FARG_rotateClockwise_pwm+1, FARG_motorLeft_foward_pwm+1
0x01DE	0xDFCB      	RCALL       _motorLeft_foward
;motion.h,87 :: 		motorRight_reverse(pwm);
0x01E0	0xF0D1C0CD  	MOVFF       FARG_rotateClockwise_pwm, FARG_motorRight_reverse_pwm
0x01E4	0xF0D2C0CE  	MOVFF       FARG_rotateClockwise_pwm+1, FARG_motorRight_reverse_pwm+1
0x01E8	0xDFC0      	RCALL       _motorRight_reverse
;motion.h,88 :: 		}
0x01EA	0x0012      	RETURN      0
; end of _rotateClockwise
_PWM2_Start:
;__Lib_PWM_c21.c,19 :: 		
;__Lib_PWM_c21.c,20 :: 		
0x01EC	0x9294      	BCF         TRISC1_bit, 1 
;__Lib_PWM_c21.c,21 :: 		
0x01EE	0x84CA      	BSF         T2CON, 2 
;__Lib_PWM_c21.c,22 :: 		
0x01F0	0x0E0C      	MOVLW       12
0x01F2	0x12BA      	IORWF       CCP2CON, 1 
;__Lib_PWM_c21.c,23 :: 		
0x01F4	0x0012      	RETURN      0
; end of _PWM2_Start
_UART1_Init:
;__Lib_UART_c67.c,15 :: 		
;__Lib_UART_c67.c,18 :: 		
0x01F6	0x0E5C      	MOVLW       _UART1_Write
0x01F8	0x0100      	MOVLB       0
0x01FA	0x6FAD      	MOVWF       _UART_Wr_Ptr, 1
0x01FC	0x0E01      	MOVLW       hi_addr(_UART1_Write)
0x01FE	0x6FAE      	MOVWF       _UART_Wr_Ptr+1, 1
0x0200	0x0ED1      	MOVLW       FARG_UART1_Write_data_
0x0202	0x6FAF      	MOVWF       _UART_Wr_Ptr+2, 1
0x0204	0x0E00      	MOVLW       hi_addr(FARG_UART1_Write_data_)
0x0206	0x6FB0      	MOVWF       _UART_Wr_Ptr+3, 1
;__Lib_UART_c67.c,19 :: 		
0x0208	0x0E00      	MOVLW       _UART1_Read
0x020A	0x6FB9      	MOVWF       _UART_Rd_Ptr, 1
0x020C	0x0E04      	MOVLW       hi_addr(_UART1_Read)
0x020E	0x6FBA      	MOVWF       _UART_Rd_Ptr+1, 1
0x0210	0x0E00      	MOVLW       0
0x0212	0x6FBB      	MOVWF       _UART_Rd_Ptr+2, 1
0x0214	0x0E00      	MOVLW       0
0x0216	0x6FBC      	MOVWF       _UART_Rd_Ptr+3, 1
;__Lib_UART_c67.c,20 :: 		
0x0218	0x0EFF      	MOVLW       _UART1_Data_Ready
0x021A	0x6FB5      	MOVWF       _UART_Rdy_Ptr, 1
0x021C	0x0EFF      	MOVLW       hi_addr(_UART1_Data_Ready)
0x021E	0x6FB6      	MOVWF       _UART_Rdy_Ptr+1, 1
0x0220	0x0E00      	MOVLW       0
0x0222	0x6FB7      	MOVWF       _UART_Rdy_Ptr+2, 1
0x0224	0x0E00      	MOVLW       0
0x0226	0x6FB8      	MOVWF       _UART_Rdy_Ptr+3, 1
;__Lib_UART_c67.c,21 :: 		
0x0228	0x0EFF      	MOVLW       _UART1_Tx_Idle
0x022A	0x6FB1      	MOVWF       _UART_Tx_Idle_Ptr, 1
0x022C	0x0EFF      	MOVLW       hi_addr(_UART1_Tx_Idle)
0x022E	0x6FB2      	MOVWF       _UART_Tx_Idle_Ptr+1, 1
0x0230	0x0E00      	MOVLW       0
0x0232	0x6FB3      	MOVWF       _UART_Tx_Idle_Ptr+2, 1
0x0234	0x0E00      	MOVLW       0
0x0236	0x6FB4      	MOVWF       _UART_Tx_Idle_Ptr+3, 1
;__Lib_UART_c67.c,23 :: 		
0x0238	0x8AAC      	BSF         TXSTA, 5 
;__Lib_UART_c67.c,24 :: 		
0x023A	0x0E90      	MOVLW       144
0x023C	0x6EAB      	MOVWF       RCSTA 
;__Lib_UART_c67.c,25 :: 		
0x023E	0x8E94      	BSF         TRISC7_bit, 7 
;__Lib_UART_c67.c,26 :: 		
0x0240	0x9C94      	BCF         TRISC6_bit, 6 
;__Lib_UART_c67.c,28 :: 		
L_UART1_Init0:
0x0242	0xAA9E      	BTFSS       PIR1, 5 
0x0244	0xD003      	BRA         L_UART1_Init1
;__Lib_UART_c67.c,29 :: 		
0x0246	0xF000CFAE  	MOVFF       RCREG, R0
0x024A	0xD7FB      	BRA         L_UART1_Init0
L_UART1_Init1:
;__Lib_UART_c67.c,30 :: 		
0x024C	0x0012      	RETURN      0
; end of _UART1_Init
_PWM1_Start:
;__Lib_PWM_c21.c,54 :: 		
;__Lib_PWM_c21.c,55 :: 		
0x024E	0x9494      	BCF         TRISC2_bit, 2 
;__Lib_PWM_c21.c,56 :: 		
0x0250	0x84CA      	BSF         T2CON, 2 
;__Lib_PWM_c21.c,57 :: 		
0x0252	0x0E0C      	MOVLW       12
0x0254	0x12BD      	IORWF       CCP1CON, 1 
;__Lib_PWM_c21.c,58 :: 		
0x0256	0x0012      	RETURN      0
; end of _PWM1_Start
_UART1_Write_Text:
;__Lib_UART_c67.c,66 :: 		
;__Lib_UART_c67.c,67 :: 		
0x0258	0x0100      	MOVLB       0
0x025A	0x6BD0      	CLRF        UART1_Write_Text_counter_L0, 1
;__Lib_UART_c67.c,69 :: 		
0x025C	0xFFE9C0CD  	MOVFF       FARG_UART1_Write_Text_uart_text, FSR0L
0x0260	0xFFEAC0CE  	MOVFF       FARG_UART1_Write_Text_uart_text+1, FSR0H
0x0264	0xF0CFCFEE  	MOVFF       POSTINC0, UART1_Write_Text_data__L0
;__Lib_UART_c67.c,70 :: 		
L_UART1_Write_Text5:
0x0268	0x51CF      	MOVF        UART1_Write_Text_data__L0, 0, 1
0x026A	0x0A00      	XORLW       0
0x026C	0xE00E      	BZ          L_UART1_Write_Text6
;__Lib_UART_c67.c,71 :: 		
0x026E	0xF0D1C0CF  	MOVFF       UART1_Write_Text_data__L0, FARG_UART1_Write_data_
0x0272	0xDF74      	RCALL       _UART1_Write
;__Lib_UART_c67.c,72 :: 		
0x0274	0x0100      	MOVLB       0
0x0276	0x2BD0      	INCF        UART1_Write_Text_counter_L0, 1, 1
;__Lib_UART_c67.c,73 :: 		
0x0278	0x51D0      	MOVF        UART1_Write_Text_counter_L0, 0, 1
0x027A	0x25CD      	ADDWF       FARG_UART1_Write_Text_uart_text, 0, 1
0x027C	0x6EE9      	MOVWF       FSR0L 
0x027E	0x0E00      	MOVLW       0
0x0280	0x21CE      	ADDWFC      FARG_UART1_Write_Text_uart_text+1, 0, 1
0x0282	0x6EEA      	MOVWF       FSR0H 
0x0284	0xF0CFCFEE  	MOVFF       POSTINC0, UART1_Write_Text_data__L0
;__Lib_UART_c67.c,74 :: 		
0x0288	0xD7EF      	BRA         L_UART1_Write_Text5
L_UART1_Write_Text6:
;__Lib_UART_c67.c,75 :: 		
0x028A	0x0012      	RETURN      0
; end of _UART1_Write_Text
_stop:
;motion.h,95 :: 		void stop(){
;motion.h,96 :: 		motorLeft_stop();
0x028C	0xDF5B      	RCALL       _motorLeft_stop
;motion.h,97 :: 		motorRight_stop();
0x028E	0xDF63      	RCALL       _motorRight_stop
;motion.h,98 :: 		}
0x0290	0x0012      	RETURN      0
; end of _stop
_PWM1_Init:
;__Lib_PWM_c21.c,36 :: 		
;__Lib_PWM_c21.c,37 :: 		
;__Lib_PWM_c21.c,38 :: 		
0x0292	0x6ABE      	CLRF        CCPR1L 
;__Lib_PWM_c21.c,39 :: 		
0x0294	0x98BD      	BCF         CCP1CON, 4 
;__Lib_PWM_c21.c,40 :: 		
0x0296	0x9ABD      	BCF         CCP1CON, 5 
;__Lib_PWM_c21.c,41 :: 		
0x0298	0x0012      	RETURN      0
; end of _PWM1_Init
_PWM2_Init:
;__Lib_PWM_c21.c,1 :: 		
;__Lib_PWM_c21.c,2 :: 		
;__Lib_PWM_c21.c,3 :: 		
0x029A	0x6ABB      	CLRF        CCPR2L 
;__Lib_PWM_c21.c,4 :: 		
0x029C	0x98BA      	BCF         CCP2CON, 4 
;__Lib_PWM_c21.c,5 :: 		
0x029E	0x9ABA      	BCF         CCP2CON, 5 
;__Lib_PWM_c21.c,6 :: 		
0x02A0	0x0012      	RETURN      0
; end of _PWM2_Init
_lineFollowNormal:
;Robo2.c,62 :: 		void lineFollowNormal(){
;Robo2.c,63 :: 		while(1){
L_lineFollowNormal8:
;Robo2.c,64 :: 		if( Sensor4==1 && Sensor5==1){
0x02A2	0xAA83      	BTFSS       PORTD, 5 
0x02A4	0xD00C      	BRA         L_lineFollowNormal12
0x02A6	0xAC83      	BTFSS       PORTD, 6 
0x02A8	0xD00A      	BRA         L_lineFollowNormal12
L__lineFollowNormal82:
;Robo2.c,66 :: 		moveForward(TEST_RPM,TEST_RPM);
0x02AA	0xF0CDC0C9  	MOVFF       _TEST_RPM, FARG_moveForward_pwmLeft
0x02AE	0xF0CEC0CA  	MOVFF       _TEST_RPM+1, FARG_moveForward_pwmLeft+1
0x02B2	0xF0CFC0C9  	MOVFF       _TEST_RPM, FARG_moveForward_pwmRight
0x02B6	0xF0D0C0CA  	MOVFF       _TEST_RPM+1, FARG_moveForward_pwmRight+1
0x02BA	0xDF70      	RCALL       _moveForward
;Robo2.c,67 :: 		}
0x02BC	0xD054      	BRA         L_lineFollowNormal13
L_lineFollowNormal12:
;Robo2.c,68 :: 		else if( Sensor4==1 && Sensor5==0 && Scout==1){
0x02BE	0xAA83      	BTFSS       PORTD, 5 
0x02C0	0xD00A      	BRA         L_lineFollowNormal16
0x02C2	0xBC83      	BTFSC       PORTD, 6 
0x02C4	0xD008      	BRA         L_lineFollowNormal16
0x02C6	0xAA81      	BTFSS       PORTB, 5 
0x02C8	0xD006      	BRA         L_lineFollowNormal16
L__lineFollowNormal81:
;Robo2.c,70 :: 		turnLeft(TEST_RPM);
0x02CA	0xF0CDC0C9  	MOVFF       _TEST_RPM, FARG_turnLeft_pwmRight
0x02CE	0xF0CEC0CA  	MOVFF       _TEST_RPM+1, FARG_turnLeft_pwmRight+1
0x02D2	0xDF7A      	RCALL       _turnLeft
;Robo2.c,71 :: 		}
0x02D4	0xD048      	BRA         L_lineFollowNormal17
L_lineFollowNormal16:
;Robo2.c,72 :: 		else if( Sensor4==0 && Sensor5==1 && Scout==1){
0x02D6	0xBA83      	BTFSC       PORTD, 5 
0x02D8	0xD00A      	BRA         L_lineFollowNormal20
0x02DA	0xAC83      	BTFSS       PORTD, 6 
0x02DC	0xD008      	BRA         L_lineFollowNormal20
0x02DE	0xAA81      	BTFSS       PORTB, 5 
0x02E0	0xD006      	BRA         L_lineFollowNormal20
L__lineFollowNormal80:
;Robo2.c,74 :: 		turnRight(TEST_RPM);
0x02E2	0xF0CDC0C9  	MOVFF       _TEST_RPM, FARG_turnRight_pwmLeft
0x02E6	0xF0CEC0CA  	MOVFF       _TEST_RPM+1, FARG_turnRight_pwmLeft+1
0x02EA	0xDF51      	RCALL       _turnRight
;Robo2.c,75 :: 		}
0x02EC	0xD03C      	BRA         L_lineFollowNormal21
L_lineFollowNormal20:
;Robo2.c,76 :: 		else if( Sensor4==1 && Sensor5==0 && Scout==0){
0x02EE	0xAA83      	BTFSS       PORTD, 5 
0x02F0	0xD00A      	BRA         L_lineFollowNormal24
0x02F2	0xBC83      	BTFSC       PORTD, 6 
0x02F4	0xD008      	BRA         L_lineFollowNormal24
0x02F6	0xBA81      	BTFSC       PORTB, 5 
0x02F8	0xD006      	BRA         L_lineFollowNormal24
L__lineFollowNormal79:
;Robo2.c,78 :: 		turnLeft(TEST_RPM);
0x02FA	0xF0CDC0C9  	MOVFF       _TEST_RPM, FARG_turnLeft_pwmRight
0x02FE	0xF0CEC0CA  	MOVFF       _TEST_RPM+1, FARG_turnLeft_pwmRight+1
0x0302	0xDF62      	RCALL       _turnLeft
;Robo2.c,79 :: 		}
0x0304	0xD030      	BRA         L_lineFollowNormal25
L_lineFollowNormal24:
;Robo2.c,80 :: 		else if( Sensor4==0 && Sensor5==1 && Scout==0){
0x0306	0xBA83      	BTFSC       PORTD, 5 
0x0308	0xD00A      	BRA         L_lineFollowNormal28
0x030A	0xAC83      	BTFSS       PORTD, 6 
0x030C	0xD008      	BRA         L_lineFollowNormal28
0x030E	0xBA81      	BTFSC       PORTB, 5 
0x0310	0xD006      	BRA         L_lineFollowNormal28
L__lineFollowNormal78:
;Robo2.c,82 :: 		turnRight(TEST_RPM);
0x0312	0xF0CDC0C9  	MOVFF       _TEST_RPM, FARG_turnRight_pwmLeft
0x0316	0xF0CEC0CA  	MOVFF       _TEST_RPM+1, FARG_turnRight_pwmLeft+1
0x031A	0xDF39      	RCALL       _turnRight
;Robo2.c,83 :: 		}
0x031C	0xD024      	BRA         L_lineFollowNormal29
L_lineFollowNormal28:
;Robo2.c,84 :: 		else if( Sensor4==0 && Sensor5==0 ){
0x031E	0xBA83      	BTFSC       PORTD, 5 
0x0320	0xD022      	BRA         L_lineFollowNormal32
0x0322	0xBC83      	BTFSC       PORTD, 6 
0x0324	0xD020      	BRA         L_lineFollowNormal32
L__lineFollowNormal77:
;Robo2.c,85 :: 		if(Sensor3 ==1){
0x0326	0xA883      	BTFSS       PORTD, 4 
0x0328	0xD006      	BRA         L_lineFollowNormal33
;Robo2.c,86 :: 		turnLeft(TEST_RPM);
0x032A	0xF0CDC0C9  	MOVFF       _TEST_RPM, FARG_turnLeft_pwmRight
0x032E	0xF0CEC0CA  	MOVFF       _TEST_RPM+1, FARG_turnLeft_pwmRight+1
0x0332	0xDF4A      	RCALL       _turnLeft
;Robo2.c,87 :: 		}
0x0334	0xD017      	BRA         L_lineFollowNormal34
L_lineFollowNormal33:
;Robo2.c,88 :: 		else if(Sensor6 ==1){
0x0336	0xAE83      	BTFSS       PORTD, 7 
0x0338	0xD006      	BRA         L_lineFollowNormal35
;Robo2.c,89 :: 		turnRight(TEST_RPM);
0x033A	0xF0CDC0C9  	MOVFF       _TEST_RPM, FARG_turnRight_pwmLeft
0x033E	0xF0CEC0CA  	MOVFF       _TEST_RPM+1, FARG_turnRight_pwmLeft+1
0x0342	0xDF25      	RCALL       _turnRight
;Robo2.c,90 :: 		}
0x0344	0xD00F      	BRA         L_lineFollowNormal36
L_lineFollowNormal35:
;Robo2.c,91 :: 		else if(Sensor2 ==1){
0x0346	0xA681      	BTFSS       PORTB, 3 
0x0348	0xD006      	BRA         L_lineFollowNormal37
;Robo2.c,92 :: 		rotateAntiClockwise(TEST_RPM);
0x034A	0xF0CDC0C9  	MOVFF       _TEST_RPM, FARG_rotateAntiClockwise_pwm
0x034E	0xF0CEC0CA  	MOVFF       _TEST_RPM+1, FARG_rotateAntiClockwise_pwm+1
0x0352	0xDF2F      	RCALL       _rotateAntiClockwise
;Robo2.c,93 :: 		}
0x0354	0xD007      	BRA         L_lineFollowNormal38
L_lineFollowNormal37:
;Robo2.c,94 :: 		else if(Sensor7 ==1){
0x0356	0xA481      	BTFSS       PORTB, 2 
0x0358	0xD005      	BRA         L_lineFollowNormal39
;Robo2.c,95 :: 		rotateClockwise(TEST_RPM);
0x035A	0xF0CDC0C9  	MOVFF       _TEST_RPM, FARG_rotateClockwise_pwm
0x035E	0xF0CEC0CA  	MOVFF       _TEST_RPM+1, FARG_rotateClockwise_pwm+1
0x0362	0xDF39      	RCALL       _rotateClockwise
;Robo2.c,96 :: 		}
L_lineFollowNormal39:
L_lineFollowNormal38:
L_lineFollowNormal36:
L_lineFollowNormal34:
;Robo2.c,98 :: 		stop();
0x0364	0xDF93      	RCALL       _stop
;Robo2.c,99 :: 		}
L_lineFollowNormal32:
L_lineFollowNormal29:
L_lineFollowNormal25:
L_lineFollowNormal21:
L_lineFollowNormal17:
L_lineFollowNormal13:
;Robo2.c,101 :: 		}
0x0366	0xD79D      	BRA         L_lineFollowNormal8
;Robo2.c,102 :: 		}
0x0368	0x0012      	RETURN      0
; end of _lineFollowNormal
___CC2DW:
;__Lib_System.c,21 :: 		
;__Lib_System.c,23 :: 		
_CC2DL_Loop1:
;__Lib_System.c,24 :: 		
0x036A	0x0009      	TBLRD*+
;__Lib_System.c,25 :: 		
0x036C	0xFFE6CFF5  	MOVFF       TABLAT, POSTINC1
;__Lib_System.c,26 :: 		
0x0370	0x0600      	DECF        R0, 1, 0
;__Lib_System.c,27 :: 		
0x0372	0xE1FB      	BNZ         _CC2DL_Loop1
;__Lib_System.c,28 :: 		
0x0374	0x0601      	DECF        R1, 1, 0
;__Lib_System.c,29 :: 		
0x0376	0xE1F9      	BNZ         _CC2DL_Loop1
;__Lib_System.c,31 :: 		
0x0378	0x0012      	RETURN      0
; end of ___CC2DW
_configure:
;configuration.h,1 :: 		void configure(){
;configuration.h,4 :: 		TRISA = 0b11111111;
0x037A	0x0EFF      	MOVLW       255
0x037C	0x6E92      	MOVWF       TRISA 
;configuration.h,5 :: 		TRISB = 0b11111111;
0x037E	0x0EFF      	MOVLW       255
0x0380	0x6E93      	MOVWF       TRISB 
;configuration.h,6 :: 		TRISC = 0b00000000;
0x0382	0x6A94      	CLRF        TRISC 
;configuration.h,7 :: 		TRISD = 0b11110000;
0x0384	0x0EF0      	MOVLW       240
0x0386	0x6E95      	MOVWF       TRISD 
;configuration.h,10 :: 		PORTA = 0;
0x0388	0x6A80      	CLRF        PORTA 
;configuration.h,11 :: 		PORTB = 0;
0x038A	0x6A81      	CLRF        PORTB 
;configuration.h,12 :: 		PORTC = 0;
0x038C	0x6A82      	CLRF        PORTC 
;configuration.h,13 :: 		PORTD = 0;
0x038E	0x6A83      	CLRF        PORTD 
;configuration.h,16 :: 		PWM1_Init(5000);
0x0390	0x80CA      	BSF         T2CON, 0, 0
0x0392	0x92CA      	BCF         T2CON, 1, 0
0x0394	0x0EF9      	MOVLW       249
0x0396	0x6ECB      	MOVWF       PR2, 0
0x0398	0xDF7C      	RCALL       _PWM1_Init
;configuration.h,17 :: 		PWM2_Init(5000);
0x039A	0x80CA      	BSF         T2CON, 0, 0
0x039C	0x92CA      	BCF         T2CON, 1, 0
0x039E	0x0EF9      	MOVLW       249
0x03A0	0x6ECB      	MOVWF       PR2, 0
0x03A2	0xDF7B      	RCALL       _PWM2_Init
;configuration.h,18 :: 		PWM1_Start();
0x03A4	0xDF54      	RCALL       _PWM1_Start
;configuration.h,19 :: 		PWM2_Start();
0x03A6	0xDF22      	RCALL       _PWM2_Start
;configuration.h,20 :: 		UART1_Init(9600);
0x03A8	0x0E81      	MOVLW       129
0x03AA	0x6EAF      	MOVWF       SPBRG 
0x03AC	0x84AC      	BSF         TXSTA, 2, 0
0x03AE	0xDF23      	RCALL       _UART1_Init
;configuration.h,28 :: 		ADCON0 = 0b11000001;
0x03B0	0x0EC1      	MOVLW       193
0x03B2	0x6EC2      	MOVWF       ADCON0 
;configuration.h,29 :: 		ADCON1 = 0b00000000;
0x03B4	0x6AC1      	CLRF        ADCON1 
;configuration.h,35 :: 		}
0x03B6	0x0012      	RETURN      0
; end of _configure
_setPID:
;Robo2.c,49 :: 		void setPID(){
;Robo2.c,50 :: 		MIN_RPM = 155;       //185
0x03B8	0x0E9B      	MOVLW       155
0x03BA	0x0100      	MOVLB       0
0x03BC	0x6FCB      	MOVWF       _MIN_RPM, 1
0x03BE	0x0E00      	MOVLW       0
0x03C0	0x6FCC      	MOVWF       _MIN_RPM+1, 1
;Robo2.c,51 :: 		MID_RPM = 210;
0x03C2	0x0ED2      	MOVLW       210
0x03C4	0x6FC7      	MOVWF       _MID_RPM, 1
0x03C6	0x0E00      	MOVLW       0
0x03C8	0x6FC8      	MOVWF       _MID_RPM+1, 1
;Robo2.c,52 :: 		MAX_RPM = 255;
0x03CA	0x0EFF      	MOVLW       255
0x03CC	0x6FC1      	MOVWF       _MAX_RPM, 1
0x03CE	0x0E00      	MOVLW       0
0x03D0	0x6FC2      	MOVWF       _MAX_RPM+1, 1
;Robo2.c,53 :: 		TEST_RPM = 200;
0x03D2	0x0EC8      	MOVLW       200
0x03D4	0x6FC9      	MOVWF       _TEST_RPM, 1
0x03D6	0x0E00      	MOVLW       0
0x03D8	0x6FCA      	MOVWF       _TEST_RPM+1, 1
;Robo2.c,55 :: 		Kp = 10;
0x03DA	0x0E00      	MOVLW       0
0x03DC	0x6FBD      	MOVWF       _Kp, 1
0x03DE	0x0E00      	MOVLW       0
0x03E0	0x6FBE      	MOVWF       _Kp+1, 1
0x03E2	0x0E20      	MOVLW       32
0x03E4	0x6FBF      	MOVWF       _Kp+2, 1
0x03E6	0x0E82      	MOVLW       130
0x03E8	0x6FC0      	MOVWF       _Kp+3, 1
;Robo2.c,56 :: 		Kd = 0;
0x03EA	0x6BC3      	CLRF        _Kd, 1
0x03EC	0x6BC4      	CLRF        _Kd+1, 1
0x03EE	0x6BC5      	CLRF        _Kd+2, 1
0x03F0	0x6BC6      	CLRF        _Kd+3, 1
;Robo2.c,58 :: 		Pwm1_Set_Duty(MID_RPM);
0x03F2	0x0ED2      	MOVLW       210
0x03F4	0x6FD3      	MOVWF       FARG_PWM1_Set_Duty_new_duty, 1
0x03F6	0xDE70      	RCALL       _PWM1_Set_Duty
;Robo2.c,59 :: 		Pwm2_Set_Duty(MID_RPM);
0x03F8	0xF0D3C0C7  	MOVFF       _MID_RPM, FARG_PWM2_Set_Duty_new_duty
0x03FC	0xDE37      	RCALL       _PWM2_Set_Duty
;Robo2.c,60 :: 		}
0x03FE	0x0012      	RETURN      0
; end of _setPID
_UART1_Read:
;__Lib_UART_c67.c,39 :: 		
;__Lib_UART_c67.c,42 :: 		
0x0400	0xF001CFAE  	MOVFF       RCREG, R1
;__Lib_UART_c67.c,43 :: 		
0x0404	0xA2AB      	BTFSS       RCSTA, 1 
0x0406	0xD002      	BRA         L_UART1_Read2
;__Lib_UART_c67.c,44 :: 		
0x0408	0x98AB      	BCF         RCSTA, 4 
;__Lib_UART_c67.c,45 :: 		
0x040A	0x88AB      	BSF         RCSTA, 4 
;__Lib_UART_c67.c,46 :: 		
L_UART1_Read2:
;__Lib_UART_c67.c,47 :: 		
0x040C	0xF000C001  	MOVFF       R1, R0
;__Lib_UART_c67.c,48 :: 		
0x0410	0x0012      	RETURN      0
; end of _UART1_Read
_sendSensorStatus:
;Robo2.c,110 :: 		void sendSensorStatus(){
;Robo2.c,111 :: 		if( Sensor1 == 1){
0x0412	0xA881      	BTFSS       PORTB, 4 
0x0414	0xD00A      	BRA         L_sendSensorStatus40
;Robo2.c,112 :: 		debugText = "1";
0x0416	0x0E23      	MOVLW       ?lstr6_Robo2
0x0418	0x6E3C      	MOVWF       _debugText 
0x041A	0x0E00      	MOVLW       hi_addr(?lstr6_Robo2)
0x041C	0x6E3D      	MOVWF       _debugText+1 
;Robo2.c,113 :: 		UART1_Write_Text(debugText);
0x041E	0xF0CDC03C  	MOVFF       _debugText, FARG_UART1_Write_Text_uart_text
0x0422	0xF0CEC03D  	MOVFF       _debugText+1, FARG_UART1_Write_Text_uart_text+1
0x0426	0xDF18      	RCALL       _UART1_Write_Text
;Robo2.c,114 :: 		}
0x0428	0xD00B      	BRA         L_sendSensorStatus41
L_sendSensorStatus40:
;Robo2.c,115 :: 		else if( Sensor1 == 0){
0x042A	0xB881      	BTFSC       PORTB, 4 
0x042C	0xD009      	BRA         L_sendSensorStatus42
;Robo2.c,116 :: 		debugText = "0";
0x042E	0x0E19      	MOVLW       ?lstr7_Robo2
0x0430	0x6E3C      	MOVWF       _debugText 
0x0432	0x0E00      	MOVLW       hi_addr(?lstr7_Robo2)
0x0434	0x6E3D      	MOVWF       _debugText+1 
;Robo2.c,117 :: 		UART1_Write_Text(debugText);
0x0436	0xF0CDC03C  	MOVFF       _debugText, FARG_UART1_Write_Text_uart_text
0x043A	0xF0CEC03D  	MOVFF       _debugText+1, FARG_UART1_Write_Text_uart_text+1
0x043E	0xDF0C      	RCALL       _UART1_Write_Text
;Robo2.c,118 :: 		}
L_sendSensorStatus42:
L_sendSensorStatus41:
;Robo2.c,120 :: 		if( Sensor2 == 1){
0x0440	0xA681      	BTFSS       PORTB, 3 
0x0442	0xD00A      	BRA         L_sendSensorStatus43
;Robo2.c,121 :: 		debugText = "1";
0x0444	0x0E17      	MOVLW       ?lstr8_Robo2
0x0446	0x6E3C      	MOVWF       _debugText 
0x0448	0x0E00      	MOVLW       hi_addr(?lstr8_Robo2)
0x044A	0x6E3D      	MOVWF       _debugText+1 
;Robo2.c,122 :: 		UART1_Write_Text(debugText);
0x044C	0xF0CDC03C  	MOVFF       _debugText, FARG_UART1_Write_Text_uart_text
0x0450	0xF0CEC03D  	MOVFF       _debugText+1, FARG_UART1_Write_Text_uart_text+1
0x0454	0xDF01      	RCALL       _UART1_Write_Text
;Robo2.c,123 :: 		}
0x0456	0xD00B      	BRA         L_sendSensorStatus44
L_sendSensorStatus43:
;Robo2.c,124 :: 		else if( Sensor2 == 0){
0x0458	0xB681      	BTFSC       PORTB, 3 
0x045A	0xD009      	BRA         L_sendSensorStatus45
;Robo2.c,125 :: 		debugText = "0";
0x045C	0x0E15      	MOVLW       ?lstr9_Robo2
0x045E	0x6E3C      	MOVWF       _debugText 
0x0460	0x0E00      	MOVLW       hi_addr(?lstr9_Robo2)
0x0462	0x6E3D      	MOVWF       _debugText+1 
;Robo2.c,126 :: 		UART1_Write_Text(debugText);
0x0464	0xF0CDC03C  	MOVFF       _debugText, FARG_UART1_Write_Text_uart_text
0x0468	0xF0CEC03D  	MOVFF       _debugText+1, FARG_UART1_Write_Text_uart_text+1
0x046C	0xDEF5      	RCALL       _UART1_Write_Text
;Robo2.c,127 :: 		}
L_sendSensorStatus45:
L_sendSensorStatus44:
;Robo2.c,129 :: 		if( Sensor3 == 1){
0x046E	0xA883      	BTFSS       PORTD, 4 
0x0470	0xD00A      	BRA         L_sendSensorStatus46
;Robo2.c,130 :: 		debugText = "1";
0x0472	0x0E1B      	MOVLW       ?lstr10_Robo2
0x0474	0x6E3C      	MOVWF       _debugText 
0x0476	0x0E00      	MOVLW       hi_addr(?lstr10_Robo2)
0x0478	0x6E3D      	MOVWF       _debugText+1 
;Robo2.c,131 :: 		UART1_Write_Text(debugText);
0x047A	0xF0CDC03C  	MOVFF       _debugText, FARG_UART1_Write_Text_uart_text
0x047E	0xF0CEC03D  	MOVFF       _debugText+1, FARG_UART1_Write_Text_uart_text+1
0x0482	0xDEEA      	RCALL       _UART1_Write_Text
;Robo2.c,132 :: 		}
0x0484	0xD00B      	BRA         L_sendSensorStatus47
L_sendSensorStatus46:
;Robo2.c,133 :: 		else if( Sensor3 == 0){
0x0486	0xB883      	BTFSC       PORTD, 4 
0x0488	0xD009      	BRA         L_sendSensorStatus48
;Robo2.c,134 :: 		debugText = "0";
0x048A	0x0E21      	MOVLW       ?lstr11_Robo2
0x048C	0x6E3C      	MOVWF       _debugText 
0x048E	0x0E00      	MOVLW       hi_addr(?lstr11_Robo2)
0x0490	0x6E3D      	MOVWF       _debugText+1 
;Robo2.c,135 :: 		UART1_Write_Text(debugText);
0x0492	0xF0CDC03C  	MOVFF       _debugText, FARG_UART1_Write_Text_uart_text
0x0496	0xF0CEC03D  	MOVFF       _debugText+1, FARG_UART1_Write_Text_uart_text+1
0x049A	0xDEDE      	RCALL       _UART1_Write_Text
;Robo2.c,136 :: 		}
L_sendSensorStatus48:
L_sendSensorStatus47:
;Robo2.c,138 :: 		if( Sensor4 == 1){
0x049C	0xAA83      	BTFSS       PORTD, 5 
0x049E	0xD00A      	BRA         L_sendSensorStatus49
;Robo2.c,139 :: 		debugText = "1";
0x04A0	0x0E1F      	MOVLW       ?lstr12_Robo2
0x04A2	0x6E3C      	MOVWF       _debugText 
0x04A4	0x0E00      	MOVLW       hi_addr(?lstr12_Robo2)
0x04A6	0x6E3D      	MOVWF       _debugText+1 
;Robo2.c,140 :: 		UART1_Write_Text(debugText);
0x04A8	0xF0CDC03C  	MOVFF       _debugText, FARG_UART1_Write_Text_uart_text
0x04AC	0xF0CEC03D  	MOVFF       _debugText+1, FARG_UART1_Write_Text_uart_text+1
0x04B0	0xDED3      	RCALL       _UART1_Write_Text
;Robo2.c,141 :: 		}
0x04B2	0xD00B      	BRA         L_sendSensorStatus50
L_sendSensorStatus49:
;Robo2.c,142 :: 		else if( Sensor4 == 0){
0x04B4	0xBA83      	BTFSC       PORTD, 5 
0x04B6	0xD009      	BRA         L_sendSensorStatus51
;Robo2.c,143 :: 		debugText = "0";
0x04B8	0x0E1D      	MOVLW       ?lstr13_Robo2
0x04BA	0x6E3C      	MOVWF       _debugText 
0x04BC	0x0E00      	MOVLW       hi_addr(?lstr13_Robo2)
0x04BE	0x6E3D      	MOVWF       _debugText+1 
;Robo2.c,144 :: 		UART1_Write_Text(debugText);
0x04C0	0xF0CDC03C  	MOVFF       _debugText, FARG_UART1_Write_Text_uart_text
0x04C4	0xF0CEC03D  	MOVFF       _debugText+1, FARG_UART1_Write_Text_uart_text+1
0x04C8	0xDEC7      	RCALL       _UART1_Write_Text
;Robo2.c,145 :: 		}
L_sendSensorStatus51:
L_sendSensorStatus50:
;Robo2.c,147 :: 		if( Sensor5 == 1){
0x04CA	0xAC83      	BTFSS       PORTD, 6 
0x04CC	0xD00A      	BRA         L_sendSensorStatus52
;Robo2.c,148 :: 		debugText = "1";
0x04CE	0x0E67      	MOVLW       ?lstr14_Robo2
0x04D0	0x6E3C      	MOVWF       _debugText 
0x04D2	0x0E00      	MOVLW       hi_addr(?lstr14_Robo2)
0x04D4	0x6E3D      	MOVWF       _debugText+1 
;Robo2.c,149 :: 		UART1_Write_Text(debugText);
0x04D6	0xF0CDC03C  	MOVFF       _debugText, FARG_UART1_Write_Text_uart_text
0x04DA	0xF0CEC03D  	MOVFF       _debugText+1, FARG_UART1_Write_Text_uart_text+1
0x04DE	0xDEBC      	RCALL       _UART1_Write_Text
;Robo2.c,150 :: 		}
0x04E0	0xD00B      	BRA         L_sendSensorStatus53
L_sendSensorStatus52:
;Robo2.c,151 :: 		else if( Sensor5 == 0){
0x04E2	0xBC83      	BTFSC       PORTD, 6 
0x04E4	0xD009      	BRA         L_sendSensorStatus54
;Robo2.c,152 :: 		debugText = "0";
0x04E6	0x0E7B      	MOVLW       ?lstr15_Robo2
0x04E8	0x6E3C      	MOVWF       _debugText 
0x04EA	0x0E00      	MOVLW       hi_addr(?lstr15_Robo2)
0x04EC	0x6E3D      	MOVWF       _debugText+1 
;Robo2.c,153 :: 		UART1_Write_Text(debugText);
0x04EE	0xF0CDC03C  	MOVFF       _debugText, FARG_UART1_Write_Text_uart_text
0x04F2	0xF0CEC03D  	MOVFF       _debugText+1, FARG_UART1_Write_Text_uart_text+1
0x04F6	0xDEB0      	RCALL       _UART1_Write_Text
;Robo2.c,154 :: 		}
L_sendSensorStatus54:
L_sendSensorStatus53:
;Robo2.c,156 :: 		if( Sensor6 == 1){
0x04F8	0xAE83      	BTFSS       PORTD, 7 
0x04FA	0xD00A      	BRA         L_sendSensorStatus55
;Robo2.c,157 :: 		debugText = "1";
0x04FC	0x0E79      	MOVLW       ?lstr16_Robo2
0x04FE	0x6E3C      	MOVWF       _debugText 
0x0500	0x0E00      	MOVLW       hi_addr(?lstr16_Robo2)
0x0502	0x6E3D      	MOVWF       _debugText+1 
;Robo2.c,158 :: 		UART1_Write_Text(debugText);
0x0504	0xF0CDC03C  	MOVFF       _debugText, FARG_UART1_Write_Text_uart_text
0x0508	0xF0CEC03D  	MOVFF       _debugText+1, FARG_UART1_Write_Text_uart_text+1
0x050C	0xDEA5      	RCALL       _UART1_Write_Text
;Robo2.c,159 :: 		}
0x050E	0xD00B      	BRA         L_sendSensorStatus56
L_sendSensorStatus55:
;Robo2.c,160 :: 		else if( Sensor6 == 0){
0x0510	0xBE83      	BTFSC       PORTD, 7 
0x0512	0xD009      	BRA         L_sendSensorStatus57
;Robo2.c,161 :: 		debugText = "0";
0x0514	0x0E77      	MOVLW       ?lstr17_Robo2
0x0516	0x6E3C      	MOVWF       _debugText 
0x0518	0x0E00      	MOVLW       hi_addr(?lstr17_Robo2)
0x051A	0x6E3D      	MOVWF       _debugText+1 
;Robo2.c,162 :: 		UART1_Write_Text(debugText);
0x051C	0xF0CDC03C  	MOVFF       _debugText, FARG_UART1_Write_Text_uart_text
0x0520	0xF0CEC03D  	MOVFF       _debugText+1, FARG_UART1_Write_Text_uart_text+1
0x0524	0xDE99      	RCALL       _UART1_Write_Text
;Robo2.c,163 :: 		}
L_sendSensorStatus57:
L_sendSensorStatus56:
;Robo2.c,165 :: 		if( Sensor7 == 1){
0x0526	0xA481      	BTFSS       PORTB, 2 
0x0528	0xD00A      	BRA         L_sendSensorStatus58
;Robo2.c,166 :: 		debugText = "1";
0x052A	0x0E7D      	MOVLW       ?lstr18_Robo2
0x052C	0x6E3C      	MOVWF       _debugText 
0x052E	0x0E00      	MOVLW       hi_addr(?lstr18_Robo2)
0x0530	0x6E3D      	MOVWF       _debugText+1 
;Robo2.c,167 :: 		UART1_Write_Text(debugText);
0x0532	0xF0CDC03C  	MOVFF       _debugText, FARG_UART1_Write_Text_uart_text
0x0536	0xF0CEC03D  	MOVFF       _debugText+1, FARG_UART1_Write_Text_uart_text+1
0x053A	0xDE8E      	RCALL       _UART1_Write_Text
;Robo2.c,168 :: 		}
0x053C	0xD00B      	BRA         L_sendSensorStatus59
L_sendSensorStatus58:
;Robo2.c,169 :: 		else if( Sensor7 == 0){
0x053E	0xB481      	BTFSC       PORTB, 2 
0x0540	0xD009      	BRA         L_sendSensorStatus60
;Robo2.c,170 :: 		debugText = "0";
0x0542	0x0E83      	MOVLW       ?lstr19_Robo2
0x0544	0x6E3C      	MOVWF       _debugText 
0x0546	0x0E00      	MOVLW       hi_addr(?lstr19_Robo2)
0x0548	0x6E3D      	MOVWF       _debugText+1 
;Robo2.c,171 :: 		UART1_Write_Text(debugText);
0x054A	0xF0CDC03C  	MOVFF       _debugText, FARG_UART1_Write_Text_uart_text
0x054E	0xF0CEC03D  	MOVFF       _debugText+1, FARG_UART1_Write_Text_uart_text+1
0x0552	0xDE82      	RCALL       _UART1_Write_Text
;Robo2.c,172 :: 		}
L_sendSensorStatus60:
L_sendSensorStatus59:
;Robo2.c,174 :: 		if( Sensor8 == 1){
0x0554	0xAC81      	BTFSS       PORTB, 6 
0x0556	0xD00A      	BRA         L_sendSensorStatus61
;Robo2.c,175 :: 		debugText = "1";
0x0558	0x0E81      	MOVLW       ?lstr20_Robo2
0x055A	0x6E3C      	MOVWF       _debugText 
0x055C	0x0E00      	MOVLW       hi_addr(?lstr20_Robo2)
0x055E	0x6E3D      	MOVWF       _debugText+1 
;Robo2.c,176 :: 		UART1_Write_Text(debugText);
0x0560	0xF0CDC03C  	MOVFF       _debugText, FARG_UART1_Write_Text_uart_text
0x0564	0xF0CEC03D  	MOVFF       _debugText+1, FARG_UART1_Write_Text_uart_text+1
0x0568	0xDE77      	RCALL       _UART1_Write_Text
;Robo2.c,177 :: 		}
0x056A	0xD00B      	BRA         L_sendSensorStatus62
L_sendSensorStatus61:
;Robo2.c,178 :: 		else if( Sensor8 == 0){
0x056C	0xBC81      	BTFSC       PORTB, 6 
0x056E	0xD009      	BRA         L_sendSensorStatus63
;Robo2.c,179 :: 		debugText = "0";
0x0570	0x0E7F      	MOVLW       ?lstr21_Robo2
0x0572	0x6E3C      	MOVWF       _debugText 
0x0574	0x0E00      	MOVLW       hi_addr(?lstr21_Robo2)
0x0576	0x6E3D      	MOVWF       _debugText+1 
;Robo2.c,180 :: 		UART1_Write_Text(debugText);
0x0578	0xF0CDC03C  	MOVFF       _debugText, FARG_UART1_Write_Text_uart_text
0x057C	0xF0CEC03D  	MOVFF       _debugText+1, FARG_UART1_Write_Text_uart_text+1
0x0580	0xDE6B      	RCALL       _UART1_Write_Text
;Robo2.c,181 :: 		}
L_sendSensorStatus63:
L_sendSensorStatus62:
;Robo2.c,183 :: 		if( Sensor9 == 1){
0x0582	0xAE81      	BTFSS       PORTB, 7 
0x0584	0xD00A      	BRA         L_sendSensorStatus64
;Robo2.c,184 :: 		debugText = "1";
0x0586	0x0E75      	MOVLW       ?lstr22_Robo2
0x0588	0x6E3C      	MOVWF       _debugText 
0x058A	0x0E00      	MOVLW       hi_addr(?lstr22_Robo2)
0x058C	0x6E3D      	MOVWF       _debugText+1 
;Robo2.c,185 :: 		UART1_Write_Text(debugText);
0x058E	0xF0CDC03C  	MOVFF       _debugText, FARG_UART1_Write_Text_uart_text
0x0592	0xF0CEC03D  	MOVFF       _debugText+1, FARG_UART1_Write_Text_uart_text+1
0x0596	0xDE60      	RCALL       _UART1_Write_Text
;Robo2.c,186 :: 		}
0x0598	0xD00B      	BRA         L_sendSensorStatus65
L_sendSensorStatus64:
;Robo2.c,187 :: 		else if( Sensor9 == 0){
0x059A	0xBE81      	BTFSC       PORTB, 7 
0x059C	0xD009      	BRA         L_sendSensorStatus66
;Robo2.c,188 :: 		debugText = "0";
0x059E	0x0E73      	MOVLW       ?lstr23_Robo2
0x05A0	0x6E3C      	MOVWF       _debugText 
0x05A2	0x0E00      	MOVLW       hi_addr(?lstr23_Robo2)
0x05A4	0x6E3D      	MOVWF       _debugText+1 
;Robo2.c,189 :: 		UART1_Write_Text(debugText);
0x05A6	0xF0CDC03C  	MOVFF       _debugText, FARG_UART1_Write_Text_uart_text
0x05AA	0xF0CEC03D  	MOVFF       _debugText+1, FARG_UART1_Write_Text_uart_text+1
0x05AE	0xDE54      	RCALL       _UART1_Write_Text
;Robo2.c,190 :: 		}
L_sendSensorStatus66:
L_sendSensorStatus65:
;Robo2.c,192 :: 		if( Scout == 1){
0x05B0	0xAA81      	BTFSS       PORTB, 5 
0x05B2	0xD00A      	BRA         L_sendSensorStatus67
;Robo2.c,193 :: 		debugText = " 1; ";
0x05B4	0x0E6E      	MOVLW       ?lstr24_Robo2
0x05B6	0x6E3C      	MOVWF       _debugText 
0x05B8	0x0E00      	MOVLW       hi_addr(?lstr24_Robo2)
0x05BA	0x6E3D      	MOVWF       _debugText+1 
;Robo2.c,194 :: 		UART1_Write_Text(debugText);
0x05BC	0xF0CDC03C  	MOVFF       _debugText, FARG_UART1_Write_Text_uart_text
0x05C0	0xF0CEC03D  	MOVFF       _debugText+1, FARG_UART1_Write_Text_uart_text+1
0x05C4	0xDE49      	RCALL       _UART1_Write_Text
;Robo2.c,195 :: 		}
0x05C6	0xD00B      	BRA         L_sendSensorStatus68
L_sendSensorStatus67:
;Robo2.c,196 :: 		else if( Scout == 0){
0x05C8	0xBA81      	BTFSC       PORTB, 5 
0x05CA	0xD009      	BRA         L_sendSensorStatus69
;Robo2.c,197 :: 		debugText = " 0; ";
0x05CC	0x0E69      	MOVLW       ?lstr25_Robo2
0x05CE	0x6E3C      	MOVWF       _debugText 
0x05D0	0x0E00      	MOVLW       hi_addr(?lstr25_Robo2)
0x05D2	0x6E3D      	MOVWF       _debugText+1 
;Robo2.c,198 :: 		UART1_Write_Text(debugText);
0x05D4	0xF0CDC03C  	MOVFF       _debugText, FARG_UART1_Write_Text_uart_text
0x05D8	0xF0CEC03D  	MOVFF       _debugText+1, FARG_UART1_Write_Text_uart_text+1
0x05DC	0xDE3D      	RCALL       _UART1_Write_Text
;Robo2.c,199 :: 		}
L_sendSensorStatus69:
L_sendSensorStatus68:
;Robo2.c,200 :: 		}
0x05DE	0x0012      	RETURN      0
; end of _sendSensorStatus
_main:
0x05E0	0xF003EC8D  	CALL        1818, 0
;Robo2.c,21 :: 		void main() {
;Robo2.c,22 :: 		configure();
0x05E4	0xDECA      	RCALL       _configure
;Robo2.c,24 :: 		UART1_Write_Text(ConnectionEstablished);
0x05E6	0xF0CDC03E  	MOVFF       _ConnectionEstablished, FARG_UART1_Write_Text_uart_text
0x05EA	0xF0CEC03F  	MOVFF       _ConnectionEstablished+1, FARG_UART1_Write_Text_uart_text+1
0x05EE	0xDE34      	RCALL       _UART1_Write_Text
;Robo2.c,25 :: 		setPID();
0x05F0	0xDEE3      	RCALL       _setPID
;Robo2.c,31 :: 		debugText = "          Starting..  ";
0x05F2	0x0E25      	MOVLW       ?lstr3_Robo2
0x05F4	0x6E3C      	MOVWF       _debugText 
0x05F6	0x0E00      	MOVLW       hi_addr(?lstr3_Robo2)
0x05F8	0x6E3D      	MOVWF       _debugText+1 
;Robo2.c,32 :: 		UART1_Write_Text(debugText);
0x05FA	0xF0CDC03C  	MOVFF       _debugText, FARG_UART1_Write_Text_uart_text
0x05FE	0xF0CEC03D  	MOVFF       _debugText+1, FARG_UART1_Write_Text_uart_text+1
0x0602	0xDE2A      	RCALL       _UART1_Write_Text
;Robo2.c,34 :: 		delay_ms(1000);
0x0604	0x0E1A      	MOVLW       26
0x0606	0x6E0B      	MOVWF       R11, 0
0x0608	0x0E5E      	MOVLW       94
0x060A	0x6E0C      	MOVWF       R12, 0
0x060C	0x0E6E      	MOVLW       110
0x060E	0x6E0D      	MOVWF       R13, 0
L_main3:
0x0610	0x2E0D      	DECFSZ      R13, 1, 0
0x0612	0xD7FE      	BRA         L_main3
0x0614	0x2E0C      	DECFSZ      R12, 1, 0
0x0616	0xD7FC      	BRA         L_main3
0x0618	0x2E0B      	DECFSZ      R11, 1, 0
0x061A	0xD7FA      	BRA         L_main3
0x061C	0x0000      	NOP
;Robo2.c,35 :: 		debugText = "Test Sensors   ";
0x061E	0x0E40      	MOVLW       ?lstr4_Robo2
0x0620	0x6E3C      	MOVWF       _debugText 
0x0622	0x0E00      	MOVLW       hi_addr(?lstr4_Robo2)
0x0624	0x6E3D      	MOVWF       _debugText+1 
;Robo2.c,36 :: 		UART1_Write_Text(debugText);
0x0626	0xF0CDC03C  	MOVFF       _debugText, FARG_UART1_Write_Text_uart_text
0x062A	0xF0CEC03D  	MOVFF       _debugText+1, FARG_UART1_Write_Text_uart_text+1
0x062E	0xDE14      	RCALL       _UART1_Write_Text
;Robo2.c,38 :: 		for(count=0; count<2; count++){
0x0630	0x6BAB      	CLRF        _count, 1
0x0632	0x6BAC      	CLRF        _count+1, 1
L_main4:
0x0634	0x0E80      	MOVLW       128
0x0636	0x19AC      	XORWF       _count+1, 0, 1
0x0638	0x6E00      	MOVWF       R0 
0x063A	0x0E80      	MOVLW       128
0x063C	0x5C00      	SUBWF       R0, 0 
0x063E	0xE102      	BNZ         L__main83
0x0640	0x0E02      	MOVLW       2
0x0642	0x5DAB      	SUBWF       _count, 0, 1
L__main83:
0x0644	0xE214      	BC          L_main5
;Robo2.c,39 :: 		receiveCommand = UART1_Read();
0x0646	0xDEDC      	RCALL       _UART1_Read
0x0648	0xF0AAC000  	MOVFF       R0, _receiveCommand
;Robo2.c,40 :: 		sendSensorStatus();
0x064C	0xDEE2      	RCALL       _sendSensorStatus
;Robo2.c,41 :: 		delay_ms(1000);
0x064E	0x0E1A      	MOVLW       26
0x0650	0x6E0B      	MOVWF       R11, 0
0x0652	0x0E5E      	MOVLW       94
0x0654	0x6E0C      	MOVWF       R12, 0
0x0656	0x0E6E      	MOVLW       110
0x0658	0x6E0D      	MOVWF       R13, 0
L_main7:
0x065A	0x2E0D      	DECFSZ      R13, 1, 0
0x065C	0xD7FE      	BRA         L_main7
0x065E	0x2E0C      	DECFSZ      R12, 1, 0
0x0660	0xD7FC      	BRA         L_main7
0x0662	0x2E0B      	DECFSZ      R11, 1, 0
0x0664	0xD7FA      	BRA         L_main7
0x0666	0x0000      	NOP
;Robo2.c,38 :: 		for(count=0; count<2; count++){
0x0668	0x4BAB      	INFSNZ      _count, 1, 1
0x066A	0x2BAC      	INCF        _count+1, 1, 1
;Robo2.c,42 :: 		}                                                  //while( receiveCommand != 'A' && receiveCommand != 'a' );
0x066C	0xD7E3      	BRA         L_main4
L_main5:
;Robo2.c,44 :: 		debugText = "Start Line follow..   ";
0x066E	0x0E50      	MOVLW       ?lstr5_Robo2
0x0670	0x6E3C      	MOVWF       _debugText 
0x0672	0x0E00      	MOVLW       hi_addr(?lstr5_Robo2)
0x0674	0x6E3D      	MOVWF       _debugText+1 
;Robo2.c,45 :: 		UART1_Write_Text(debugText);
0x0676	0xF0CDC03C  	MOVFF       _debugText, FARG_UART1_Write_Text_uart_text
0x067A	0xF0CEC03D  	MOVFF       _debugText+1, FARG_UART1_Write_Text_uart_text+1
0x067E	0xDDEC      	RCALL       _UART1_Write_Text
;Robo2.c,46 :: 		lineFollowNormal();
0x0680	0xDE10      	RCALL       _lineFollowNormal
;Robo2.c,47 :: 		}
0x0682	0xD7FF      	BRA         $+0
; end of _main
0x071A	0xF015EE10  	LFSR        1, 21
0x071E	0x0E95      	MOVLW       149
0x0720	0x6E00      	MOVWF       R0 
0x0722	0x0E01      	MOVLW       1
0x0724	0x6E01      	MOVWF       R1 
0x0726	0x0E84      	MOVLW       132
0x0728	0x6EF6      	MOVWF       4086 
0x072A	0x0E06      	MOVLW       6
0x072C	0x6EF7      	MOVWF       TBLPTRH 
0x072E	0x0E00      	MOVLW       0
0x0730	0x6EF8      	MOVWF       TBLPTRU 
0x0732	0xF001ECB5  	CALL        874, 0
0x0736	0x0012      	RETURN      0
;Robo2.c,0 :: ?ICS?lstr9_Robo2
0x0684	0x0030 ;?ICS?lstr9_Robo2+0
; end of ?ICS?lstr9_Robo2
;Robo2.c,0 :: ?ICS?lstr8_Robo2
0x0686	0x0031 ;?ICS?lstr8_Robo2+0
; end of ?ICS?lstr8_Robo2
;Robo2.c,0 :: ?ICS?lstr7_Robo2
0x0688	0x0030 ;?ICS?lstr7_Robo2+0
; end of ?ICS?lstr7_Robo2
;Robo2.c,0 :: ?ICS?lstr10_Robo2
0x068A	0x0031 ;?ICS?lstr10_Robo2+0
; end of ?ICS?lstr10_Robo2
;Robo2.c,0 :: ?ICS?lstr13_Robo2
0x068C	0x0030 ;?ICS?lstr13_Robo2+0
; end of ?ICS?lstr13_Robo2
;Robo2.c,0 :: ?ICS?lstr12_Robo2
0x068E	0x0031 ;?ICS?lstr12_Robo2+0
; end of ?ICS?lstr12_Robo2
;Robo2.c,0 :: ?ICS?lstr11_Robo2
0x0690	0x0030 ;?ICS?lstr11_Robo2+0
; end of ?ICS?lstr11_Robo2
;Robo2.c,0 :: ?ICS?lstr6_Robo2
0x0692	0x0031 ;?ICS?lstr6_Robo2+0
; end of ?ICS?lstr6_Robo2
;Robo2.c,0 :: ?ICS?lstr3_Robo2
0x0694	0x2020 ;?ICS?lstr3_Robo2+0
0x0696	0x2020 ;?ICS?lstr3_Robo2+2
0x0698	0x2020 ;?ICS?lstr3_Robo2+4
0x069A	0x2020 ;?ICS?lstr3_Robo2+6
0x069C	0x2020 ;?ICS?lstr3_Robo2+8
0x069E	0x7453 ;?ICS?lstr3_Robo2+10
0x06A0	0x7261 ;?ICS?lstr3_Robo2+12
0x06A2	0x6974 ;?ICS?lstr3_Robo2+14
0x06A4	0x676E ;?ICS?lstr3_Robo2+16
0x06A6	0x2E2E ;?ICS?lstr3_Robo2+18
0x06A8	0x2020 ;?ICS?lstr3_Robo2+20
0x06AA	0x00 ;?ICS?lstr3_Robo2+22
; end of ?ICS?lstr3_Robo2
;Robo2.c,0 :: ?ICS_debugText
0x06AB	0x0085 ;?ICS_debugText+0
; end of ?ICS_debugText
;Robo2.c,0 :: ?ICS_ConnectionEstablished
0x06AD	0x0092 ;?ICS_ConnectionEstablished+0
; end of ?ICS_ConnectionEstablished
;Robo2.c,0 :: ?ICS?lstr4_Robo2
0x06AF	0x6554 ;?ICS?lstr4_Robo2+0
0x06B1	0x7473 ;?ICS?lstr4_Robo2+2
0x06B3	0x5320 ;?ICS?lstr4_Robo2+4
0x06B5	0x6E65 ;?ICS?lstr4_Robo2+6
0x06B7	0x6F73 ;?ICS?lstr4_Robo2+8
0x06B9	0x7372 ;?ICS?lstr4_Robo2+10
0x06BB	0x2020 ;?ICS?lstr4_Robo2+12
0x06BD	0x0020 ;?ICS?lstr4_Robo2+14
; end of ?ICS?lstr4_Robo2
;Robo2.c,0 :: ?ICS?lstr5_Robo2
0x06BF	0x7453 ;?ICS?lstr5_Robo2+0
0x06C1	0x7261 ;?ICS?lstr5_Robo2+2
0x06C3	0x2074 ;?ICS?lstr5_Robo2+4
0x06C5	0x694C ;?ICS?lstr5_Robo2+6
0x06C7	0x656E ;?ICS?lstr5_Robo2+8
0x06C9	0x6620 ;?ICS?lstr5_Robo2+10
0x06CB	0x6C6F ;?ICS?lstr5_Robo2+12
0x06CD	0x6F6C ;?ICS?lstr5_Robo2+14
0x06CF	0x2E77 ;?ICS?lstr5_Robo2+16
0x06D1	0x202E ;?ICS?lstr5_Robo2+18
0x06D3	0x2020 ;?ICS?lstr5_Robo2+20
0x06D5	0x00 ;?ICS?lstr5_Robo2+22
; end of ?ICS?lstr5_Robo2
;Robo2.c,0 :: ?ICS?lstr14_Robo2
0x06D6	0x0031 ;?ICS?lstr14_Robo2+0
; end of ?ICS?lstr14_Robo2
;Robo2.c,0 :: ?ICS?lstr25_Robo2
0x06D8	0x3020 ;?ICS?lstr25_Robo2+0
0x06DA	0x203B ;?ICS?lstr25_Robo2+2
0x06DC	0x00 ;?ICS?lstr25_Robo2+4
; end of ?ICS?lstr25_Robo2
;Robo2.c,0 :: ?ICS?lstr24_Robo2
0x06DD	0x3120 ;?ICS?lstr24_Robo2+0
0x06DF	0x203B ;?ICS?lstr24_Robo2+2
0x06E1	0x00 ;?ICS?lstr24_Robo2+4
; end of ?ICS?lstr24_Robo2
;Robo2.c,0 :: ?ICS?lstr23_Robo2
0x06E2	0x0030 ;?ICS?lstr23_Robo2+0
; end of ?ICS?lstr23_Robo2
;Robo2.c,0 :: ?ICS?lstr22_Robo2
0x06E4	0x0031 ;?ICS?lstr22_Robo2+0
; end of ?ICS?lstr22_Robo2
;Robo2.c,0 :: ?ICS?lstr17_Robo2
0x06E6	0x0030 ;?ICS?lstr17_Robo2+0
; end of ?ICS?lstr17_Robo2
;Robo2.c,0 :: ?ICS?lstr16_Robo2
0x06E8	0x0031 ;?ICS?lstr16_Robo2+0
; end of ?ICS?lstr16_Robo2
;Robo2.c,0 :: ?ICS?lstr15_Robo2
0x06EA	0x0030 ;?ICS?lstr15_Robo2+0
; end of ?ICS?lstr15_Robo2
;Robo2.c,0 :: ?ICS?lstr18_Robo2
0x06EC	0x0031 ;?ICS?lstr18_Robo2+0
; end of ?ICS?lstr18_Robo2
;Robo2.c,0 :: ?ICS?lstr21_Robo2
0x06EE	0x0030 ;?ICS?lstr21_Robo2+0
; end of ?ICS?lstr21_Robo2
;Robo2.c,0 :: ?ICS?lstr20_Robo2
0x06F0	0x0031 ;?ICS?lstr20_Robo2+0
; end of ?ICS?lstr20_Robo2
;Robo2.c,0 :: ?ICS?lstr19_Robo2
0x06F2	0x0030 ;?ICS?lstr19_Robo2+0
; end of ?ICS?lstr19_Robo2
;Robo2.c,0 :: ?ICS?lstr2_Robo2
0x06F4	0x6F6D ;?ICS?lstr2_Robo2+0
0x06F6	0x6576 ;?ICS?lstr2_Robo2+2
0x06F8	0x6620 ;?ICS?lstr2_Robo2+4
0x06FA	0x726F ;?ICS?lstr2_Robo2+6
0x06FC	0x6177 ;?ICS?lstr2_Robo2+8
0x06FE	0x6472 ;?ICS?lstr2_Robo2+10
0x0700	0x00 ;?ICS?lstr2_Robo2+12
; end of ?ICS?lstr2_Robo2
;Robo2.c,0 :: ?ICS?lstr1_Robo2
0x0701	0x6F43 ;?ICS?lstr1_Robo2+0
0x0703	0x6E6E ;?ICS?lstr1_Robo2+2
0x0705	0x6365 ;?ICS?lstr1_Robo2+4
0x0707	0x6974 ;?ICS?lstr1_Robo2+6
0x0709	0x6E6F ;?ICS?lstr1_Robo2+8
0x070B	0x4520 ;?ICS?lstr1_Robo2+10
0x070D	0x7473 ;?ICS?lstr1_Robo2+12
0x070F	0x6261 ;?ICS?lstr1_Robo2+14
0x0711	0x696C ;?ICS?lstr1_Robo2+16
0x0713	0x6873 ;?ICS?lstr1_Robo2+18
0x0715	0x6465 ;?ICS?lstr1_Robo2+20
0x0717	0x0021 ;?ICS?lstr1_Robo2+22
; end of ?ICS?lstr1_Robo2
Symbol List:
//** Routines locations **
//ADDRESS    SIZE    PROCEDURE
//----------------------------------------------
0x001C      [80]    _Mul_16x16_U
0x006C     [108]    _PWM2_Set_Duty
0x00D8     [108]    _PWM1_Set_Duty
0x0144       [6]    _motorLeft_stop
0x014A      [12]    _motorRight_foward
0x0156       [6]    _motorRight_stop
0x015C      [14]    _UART1_Write
0x016A      [12]    _motorRight_reverse
0x0176      [12]    _motorLeft_foward
0x0182      [12]    _motorLeft_reverse
0x018E      [14]    _turnRight
0x019C      [22]    _moveForward
0x01B2      [22]    _rotateAntiClockwise
0x01C8      [14]    _turnLeft
0x01D6      [22]    _rotateClockwise
0x01EC      [10]    _PWM2_Start
0x01F6      [88]    _UART1_Init
0x024E      [10]    _PWM1_Start
0x0258      [52]    _UART1_Write_Text
0x028C       [6]    _stop
0x0292       [8]    _PWM1_Init
0x029A       [8]    _PWM2_Init
0x02A2     [200]    _lineFollowNormal
0x036A      [16]    ___CC2DW
0x037A      [62]    _configure
0x03B8      [72]    _setPID
0x0400      [18]    _UART1_Read
0x0412     [462]    _sendSensorStatus
0x05E0     [164]    _main
//** Variables locations ** 
//ADDRESS    SIZE    VARIABLE
//----------------------------------------------
0x0000       [1]    __Lib_SoftI2C_PutZerosToLATSda_temp_sda_L0
0x0000       [1]    EEPROM_Write_SaveINTCON_L0
0x0000       [1]    R0
0x0000       [1]    FLASH_Erase_64_SaveINTCON_L0
0x0000       [1]    UART1_Init_tmp_L0
0x0000       [1]    __Lib_SoftI2C_PutZerosToLATScl_temp_scl_L0
0x0000       [1]    SPI1_Write_tmp_L0
0x0001       [1]    ispunct_rslt_L0
0x0001       [1]    UART1_Read___tmp_UART1_Read_L0
0x0001       [1]    I2C1_Rd_tmp_L0
0x0001       [1]    __Lib_TFT_JPEG_FileRead_i_L0
0x0001       [1]    FLASH_Erase_Write_64_i_L0
0x0001       [1]    __Lib_PS2_Wait_Falling_nsample_L0
0x0001       [1]    FLASH_Write_8_i_L0
0x0001       [1]    R1
0x0001       [1]    __Lib_TFT_JPEG_FileReadBytes_Result_L0
0x0001       [2]    FLASH_Read_N_Bytes_i_L0
0x0002       [2]    strlen_cp_L0
0x0002       [2]    memchr_s_L0
0x0002       [1]    FLASH_Write_8_SaveINTCON_L0
0x0002       [2]    memset_pp_L0
0x0002       [2]    memcpy_dd_L0
0x0002       [1]    R2
0x0002       [1]    FLASH_Erase_Write_64_j_L0
0x0003       [1]    R3
0x0003       [2]    memmove_tt_L0
0x0003       [1]    FLASH_Erase_Write_64_SaveINTCON_L0
0x0003       [2]    Ltrim_original_L0
0x0004       [2]    strcpy_cp_L0
0x0004       [2]    frexp_pom_L0
0x0004       [2]    strcat_cp_L0
0x0004       [1]    R4
0x0004       [2]    strncat_cp_L0
0x0004       [2]    memcpy_ss_L0
0x0004       [2]    strncpy_cp_L0
0x0005       [1]    __Lib_TFT__TFT_Write_Char_Return_Pos_xCnt_L0
0x0005       [1]    R5
0x0005       [2]    Ltrim_p_L0
0x0005       [2]    memmove_ff_L0
0x0005       [2]    LongIntToHex_input_half_L0
0x0005       [2]    LongWordToHex_input_half_L0
0x0006       [1]    R6
0x0006       [1]    __Lib_TFT__TFT_Write_Char_Return_Pos_yCnt_L0
0x0007       [2]    __Lib_TFT__TFT_Write_Char_Return_Pos_y_L0
0x0007       [1]    R7
0x0007       [1]    __Lib_TFT_JPEG_GenerateHuffmanTables_bLength_L0
0x0008       [1]    R8
0x0008       [1]    __Lib_TFT_JPEG_GenerateHuffmanTables_bTable_L0
0x0009       [1]    __Lib_TFT__TFT_Write_Char_Return_Pos_mask_L0
0x0009       [1]    R9
0x000A       [1]    R10
0x000B       [1]    R11
0x000C       [1]    R12
0x000D       [1]    R13
0x000E       [1]    R14
0x000F       [1]    R15
0x0010       [1]    R16
0x0011       [1]    R17
0x0012       [1]    R18
0x0013       [1]    R19
0x0014       [1]    R20
0x0015       [2]    ?lstr9_Robo2
0x0017       [2]    ?lstr8_Robo2
0x0019       [2]    ?lstr7_Robo2
0x001B       [2]    ?lstr10_Robo2
0x001D       [2]    ?lstr13_Robo2
0x001F       [2]    ?lstr12_Robo2
0x0021       [2]    ?lstr11_Robo2
0x0023       [2]    ?lstr6_Robo2
0x0025      [23]    ?lstr3_Robo2
0x003C       [2]    _debugText
0x003E       [2]    _ConnectionEstablished
0x0040      [16]    ?lstr4_Robo2
0x0050      [23]    ?lstr5_Robo2
0x0067       [2]    ?lstr14_Robo2
0x0069       [5]    ?lstr25_Robo2
0x006E       [5]    ?lstr24_Robo2
0x0073       [2]    ?lstr23_Robo2
0x0075       [2]    ?lstr22_Robo2
0x0077       [2]    ?lstr17_Robo2
0x0079       [2]    ?lstr16_Robo2
0x007B       [2]    ?lstr15_Robo2
0x007D       [2]    ?lstr18_Robo2
0x007F       [2]    ?lstr21_Robo2
0x0081       [2]    ?lstr20_Robo2
0x0083       [2]    ?lstr19_Robo2
0x0085      [13]    ?lstr2_Robo2
0x0092      [24]    ?lstr1_Robo2
0x00AA       [1]    _receiveCommand
0x00AB       [2]    _count
0x00AD       [4]    _UART_Wr_Ptr
0x00B1       [4]    _UART_Tx_Idle_Ptr
0x00B5       [4]    _UART_Rdy_Ptr
0x00B9       [4]    _UART_Rd_Ptr
0x00BD       [4]    _Kp
0x00C1       [2]    _MAX_RPM
0x00C3       [4]    _Kd
0x00C7       [2]    _MID_RPM
0x00C9       [2]    _TEST_RPM
0x00CB       [2]    _MIN_RPM
0x00CD       [2]    FARG_UART1_Write_Text_uart_text
0x00CD       [4]    FARG_PWM1_Init_PWM_Freq
0x00CD       [2]    FARG_rotateClockwise_pwm
0x00CD       [2]    FARG_rotateAntiClockwise_pwm
0x00CD       [2]    FARG_moveForward_pwmLeft
0x00CD       [4]    FARG_PWM2_Init_PWM_Freq
0x00CD       [2]    FARG_turnLeft_pwmRight
0x00CD       [2]    FARG_turnRight_pwmLeft
0x00CF       [2]    FARG_moveForward_pwmRight
0x00CF       [1]    UART1_Write_Text_data__L0
0x00D0       [1]    UART1_Write_Text_counter_L0
0x00D1       [2]    FARG_motorLeft_reverse_pwm
0x00D1       [2]    FARG_motorRight_reverse_pwm
0x00D1       [2]    FARG_motorRight_foward_pwm
0x00D1       [1]    FARG_UART1_Write_data_
0x00D1       [2]    FARG_motorLeft_foward_pwm
0x00D3       [1]    FARG_PWM2_Set_Duty_new_duty
0x00D3       [1]    FARG_PWM1_Set_Duty_new_duty
0x0F80       [0]    RA6_bit
0x0F80       [0]    RA5_bit
0x0F80       [1]    PORTA
0x0F80       [0]    RA0_bit
0x0F80       [0]    RA2_bit
0x0F80       [0]    RA3_bit
0x0F80       [0]    RA4_bit
0x0F80       [0]    RA1_bit
0x0F81       [1]    PORTB
0x0F81       [0]    RB0_bit
0x0F81       [0]    RB1_bit
0x0F81       [0]    RB5_bit
0x0F81       [0]    RB4_bit
0x0F81       [0]    RB3_bit
0x0F81       [0]    RB6_bit
0x0F81       [0]    RB2_bit
0x0F81       [0]    RB7_bit
0x0F82       [0]    RC2_bit
0x0F82       [0]    RC3_bit
0x0F82       [0]    RC1_bit
0x0F82       [0]    RC0_bit
0x0F82       [0]    RC4_bit
0x0F82       [0]    RC6_bit
0x0F82       [0]    RC7_bit
0x0F82       [1]    PORTC
0x0F82       [0]    RC5_bit
0x0F83       [0]    RD1_bit
0x0F83       [0]    RD2_bit
0x0F83       [1]    PORTD
0x0F83       [0]    RD0_bit
0x0F83       [0]    RD3_bit
0x0F83       [0]    RD6_bit
0x0F83       [0]    RD7_bit
0x0F83       [0]    RD4_bit
0x0F83       [0]    RD5_bit
0x0F84       [0]    RE1_bit
0x0F84       [0]    RE0_bit
0x0F84       [1]    PORTE
0x0F84       [0]    RE2_bit
0x0F89       [0]    LATA2_bit
0x0F89       [0]    LATA3_bit
0x0F89       [0]    LATA0_bit
0x0F89       [0]    LATA1_bit
0x0F89       [0]    LATA6_bit
0x0F89       [1]    LATA
0x0F89       [0]    LATA4_bit
0x0F89       [0]    LATA5_bit
0x0F8A       [0]    LATB1_bit
0x0F8A       [0]    LATB2_bit
0x0F8A       [1]    LATB
0x0F8A       [0]    LATB0_bit
0x0F8A       [0]    LATB3_bit
0x0F8A       [0]    LATB6_bit
0x0F8A       [0]    LATB7_bit
0x0F8A       [0]    LATB4_bit
0x0F8A       [0]    LATB5_bit
0x0F8B       [0]    LATC4_bit
0x0F8B       [0]    LATC3_bit
0x0F8B       [0]    LATC5_bit
0x0F8B       [0]    LATC7_bit
0x0F8B       [0]    LATC6_bit
0x0F8B       [0]    LATC0_bit
0x0F8B       [1]    LATC
0x0F8B       [0]    LATC2_bit
0x0F8B       [0]    LATC1_bit
0x0F8C       [1]    LATD
0x0F8C       [0]    LATD2_bit
0x0F8C       [0]    LATD3_bit
0x0F8C       [0]    LATD0_bit
0x0F8C       [0]    LATD1_bit
0x0F8C       [0]    LATD6_bit
0x0F8C       [0]    LATD7_bit
0x0F8C       [0]    LATD4_bit
0x0F8C       [0]    LATD5_bit
0x0F8D       [0]    LATE0_bit
0x0F8D       [1]    LATE
0x0F8D       [0]    LATE2_bit
0x0F8D       [0]    LATE1_bit
0x0F92       [0]    TRISA1_bit
0x0F92       [0]    TRISA0_bit
0x0F92       [1]    TRISA
0x0F92       [0]    TRISA2_bit
0x0F92       [0]    TRISA6_bit
0x0F92       [0]    TRISA5_bit
0x0F92       [0]    TRISA3_bit
0x0F92       [0]    TRISA4_bit
0x0F93       [0]    TRISB2_bit
0x0F93       [1]    TRISB
0x0F93       [0]    TRISB0_bit
0x0F93       [0]    TRISB1_bit
0x0F93       [0]    TRISB6_bit
0x0F93       [0]    TRISB7_bit
0x0F93       [0]    TRISB5_bit
0x0F93       [0]    TRISB3_bit
0x0F93       [0]    TRISB4_bit
0x0F94       [1]    TRISC
0x0F94       [0]    TRISC2_bit
0x0F94       [0]    TRISC0_bit
0x0F94       [0]    TRISC1_bit
0x0F94       [0]    TRISC3_bit
0x0F94       [0]    TRISC6_bit
0x0F94       [0]    TRISC7_bit
0x0F94       [0]    TRISC4_bit
0x0F94       [0]    TRISC5_bit
0x0F95       [0]    TRISD5_bit
0x0F95       [0]    TRISD4_bit
0x0F95       [0]    TRISD7_bit
0x0F95       [0]    TRISD6_bit
0x0F95       [0]    TRISD3_bit
0x0F95       [0]    TRISD0_bit
0x0F95       [1]    TRISD
0x0F95       [0]    TRISD2_bit
0x0F95       [0]    TRISD1_bit
0x0F96       [0]    IBOV_TRISE_bit
0x0F96       [0]    TRISE1_bit
0x0F96       [0]    TRISE0_bit
0x0F96       [0]    PSPMODE_TRISE_bit
0x0F96       [0]    TRISE2_bit
0x0F96       [0]    OBF_bit
0x0F96       [0]    IBF_bit
0x0F96       [0]    PSPMODE_bit
0x0F96       [0]    IBOV_bit
0x0F96       [0]    OBF_TRISE_bit
0x0F96       [1]    TRISE
0x0F96       [0]    IBF_TRISE_bit
0x0F9D       [0]    RCIE_bit
0x0F9D       [0]    TXIE_bit
0x0F9D       [0]    PSPIE_bit
0x0F9D       [0]    ADIE_bit
0x0F9D       [0]    SSPIE_bit
0x0F9D       [0]    CCP1IE_bit
0x0F9D       [1]    PIE1
0x0F9D       [0]    TMR1IE_bit
0x0F9D       [0]    TMR2IE_bit
0x0F9E       [0]    RCIF_bit
0x0F9E       [0]    TXIF_bit
0x0F9E       [0]    PSPIF_bit
0x0F9E       [0]    ADIF_bit
0x0F9E       [0]    TMR2IF_bit
0x0F9E       [0]    TMR1IF_bit
0x0F9E       [0]    SSPIF_bit
0x0F9E       [0]    CCP1IF_bit
0x0F9E       [1]    PIR1
0x0F9F       [0]    TMR2IP_bit
0x0F9F       [0]    CCP1IP_bit
0x0F9F       [1]    IPR1
0x0F9F       [0]    TMR1IP_bit
0x0F9F       [0]    ADIP_bit
0x0F9F       [0]    PSPIP_bit
0x0F9F       [0]    RCIP_bit
0x0F9F       [0]    SSPIP_bit
0x0F9F       [0]    TXIP_bit
0x0FA0       [0]    TMR3IE_bit
0x0FA0       [0]    CCP2IE_bit
0x0FA0       [1]    PIE2
0x0FA0       [0]    EEIE_bit
0x0FA0       [0]    BCLIE_bit
0x0FA0       [0]    LVDIE_bit
0x0FA1       [0]    LVDIF_bit
0x0FA1       [0]    BCLIF_bit
0x0FA1       [0]    EEIF_bit
0x0FA1       [0]    TMR3IF_bit
0x0FA1       [0]    CCP2IF_bit
0x0FA1       [1]    PIR2
0x0FA2       [0]    EEIP_bit
0x0FA2       [0]    LVDIP_bit
0x0FA2       [0]    TMR3IP_bit
0x0FA2       [1]    IPR2
0x0FA2       [0]    BCLIP_bit
0x0FA2       [0]    CCP2IP_bit
0x0FA6       [1]    EECON1
0x0FA6       [0]    FREE_bit
0x0FA6       [0]    EEPGD_bit
0x0FA6       [0]    CFGS_bit
0x0FA6       [0]    WR_bit
0x0FA6       [0]    RD_bit
0x0FA6       [0]    WRERR_bit
0x0FA6       [0]    WREN_bit
0x0FA7       [1]    EECON2
0x0FA8       [1]    EEDATA
0x0FA9       [1]    EEADR
0x0FAB       [1]    RCSTA
0x0FAB       [0]    RX9D_bit
0x0FAB       [0]    ADDEN_bit
0x0FAB       [0]    FERR_bit
0x0FAB       [0]    RX9_bit
0x0FAB       [0]    SPEN_bit
0x0FAB       [0]    OERR_bit
0x0FAB       [0]    RC9_bit
0x0FAB       [0]    SREN_bit
0x0FAB       [0]    NOT_RC8_bit
0x0FAB       [0]    CREN_bit
0x0FAB       [0]    RCD8_bit
0x0FAB       [0]    RC8_9_bit
0x0FAC       [0]    CSRC_bit
0x0FAC       [0]    TX8_9_bit
0x0FAC       [0]    NOT_TX8_bit
0x0FAC       [0]    TXD8_bit
0x0FAC       [0]    TX9_bit
0x0FAC       [0]    SYNC_bit
0x0FAC       [0]    BRGH_bit
0x0FAC       [1]    TXSTA
0x0FAC       [0]    TX9D_bit
0x0FAC       [0]    TXEN_bit
0x0FAC       [0]    TRMT_bit
0x0FAD       [1]    TXREG
0x0FAE       [1]    RCREG
0x0FAF       [1]    SPBRG
0x0FB1       [0]    T3CKPS1_bit
0x0FB1       [0]    T3CCP2_bit
0x0FB1       [0]    RD16_T3CON_bit
0x0FB1       [0]    T3CKPS0_bit
0x0FB1       [0]    TMR3CS_bit
0x0FB1       [0]    T3INSYNC_bit
0x0FB1       [0]    T3SYNC_bit
0x0FB1       [0]    NOT_T3SYNC_bit
0x0FB1       [0]    TMR3ON_bit
0x0FB1       [1]    T3CON
0x0FB1       [0]    T3CCP1_bit
0x0FB2       [1]    TMR3L
0x0FB3       [1]    TMR3H
0x0FBA       [0]    CCP2X_bit
0x0FBA       [0]    DC2B0_bit
0x0FBA       [1]    CCP2CON
0x0FBA       [0]    DC2B1_bit
0x0FBA       [0]    CCP2Y_bit
0x0FBA       [0]    CCP2M1_bit
0x0FBA       [0]    CCP2M0_bit
0x0FBA       [0]    CCP2M3_bit
0x0FBA       [0]    CCP2M2_bit
0x0FBB       [1]    CCPR2L
0x0FBB       [2]    CCPR2
0x0FBC       [1]    CCPR2H
0x0FBD       [0]    CCP1M3_bit
0x0FBD       [0]    CCP1M2_bit
0x0FBD       [1]    CCP1CON
0x0FBD       [0]    CCP1Y_bit
0x0FBD       [0]    CCP1M1_bit
0x0FBD       [0]    CCP1X_bit
0x0FBD       [0]    DC1B1_bit
0x0FBD       [0]    CCP1M0_bit
0x0FBD       [0]    DC1B0_bit
0x0FBE       [1]    CCPR1L
0x0FBE       [2]    CCPR1
0x0FBF       [1]    CCPR1H
0x0FC1       [0]    ADCS2_bit
0x0FC1       [0]    PCFG1_bit
0x0FC1       [0]    PCFG2_bit
0x0FC1       [0]    PCFG3_bit
0x0FC1       [0]    ADFM_bit
0x0FC1       [0]    PCFG0_bit
0x0FC1       [1]    ADCON1
0x0FC2       [0]    GO_bit
0x0FC2       [0]    CHS1_bit
0x0FC2       [0]    GO_DONE_bit
0x0FC2       [0]    ADON_bit
0x0FC2       [0]    CHS0_bit
0x0FC2       [0]    DONE_bit
0x0FC2       [0]    NOT_DONE_bit
0x0FC2       [0]    ADCS0_bit
0x0FC2       [0]    ADCS1_bit
0x0FC2       [1]    ADCON0
0x0FC2       [0]    CHS2_bit
0x0FC3       [2]    ADRES
0x0FC3       [1]    ADRESL
0x0FC4       [1]    ADRESH
0x0FC5       [0]    SEN_bit
0x0FC5       [1]    SSPCON2
0x0FC5       [0]    ACKEN_bit
0x0FC5       [0]    GCEN_bit
0x0FC5       [0]    ACKSTAT_bit
0x0FC5       [0]    ACKDT_bit
0x0FC5       [0]    RSEN_bit
0x0FC5       [0]    PEN_bit
0x0FC5       [0]    RCEN_bit
0x0FC6       [0]    CKP_bit
0x0FC6       [1]    SSPCON1
0x0FC6       [0]    WCOL_bit
0x0FC6       [0]    SSPEN_bit
0x0FC6       [0]    SSPOV_bit
0x0FC6       [0]    SSPM2_bit
0x0FC6       [0]    SSPM1_bit
0x0FC6       [0]    SSPM0_bit
0x0FC6       [0]    SSPM3_bit
0x0FC7       [1]    SSPSTAT
0x0FC7       [0]    NOT_A_bit
0x0FC7       [0]    SMP_bit
0x0FC7       [0]    I2C_DAT_bit
0x0FC7       [0]    D_bit
0x0FC7       [0]    CKE_bit
0x0FC7       [0]    S_bit
0x0FC7       [0]    NOT_W_bit
0x0FC7       [0]    P_bit
0x0FC7       [0]    UA_bit
0x0FC7       [0]    I2C_START__bit
0x0FC7       [0]    R_bit
0x0FC7       [0]    NOT_WRITE_bit
0x0FC7       [0]    DATA_ADDRESS_bit
0x0FC7       [0]    READ_WRITE_bit
0x0FC7       [0]    D_A_bit
0x0FC7       [0]    R_W_bit
0x0FC7       [0]    I2C_READ_bit
0x0FC7       [0]    BF_bit
0x0FC7       [0]    NOT_ADDRESS_bit
0x0FC7       [0]    I2C_STOP__bit
0x0FC8       [1]    SSPADD
0x0FC9       [1]    SSPBUF
0x0FCA       [0]    TMR2ON_bit
0x0FCA       [0]    TOUTPS0_bit
0x0FCA       [0]    TOUTPS1_bit
0x0FCA       [0]    T2CKPS0_bit
0x0FCA       [1]    T2CON
0x0FCA       [0]    TOUTPS3_bit
0x0FCA       [0]    TOUTPS2_bit
0x0FCA       [0]    T2CKPS1_bit
0x0FCB       [1]    PR2
0x0FCC       [1]    TMR2
0x0FCD       [0]    TMR1ON_bit
0x0FCD       [0]    T1SYNC_bit
0x0FCD       [0]    T1INSYNC_bit
0x0FCD       [1]    T1CON
0x0FCD       [0]    TMR1CS_bit
0x0FCD       [0]    T1CKPS1_bit
0x0FCD       [0]    RD16_bit
0x0FCD       [0]    T1CKPS0_bit
0x0FCD       [0]    NOT_T1SYNC_bit
0x0FCD       [0]    T1OSCEN_bit
0x0FCE       [1]    TMR1L
0x0FCF       [1]    TMR1H
0x0FD0       [0]    NOT_PD_bit
0x0FD0       [0]    NOT_BOR_bit
0x0FD0       [0]    IPEN_bit
0x0FD0       [0]    NOT_POR_bit
0x0FD0       [0]    POR_bit
0x0FD0       [0]    PD_bit
0x0FD0       [0]    NOT_RI_bit
0x0FD0       [0]    RI_bit
0x0FD0       [0]    BOR_bit
0x0FD0       [0]    NOT_TO_bit
0x0FD0       [0]    TO__bit
0x0FD0       [1]    RCON
0x0FD1       [0]    SWDTE_bit
0x0FD1       [1]    WDTCON
0x0FD1       [0]    SWDTEN_bit
0x0FD2       [0]    IRVST_bit
0x0FD2       [0]    LVDEN_bit
0x0FD2       [0]    LVDL3_bit
0x0FD2       [1]    LVDCON
0x0FD2       [0]    LVDL0_bit
0x0FD2       [0]    LVDL1_bit
0x0FD2       [0]    LVDL2_bit
0x0FD3       [0]    SCS_bit
0x0FD3       [1]    OSCCON
0x0FD5       [0]    T08BIT_bit
0x0FD5       [0]    TMR0ON_bit
0x0FD5       [0]    T0PS2_bit
0x0FD5       [0]    PSA_bit
0x0FD5       [1]    T0CON
0x0FD5       [0]    T0PS0_bit
0x0FD5       [0]    T0PS1_bit
0x0FD5       [0]    T0CS_bit
0x0FD5       [0]    T0SE_bit
0x0FD6       [1]    TMR0L
0x0FD7       [1]    TMR0H
0x0FD8       [0]    N_bit
0x0FD8       [0]    DC_bit
0x0FD8       [0]    OV_bit
0x0FD8       [0]    Z_bit
0x0FD8       [1]    STATUS
0x0FD8       [0]    C_bit
0x0FD9       [2]    FSR2
0x0FD9       [2]    FSR2PTR
0x0FD9       [1]    FSR2L
0x0FDA       [1]    FSR2H
0x0FDB       [1]    PLUSW2
0x0FDC       [1]    PREINC2
0x0FDD       [1]    POSTDEC2
0x0FDE       [1]    POSTINC2
0x0FDF       [1]    INDF2
0x0FE0       [1]    BSR
0x0FE1       [2]    FSR1
0x0FE1       [2]    FSR1PTR
0x0FE1       [1]    FSR1L
0x0FE2       [1]    FSR1H
0x0FE3       [1]    PLUSW1
0x0FE4       [1]    PREINC1
0x0FE5       [1]    POSTDEC1
0x0FE6       [1]    POSTINC1
0x0FE7       [1]    INDF1
0x0FE8       [1]    WREG
0x0FE9       [2]    FSR0PTR
0x0FE9       [1]    FSR0L
0x0FE9       [2]    FSR0
0x0FEA       [1]    FSR0H
0x0FEB       [1]    PLUSW0
0x0FEC       [1]    PREINC0
0x0FED       [1]    POSTDEC0
0x0FEE       [1]    POSTINC0
0x0FEF       [1]    INDF0
0x0FF0       [0]    INT2IP_bit
0x0FF0       [0]    INT2IE_bit
0x0FF0       [0]    INT1IP_bit
0x0FF0       [1]    INTCON3
0x0FF0       [0]    INT1IE_bit
0x0FF0       [0]    INT2IF_bit
0x0FF0       [0]    INT1IF_bit
0x0FF1       [0]    RBIP_bit
0x0FF1       [1]    INTCON2
0x0FF1       [0]    T0IP_bit
0x0FF1       [0]    INTEDG0_bit
0x0FF1       [0]    INTEDG1_bit
0x0FF1       [0]    NOT_RBPU_bit
0x0FF1       [0]    RBPU_bit
0x0FF1       [0]    TMR0IP_bit
0x0FF1       [0]    INTEDG2_bit
0x0FF2       [1]    INTCON
0x0FF2       [1]    INTCON1
0x0FF2       [0]    RBIE_bit
0x0FF2       [0]    TMR0IF_bit
0x0FF2       [0]    INT0IE_bit
0x0FF2       [0]    INT0E_bit
0x0FF2       [0]    INT0F_bit
0x0FF2       [0]    RBIF_bit
0x0FF2       [0]    T0IF_bit
0x0FF2       [0]    INT0IF_bit
0x0FF2       [0]    PEIE_bit
0x0FF2       [0]    GIEH_bit
0x0FF2       [0]    GIE_bit
0x0FF2       [0]    T0IE_bit
0x0FF2       [0]    TMR0IE_bit
0x0FF2       [0]    GIEL_bit
0x0FF3       [2]    PROD
0x0FF3       [1]    PRODL
0x0FF4       [1]    PRODH
0x0FF5       [1]    TABLAT
0x0FF6       [3]    TBLPTR
0x0FF6       [1]    TBLPTRL
0x0FF7       [1]    TBLPTRH
0x0FF8       [0]    TBLPTRU1_bit
0x0FF8       [0]    ACSS_bit
0x0FF8       [0]    TBLPTRU0_bit
0x0FF8       [0]    TBLPTRU4_bit
0x0FF8       [0]    TBLPTRU3_bit
0x0FF8       [0]    TBLPTRU2_bit
0x0FF8       [1]    TBLPTRU
0x0FF9       [1]    PCL
0x0FFA       [1]    PCLATH
0x0FFB       [0]    PCU4_bit
0x0FFB       [0]    PCU1_bit
0x0FFB       [0]    PCU0_bit
0x0FFB       [0]    PCU3_bit
0x0FFB       [0]    PCU2_bit
0x0FFB       [1]    PCLATU
0x0FFC       [0]    STKUNF_bit
0x0FFC       [0]    STKFUL_bit
0x0FFC       [1]    STKPTR
0x0FFD       [1]    TOSL
0x0FFE       [1]    TOSH
0x0FFF       [1]    TOSU
//** Constants locations ** 
//ADDRESS    SIZE    CONSTANT
//----------------------------------------------
0x0684       [2]    ?ICS?lstr9_Robo2
0x0686       [2]    ?ICS?lstr8_Robo2
0x0688       [2]    ?ICS?lstr7_Robo2
0x068A       [2]    ?ICS?lstr10_Robo2
0x068C       [2]    ?ICS?lstr13_Robo2
0x068E       [2]    ?ICS?lstr12_Robo2
0x0690       [2]    ?ICS?lstr11_Robo2
0x0692       [2]    ?ICS?lstr6_Robo2
0x0694      [23]    ?ICS?lstr3_Robo2
0x06AB       [2]    ?ICS_debugText
0x06AD       [2]    ?ICS_ConnectionEstablished
0x06AF      [16]    ?ICS?lstr4_Robo2
0x06BF      [23]    ?ICS?lstr5_Robo2
0x06D6       [2]    ?ICS?lstr14_Robo2
0x06D8       [5]    ?ICS?lstr25_Robo2
0x06DD       [5]    ?ICS?lstr24_Robo2
0x06E2       [2]    ?ICS?lstr23_Robo2
0x06E4       [2]    ?ICS?lstr22_Robo2
0x06E6       [2]    ?ICS?lstr17_Robo2
0x06E8       [2]    ?ICS?lstr16_Robo2
0x06EA       [2]    ?ICS?lstr15_Robo2
0x06EC       [2]    ?ICS?lstr18_Robo2
0x06EE       [2]    ?ICS?lstr21_Robo2
0x06F0       [2]    ?ICS?lstr20_Robo2
0x06F2       [2]    ?ICS?lstr19_Robo2
0x06F4      [13]    ?ICS?lstr2_Robo2
0x0701      [24]    ?ICS?lstr1_Robo2
//** Label List: ** 
//----------------------------------------------
  L_testMotion0
  L_testMotion1
  L_testMotion2
  L_main3
  L_main4
  L_main5
  L_main6
  L_main7
  L_lineFollowNormal8
  L_lineFollowNormal9
  L_lineFollowNormal10
  L_lineFollowNormal11
  L_lineFollowNormal12
  L_lineFollowNormal13
  L_lineFollowNormal14
  L_lineFollowNormal15
  L_lineFollowNormal16
  L_lineFollowNormal17
  L_lineFollowNormal18
  L_lineFollowNormal19
  L_lineFollowNormal20
  L_lineFollowNormal21
  L_lineFollowNormal22
  L_lineFollowNormal23
  L_lineFollowNormal24
  L_lineFollowNormal25
  L_lineFollowNormal26
  L_lineFollowNormal27
  L_lineFollowNormal28
  L_lineFollowNormal29
  L_lineFollowNormal30
  L_lineFollowNormal31
  L_lineFollowNormal32
  L_lineFollowNormal33
  L_lineFollowNormal34
  L_lineFollowNormal35
  L_lineFollowNormal36
  L_lineFollowNormal37
  L_lineFollowNormal38
  L_lineFollowNormal39
  L_sendSensorStatus40
  L_sendSensorStatus41
  L_sendSensorStatus42
  L_sendSensorStatus43
  L_sendSensorStatus44
  L_sendSensorStatus45
  L_sendSensorStatus46
  L_sendSensorStatus47
  L_sendSensorStatus48
  L_sendSensorStatus49
  L_sendSensorStatus50
  L_sendSensorStatus51
  L_sendSensorStatus52
  L_sendSensorStatus53
  L_sendSensorStatus54
  L_sendSensorStatus55
  L_sendSensorStatus56
  L_sendSensorStatus57
  L_sendSensorStatus58
  L_sendSensorStatus59
  L_sendSensorStatus60
  L_sendSensorStatus61
  L_sendSensorStatus62
  L_sendSensorStatus63
  L_sendSensorStatus64
  L_sendSensorStatus65
  L_sendSensorStatus66
  L_sendSensorStatus67
  L_sendSensorStatus68
  L_sendSensorStatus69
  L_testPIC70
  L_testPIC71
  L_testPIC72
  L_testPIC73
  L_testPIC74
  L_testPIC75
  L_testPIC76
  L__lineFollowNormal77
  L__lineFollowNormal78
  L__lineFollowNormal79
  L__lineFollowNormal80
  L__lineFollowNormal81
  L__lineFollowNormal82
  _motorLeft_foward
  _motorRight_foward
  _motorLeft_reverse
  _motorRight_reverse
  _motorLeft_stop
  _motorRight_stop
  _moveForward
  _turnRight
  _turnLeft
  _rotateClockwise
  _rotateAntiClockwise
  _stop
  _testMotion
  _configure
  _main
  L__main83
  _setPID
  _lineFollowNormal
  _lineFollowPID
  _sendSensorStatus
  _testPIC
  L__testPIC84
  L_Div_16x16_S0
  L_Div_16x16_S1
  LOOPS3232A
  SADD22LA
  SOK22LA
  SADD22L8
  SOK22L8
  LOOPS3232B
  SADD22LB
  SOK22LB
  SADD22L16
  SOK22L16
  LOOPS3232C
  SADD22LC
  SOK22LC
  SADD22L24
  SOK22L24
  LOOPS3232D
  SADD22LD
  SOK22LD
  SOK22L
  L_Div_32x32_S6
  L_Div_32x32_S7
  L_Div_32x32_S8
  L_Div_32x32_S9
  FXD3232S
  END_ALL
  CA3232S
  C3232SX
  C3232SX1
  C3232S
  C3232S2
  C3232SX4
  C3232SOK
  C3232SX3
  C3232SX2
  avoid_comfrem
  LOOPU3232A
  UADD22LA
  UOK22LA
  UADD22L8
  UOK22L8
  LOOPU3232B
  UADD22LB
  UOK22LB
  UADD22L16
  UOK22L16
  LOOPU3232C
  UADD22LC
  UOK22LC
  UADD22L24
  UOK22L24
  LOOPU3232D
  UADD22LD
  UOK22LD
  UOK22L
  _NEXT
  _EXIT2
  _LOOP
  _EXIT1
  _IF_FIRST
  _IF_SECOND
  _INVERCE_FIRST
  _MULT
  _INBERSE_SECOND
  _EXIT
  _Div_8x8_U
  _Div_16x16_U
  _Div_16x16_S_L
  _Div_16x16_S
  _Div_8x8_S
  _Mul_8x8_S
  _Mul_16x16_U
  _Mul_16x16_S
  _SDIV3232L
  _COMFREM
  _Div_32x32_S
  _Div_32x32_U
  _Mul_32x32_U
  _Mul_32x32_S
  _PWM2_Init
  _PWM2_Set_Duty
  L__PWM2_Set_Duty0
  L__PWM2_Set_Duty1
  L__PWM2_Set_Duty2
  L__PWM2_Set_Duty3
  _PWM2_Start
  _PWM2_Stop
  _PWM1_Init
  _PWM1_Set_Duty
  L__PWM1_Set_Duty4
  L__PWM1_Set_Duty5
  L__PWM1_Set_Duty6
  L__PWM1_Set_Duty7
  _PWM1_Start
  _PWM1_Stop
  _CC2D_Loop1
  _CC2DL_Loop1
  L_longjmp2
  ___CC2D
  ___CC2DW
  _____DoIFC
  _Swap
  _setjmp
  _longjmp
  L_UART1_Init0
  L_UART1_Init1
  L_UART1_Read2
  L_UART1_Write3
  L_UART1_Write4
  L_UART1_Write_Text5
  L_UART1_Write_Text6
  L_UART1_Read_Text7
  L_UART1_Read_Text8
  L_UART1_Read_Text9
  L_UART1_Read_Text10
  L_UART1_Read_Text11
  L_UART1_Read_Text12
  L_UART1_Read_Text13
  L_UART1_Read_Text14
  L_UART1_Read_Text15
  _UART1_Init
  _UART1_Data_Ready
  _UART1_Read
  _UART1_Tx_Idle
  _UART1_Write
  _UART1_Write_Text
  _UART1_Read_Text
  _UART_Set_Active
